
-----------------------------------
[2016-02-17 15:59:10] 127.0.0.1 http://zao.com/zao.php?ct=login&ac=login
POST: array (
  'name' => '114',
  'password' => '114',
)
COOKIE: array (
  'SERVERID80' => 'redirect1',
  'SERSTICKY' => 'wc2',
  '_mkto_trk' => 'id:535-DFM-955&token:_mch-zao.com-1455689600341-76134',
  'mp_12cbd7cc15c452e6a0963252270224d1_mixpanel' => '{"distinct_id": "152eddc9a8989-0a46d58b4-35455a62-1fa400-152eddc9a8af9","$initial_referrer": "$direct","$initial_referring_domain": "$direct"}',
)
[2016-02-17 15:59:10]Info: E:\php\zao\web\zao\model\ModAuth.php 25
SQL: select * from `zao_admin` where `phone` ='114' limit 1(OK:1.566)
[2016-02-17 15:59:10]Info: E:\php\zao\web\zao\model\ModAuth.php 29
SQL: update `zao_admin` set `lastLoginIP`='127.0.0.1',  `lastLoginTime`='1455695950' where `phone` = '114' (OK:0.274)

-----------------------------------
[2016-02-17 15:59:10] 127.0.0.1 http://zao.com/zao.php
COOKIE: array (
  'SERVERID80' => 'redirect1',
  'SERSTICKY' => 'wc2',
  '_mkto_trk' => 'id:535-DFM-955&token:_mch-zao.com-1455689600341-76134',
  'mp_12cbd7cc15c452e6a0963252270224d1_mixpanel' => '{"distinct_id": "152eddc9a8989-0a46d58b4-35455a62-1fa400-152eddc9a8af9","$initial_referrer": "$direct","$initial_referring_domain": "$direct"}',
  'dm_admin_name_zao' => '114',
  'dm_admin_auth_zao' => '53a9a6341d1f3da853b99be8cc7a6ec3',
  'dm_open_time_zao' => '1455695950',
)
[2016-02-17 15:59:10]Info: E:\php\zao\web\zao\model\ModGoods.php 31
SQL: select count(*) as c from `zao_goods` where 1 limit 1(OK:0.159)
[2016-02-17 15:59:10]Info: E:\php\zao\web\zao\model\ModGoods.php 34
SQL: select a.*, b.nickname from `zao_goods` a
left join `zao_user` b on a.uid = b.uid
where 1 
order by `ct` desc  limit 0, 10(OK:0.074)
[2016-02-17 15:59:10]Error: E:\php\zao\web\zao\index.php 14
Undefined index: ac

-----------------------------------
[2016-02-17 15:59:13] 127.0.0.1 http://zao.com/zao.php?ct=user
COOKIE: array (
  'SERVERID80' => 'redirect1',
  'SERSTICKY' => 'wc2',
  '_mkto_trk' => 'id:535-DFM-955&token:_mch-zao.com-1455689600341-76134',
  'mp_12cbd7cc15c452e6a0963252270224d1_mixpanel' => '{"distinct_id": "152eddc9a8989-0a46d58b4-35455a62-1fa400-152eddc9a8af9","$initial_referrer": "$direct","$initial_referring_domain": "$direct"}',
  'dm_admin_name_zao' => '114',
  'dm_admin_auth_zao' => '53a9a6341d1f3da853b99be8cc7a6ec3',
  'dm_open_time_zao' => '1455695950',
)
[2016-02-17 15:59:13]Info: E:\php\zao\web\zao\model\ModUser.php 32
SQL: select count(*) as c from `zao_user` where 1 limit 1(OK:0.042)
[2016-02-17 15:59:13]Info: E:\php\zao\web\zao\model\ModUser.php 35
SQL: select * from `zao_user`
where 1 
order by `ct` desc  limit 0, 10(OK:0.003)
[2016-02-17 15:59:13]Error: E:\php\zao\web\zao\index.php 14
Undefined index: ac
