
-----------------------------------
[2016-05-09 09:11:50] 127.0.0.1 http://j2ee.com/main/?ct=api&method=quiz.getQuiz
[2016-05-09 09:11:50]Info: E:\HowToMakeLove\J2EE\web\main\model\ModQuiz.php 12
SQL: select * from `onlinequiz`(OK:0.109)
[2016-05-09 09:11:50]Info: E:\HowToMakeLove\J2EE\web\main\controller\CtlApi.php 24
array (
  'c' => '100',
  'data' => 
  array (
    0 => 
    array (
      'question_id' => '4',
      'question_type' => '1',
      'question' => '大事发生地方vsdfsdfgsdfgf',
      'A' => '发夫妻为父亲为父亲外出的',
      'B' => '发夫妻为父亲为父亲外出的12',
      'C' => '发夫妻为父亲为父亲外出的125',
      'D' => '发夫妻为父亲为父亲外出的12532韶关',
      'answer' => 'B',
    ),
    1 => 
    array (
      'question_id' => '5',
      'question_type' => '2',
      'question' => '大事发生地方vsdfsdfgsdfgf',
      'A' => '发夫妻为父亲为父亲外出的',
      'B' => '发夫妻为父亲为父亲外出的12',
      'C' => '',
      'D' => '',
      'answer' => 'A',
    ),
    2 => 
    array (
      'question_id' => '6',
      'question_type' => '3',
      'question' => '大事发生地方vsdfsdfgsdfgf',
      'A' => '发夫妻为父亲为父亲外出的',
      'B' => '发夫妻为父亲为父亲外出的12',
      'C' => '发夫妻为父亲为父亲外出的gbsdfgf',
      'D' => '发夫妻为父亲为父亲外出的344hfegbsdf',
      'answer' => 'A,B',
    ),
  ),
  'ct' => 1462756310,
)

-----------------------------------
[2016-05-09 09:11:54] 127.0.0.1 http://j2ee.com/main/?ct=api&method=user.pastScore
POST: array (
  'username' => '2012051337',
)
[2016-05-09 09:11:54]Info: E:\HowToMakeLove\J2EE\web\main\model\ModUser.php 31
SQL: select * from `userscore` where `username` = '2012051337'(OK:0.031)
[2016-05-09 09:11:54]Info: E:\HowToMakeLove\J2EE\web\main\controller\CtlApi.php 24
array (
  'c' => '100',
  'data' => 
  array (
    0 => 
    array (
      'score_id' => '1',
      'username' => '2012051337',
      'quiz_id' => '1',
      'quiz_time' => '2016-05-05',
      'score' => '88',
    ),
    1 => 
    array (
      'score_id' => '2',
      'username' => '2012051337',
      'quiz_id' => '2',
      'quiz_time' => '2016-05-06',
      'score' => '90',
    ),
  ),
  'ct' => 1462756314,
)

-----------------------------------
[2016-05-09 09:12:06] 127.0.0.1 http://j2ee.com/main/?ct=api&method=user.login
POST: array (
  'username' => 'admin',
  'password' => 'admin',
)
[2016-05-09 09:12:06]Info: E:\HowToMakeLove\J2EE\web\main\model\ModUser.php 13
SQL: select * from `user` where `username` = 'admin' and `password` = 'admin'(OK:0.11)
[2016-05-09 09:12:06]Info: E:\HowToMakeLove\J2EE\web\main\controller\CtlApi.php 24
array (
  'c' => '100',
  'data' => 
  array (
    0 => 
    array (
      'username' => 'admin',
      'password' => 'admin',
      'fullname' => '管理员',
      'usertype' => '0',
    ),
  ),
  'ct' => 1462756326,
)

-----------------------------------
[2016-05-09 09:12:38] 127.0.0.1 http://j2ee.com/main/?ct=api&method=user.login
POST: array (
  'username' => '2012051337',
  'password' => '2012051337',
)
[2016-05-09 09:12:38]Info: E:\HowToMakeLove\J2EE\web\main\model\ModUser.php 13
SQL: select * from `user` where `username` = '2012051337' and `password` = '2012051337'(OK:0)
[2016-05-09 09:12:38]Info: E:\HowToMakeLove\J2EE\web\main\controller\CtlApi.php 24
array (
  'c' => '100',
  'data' => 
  array (
    0 => 
    array (
      'username' => '2012051337',
      'password' => '2012051337',
      'fullname' => '哈哈哈',
      'usertype' => '1',
    ),
  ),
  'ct' => 1462756358,
)

-----------------------------------
[2016-05-09 09:12:38] 127.0.0.1 http://j2ee.com/main/?ct=api&method=user.pastScore
POST: array (
  'username' => '2012051337',
)
[2016-05-09 09:12:38]Info: E:\HowToMakeLove\J2EE\web\main\model\ModUser.php 31
SQL: select * from `userscore` where `username` = '2012051337'(OK:0.001)
[2016-05-09 09:12:38]Info: E:\HowToMakeLove\J2EE\web\main\controller\CtlApi.php 24
array (
  'c' => '100',
  'data' => 
  array (
    0 => 
    array (
      'score_id' => '1',
      'username' => '2012051337',
      'quiz_id' => '1',
      'quiz_time' => '2016-05-05',
      'score' => '88',
    ),
    1 => 
    array (
      'score_id' => '2',
      'username' => '2012051337',
      'quiz_id' => '2',
      'quiz_time' => '2016-05-06',
      'score' => '90',
    ),
  ),
  'ct' => 1462756358,
)

-----------------------------------
[2016-05-09 09:15:10] 127.0.0.1 http://j2ee.com/main/?ct=api&method=quiz.getQuiz
[2016-05-09 09:15:10]Info: E:\HowToMakeLove\J2EE\web\main\model\ModQuiz.php 12
SQL: select * from `onlinequiz`(OK:0.001)
[2016-05-09 09:15:10]Info: E:\HowToMakeLove\J2EE\web\main\controller\CtlApi.php 24
array (
  'c' => '100',
  'data' => 
  array (
    0 => 
    array (
      'question_id' => '4',
      'question_type' => '1',
      'question' => '大事发生地方vsdfsdfgsdfgf',
      'A' => '发夫妻为父亲为父亲外出的',
      'B' => '发夫妻为父亲为父亲外出的12',
      'C' => '发夫妻为父亲为父亲外出的125',
      'D' => '发夫妻为父亲为父亲外出的12532韶关',
      'answer' => 'B',
    ),
    1 => 
    array (
      'question_id' => '5',
      'question_type' => '2',
      'question' => '大事发生地方vsdfsdfgsdfgf',
      'A' => '发夫妻为父亲为父亲外出的',
      'B' => '发夫妻为父亲为父亲外出的12',
      'C' => '',
      'D' => '',
      'answer' => 'A',
    ),
    2 => 
    array (
      'question_id' => '6',
      'question_type' => '3',
      'question' => '大事发生地方vsdfsdfgsdfgf',
      'A' => '发夫妻为父亲为父亲外出的',
      'B' => '发夫妻为父亲为父亲外出的12',
      'C' => '发夫妻为父亲为父亲外出的gbsdfgf',
      'D' => '发夫妻为父亲为父亲外出的344hfegbsdf',
      'answer' => 'A,B',
    ),
  ),
  'ct' => 1462756510,
)

-----------------------------------
[2016-05-09 09:26:23] 127.0.0.1 http://j2ee.com/main/?ct=api&method=user.pastScore
POST: array (
  'username' => '2012051337',
)
[2016-05-09 09:26:23]Info: E:\HowToMakeLove\J2EE\web\main\model\ModUser.php 31
SQL: select * from `userscore` where `username` = '2012051337'(OK:0.016)
[2016-05-09 09:26:23]Info: E:\HowToMakeLove\J2EE\web\main\controller\CtlApi.php 24
array (
  'c' => '100',
  'data' => 
  array (
    0 => 
    array (
      'score_id' => '1',
      'username' => '2012051337',
      'quiz_id' => '1',
      'quiz_time' => '2016-05-05',
      'score' => '88',
    ),
    1 => 
    array (
      'score_id' => '2',
      'username' => '2012051337',
      'quiz_id' => '2',
      'quiz_time' => '2016-05-06',
      'score' => '90',
    ),
  ),
  'ct' => 1462757183,
)

-----------------------------------
[2016-05-09 09:28:20] 127.0.0.1 http://j2ee.com/main/?ct=api&method=quiz.getQuiz
[2016-05-09 09:28:20]Info: E:\HowToMakeLove\J2EE\web\main\model\ModQuiz.php 12
SQL: select * from `onlinequiz`(OK:0.001)
[2016-05-09 09:28:20]Info: E:\HowToMakeLove\J2EE\web\main\controller\CtlApi.php 24
array (
  'c' => '100',
  'data' => 
  array (
    0 => 
    array (
      'question_id' => '4',
      'question_type' => '1',
      'question' => '大事发生地方vsdfsdfgsdfgf',
      'A' => '发夫妻为父亲为父亲外出的',
      'B' => '发夫妻为父亲为父亲外出的12',
      'C' => '发夫妻为父亲为父亲外出的125',
      'D' => '发夫妻为父亲为父亲外出的12532韶关',
      'answer' => 'B',
    ),
    1 => 
    array (
      'question_id' => '5',
      'question_type' => '2',
      'question' => '大事发生地方vsdfsdfgsdfgf',
      'A' => '发夫妻为父亲为父亲外出的',
      'B' => '发夫妻为父亲为父亲外出的12',
      'C' => '',
      'D' => '',
      'answer' => 'A',
    ),
    2 => 
    array (
      'question_id' => '6',
      'question_type' => '3',
      'question' => '大事发生地方vsdfsdfgsdfgf',
      'A' => '发夫妻为父亲为父亲外出的',
      'B' => '发夫妻为父亲为父亲外出的12',
      'C' => '发夫妻为父亲为父亲外出的gbsdfgf',
      'D' => '发夫妻为父亲为父亲外出的344hfegbsdf',
      'answer' => 'A,B',
    ),
  ),
  'ct' => 1462757300,
)

-----------------------------------
[2016-05-09 09:43:47] 127.0.0.1 http://j2ee.com/main/?ct=api&method=quiz.test
POST: array (
  'scoreList' => '1,1,1',
)
[2016-05-09 09:43:47]Info: E:\HowToMakeLove\J2EE\web\main\controller\CtlApi.php 24
1,1,1

-----------------------------------
[2016-05-09 09:56:57] 127.0.0.1 http://j2ee.com/main/?ct=api&method=user.pastScore
POST: array (
  'username' => '2012051337',
)
[2016-05-09 09:56:57]Info: E:\HowToMakeLove\J2EE\web\main\model\ModUser.php 31
SQL: select * from `userscore` where `username` = '2012051337'(OK:0.001)
[2016-05-09 09:56:57]Info: E:\HowToMakeLove\J2EE\web\main\controller\CtlApi.php 24
array (
  'c' => '100',
  'data' => 
  array (
    0 => 
    array (
      'score_id' => '1',
      'username' => '2012051337',
      'quiz_id' => '1',
      'quiz_time' => '2016-05-05',
      'score' => '88',
    ),
    1 => 
    array (
      'score_id' => '2',
      'username' => '2012051337',
      'quiz_id' => '2',
      'quiz_time' => '2016-05-06',
      'score' => '90',
    ),
  ),
  'ct' => 1462759017,
)

-----------------------------------
[2016-05-09 10:06:59] 127.0.0.1 http://j2ee.com/main/?ct=api&method=user.pastScore
POST: array (
  'username' => '2012051337',
)
[2016-05-09 10:06:59]Info: E:\HowToMakeLove\J2EE\web\main\model\ModUser.php 31
SQL: select * from `userscore` where `username` = '2012051337'(OK:0.001)
[2016-05-09 10:06:59]Info: E:\HowToMakeLove\J2EE\web\main\controller\CtlApi.php 24
array (
  'c' => '100',
  'data' => 
  array (
    0 => 
    array (
      'score_id' => '1',
      'username' => '2012051337',
      'quiz_id' => '1',
      'quiz_time' => '2016-05-05',
      'score' => '88',
    ),
    1 => 
    array (
      'score_id' => '2',
      'username' => '2012051337',
      'quiz_id' => '2',
      'quiz_time' => '2016-05-06',
      'score' => '90',
    ),
  ),
  'ct' => 1462759619,
)

-----------------------------------
[2016-05-09 10:07:00] 127.0.0.1 http://j2ee.com/main/?ct=api&method=quiz.getQuiz
[2016-05-09 10:07:00]Info: E:\HowToMakeLove\J2EE\web\main\model\ModQuiz.php 12
SQL: select * from `onlinequiz`(OK:0.004)
[2016-05-09 10:07:00]Info: E:\HowToMakeLove\J2EE\web\main\controller\CtlApi.php 24
array (
  'c' => '100',
  'data' => 
  array (
    0 => 
    array (
      'question_id' => '4',
      'question_type' => '1',
      'question' => '大事发生地方vsdfsdfgsdfgf',
      'A' => '发夫妻为父亲为父亲外出的',
      'B' => '发夫妻为父亲为父亲外出的12',
      'C' => '发夫妻为父亲为父亲外出的125',
      'D' => '发夫妻为父亲为父亲外出的12532韶关',
      'answer' => 'B',
    ),
    1 => 
    array (
      'question_id' => '5',
      'question_type' => '2',
      'question' => '大事发生地方vsdfsdfgsdfgf',
      'A' => '发夫妻为父亲为父亲外出的',
      'B' => '发夫妻为父亲为父亲外出的12',
      'C' => '',
      'D' => '',
      'answer' => 'A',
    ),
    2 => 
    array (
      'question_id' => '6',
      'question_type' => '3',
      'question' => '大事发生地方vsdfsdfgsdfgf',
      'A' => '发夫妻为父亲为父亲外出的',
      'B' => '发夫妻为父亲为父亲外出的12',
      'C' => '发夫妻为父亲为父亲外出的gbsdfgf',
      'D' => '发夫妻为父亲为父亲外出的344hfegbsdf',
      'answer' => 'A,B',
    ),
  ),
  'ct' => 1462759620,
)

-----------------------------------
[2016-05-09 10:07:05] 127.0.0.1 http://j2ee.com/main/?ct=api&method=quiz.test
POST: array (
  'scoreList' => '1,1,1',
)
[2016-05-09 10:07:05]Warn: E:\HowToMakeLove\J2EE\web\main\service\SrvQuizApi.php 20
Invalid argument supplied for foreach()
[2016-05-09 10:07:05]Info: E:\HowToMakeLove\J2EE\web\main\controller\CtlApi.php 24
array (
  'c' => '305',
  'data' => '接口不存在',
  'ct' => 1462759625,
)

-----------------------------------
[2016-05-09 10:07:40] 127.0.0.1 http://j2ee.com/main/?ct=api&method=quiz.getQuiz
[2016-05-09 10:07:40]Info: E:\HowToMakeLove\J2EE\web\main\model\ModQuiz.php 12
SQL: select * from `onlinequiz`(OK:0.002)
[2016-05-09 10:07:40]Info: E:\HowToMakeLove\J2EE\web\main\controller\CtlApi.php 24
array (
  'c' => '100',
  'data' => 
  array (
    0 => 
    array (
      'question_id' => '4',
      'question_type' => '1',
      'question' => '大事发生地方vsdfsdfgsdfgf',
      'A' => '发夫妻为父亲为父亲外出的',
      'B' => '发夫妻为父亲为父亲外出的12',
      'C' => '发夫妻为父亲为父亲外出的125',
      'D' => '发夫妻为父亲为父亲外出的12532韶关',
      'answer' => 'B',
    ),
    1 => 
    array (
      'question_id' => '5',
      'question_type' => '2',
      'question' => '大事发生地方vsdfsdfgsdfgf',
      'A' => '发夫妻为父亲为父亲外出的',
      'B' => '发夫妻为父亲为父亲外出的12',
      'C' => '',
      'D' => '',
      'answer' => 'A',
    ),
    2 => 
    array (
      'question_id' => '6',
      'question_type' => '3',
      'question' => '大事发生地方vsdfsdfgsdfgf',
      'A' => '发夫妻为父亲为父亲外出的',
      'B' => '发夫妻为父亲为父亲外出的12',
      'C' => '发夫妻为父亲为父亲外出的gbsdfgf',
      'D' => '发夫妻为父亲为父亲外出的344hfegbsdf',
      'answer' => 'A,B',
    ),
  ),
  'ct' => 1462759660,
)

-----------------------------------
[2016-05-09 10:07:44] 127.0.0.1 http://j2ee.com/main/?ct=api&method=quiz.test
POST: array (
  'scoreList' => '0,1,1',
)
[2016-05-09 10:07:44]Info: E:\HowToMakeLove\J2EE\web\main\controller\CtlApi.php 24
0,1,1

-----------------------------------
[2016-05-09 10:09:41] 127.0.0.1 http://j2ee.com/main/?ct=api&method=user.test
[2016-05-09 10:09:41]Error: E:\HowToMakeLove\J2EE\web\main\service\SrvApi.php 48
Call to undefined method SrvUserApi::test()

-----------------------------------
[2016-05-09 10:09:57] 127.0.0.1 http://j2ee.com/main/?ct=api&method=quiz.test
[2016-05-09 10:09:57]Info: E:\HowToMakeLove\J2EE\web\main\controller\CtlApi.php 24
array (
  0 => '1',
  1 => '2',
  2 => '3',
  3 => '4',
)

-----------------------------------
[2016-05-09 10:13:00] 127.0.0.1 http://j2ee.com/main/?ct=api&method=quiz.test
[2016-05-09 10:13:00]Info: E:\HowToMakeLove\J2EE\web\main\controller\CtlApi.php 24
1234

-----------------------------------
[2016-05-09 10:13:06] 127.0.0.1 http://j2ee.com/main/?ct=api&method=quiz.test
[2016-05-09 10:13:06]Info: E:\HowToMakeLove\J2EE\web\main\controller\CtlApi.php 24
1,2,3,4

-----------------------------------
[2016-05-09 10:16:04] 127.0.0.1 http://j2ee.com/main/?ct=api&method=quiz.getQuiz
[2016-05-09 10:16:04]Info: E:\HowToMakeLove\J2EE\web\main\model\ModQuiz.php 12
SQL: select * from `onlinequiz`(OK:0.001)
[2016-05-09 10:16:04]Info: E:\HowToMakeLove\J2EE\web\main\controller\CtlApi.php 24
array (
  'c' => '100',
  'data' => 
  array (
    0 => 
    array (
      'question_id' => '4',
      'question_type' => '1',
      'question' => '大事发生地方vsdfsdfgsdfgf',
      'A' => '发夫妻为父亲为父亲外出的',
      'B' => '发夫妻为父亲为父亲外出的12',
      'C' => '发夫妻为父亲为父亲外出的125',
      'D' => '发夫妻为父亲为父亲外出的12532韶关',
      'answer' => 'B',
    ),
    1 => 
    array (
      'question_id' => '5',
      'question_type' => '2',
      'question' => '大事发生地方vsdfsdfgsdfgf',
      'A' => '发夫妻为父亲为父亲外出的',
      'B' => '发夫妻为父亲为父亲外出的12',
      'C' => '',
      'D' => '',
      'answer' => 'A',
    ),
    2 => 
    array (
      'question_id' => '6',
      'question_type' => '3',
      'question' => '大事发生地方vsdfsdfgsdfgf',
      'A' => '发夫妻为父亲为父亲外出的',
      'B' => '发夫妻为父亲为父亲外出的12',
      'C' => '发夫妻为父亲为父亲外出的gbsdfgf',
      'D' => '发夫妻为父亲为父亲外出的344hfegbsdf',
      'answer' => 'A,B',
    ),
  ),
  'ct' => 1462760164,
)

-----------------------------------
[2016-05-09 10:16:07] 127.0.0.1 http://j2ee.com/main/?ct=api&method=quiz.test
POST: array (
  'scoreList' => '0,1,1',
)
[2016-05-09 10:16:07]Info: E:\HowToMakeLove\J2EE\web\main\controller\CtlApi.php 24
array (
  0 => '0',
  1 => '1',
  2 => '1',
)

-----------------------------------
[2016-05-09 10:24:22] 127.0.0.1 http://j2ee.com/main/?ct=api&method=quiz.getQuiz
[2016-05-09 10:24:22]Info: E:\HowToMakeLove\J2EE\web\main\model\ModQuiz.php 12
SQL: select * from `onlinequiz`(OK:0.001)
[2016-05-09 10:24:22]Info: E:\HowToMakeLove\J2EE\web\main\controller\CtlApi.php 24
array (
  'c' => '100',
  'data' => 
  array (
    0 => 
    array (
      'question_id' => '4',
      'question_type' => '1',
      'question' => '大事发生地方vsdfsdfgsdfgf',
      'A' => '发夫妻为父亲为父亲外出的',
      'B' => '发夫妻为父亲为父亲外出的12',
      'C' => '发夫妻为父亲为父亲外出的125',
      'D' => '发夫妻为父亲为父亲外出的12532韶关',
      'answer' => 'B',
    ),
    1 => 
    array (
      'question_id' => '5',
      'question_type' => '2',
      'question' => '大事发生地方vsdfsdfgsdfgf',
      'A' => '发夫妻为父亲为父亲外出的',
      'B' => '发夫妻为父亲为父亲外出的12',
      'C' => '',
      'D' => '',
      'answer' => 'A',
    ),
    2 => 
    array (
      'question_id' => '6',
      'question_type' => '3',
      'question' => '大事发生地方vsdfsdfgsdfgf',
      'A' => '发夫妻为父亲为父亲外出的',
      'B' => '发夫妻为父亲为父亲外出的12',
      'C' => '发夫妻为父亲为父亲外出的gbsdfgf',
      'D' => '发夫妻为父亲为父亲外出的344hfegbsdf',
      'answer' => 'A,B',
    ),
  ),
  'ct' => 1462760662,
)

-----------------------------------
[2016-05-09 10:24:25] 127.0.0.1 http://j2ee.com/main/?ct=api&method=quiz.test
POST: array (
  'scoreList' => '0,1,0',
)
[2016-05-09 10:24:25]Info: E:\HowToMakeLove\J2EE\web\main\controller\CtlApi.php 24
array (
  0 => '0',
  1 => '1',
  2 => '0',
)

-----------------------------------
[2016-05-09 10:26:30] 127.0.0.1 http://j2ee.com/main/?ct=api&method=quiz.test
POST: array (
  'scoreList' => '0,1,0',
)
[2016-05-09 10:26:30]Info: E:\HowToMakeLove\J2EE\web\main\controller\CtlApi.php 24
array (
  0 => '0',
  1 => '1',
  2 => '0',
)

-----------------------------------
[2016-05-09 10:26:32] 127.0.0.1 http://j2ee.com/main/?ct=api&method=quiz.getQuiz
[2016-05-09 10:26:32]Info: E:\HowToMakeLove\J2EE\web\main\model\ModQuiz.php 12
SQL: select * from `onlinequiz`(OK:0.013)
[2016-05-09 10:26:32]Info: E:\HowToMakeLove\J2EE\web\main\controller\CtlApi.php 24
array (
  'c' => '100',
  'data' => 
  array (
    0 => 
    array (
      'question_id' => '4',
      'question_type' => '1',
      'question' => '大事发生地方vsdfsdfgsdfgf',
      'A' => '发夫妻为父亲为父亲外出的',
      'B' => '发夫妻为父亲为父亲外出的12',
      'C' => '发夫妻为父亲为父亲外出的125',
      'D' => '发夫妻为父亲为父亲外出的12532韶关',
      'answer' => 'B',
    ),
    1 => 
    array (
      'question_id' => '5',
      'question_type' => '2',
      'question' => '大事发生地方vsdfsdfgsdfgf',
      'A' => '发夫妻为父亲为父亲外出的',
      'B' => '发夫妻为父亲为父亲外出的12',
      'C' => '',
      'D' => '',
      'answer' => 'A',
    ),
    2 => 
    array (
      'question_id' => '6',
      'question_type' => '3',
      'question' => '大事发生地方vsdfsdfgsdfgf',
      'A' => '发夫妻为父亲为父亲外出的',
      'B' => '发夫妻为父亲为父亲外出的12',
      'C' => '发夫妻为父亲为父亲外出的gbsdfgf',
      'D' => '发夫妻为父亲为父亲外出的344hfegbsdf',
      'answer' => 'A,B',
    ),
  ),
  'ct' => 1462760792,
)

-----------------------------------
[2016-05-09 10:26:38] 127.0.0.1 http://j2ee.com/main/?ct=api&method=quiz.test
POST: array (
  'scoreList' => '0,1,0',
)
[2016-05-09 10:26:38]Info: E:\HowToMakeLove\J2EE\web\main\controller\CtlApi.php 24
array (
  0 => '0',
  1 => '1',
  2 => '0',
)

-----------------------------------
[2016-05-09 10:26:40] 127.0.0.1 http://j2ee.com/main/?ct=api&method=quiz.getQuiz
[2016-05-09 10:26:40]Info: E:\HowToMakeLove\J2EE\web\main\model\ModQuiz.php 12
SQL: select * from `onlinequiz`(OK:0.01)
[2016-05-09 10:26:40]Info: E:\HowToMakeLove\J2EE\web\main\controller\CtlApi.php 24
array (
  'c' => '100',
  'data' => 
  array (
    0 => 
    array (
      'question_id' => '4',
      'question_type' => '1',
      'question' => '大事发生地方vsdfsdfgsdfgf',
      'A' => '发夫妻为父亲为父亲外出的',
      'B' => '发夫妻为父亲为父亲外出的12',
      'C' => '发夫妻为父亲为父亲外出的125',
      'D' => '发夫妻为父亲为父亲外出的12532韶关',
      'answer' => 'B',
    ),
    1 => 
    array (
      'question_id' => '5',
      'question_type' => '2',
      'question' => '大事发生地方vsdfsdfgsdfgf',
      'A' => '发夫妻为父亲为父亲外出的',
      'B' => '发夫妻为父亲为父亲外出的12',
      'C' => '',
      'D' => '',
      'answer' => 'A',
    ),
    2 => 
    array (
      'question_id' => '6',
      'question_type' => '3',
      'question' => '大事发生地方vsdfsdfgsdfgf',
      'A' => '发夫妻为父亲为父亲外出的',
      'B' => '发夫妻为父亲为父亲外出的12',
      'C' => '发夫妻为父亲为父亲外出的gbsdfgf',
      'D' => '发夫妻为父亲为父亲外出的344hfegbsdf',
      'answer' => 'A,B',
    ),
  ),
  'ct' => 1462760800,
)

-----------------------------------
[2016-05-09 10:27:21] 127.0.0.1 http://j2ee.com/main/?ct=api&method=quiz.test
POST: array (
  'scoreList' => '0,0,0',
)
[2016-05-09 10:27:21]Info: E:\HowToMakeLove\J2EE\web\main\controller\CtlApi.php 24
array (
  0 => '0',
  1 => '0',
  2 => '0',
)

-----------------------------------
[2016-05-09 10:27:21] 127.0.0.1 http://j2ee.com/main/?ct=api&method=quiz.getQuiz
[2016-05-09 10:27:21]Info: E:\HowToMakeLove\J2EE\web\main\model\ModQuiz.php 12
SQL: select * from `onlinequiz`(OK:0.013)
[2016-05-09 10:27:21]Info: E:\HowToMakeLove\J2EE\web\main\controller\CtlApi.php 24
array (
  'c' => '100',
  'data' => 
  array (
    0 => 
    array (
      'question_id' => '4',
      'question_type' => '1',
      'question' => '大事发生地方vsdfsdfgsdfgf',
      'A' => '发夫妻为父亲为父亲外出的',
      'B' => '发夫妻为父亲为父亲外出的12',
      'C' => '发夫妻为父亲为父亲外出的125',
      'D' => '发夫妻为父亲为父亲外出的12532韶关',
      'answer' => 'B',
    ),
    1 => 
    array (
      'question_id' => '5',
      'question_type' => '2',
      'question' => '大事发生地方vsdfsdfgsdfgf',
      'A' => '发夫妻为父亲为父亲外出的',
      'B' => '发夫妻为父亲为父亲外出的12',
      'C' => '',
      'D' => '',
      'answer' => 'A',
    ),
    2 => 
    array (
      'question_id' => '6',
      'question_type' => '3',
      'question' => '大事发生地方vsdfsdfgsdfgf',
      'A' => '发夫妻为父亲为父亲外出的',
      'B' => '发夫妻为父亲为父亲外出的12',
      'C' => '发夫妻为父亲为父亲外出的gbsdfgf',
      'D' => '发夫妻为父亲为父亲外出的344hfegbsdf',
      'answer' => 'A,B',
    ),
  ),
  'ct' => 1462760841,
)

-----------------------------------
[2016-05-09 10:27:36] 127.0.0.1 http://j2ee.com/main/?ct=api&method=quiz.test
POST: array (
  'scoreList' => '0,1,0',
)
[2016-05-09 10:27:36]Info: E:\HowToMakeLove\J2EE\web\main\controller\CtlApi.php 24
array (
  0 => '0',
  1 => '1',
  2 => '0',
)

-----------------------------------
[2016-05-09 10:27:46] 127.0.0.1 http://j2ee.com/main/?ct=api&method=quiz.test
POST: array (
  'scoreList' => '0,1,1',
)
[2016-05-09 10:27:46]Info: E:\HowToMakeLove\J2EE\web\main\controller\CtlApi.php 24
array (
  0 => '0',
  1 => '1',
  2 => '1',
)

-----------------------------------
[2016-05-09 10:27:50] 127.0.0.1 http://j2ee.com/main/?ct=api&method=quiz.test
POST: array (
  'scoreList' => '0,0,1',
)
[2016-05-09 10:27:50]Info: E:\HowToMakeLove\J2EE\web\main\controller\CtlApi.php 24
array (
  0 => '0',
  1 => '0',
  2 => '1',
)

-----------------------------------
[2016-05-09 10:27:57] 127.0.0.1 http://j2ee.com/main/?ct=api&method=quiz.test
POST: array (
  'scoreList' => '1,1,1',
)
[2016-05-09 10:27:57]Info: E:\HowToMakeLove\J2EE\web\main\controller\CtlApi.php 24
array (
  0 => '1',
  1 => '1',
  2 => '1',
)

-----------------------------------
[2016-05-09 17:51:56] 127.0.0.1 http://j2ee.com/main/?ct=api&method=quiz.test
POST: array (
  'username' => '2012051337',
  'quiz_id' => '2',
  'date' => '2012-05-12',
  'scores' => '1,0,1,1',
  'totalscore' => '3',
)
[2016-05-09 17:51:56]Error: E:\HowToMakeLove\J2EE\web\main\model\ModQuiz.php 19
syntax error, unexpected 'return' (T_RETURN)

-----------------------------------
[2016-05-09 17:53:20] 127.0.0.1 http://j2ee.com/main/?ct=api&method=quiz.test
POST: array (
  'username' => '2012051337',
  'quiz_id' => '2',
  'date' => '2012-05-12',
  'scores' => '1,0,1,1',
  'totalscore' => '3',
)
[2016-05-09 17:53:20]Info: E:\HowToMakeLove\J2EE\web\main\model\ModQuiz.php 19
SQL: insert into `j2ee`.`userscore` (`username`, `quiz_id`, `quiz_time`, `scores`, `totalscore`) VALUES ('2012051337', '2', '2012-05-12', '1,0,1,1', '3')(OK:0.004)
[2016-05-09 17:53:20]Info: E:\HowToMakeLove\J2EE\web\main\controller\CtlApi.php 24
array (
  'c' => '100',
  'data' => true,
  'ct' => 1462787600,
)

-----------------------------------
[2016-05-09 17:53:45] 127.0.0.1 http://j2ee.com/main/?ct=api&method=user.pastScore
POST: array (
  'username' => '2012051337',
)
[2016-05-09 17:53:45]Info: E:\HowToMakeLove\J2EE\web\main\model\ModUser.php 31
SQL: select * from `userscore` where `username` = '2012051337'(OK:0.001)
[2016-05-09 17:53:45]Info: E:\HowToMakeLove\J2EE\web\main\controller\CtlApi.php 24
array (
  'c' => '100',
  'data' => 
  array (
    0 => 
    array (
      'score_id' => '3',
      'username' => '2012051337',
      'quiz_id' => '2',
      'quiz_time' => '2016-05-06',
      'scores' => '1,1,0,1',
      'totalscore' => '3',
    ),
    1 => 
    array (
      'score_id' => '4',
      'username' => '2012051337',
      'quiz_id' => '2',
      'quiz_time' => '2012-05-12',
      'scores' => '1,0,1,1',
      'totalscore' => '3',
    ),
  ),
  'ct' => 1462787625,
)

-----------------------------------
[2016-05-09 18:12:09] 127.0.0.1 http://j2ee.com/main/?ct=api&method=quiz.getQuiz
[2016-05-09 18:12:09]Info: E:\HowToMakeLove\J2EE\web\main\model\ModQuiz.php 13
SQL: select * from `onlinequiz`(OK:0.001)
[2016-05-09 18:12:09]Info: E:\HowToMakeLove\J2EE\web\main\controller\CtlApi.php 24
array (
  'c' => '100',
  'data' => 
  array (
    0 => 
    array (
      'question_id' => '4',
      'question_type' => '1',
      'question' => '大事发生地方vsdfsdfgsdfgf',
      'A' => '发夫妻为父亲为父亲外出的',
      'B' => '发夫妻为父亲为父亲外出的12',
      'C' => '发夫妻为父亲为父亲外出的125',
      'D' => '发夫妻为父亲为父亲外出的12532韶关',
      'answer' => 'B',
    ),
    1 => 
    array (
      'question_id' => '5',
      'question_type' => '2',
      'question' => '大事发生地方vsdfsdfgsdfgf',
      'A' => '发夫妻为父亲为父亲外出的',
      'B' => '发夫妻为父亲为父亲外出的12',
      'C' => '',
      'D' => '',
      'answer' => 'A',
    ),
    2 => 
    array (
      'question_id' => '6',
      'question_type' => '3',
      'question' => '大事发生地方vsdfsdfgsdfgf',
      'A' => '发夫妻为父亲为父亲外出的',
      'B' => '发夫妻为父亲为父亲外出的12',
      'C' => '发夫妻为父亲为父亲外出的gbsdfgf',
      'D' => '发夫妻为父亲为父亲外出的344hfegbsdf',
      'answer' => 'A,B',
    ),
  ),
  'ct' => 1462788729,
)

-----------------------------------
[2016-05-09 18:24:33] 127.0.0.1 http://j2ee.com/main/?ct=api&method=quiz.getQuiz
[2016-05-09 18:24:33]Info: E:\HowToMakeLove\J2EE\web\main\model\ModQuiz.php 13
SQL: select * from `onlinequiz`(OK:0.002)
[2016-05-09 18:24:33]Info: E:\HowToMakeLove\J2EE\web\main\controller\CtlApi.php 24
array (
  'c' => '100',
  'data' => 
  array (
    0 => 
    array (
      'question_id' => '4',
      'quiz_id' => '2',
      'question_type' => '1',
      'question' => '大事发生地方vsdfsdfgsdfgf',
      'A' => '发夫妻为父亲为父亲外出的',
      'B' => '发夫妻为父亲为父亲外出的12',
      'C' => '发夫妻为父亲为父亲外出的125',
      'D' => '发夫妻为父亲为父亲外出的12532韶关',
      'answer' => 'B',
    ),
    1 => 
    array (
      'question_id' => '5',
      'quiz_id' => '2',
      'question_type' => '2',
      'question' => '大事发生地方vsdfsdfgsdfgf',
      'A' => '发夫妻为父亲为父亲外出的',
      'B' => '发夫妻为父亲为父亲外出的12',
      'C' => '',
      'D' => '',
      'answer' => 'A',
    ),
    2 => 
    array (
      'question_id' => '6',
      'quiz_id' => '2',
      'question_type' => '3',
      'question' => '大事发生地方vsdfsdfgsdfgf',
      'A' => '发夫妻为父亲为父亲外出的',
      'B' => '发夫妻为父亲为父亲外出的12',
      'C' => '发夫妻为父亲为父亲外出的gbsdfgf',
      'D' => '发夫妻为父亲为父亲外出的344hfegbsdf',
      'answer' => 'A,B',
    ),
  ),
  'ct' => 1462789473,
)

-----------------------------------
[2016-05-09 18:31:48] 127.0.0.1 http://j2ee.com/main/?ct=api&method=quiz.test
POST: array (
  'username' => '2012051337',
  'quiz_id' => '2',
  'scores' => '1,0,1,1',
  'totalscore' => '3',
)
[2016-05-09 18:31:48]Info: E:\HowToMakeLove\J2EE\web\main\model\ModQuiz.php 19
SQL: insert into `j2ee`.`userscore` (`username`, `quiz_id`, `quiz_time`, `scores`, `totalscore`) VALUES ('2012051337', '2', '2016-05-09', '1,0,1,1', '3')(OK:0.011)
[2016-05-09 18:31:48]Info: E:\HowToMakeLove\J2EE\web\main\controller\CtlApi.php 24
array (
  'c' => '100',
  'data' => true,
  'ct' => 1462789908,
)

-----------------------------------
[2016-05-09 18:32:57] 127.0.0.1 http://j2ee.com/main/?ct=api&method=quiz.getQuiz
[2016-05-09 18:32:57]Info: E:\HowToMakeLove\J2EE\web\main\model\ModQuiz.php 13
SQL: select * from `onlinequiz`(OK:0.001)
[2016-05-09 18:32:57]Info: E:\HowToMakeLove\J2EE\web\main\controller\CtlApi.php 24
array (
  'c' => '100',
  'data' => 
  array (
    0 => 
    array (
      'question_id' => '4',
      'quiz_id' => '2',
      'question_type' => '1',
      'question' => '大事发生地方vsdfsdfgsdfgf',
      'A' => '发夫妻为父亲为父亲外出的',
      'B' => '发夫妻为父亲为父亲外出的12',
      'C' => '发夫妻为父亲为父亲外出的125',
      'D' => '发夫妻为父亲为父亲外出的12532韶关',
      'answer' => 'B',
    ),
    1 => 
    array (
      'question_id' => '5',
      'quiz_id' => '2',
      'question_type' => '2',
      'question' => '大事发生地方vsdfsdfgsdfgf',
      'A' => '发夫妻为父亲为父亲外出的',
      'B' => '发夫妻为父亲为父亲外出的12',
      'C' => '',
      'D' => '',
      'answer' => 'A',
    ),
    2 => 
    array (
      'question_id' => '6',
      'quiz_id' => '2',
      'question_type' => '3',
      'question' => '大事发生地方vsdfsdfgsdfgf',
      'A' => '发夫妻为父亲为父亲外出的',
      'B' => '发夫妻为父亲为父亲外出的12',
      'C' => '发夫妻为父亲为父亲外出的gbsdfgf',
      'D' => '发夫妻为父亲为父亲外出的344hfegbsdf',
      'answer' => 'A,B',
    ),
  ),
  'ct' => 1462789977,
)

-----------------------------------
[2016-05-09 18:33:07] 127.0.0.1 http://j2ee.com/main/?ct=api&method=quiz.getQuiz
[2016-05-09 18:33:07]Info: E:\HowToMakeLove\J2EE\web\main\model\ModQuiz.php 13
SQL: select * from `onlinequiz`(OK:0.014)
[2016-05-09 18:33:07]Info: E:\HowToMakeLove\J2EE\web\main\controller\CtlApi.php 24
array (
  'c' => '100',
  'data' => 
  array (
    0 => 
    array (
      'question_id' => '4',
      'quiz_id' => '2',
      'question_type' => '1',
      'question' => '大事发生地方vsdfsdfgsdfgf',
      'A' => '发夫妻为父亲为父亲外出的',
      'B' => '发夫妻为父亲为父亲外出的12',
      'C' => '发夫妻为父亲为父亲外出的125',
      'D' => '发夫妻为父亲为父亲外出的12532韶关',
      'answer' => 'B',
    ),
    1 => 
    array (
      'question_id' => '5',
      'quiz_id' => '2',
      'question_type' => '2',
      'question' => '大事发生地方vsdfsdfgsdfgf',
      'A' => '发夫妻为父亲为父亲外出的',
      'B' => '发夫妻为父亲为父亲外出的12',
      'C' => '',
      'D' => '',
      'answer' => 'A',
    ),
    2 => 
    array (
      'question_id' => '6',
      'quiz_id' => '2',
      'question_type' => '3',
      'question' => '大事发生地方vsdfsdfgsdfgf',
      'A' => '发夫妻为父亲为父亲外出的',
      'B' => '发夫妻为父亲为父亲外出的12',
      'C' => '发夫妻为父亲为父亲外出的gbsdfgf',
      'D' => '发夫妻为父亲为父亲外出的344hfegbsdf',
      'answer' => 'A,B',
    ),
  ),
  'ct' => 1462789987,
)

-----------------------------------
[2016-05-09 18:33:10] 127.0.0.1 http://j2ee.com/main/?ct=api&method=quiz.test
POST: array (
  'scoreList' => '0,0,0',
  'totalScore' => '0',
  'username' => '2012051337',
  'quiz_id' => 'quiz_id',
)
[2016-05-09 18:33:10]Info: E:\HowToMakeLove\J2EE\web\main\model\ModQuiz.php 19
SQL: insert into `j2ee`.`userscore` (`username`, `quiz_id`, `quiz_time`, `scores`, `totalscore`) VALUES ('2012051337', 'quiz_id', '2016-05-09', '', '')(OK:0.012)
[2016-05-09 18:33:10]Info: E:\HowToMakeLove\J2EE\web\main\controller\CtlApi.php 24
array (
  'c' => '100',
  'data' => true,
  'ct' => 1462789990,
)

-----------------------------------
[2016-05-09 18:33:49] 127.0.0.1 http://j2ee.com/main/?ct=api&method=quiz.test
POST: array (
  'scoreList' => '0,0,0',
  'totalScore' => '0',
  'username' => '2012051337',
  'quiz_id' => 'quiz_id',
)
[2016-05-09 18:33:49]Info: E:\HowToMakeLove\J2EE\web\main\model\ModQuiz.php 19
SQL: insert into `j2ee`.`userscore` (`username`, `quiz_id`, `quiz_time`, `scores`, `totalscore`) VALUES ('2012051337', 'quiz_id', '2016-05-09', '0,0,0', '')(OK:0.011)
[2016-05-09 18:33:49]Info: E:\HowToMakeLove\J2EE\web\main\controller\CtlApi.php 24
array (
  'c' => '100',
  'data' => true,
  'ct' => 1462790029,
)

-----------------------------------
[2016-05-09 18:52:29] 127.0.0.1 http://j2ee.com/main/?ct=api&method=quiz.getQuiz
[2016-05-09 18:52:29]Info: E:\HowToMakeLove\J2EE\web\main\model\ModQuiz.php 13
SQL: select * from `onlinequiz`(OK:0.003)
[2016-05-09 18:52:29]Info: E:\HowToMakeLove\J2EE\web\main\controller\CtlApi.php 24
array (
  'c' => '100',
  'data' => 
  array (
    0 => 
    array (
      'question_id' => '4',
      'quiz_id' => '2',
      'question_type' => '1',
      'question' => '大事发生地方vsdfsdfgsdfgf',
      'A' => '发夫妻为父亲为父亲外出的',
      'B' => '发夫妻为父亲为父亲外出的12',
      'C' => '发夫妻为父亲为父亲外出的125',
      'D' => '发夫妻为父亲为父亲外出的12532韶关',
      'answer' => 'B',
    ),
    1 => 
    array (
      'question_id' => '5',
      'quiz_id' => '2',
      'question_type' => '2',
      'question' => '大事发生地方vsdfsdfgsdfgf',
      'A' => '发夫妻为父亲为父亲外出的',
      'B' => '发夫妻为父亲为父亲外出的12',
      'C' => '',
      'D' => '',
      'answer' => 'A',
    ),
    2 => 
    array (
      'question_id' => '6',
      'quiz_id' => '2',
      'question_type' => '3',
      'question' => '大事发生地方vsdfsdfgsdfgf',
      'A' => '发夫妻为父亲为父亲外出的',
      'B' => '发夫妻为父亲为父亲外出的12',
      'C' => '发夫妻为父亲为父亲外出的gbsdfgf',
      'D' => '发夫妻为父亲为父亲外出的344hfegbsdf',
      'answer' => 'A,B',
    ),
  ),
  'ct' => 1462791149,
)

-----------------------------------
[2016-05-09 18:52:33] 127.0.0.1 http://j2ee.com/main/?ct=api&method=quiz.test
POST: array (
  'scoreList' => '1,0,1',
  'totalScore' => '2',
  'username' => '2012051337',
  'quiz_id' => 'quiz_id',
)
[2016-05-09 18:52:33]Info: E:\HowToMakeLove\J2EE\web\main\model\ModQuiz.php 19
SQL: insert into `j2ee`.`userscore` (`username`, `quiz_id`, `quiz_time`, `scores`, `totalscore`) VALUES ('2012051337', 'quiz_id', '2016-05-09', '1,0,1', '')(OK:0.012)
[2016-05-09 18:52:33]Info: E:\HowToMakeLove\J2EE\web\main\controller\CtlApi.php 24
array (
  'c' => '100',
  'data' => true,
  'ct' => 1462791153,
)

-----------------------------------
[2016-05-09 18:53:00] 127.0.0.1 http://j2ee.com/main/?ct=api&method=quiz.getQuiz
[2016-05-09 18:53:00]Info: E:\HowToMakeLove\J2EE\web\main\model\ModQuiz.php 13
SQL: select * from `onlinequiz`(OK:0.002)
[2016-05-09 18:53:00]Info: E:\HowToMakeLove\J2EE\web\main\controller\CtlApi.php 24
array (
  'c' => '100',
  'data' => 
  array (
    0 => 
    array (
      'question_id' => '4',
      'quiz_id' => '2',
      'question_type' => '1',
      'question' => '大事发生地方vsdfsdfgsdfgf',
      'A' => '发夫妻为父亲为父亲外出的',
      'B' => '发夫妻为父亲为父亲外出的12',
      'C' => '发夫妻为父亲为父亲外出的125',
      'D' => '发夫妻为父亲为父亲外出的12532韶关',
      'answer' => 'B',
    ),
    1 => 
    array (
      'question_id' => '5',
      'quiz_id' => '2',
      'question_type' => '2',
      'question' => '大事发生地方vsdfsdfgsdfgf',
      'A' => '发夫妻为父亲为父亲外出的',
      'B' => '发夫妻为父亲为父亲外出的12',
      'C' => '',
      'D' => '',
      'answer' => 'A',
    ),
    2 => 
    array (
      'question_id' => '6',
      'quiz_id' => '2',
      'question_type' => '3',
      'question' => '大事发生地方vsdfsdfgsdfgf',
      'A' => '发夫妻为父亲为父亲外出的',
      'B' => '发夫妻为父亲为父亲外出的12',
      'C' => '发夫妻为父亲为父亲外出的gbsdfgf',
      'D' => '发夫妻为父亲为父亲外出的344hfegbsdf',
      'answer' => 'A,B',
    ),
  ),
  'ct' => 1462791180,
)

-----------------------------------
[2016-05-09 18:53:05] 127.0.0.1 http://j2ee.com/main/?ct=api&method=quiz.test
POST: array (
  'scoreList' => '0,0,0',
  'totalScore' => '0',
  'username' => '2012051337',
  'quiz_id' => 'quiz_id',
)
[2016-05-09 18:53:05]Info: E:\HowToMakeLove\J2EE\web\main\model\ModQuiz.php 19
SQL: insert into `j2ee`.`userscore` (`username`, `quiz_id`, `quiz_time`, `scores`, `totalscore`) VALUES ('2012051337', 'quiz_id', '2016-05-09', '0,0,0', '')(OK:0.01)
[2016-05-09 18:53:05]Info: E:\HowToMakeLove\J2EE\web\main\controller\CtlApi.php 24
array (
  'c' => '100',
  'data' => true,
  'ct' => 1462791185,
)

-----------------------------------
[2016-05-09 18:53:53] 127.0.0.1 http://j2ee.com/main/?ct=api&method=quiz.getQuiz
[2016-05-09 18:53:53]Info: E:\HowToMakeLove\J2EE\web\main\model\ModQuiz.php 13
SQL: select * from `onlinequiz`(OK:0.002)
[2016-05-09 18:53:53]Info: E:\HowToMakeLove\J2EE\web\main\controller\CtlApi.php 24
array (
  'c' => '100',
  'data' => 
  array (
    0 => 
    array (
      'question_id' => '4',
      'quiz_id' => '2',
      'question_type' => '1',
      'question' => '大事发生地方vsdfsdfgsdfgf',
      'A' => '发夫妻为父亲为父亲外出的',
      'B' => '发夫妻为父亲为父亲外出的12',
      'C' => '发夫妻为父亲为父亲外出的125',
      'D' => '发夫妻为父亲为父亲外出的12532韶关',
      'answer' => 'B',
    ),
    1 => 
    array (
      'question_id' => '5',
      'quiz_id' => '2',
      'question_type' => '2',
      'question' => '大事发生地方vsdfsdfgsdfgf',
      'A' => '发夫妻为父亲为父亲外出的',
      'B' => '发夫妻为父亲为父亲外出的12',
      'C' => '',
      'D' => '',
      'answer' => 'A',
    ),
    2 => 
    array (
      'question_id' => '6',
      'quiz_id' => '2',
      'question_type' => '3',
      'question' => '大事发生地方vsdfsdfgsdfgf',
      'A' => '发夫妻为父亲为父亲外出的',
      'B' => '发夫妻为父亲为父亲外出的12',
      'C' => '发夫妻为父亲为父亲外出的gbsdfgf',
      'D' => '发夫妻为父亲为父亲外出的344hfegbsdf',
      'answer' => 'A,B',
    ),
  ),
  'ct' => 1462791233,
)

-----------------------------------
[2016-05-09 18:53:58] 127.0.0.1 http://j2ee.com/main/?ct=api&method=quiz.test
POST: array (
  'scoreList' => '1,1,1',
  'totalScore' => '3',
  'username' => '2012051337',
  'quiz_id' => 'quiz_id',
)
[2016-05-09 18:53:58]Info: E:\HowToMakeLove\J2EE\web\main\model\ModQuiz.php 19
SQL: insert into `j2ee`.`userscore` (`username`, `quiz_id`, `quiz_time`, `scores`, `totalscore`) VALUES ('2012051337', 'quiz_id', '2016-05-09', '1,1,1', '')(OK:0.003)
[2016-05-09 18:53:58]Info: E:\HowToMakeLove\J2EE\web\main\controller\CtlApi.php 24
array (
  'c' => '100',
  'data' => true,
  'ct' => 1462791238,
)

-----------------------------------
[2016-05-09 18:54:39] 127.0.0.1 http://j2ee.com/main/?ct=api&method=quiz.getQuiz
[2016-05-09 18:54:39]Info: E:\HowToMakeLove\J2EE\web\main\model\ModQuiz.php 13
SQL: select * from `onlinequiz`(OK:0.002)
[2016-05-09 18:54:39]Info: E:\HowToMakeLove\J2EE\web\main\controller\CtlApi.php 24
array (
  'c' => '100',
  'data' => 
  array (
    0 => 
    array (
      'question_id' => '4',
      'quiz_id' => '2',
      'question_type' => '1',
      'question' => '大事发生地方vsdfsdfgsdfgf',
      'A' => '发夫妻为父亲为父亲外出的',
      'B' => '发夫妻为父亲为父亲外出的12',
      'C' => '发夫妻为父亲为父亲外出的125',
      'D' => '发夫妻为父亲为父亲外出的12532韶关',
      'answer' => 'B',
    ),
    1 => 
    array (
      'question_id' => '5',
      'quiz_id' => '2',
      'question_type' => '2',
      'question' => '大事发生地方vsdfsdfgsdfgf',
      'A' => '发夫妻为父亲为父亲外出的',
      'B' => '发夫妻为父亲为父亲外出的12',
      'C' => '',
      'D' => '',
      'answer' => 'A',
    ),
    2 => 
    array (
      'question_id' => '6',
      'quiz_id' => '2',
      'question_type' => '3',
      'question' => '大事发生地方vsdfsdfgsdfgf',
      'A' => '发夫妻为父亲为父亲外出的',
      'B' => '发夫妻为父亲为父亲外出的12',
      'C' => '发夫妻为父亲为父亲外出的gbsdfgf',
      'D' => '发夫妻为父亲为父亲外出的344hfegbsdf',
      'answer' => 'A,B',
    ),
  ),
  'ct' => 1462791279,
)

-----------------------------------
[2016-05-09 18:54:45] 127.0.0.1 http://j2ee.com/main/?ct=api&method=quiz.test
POST: array (
  'scoreList' => '1,1,1',
  'totalScore' => '3',
  'username' => '2012051337',
  'quiz_id' => 'undefined',
)
[2016-05-09 18:54:45]Info: E:\HowToMakeLove\J2EE\web\main\model\ModQuiz.php 19
SQL: insert into `j2ee`.`userscore` (`username`, `quiz_id`, `quiz_time`, `scores`, `totalscore`) VALUES ('2012051337', 'undefined', '2016-05-09', '1,1,1', '')(OK:0.012)
[2016-05-09 18:54:45]Info: E:\HowToMakeLove\J2EE\web\main\controller\CtlApi.php 24
array (
  'c' => '100',
  'data' => true,
  'ct' => 1462791285,
)

-----------------------------------
[2016-05-09 18:55:25] 127.0.0.1 http://j2ee.com/main/?ct=api&method=quiz.getQuiz
[2016-05-09 18:55:25]Info: E:\HowToMakeLove\J2EE\web\main\model\ModQuiz.php 13
SQL: select * from `onlinequiz`(OK:0.001)
[2016-05-09 18:55:25]Info: E:\HowToMakeLove\J2EE\web\main\controller\CtlApi.php 24
array (
  'c' => '100',
  'data' => 
  array (
    0 => 
    array (
      'question_id' => '4',
      'quiz_id' => '2',
      'question_type' => '1',
      'question' => '大事发生地方vsdfsdfgsdfgf',
      'A' => '发夫妻为父亲为父亲外出的',
      'B' => '发夫妻为父亲为父亲外出的12',
      'C' => '发夫妻为父亲为父亲外出的125',
      'D' => '发夫妻为父亲为父亲外出的12532韶关',
      'answer' => 'B',
    ),
    1 => 
    array (
      'question_id' => '5',
      'quiz_id' => '2',
      'question_type' => '2',
      'question' => '大事发生地方vsdfsdfgsdfgf',
      'A' => '发夫妻为父亲为父亲外出的',
      'B' => '发夫妻为父亲为父亲外出的12',
      'C' => '',
      'D' => '',
      'answer' => 'A',
    ),
    2 => 
    array (
      'question_id' => '6',
      'quiz_id' => '2',
      'question_type' => '3',
      'question' => '大事发生地方vsdfsdfgsdfgf',
      'A' => '发夫妻为父亲为父亲外出的',
      'B' => '发夫妻为父亲为父亲外出的12',
      'C' => '发夫妻为父亲为父亲外出的gbsdfgf',
      'D' => '发夫妻为父亲为父亲外出的344hfegbsdf',
      'answer' => 'A,B',
    ),
  ),
  'ct' => 1462791325,
)

-----------------------------------
[2016-05-09 18:55:30] 127.0.0.1 http://j2ee.com/main/?ct=api&method=quiz.test
POST: array (
  'scoreList' => '1,1,1',
  'totalScore' => '3',
  'username' => '2012051337',
  'quiz_id' => 'NaN',
)
[2016-05-09 18:55:30]Info: E:\HowToMakeLove\J2EE\web\main\model\ModQuiz.php 19
SQL: insert into `j2ee`.`userscore` (`username`, `quiz_id`, `quiz_time`, `scores`, `totalscore`) VALUES ('2012051337', 'NaN', '2016-05-09', '1,1,1', '')(OK:0.003)
[2016-05-09 18:55:30]Info: E:\HowToMakeLove\J2EE\web\main\controller\CtlApi.php 24
array (
  'c' => '100',
  'data' => true,
  'ct' => 1462791330,
)

-----------------------------------
[2016-05-09 18:55:53] 127.0.0.1 http://j2ee.com/main/?ct=api&method=quiz.test
POST: array (
  'scoreList' => '1,1,1',
  'totalScore' => '3',
  'username' => '2012051337',
  'quiz_id' => 'NaN',
)
[2016-05-09 18:55:53]Info: E:\HowToMakeLove\J2EE\web\main\model\ModQuiz.php 19
SQL: insert into `j2ee`.`userscore` (`username`, `quiz_id`, `quiz_time`, `scores`, `totalscore`) VALUES ('2012051337', 'NaN', '2016-05-09', '1,1,1', '')(OK:0.012)
[2016-05-09 18:55:53]Info: E:\HowToMakeLove\J2EE\web\main\controller\CtlApi.php 24
array (
  'c' => '100',
  'data' => true,
  'ct' => 1462791353,
)

-----------------------------------
[2016-05-09 18:57:45] 127.0.0.1 http://j2ee.com/main/?ct=api&method=quiz.test
POST: array (
  'scoreList' => '1,1,0',
  'totalScore' => '2',
  'username' => '2012051337',
  'quiz_id' => 'NaN',
)
[2016-05-09 18:57:45]Info: E:\HowToMakeLove\J2EE\web\main\model\ModQuiz.php 19
SQL: insert into `j2ee`.`userscore` (`username`, `quiz_id`, `quiz_time`, `scores`, `totalscore`) VALUES ('2012051337', 'NaN', '2016-05-09', '1,1,0', '2')(OK:0.014)
[2016-05-09 18:57:45]Info: E:\HowToMakeLove\J2EE\web\main\controller\CtlApi.php 24
array (
  'c' => '100',
  'data' => true,
  'ct' => 1462791465,
)

-----------------------------------
[2016-05-09 19:00:51] 127.0.0.1 http://j2ee.com/main/?ct=api&method=quiz.test
POST: array (
  'scoreList' => '1,1,0',
  'totalScore' => '2',
  'username' => '2012051337',
  'quiz_id' => 'NaN',
)
[2016-05-09 19:00:51]Info: E:\HowToMakeLove\J2EE\web\main\model\ModQuiz.php 19
SQL: insert into `j2ee`.`userscore` (`username`, `quiz_id`, `quiz_time`, `scores`, `totalscore`) VALUES ('2012051337', 'NaN', '2016-05-09', '1,1,0', '2')(OK:0.012)
[2016-05-09 19:00:51]Info: E:\HowToMakeLove\J2EE\web\main\controller\CtlApi.php 24
array (
  'c' => '100',
  'data' => true,
  'ct' => 1462791651,
)

-----------------------------------
[2016-05-09 19:00:52] 127.0.0.1 http://j2ee.com/main/?ct=api&method=quiz.getQuiz
[2016-05-09 19:00:52]Info: E:\HowToMakeLove\J2EE\web\main\model\ModQuiz.php 13
SQL: select * from `onlinequiz`(OK:0.002)
[2016-05-09 19:00:52]Info: E:\HowToMakeLove\J2EE\web\main\controller\CtlApi.php 24
array (
  'c' => '100',
  'data' => 
  array (
    0 => 
    array (
      'question_id' => '4',
      'quiz_id' => '2',
      'question_type' => '1',
      'question' => '大事发生地方vsdfsdfgsdfgf',
      'A' => '发夫妻为父亲为父亲外出的',
      'B' => '发夫妻为父亲为父亲外出的12',
      'C' => '发夫妻为父亲为父亲外出的125',
      'D' => '发夫妻为父亲为父亲外出的12532韶关',
      'answer' => 'B',
    ),
    1 => 
    array (
      'question_id' => '5',
      'quiz_id' => '2',
      'question_type' => '2',
      'question' => '大事发生地方vsdfsdfgsdfgf',
      'A' => '发夫妻为父亲为父亲外出的',
      'B' => '发夫妻为父亲为父亲外出的12',
      'C' => '',
      'D' => '',
      'answer' => 'A',
    ),
    2 => 
    array (
      'question_id' => '6',
      'quiz_id' => '2',
      'question_type' => '3',
      'question' => '大事发生地方vsdfsdfgsdfgf',
      'A' => '发夫妻为父亲为父亲外出的',
      'B' => '发夫妻为父亲为父亲外出的12',
      'C' => '发夫妻为父亲为父亲外出的gbsdfgf',
      'D' => '发夫妻为父亲为父亲外出的344hfegbsdf',
      'answer' => 'A,B',
    ),
  ),
  'ct' => 1462791652,
)

-----------------------------------
[2016-05-09 19:01:23] 127.0.0.1 http://j2ee.com/main/?ct=api&method=quiz.getQuiz
[2016-05-09 19:01:23]Info: E:\HowToMakeLove\J2EE\web\main\model\ModQuiz.php 13
SQL: select * from `onlinequiz`(OK:0.001)
[2016-05-09 19:01:23]Info: E:\HowToMakeLove\J2EE\web\main\controller\CtlApi.php 24
array (
  'c' => '100',
  'data' => 
  array (
    0 => 
    array (
      'question_id' => '4',
      'quiz_id' => '2',
      'question_type' => '1',
      'question' => '大事发生地方vsdfsdfgsdfgf',
      'A' => '发夫妻为父亲为父亲外出的',
      'B' => '发夫妻为父亲为父亲外出的12',
      'C' => '发夫妻为父亲为父亲外出的125',
      'D' => '发夫妻为父亲为父亲外出的12532韶关',
      'answer' => 'B',
    ),
    1 => 
    array (
      'question_id' => '5',
      'quiz_id' => '2',
      'question_type' => '2',
      'question' => '大事发生地方vsdfsdfgsdfgf',
      'A' => '发夫妻为父亲为父亲外出的',
      'B' => '发夫妻为父亲为父亲外出的12',
      'C' => '',
      'D' => '',
      'answer' => 'A',
    ),
    2 => 
    array (
      'question_id' => '6',
      'quiz_id' => '2',
      'question_type' => '3',
      'question' => '大事发生地方vsdfsdfgsdfgf',
      'A' => '发夫妻为父亲为父亲外出的',
      'B' => '发夫妻为父亲为父亲外出的12',
      'C' => '发夫妻为父亲为父亲外出的gbsdfgf',
      'D' => '发夫妻为父亲为父亲外出的344hfegbsdf',
      'answer' => 'A,B',
    ),
  ),
  'ct' => 1462791683,
)

-----------------------------------
[2016-05-09 19:01:33] 127.0.0.1 http://j2ee.com/main/?ct=api&method=quiz.test
POST: array (
  'scoreList' => '1,0,0',
  'totalScore' => '1',
  'username' => '2012051337',
  'quiz_id' => '2',
)
[2016-05-09 19:01:33]Info: E:\HowToMakeLove\J2EE\web\main\model\ModQuiz.php 19
SQL: insert into `j2ee`.`userscore` (`username`, `quiz_id`, `quiz_time`, `scores`, `totalscore`) VALUES ('2012051337', '2', '2016-05-09', '1,0,0', '1')(OK:0.012)
[2016-05-09 19:01:33]Info: E:\HowToMakeLove\J2EE\web\main\controller\CtlApi.php 24
array (
  'c' => '100',
  'data' => true,
  'ct' => 1462791693,
)

-----------------------------------
[2016-05-09 19:01:54] 127.0.0.1 http://j2ee.com/main/?ct=api&method=quiz.test
POST: array (
  'scoreList' => '0,0,1',
  'totalScore' => '1',
  'username' => '2012051337',
  'quiz_id' => '2',
)
[2016-05-09 19:01:54]Info: E:\HowToMakeLove\J2EE\web\main\model\ModQuiz.php 19
SQL: insert into `j2ee`.`userscore` (`username`, `quiz_id`, `quiz_time`, `scores`, `totalscore`) VALUES ('2012051337', '2', '2016-05-09', '0,0,1', '1')(OK:0.011)
[2016-05-09 19:01:54]Info: E:\HowToMakeLove\J2EE\web\main\controller\CtlApi.php 24
array (
  'c' => '100',
  'data' => true,
  'ct' => 1462791714,
)

-----------------------------------
[2016-05-09 19:05:14] 127.0.0.1 http://j2ee.com/main/?ct=api&method=quiz.getQuiz
[2016-05-09 19:05:14]Info: E:\HowToMakeLove\J2EE\web\main\model\ModQuiz.php 13
SQL: select * from `onlinequiz`(OK:0.001)
[2016-05-09 19:05:14]Info: E:\HowToMakeLove\J2EE\web\main\controller\CtlApi.php 24
array (
  'c' => '100',
  'data' => 
  array (
    0 => 
    array (
      'question_id' => '4',
      'quiz_id' => '2',
      'question_type' => '1',
      'question' => '大事发生地方vsdfsdfgsdfgf',
      'A' => '发夫妻为父亲为父亲外出的',
      'B' => '发夫妻为父亲为父亲外出的12',
      'C' => '发夫妻为父亲为父亲外出的125',
      'D' => '发夫妻为父亲为父亲外出的12532韶关',
      'answer' => 'B',
    ),
    1 => 
    array (
      'question_id' => '5',
      'quiz_id' => '2',
      'question_type' => '2',
      'question' => '大事发生地方vsdfsdfgsdfgf',
      'A' => '发夫妻为父亲为父亲外出的',
      'B' => '发夫妻为父亲为父亲外出的12',
      'C' => '',
      'D' => '',
      'answer' => 'A',
    ),
    2 => 
    array (
      'question_id' => '6',
      'quiz_id' => '2',
      'question_type' => '3',
      'question' => '大事发生地方vsdfsdfgsdfgf',
      'A' => '发夫妻为父亲为父亲外出的',
      'B' => '发夫妻为父亲为父亲外出的12',
      'C' => '发夫妻为父亲为父亲外出的gbsdfgf',
      'D' => '发夫妻为父亲为父亲外出的344hfegbsdf',
      'answer' => 'A,B',
    ),
  ),
  'ct' => 1462791914,
)

-----------------------------------
[2016-05-09 19:05:39] 127.0.0.1 http://j2ee.com/main/?ct=api&method=quiz.getQuiz
[2016-05-09 19:05:39]Info: E:\HowToMakeLove\J2EE\web\main\model\ModQuiz.php 13
SQL: select * from `onlinequiz`(OK:0.002)
[2016-05-09 19:05:39]Info: E:\HowToMakeLove\J2EE\web\main\controller\CtlApi.php 24
array (
  'c' => '100',
  'data' => 
  array (
    0 => 
    array (
      'question_id' => '4',
      'quiz_id' => '2',
      'question_type' => '1',
      'question' => '大事发生地方vsdfsdfgsdfgf',
      'A' => '发夫妻为父亲为父亲外出的',
      'B' => '发夫妻为父亲为父亲外出的12',
      'C' => '发夫妻为父亲为父亲外出的125',
      'D' => '发夫妻为父亲为父亲外出的12532韶关',
      'answer' => 'B',
    ),
    1 => 
    array (
      'question_id' => '5',
      'quiz_id' => '2',
      'question_type' => '2',
      'question' => '大事发生地方vsdfsdfgsdfgf',
      'A' => '发夫妻为父亲为父亲外出的',
      'B' => '发夫妻为父亲为父亲外出的12',
      'C' => '',
      'D' => '',
      'answer' => 'A',
    ),
    2 => 
    array (
      'question_id' => '6',
      'quiz_id' => '2',
      'question_type' => '3',
      'question' => '大事发生地方vsdfsdfgsdfgf',
      'A' => '发夫妻为父亲为父亲外出的',
      'B' => '发夫妻为父亲为父亲外出的12',
      'C' => '发夫妻为父亲为父亲外出的gbsdfgf',
      'D' => '发夫妻为父亲为父亲外出的344hfegbsdf',
      'answer' => 'A,B',
    ),
  ),
  'ct' => 1462791939,
)

-----------------------------------
[2016-05-09 19:05:53] 127.0.0.1 http://j2ee.com/main/?ct=api&method=quiz.getQuiz
[2016-05-09 19:05:53]Info: E:\HowToMakeLove\J2EE\web\main\model\ModQuiz.php 13
SQL: select * from `onlinequiz`(OK:0.001)
[2016-05-09 19:05:53]Info: E:\HowToMakeLove\J2EE\web\main\controller\CtlApi.php 24
array (
  'c' => '100',
  'data' => 
  array (
    0 => 
    array (
      'question_id' => '4',
      'quiz_id' => '2',
      'question_type' => '1',
      'question' => '大事发生地方vsdfsdfgsdfgf',
      'A' => '发夫妻为父亲为父亲外出的',
      'B' => '发夫妻为父亲为父亲外出的12',
      'C' => '发夫妻为父亲为父亲外出的125',
      'D' => '发夫妻为父亲为父亲外出的12532韶关',
      'answer' => 'B',
    ),
    1 => 
    array (
      'question_id' => '5',
      'quiz_id' => '2',
      'question_type' => '2',
      'question' => '大事发生地方vsdfsdfgsdfgf',
      'A' => '发夫妻为父亲为父亲外出的',
      'B' => '发夫妻为父亲为父亲外出的12',
      'C' => '',
      'D' => '',
      'answer' => 'A',
    ),
    2 => 
    array (
      'question_id' => '6',
      'quiz_id' => '2',
      'question_type' => '3',
      'question' => '大事发生地方vsdfsdfgsdfgf',
      'A' => '发夫妻为父亲为父亲外出的',
      'B' => '发夫妻为父亲为父亲外出的12',
      'C' => '发夫妻为父亲为父亲外出的gbsdfgf',
      'D' => '发夫妻为父亲为父亲外出的344hfegbsdf',
      'answer' => 'A,B',
    ),
  ),
  'ct' => 1462791953,
)

-----------------------------------
[2016-05-09 19:07:38] 127.0.0.1 http://j2ee.com/main/?ct=api&method=quiz.getQuiz
[2016-05-09 19:07:38]Info: E:\HowToMakeLove\J2EE\web\main\model\ModQuiz.php 13
SQL: select * from `onlinequiz`(OK:0.004)
[2016-05-09 19:07:38]Info: E:\HowToMakeLove\J2EE\web\main\controller\CtlApi.php 24
array (
  'c' => '100',
  'data' => 
  array (
    0 => 
    array (
      'question_id' => '4',
      'quiz_id' => '2',
      'question_type' => '1',
      'question' => '大事发生地方vsdfsdfgsdfgf',
      'A' => '发夫妻为父亲为父亲外出的',
      'B' => '发夫妻为父亲为父亲外出的12',
      'C' => '发夫妻为父亲为父亲外出的125',
      'D' => '发夫妻为父亲为父亲外出的12532韶关',
      'answer' => 'B',
    ),
    1 => 
    array (
      'question_id' => '5',
      'quiz_id' => '2',
      'question_type' => '2',
      'question' => '大事发生地方vsdfsdfgsdfgf',
      'A' => '发夫妻为父亲为父亲外出的',
      'B' => '发夫妻为父亲为父亲外出的12',
      'C' => '',
      'D' => '',
      'answer' => 'A',
    ),
    2 => 
    array (
      'question_id' => '6',
      'quiz_id' => '2',
      'question_type' => '3',
      'question' => '大事发生地方vsdfsdfgsdfgf',
      'A' => '发夫妻为父亲为父亲外出的',
      'B' => '发夫妻为父亲为父亲外出的12',
      'C' => '发夫妻为父亲为父亲外出的gbsdfgf',
      'D' => '发夫妻为父亲为父亲外出的344hfegbsdf',
      'answer' => 'A,B',
    ),
  ),
  'ct' => 1462792058,
)

-----------------------------------
[2016-05-09 19:07:55] 127.0.0.1 http://j2ee.com/main/?ct=api&method=quiz.getQuiz
[2016-05-09 19:07:55]Info: E:\HowToMakeLove\J2EE\web\main\model\ModQuiz.php 13
SQL: select * from `onlinequiz`(OK:0.002)
[2016-05-09 19:07:55]Info: E:\HowToMakeLove\J2EE\web\main\controller\CtlApi.php 24
array (
  'c' => '100',
  'data' => 
  array (
    0 => 
    array (
      'question_id' => '4',
      'quiz_id' => '2',
      'question_type' => '1',
      'question' => '大事发生地方vsdfsdfgsdfgf',
      'A' => '发夫妻为父亲为父亲外出的',
      'B' => '发夫妻为父亲为父亲外出的12',
      'C' => '发夫妻为父亲为父亲外出的125',
      'D' => '发夫妻为父亲为父亲外出的12532韶关',
      'answer' => 'B',
    ),
    1 => 
    array (
      'question_id' => '5',
      'quiz_id' => '2',
      'question_type' => '2',
      'question' => '大事发生地方vsdfsdfgsdfgf',
      'A' => '发夫妻为父亲为父亲外出的',
      'B' => '发夫妻为父亲为父亲外出的12',
      'C' => '',
      'D' => '',
      'answer' => 'A',
    ),
    2 => 
    array (
      'question_id' => '6',
      'quiz_id' => '2',
      'question_type' => '3',
      'question' => '大事发生地方vsdfsdfgsdfgf',
      'A' => '发夫妻为父亲为父亲外出的',
      'B' => '发夫妻为父亲为父亲外出的12',
      'C' => '发夫妻为父亲为父亲外出的gbsdfgf',
      'D' => '发夫妻为父亲为父亲外出的344hfegbsdf',
      'answer' => 'A,B',
    ),
  ),
  'ct' => 1462792075,
)

-----------------------------------
[2016-05-09 19:08:01] 127.0.0.1 http://j2ee.com/main/?ct=api&method=quiz.insertScore
POST: array (
  'scoreList' => '1,1,0',
  'totalScore' => '2',
  'username' => '2012051337',
  'quiz_id' => '2',
)
[2016-05-09 19:08:01]Info: E:\HowToMakeLove\J2EE\web\main\model\ModQuiz.php 19
SQL: insert into `j2ee`.`userscore` (`username`, `quiz_id`, `quiz_time`, `scores`, `totalscore`) VALUES ('2012051337', '2', '2016-05-09', '1,1,0', '2')(OK:0.012)
[2016-05-09 19:08:01]Info: E:\HowToMakeLove\J2EE\web\main\controller\CtlApi.php 24
array (
  'c' => '100',
  'data' => true,
  'ct' => 1462792081,
)

-----------------------------------
[2016-05-09 19:08:08] 127.0.0.1 http://j2ee.com/main/?ct=api&method=quiz.getQuiz
[2016-05-09 19:08:08]Info: E:\HowToMakeLove\J2EE\web\main\model\ModQuiz.php 13
SQL: select * from `onlinequiz`(OK:0.01)
[2016-05-09 19:08:08]Info: E:\HowToMakeLove\J2EE\web\main\controller\CtlApi.php 24
array (
  'c' => '100',
  'data' => 
  array (
    0 => 
    array (
      'question_id' => '4',
      'quiz_id' => '2',
      'question_type' => '1',
      'question' => '大事发生地方vsdfsdfgsdfgf',
      'A' => '发夫妻为父亲为父亲外出的',
      'B' => '发夫妻为父亲为父亲外出的12',
      'C' => '发夫妻为父亲为父亲外出的125',
      'D' => '发夫妻为父亲为父亲外出的12532韶关',
      'answer' => 'B',
    ),
    1 => 
    array (
      'question_id' => '5',
      'quiz_id' => '2',
      'question_type' => '2',
      'question' => '大事发生地方vsdfsdfgsdfgf',
      'A' => '发夫妻为父亲为父亲外出的',
      'B' => '发夫妻为父亲为父亲外出的12',
      'C' => '',
      'D' => '',
      'answer' => 'A',
    ),
    2 => 
    array (
      'question_id' => '6',
      'quiz_id' => '2',
      'question_type' => '3',
      'question' => '大事发生地方vsdfsdfgsdfgf',
      'A' => '发夫妻为父亲为父亲外出的',
      'B' => '发夫妻为父亲为父亲外出的12',
      'C' => '发夫妻为父亲为父亲外出的gbsdfgf',
      'D' => '发夫妻为父亲为父亲外出的344hfegbsdf',
      'answer' => 'A,B',
    ),
  ),
  'ct' => 1462792088,
)

-----------------------------------
[2016-05-09 19:09:37] 127.0.0.1 http://j2ee.com/main/?ct=api&method=quiz.getQuiz
[2016-05-09 19:09:37]Info: E:\HowToMakeLove\J2EE\web\main\model\ModQuiz.php 13
SQL: select * from `onlinequiz`(OK:0.002)
[2016-05-09 19:09:37]Info: E:\HowToMakeLove\J2EE\web\main\controller\CtlApi.php 24
array (
  'c' => '100',
  'data' => 
  array (
    0 => 
    array (
      'question_id' => '4',
      'quiz_id' => '2',
      'question_type' => '1',
      'question' => '大事发生地方vsdfsdfgsdfgf',
      'A' => '发夫妻为父亲为父亲外出的',
      'B' => '发夫妻为父亲为父亲外出的12',
      'C' => '发夫妻为父亲为父亲外出的125',
      'D' => '发夫妻为父亲为父亲外出的12532韶关',
      'answer' => 'B',
    ),
    1 => 
    array (
      'question_id' => '5',
      'quiz_id' => '2',
      'question_type' => '2',
      'question' => '大事发生地方vsdfsdfgsdfgf',
      'A' => '发夫妻为父亲为父亲外出的',
      'B' => '发夫妻为父亲为父亲外出的12',
      'C' => '',
      'D' => '',
      'answer' => 'A',
    ),
    2 => 
    array (
      'question_id' => '6',
      'quiz_id' => '2',
      'question_type' => '3',
      'question' => '大事发生地方vsdfsdfgsdfgf',
      'A' => '发夫妻为父亲为父亲外出的',
      'B' => '发夫妻为父亲为父亲外出的12',
      'C' => '发夫妻为父亲为父亲外出的gbsdfgf',
      'D' => '发夫妻为父亲为父亲外出的344hfegbsdf',
      'answer' => 'A,B',
    ),
  ),
  'ct' => 1462792177,
)

-----------------------------------
[2016-05-09 19:09:40] 127.0.0.1 http://j2ee.com/main/?ct=api&method=quiz.insertScore
POST: array (
  'scoreList' => '0,0,0',
  'totalScore' => '0',
  'username' => '2012051337',
  'quiz_id' => '2',
)
[2016-05-09 19:09:40]Info: E:\HowToMakeLove\J2EE\web\main\model\ModQuiz.php 19
SQL: insert into `j2ee`.`userscore` (`username`, `quiz_id`, `quiz_time`, `scores`, `totalscore`) VALUES ('2012051337', '2', '2016-05-09', '0,0,0', '0')(OK:0.011)
[2016-05-09 19:09:40]Info: E:\HowToMakeLove\J2EE\web\main\controller\CtlApi.php 24
array (
  'c' => '100',
  'data' => true,
  'ct' => 1462792180,
)

-----------------------------------
[2016-05-09 19:53:45] 127.0.0.1 http://j2ee.com/main/?ct=api&method=user.pastScore
POST: array (
  'username' => '2012051337',
)
[2016-05-09 19:53:45]Info: E:\HowToMakeLove\J2EE\web\main\model\ModUser.php 31
SQL: select * from `userscore` where `username` = '2012051337'(OK:0)
[2016-05-09 19:53:45]Info: E:\HowToMakeLove\J2EE\web\main\controller\CtlApi.php 24
array (
  'c' => '100',
  'data' => 
  array (
    0 => 
    array (
      'score_id' => '19',
      'username' => '2012051337',
      'quiz_id' => '2',
      'quiz_time' => '2016-05-09',
      'scores' => '0,0,0',
      'totalscore' => '0',
    ),
    1 => 
    array (
      'score_id' => '18',
      'username' => '2012051337',
      'quiz_id' => '2',
      'quiz_time' => '2016-05-09',
      'scores' => '1,1,0',
      'totalscore' => '2',
    ),
    2 => 
    array (
      'score_id' => '17',
      'username' => '2012051337',
      'quiz_id' => '2',
      'quiz_time' => '2016-05-09',
      'scores' => '0,0,1',
      'totalscore' => '1',
    ),
  ),
  'ct' => 1462794825,
)

-----------------------------------
[2016-05-09 20:08:09] 127.0.0.1 http://j2ee.com/main/?ct=api&method=quiz.test
POST: array (
  'question_ids' => '1,2,3',
)
[2016-05-09 20:08:09]Error: E:\HowToMakeLove\J2EE\web\main\model\ModQuiz.php 26
SQL: select * from `{table_questions}` WHERE `question_id` in ()(error：You have an error in your SQL syntax; check the manual that corresponds to your MySQL server version for the right syntax to use near ')' at line 1)
[2016-05-09 20:08:09]Info: E:\HowToMakeLove\J2EE\web\main\controller\CtlApi.php 24
array (
  'c' => '100',
  'data' => 
  array (
  ),
  'ct' => 1462795689,
)

-----------------------------------
[2016-05-09 20:08:32] 127.0.0.1 http://j2ee.com/main/?ct=api&method=quiz.test
POST: array (
  'question_ids' => '1,2,3',
)
[2016-05-09 20:08:32]Error: E:\HowToMakeLove\J2EE\web\main\model\ModQuiz.php 26
SQL: select * from `{table_questions}` WHERE `question_id` in ()(error：You have an error in your SQL syntax; check the manual that corresponds to your MySQL server version for the right syntax to use near ')' at line 1)
[2016-05-09 20:08:32]Info: E:\HowToMakeLove\J2EE\web\main\controller\CtlApi.php 24
array (
  'c' => '100',
  'data' => 
  array (
  ),
  'ct' => 1462795712,
)

-----------------------------------
[2016-05-09 20:08:43] 127.0.0.1 http://j2ee.com/main/?ct=api&method=quiz.test
POST: array (
  'question_ids' => '1,2,3',
)
[2016-05-09 20:08:43]Error: E:\HowToMakeLove\J2EE\web\main\model\ModQuiz.php 26
SQL: select * from `{table_questions}` WHERE `question_id` in (1,2,3)(error：Table 'j2ee.{table_questions}' doesn't exist)
[2016-05-09 20:08:43]Info: E:\HowToMakeLove\J2EE\web\main\controller\CtlApi.php 24
array (
  'c' => '100',
  'data' => 
  array (
  ),
  'ct' => 1462795723,
)

-----------------------------------
[2016-05-09 20:09:04] 127.0.0.1 http://j2ee.com/main/?ct=api&method=quiz.test
POST: array (
  'question_ids' => '1,2,3',
)
[2016-05-09 20:09:04]Error: E:\HowToMakeLove\J2EE\web\main\model\ModQuiz.php 27
SQL: select * from `{table_questions}` WHERE `question_id` in (1,2,3)(error：Table 'j2ee.{table_questions}' doesn't exist)
[2016-05-09 20:09:04]Info: E:\HowToMakeLove\J2EE\web\main\controller\CtlApi.php 24
array (
  'c' => '100',
  'data' => 
  array (
  ),
  'ct' => 1462795744,
)

-----------------------------------
[2016-05-09 20:09:33] 127.0.0.1 http://j2ee.com/main/?ct=api&method=quiz.test
POST: array (
  'question_ids' => '1,2,3',
)
[2016-05-09 20:09:33]Info: E:\HowToMakeLove\J2EE\web\main\model\ModQuiz.php 27
SQL: select * from `questions` WHERE `question_id` in (1,2,3)(OK:0)
[2016-05-09 20:09:33]Info: E:\HowToMakeLove\J2EE\web\main\controller\CtlApi.php 24
array (
  'c' => '100',
  'data' => 
  array (
    0 => 
    array (
      'question_id' => '1',
      'section_id' => '1',
      'question_type' => '1',
      'question' => '挂机开个房卡仕达官方撒个法师的规范了十多个法律咖啡花露水的划分空间撒大黄蜂厉害撒打开后福利',
      'A' => '法撒旦法撒旦',
      'B' => '法师打发斯蒂芬',
      'C' => '发散的撒旦饭撒旦饭',
      'D' => '发起无法区分发生地方',
      'answer' => 'A',
    ),
    1 => 
    array (
      'question_id' => '2',
      'section_id' => '1',
      'question_type' => '1',
      'question' => '挂机开个房卡仕达官方撒个法师的规范了十多个法律咖啡花露水的开后福利',
      'A' => '法撒旦法2345撒旦',
      'B' => '法师打的挂号费发斯蒂芬',
      'C' => '发散的旦饭撒旦饭',
      'D' => '发起无245法区分发生地方',
      'answer' => 'B',
    ),
    2 => 
    array (
      'question_id' => '3',
      'section_id' => '1',
      'question_type' => '2',
      'question' => '挂机开个房卡仕达官方撒个法师的规范了十多个法1234律挂电话345675厉害撒打开后福利',
      'A' => '法撒14旦法撒旦',
      'B' => '法师打发斯蒂1234芬',
      'C' => '发散的撒4旦饭撒旦饭',
      'D' => '发起无法区4分发生地方',
      'answer' => 'A',
    ),
  ),
  'ct' => 1462795773,
)

-----------------------------------
[2016-05-09 20:09:39] 127.0.0.1 http://j2ee.com/main/?ct=api&method=quiz.test
POST: array (
  'question_ids' => '1,2,3',
)
[2016-05-09 20:09:39]Info: E:\HowToMakeLove\J2EE\web\main\model\ModQuiz.php 26
SQL: select * from `questions` WHERE `question_id` in (1,2,3)(OK:0.016)
[2016-05-09 20:09:39]Info: E:\HowToMakeLove\J2EE\web\main\controller\CtlApi.php 24
array (
  'c' => '100',
  'data' => 
  array (
    0 => 
    array (
      'question_id' => '1',
      'section_id' => '1',
      'question_type' => '1',
      'question' => '挂机开个房卡仕达官方撒个法师的规范了十多个法律咖啡花露水的划分空间撒大黄蜂厉害撒打开后福利',
      'A' => '法撒旦法撒旦',
      'B' => '法师打发斯蒂芬',
      'C' => '发散的撒旦饭撒旦饭',
      'D' => '发起无法区分发生地方',
      'answer' => 'A',
    ),
    1 => 
    array (
      'question_id' => '2',
      'section_id' => '1',
      'question_type' => '1',
      'question' => '挂机开个房卡仕达官方撒个法师的规范了十多个法律咖啡花露水的开后福利',
      'A' => '法撒旦法2345撒旦',
      'B' => '法师打的挂号费发斯蒂芬',
      'C' => '发散的旦饭撒旦饭',
      'D' => '发起无245法区分发生地方',
      'answer' => 'B',
    ),
    2 => 
    array (
      'question_id' => '3',
      'section_id' => '1',
      'question_type' => '2',
      'question' => '挂机开个房卡仕达官方撒个法师的规范了十多个法1234律挂电话345675厉害撒打开后福利',
      'A' => '法撒14旦法撒旦',
      'B' => '法师打发斯蒂1234芬',
      'C' => '发散的撒4旦饭撒旦饭',
      'D' => '发起无法区4分发生地方',
      'answer' => 'A',
    ),
  ),
  'ct' => 1462795779,
)

-----------------------------------
[2016-05-09 20:10:50] 127.0.0.1 http://j2ee.com/main/?ct=api&method=quiz.test
POST: array (
  'question_ids' => '1,2,3',
)
[2016-05-09 20:10:50]Info: E:\HowToMakeLove\J2EE\web\main\model\ModQuiz.php 26
SQL: select * from `questions` WHERE `question_id` in (1,2,3)(OK:0.012)
[2016-05-09 20:10:50]Info: E:\HowToMakeLove\J2EE\web\main\controller\CtlApi.php 24
array (
  0 => 
  array (
    'question_id' => '1',
    'section_id' => '1',
    'question_type' => '1',
    'question' => '挂机开个房卡仕达官方撒个法师的规范了十多个法律咖啡花露水的划分空间撒大黄蜂厉害撒打开后福利',
    'A' => '法撒旦法撒旦',
    'B' => '法师打发斯蒂芬',
    'C' => '发散的撒旦饭撒旦饭',
    'D' => '发起无法区分发生地方',
    'answer' => 'A',
  ),
  1 => 
  array (
    'question_id' => '2',
    'section_id' => '1',
    'question_type' => '1',
    'question' => '挂机开个房卡仕达官方撒个法师的规范了十多个法律咖啡花露水的开后福利',
    'A' => '法撒旦法2345撒旦',
    'B' => '法师打的挂号费发斯蒂芬',
    'C' => '发散的旦饭撒旦饭',
    'D' => '发起无245法区分发生地方',
    'answer' => 'B',
  ),
  2 => 
  array (
    'question_id' => '3',
    'section_id' => '1',
    'question_type' => '2',
    'question' => '挂机开个房卡仕达官方撒个法师的规范了十多个法1234律挂电话345675厉害撒打开后福利',
    'A' => '法撒14旦法撒旦',
    'B' => '法师打发斯蒂1234芬',
    'C' => '发散的撒4旦饭撒旦饭',
    'D' => '发起无法区4分发生地方',
    'answer' => 'A',
  ),
)

-----------------------------------
[2016-05-09 20:11:19] 127.0.0.1 http://j2ee.com/main/?ct=api&method=quiz.test
POST: array (
  'question_ids' => '1,2,3,4,5,6,7',
)
[2016-05-09 20:11:19]Info: E:\HowToMakeLove\J2EE\web\main\model\ModQuiz.php 26
SQL: select * from `questions` WHERE `question_id` in (1,2,3,4,5,6,7)(OK:0.003)
[2016-05-09 20:11:19]Info: E:\HowToMakeLove\J2EE\web\main\controller\CtlApi.php 24
array (
  'c' => '100',
  'data' => 
  array (
    0 => 
    array (
      'question_id' => '1',
      'section_id' => '1',
      'question_type' => '1',
      'question' => '挂机开个房卡仕达官方撒个法师的规范了十多个法律咖啡花露水的划分空间撒大黄蜂厉害撒打开后福利',
      'A' => '法撒旦法撒旦',
      'B' => '法师打发斯蒂芬',
      'C' => '发散的撒旦饭撒旦饭',
      'D' => '发起无法区分发生地方',
      'answer' => 'A',
    ),
    1 => 
    array (
      'question_id' => '2',
      'section_id' => '1',
      'question_type' => '1',
      'question' => '挂机开个房卡仕达官方撒个法师的规范了十多个法律咖啡花露水的开后福利',
      'A' => '法撒旦法2345撒旦',
      'B' => '法师打的挂号费发斯蒂芬',
      'C' => '发散的旦饭撒旦饭',
      'D' => '发起无245法区分发生地方',
      'answer' => 'B',
    ),
    2 => 
    array (
      'question_id' => '3',
      'section_id' => '1',
      'question_type' => '2',
      'question' => '挂机开个房卡仕达官方撒个法师的规范了十多个法1234律挂电话345675厉害撒打开后福利',
      'A' => '法撒14旦法撒旦',
      'B' => '法师打发斯蒂1234芬',
      'C' => '发散的撒4旦饭撒旦饭',
      'D' => '发起无法区4分发生地方',
      'answer' => 'A',
    ),
    3 => 
    array (
      'question_id' => '4',
      'section_id' => '1',
      'question_type' => '2',
      'question' => '挂机开个房卡仕达官34方撒个法范了十多个法1234律挂电话345675厉害撒打开后福利',
      'A' => '法撒14旦法撒旦',
      'B' => '法师打发斯蒂1234芬',
      'C' => '发散的撒4旦饭撒旦饭',
      'D' => '发起无法区4分发生地方',
      'answer' => 'B',
    ),
    4 => 
    array (
      'question_id' => '5',
      'section_id' => '1',
      'question_type' => '3',
      'question' => '挂机开个房卡仕达官方撒个法师的规范AD2354125345345154厉害撒打开后福利',
      'A' => '法F撒旦法撒旦',
      'B' => '法F师打发斯蒂芬',
      'C' => '发散的撒旦饭F撒旦饭',
      'D' => '发起无法区分F发生地方',
      'answer' => 'A,B,C',
    ),
    5 => 
    array (
      'question_id' => '6',
      'section_id' => '1',
      'question_type' => '3',
      'question' => '挂机开个房卡仕达官方撒ggfg个法师的规范AD2354125345345154厉害撒打开后福利',
      'A' => '法F撒旦法撒旦',
      'B' => '法F师打发斯蒂芬',
      'C' => '发散的撒旦饭F撒旦饭',
      'D' => '发起无af法方',
      'answer' => 'A,C',
    ),
    6 => 
    array (
      'question_id' => '7',
      'section_id' => '2',
      'question_type' => '1',
      'question' => '挂机开个房FASKDFGWIEF卡仕达官方撒个法师的规范了十多个fdf',
      'A' => '法FFAFAFASDF',
      'B' => '法师打发斯蒂AF芬',
      'C' => '发散的撒旦DF饭撒旦饭',
      'D' => '发起无法区DF分发生地方',
      'answer' => 'A',
    ),
  ),
  'ct' => 1462795879,
)

-----------------------------------
[2016-05-09 20:32:33] 127.0.0.1 http://j2ee.com/main/?ct=api&method=quiz.test
POST: array (
  'question_ids' => '1,2,3,4,5,6,7',
  'date' => '2016-05-10',
)
[2016-05-09 20:32:33]Error: E:\HowToMakeLove\J2EE\web\main\model\ModQuiz.php 32
SQL: insert INTO `pastquiz`(`question_ids`, `quiz_time`) VALUES ('1,2,3,4,5,6,7', '2016-05-10'');select @@IDENTITY(error：You have an error in your SQL syntax; check the manual that corresponds to your MySQL server version for the right syntax to use near ''2016-05-10'');select @@IDENTITY' at line 1)
[2016-05-09 20:32:33]Info: E:\HowToMakeLove\J2EE\web\main\controller\CtlApi.php 24
array (
  'c' => '100',
  'data' => false,
  'ct' => 1462797153,
)

-----------------------------------
[2016-05-09 20:32:52] 127.0.0.1 http://j2ee.com/main/?ct=api&method=quiz.test
POST: array (
  'question_ids' => '1,2,3,4,5,6,7',
  'date' => '2016-05-10',
)
[2016-05-09 20:32:52]Error: E:\HowToMakeLove\J2EE\web\main\model\ModQuiz.php 33
SQL: insert INTO `pastquiz`(`question_ids`, `quiz_time`) VALUES ('1,2,3,4,5,6,7', '2016-05-10'');select @@IDENTITY(error：You have an error in your SQL syntax; check the manual that corresponds to your MySQL server version for the right syntax to use near ''2016-05-10'');select @@IDENTITY' at line 1)
[2016-05-09 20:32:52]Info: E:\HowToMakeLove\J2EE\web\main\controller\CtlApi.php 24
array (
  'c' => '100',
  'data' => false,
  'ct' => 1462797172,
)

-----------------------------------
[2016-05-09 20:33:27] 127.0.0.1 http://j2ee.com/main/?ct=api&method=quiz.test
POST: array (
  'question_ids' => '1,2,3,4,5,6,7',
  'date' => '2016-05-10',
)
[2016-05-09 20:33:27]Error: E:\HowToMakeLove\J2EE\web\main\model\ModQuiz.php 33
SQL: insert INTO `pastquiz`(`question_ids`, `quiz_time`) VALUES ('1,2,3,4,5,6,7', '2016-05-10');select @@IDENTITY(error：You have an error in your SQL syntax; check the manual that corresponds to your MySQL server version for the right syntax to use near 'select @@IDENTITY' at line 1)
[2016-05-09 20:33:27]Info: E:\HowToMakeLove\J2EE\web\main\controller\CtlApi.php 24
array (
  'c' => '100',
  'data' => false,
  'ct' => 1462797207,
)

-----------------------------------
[2016-05-09 20:33:29] 127.0.0.1 http://j2ee.com/main/?ct=api&method=quiz.test
POST: array (
  'question_ids' => '1,2,3,4,5,6,7',
  'date' => '2016-05-10',
)
[2016-05-09 20:33:29]Error: E:\HowToMakeLove\J2EE\web\main\model\ModQuiz.php 33
SQL: insert INTO `pastquiz`(`question_ids`, `quiz_time`) VALUES ('1,2,3,4,5,6,7', '2016-05-10');select @@IDENTITY(error：You have an error in your SQL syntax; check the manual that corresponds to your MySQL server version for the right syntax to use near 'select @@IDENTITY' at line 1)
[2016-05-09 20:33:29]Info: E:\HowToMakeLove\J2EE\web\main\controller\CtlApi.php 24
array (
  'c' => '100',
  'data' => false,
  'ct' => 1462797209,
)

-----------------------------------
[2016-05-09 20:33:36] 127.0.0.1 http://j2ee.com/main/?ct=api&method=quiz.test
POST: array (
  'question_ids' => '1,2,3,4,5,6,7',
  'date' => '2016-05-10',
)
[2016-05-09 20:33:36]Info: E:\HowToMakeLove\J2EE\web\main\model\ModQuiz.php 33
SQL: insert INTO `pastquiz`(`question_ids`, `quiz_time`) VALUES ('1,2,3,4,5,6,7', '2016-05-10')(OK:0.002)
[2016-05-09 20:33:36]Info: E:\HowToMakeLove\J2EE\web\main\controller\CtlApi.php 24
array (
  'c' => '100',
  'data' => true,
  'ct' => 1462797216,
)

-----------------------------------
[2016-05-09 20:34:17] 127.0.0.1 http://j2ee.com/main/?ct=api&method=quiz.test
POST: array (
  'question_ids' => '1,2,3,4,5,6,7',
  'date' => '2016-05-10',
)
[2016-05-09 20:34:17]Error: E:\HowToMakeLove\J2EE\web\main\model\ModQuiz.php 33
SQL: insert INTO `pastquiz`(`question_ids`, `quiz_time`) VALUES ('1,2,3,4,5,6,7', '2016-05-10') ; select @@IDENTITY(error：You have an error in your SQL syntax; check the manual that corresponds to your MySQL server version for the right syntax to use near 'select @@IDENTITY' at line 1)
[2016-05-09 20:34:17]Info: E:\HowToMakeLove\J2EE\web\main\controller\CtlApi.php 24
array (
  'c' => '100',
  'data' => false,
  'ct' => 1462797257,
)

-----------------------------------
[2016-05-09 20:35:01] 127.0.0.1 http://j2ee.com/main/?ct=api&method=quiz.test
POST: array (
  'question_ids' => '1,2,3,4,5,6,7',
  'date' => '2016-05-10',
)
[2016-05-09 20:35:01]Info: E:\HowToMakeLove\J2EE\web\main\model\ModQuiz.php 32
SQL: insert INTO `pastquiz`(`question_ids`, `quiz_time`) VALUES ('1,2,3,4,5,6,7', '2016-05-10')(OK:0.003)
[2016-05-09 20:35:01]Info: E:\HowToMakeLove\J2EE\web\main\model\ModQuiz.php 35
SQL: select @@IDENTITY(OK:0.001)
[2016-05-09 20:35:01]Info: E:\HowToMakeLove\J2EE\web\main\controller\CtlApi.php 24
array (
  'c' => '100',
  'data' => 
  array (
    0 => 
    array (
      '@@IDENTITY' => '5',
    ),
  ),
  'ct' => 1462797301,
)

-----------------------------------
[2016-05-09 20:35:12] 127.0.0.1 http://j2ee.com/main/?ct=api&method=quiz.test
POST: array (
  'question_ids' => '1,2,3,4,5,6,7',
  'date' => '2016-05-10',
)
[2016-05-09 20:35:12]Info: E:\HowToMakeLove\J2EE\web\main\model\ModQuiz.php 32
SQL: insert INTO `pastquiz`(`question_ids`, `quiz_time`) VALUES ('1,2,3,4,5,6,7', '2016-05-10')(OK:0.012)
[2016-05-09 20:35:12]Info: E:\HowToMakeLove\J2EE\web\main\model\ModQuiz.php 34
SQL: select @@IDENTITY(OK:0.001)
[2016-05-09 20:35:12]Info: E:\HowToMakeLove\J2EE\web\main\controller\CtlApi.php 24
array (
  'c' => '100',
  'data' => 
  array (
    0 => 
    array (
      '@@IDENTITY' => '6',
    ),
  ),
  'ct' => 1462797312,
)

-----------------------------------
[2016-05-09 20:36:05] 127.0.0.1 http://j2ee.com/main/?ct=api&method=quiz.test
POST: array (
  'question_ids' => '1,2,3,4,5,6,7',
  'date' => '2016-05-10',
)
[2016-05-09 20:36:05]Error: E:\HowToMakeLove\J2EE\web\main\model\ModQuiz.php 34
syntax error, unexpected '['

-----------------------------------
[2016-05-09 20:36:21] 127.0.0.1 http://j2ee.com/main/?ct=api&method=quiz.test
POST: array (
  'question_ids' => '1,2,3,4,5,6,7',
  'date' => '2016-05-10',
)
[2016-05-09 20:36:21]Error: E:\HowToMakeLove\J2EE\web\main\model\ModQuiz.php 34
syntax error, unexpected '@', expecting identifier (T_STRING) or variable (T_VARIABLE) or '{' or '$'

-----------------------------------
[2016-05-09 20:36:38] 127.0.0.1 http://j2ee.com/main/?ct=api&method=quiz.test
POST: array (
  'question_ids' => '1,2,3,4,5,6,7',
  'date' => '2016-05-10',
)
[2016-05-09 20:36:38]Info: E:\HowToMakeLove\J2EE\web\main\model\ModQuiz.php 32
SQL: insert INTO `pastquiz`(`question_ids`, `quiz_time`) VALUES ('1,2,3,4,5,6,7', '2016-05-10')(OK:0.003)
[2016-05-09 20:36:38]Info: E:\HowToMakeLove\J2EE\web\main\model\ModQuiz.php 34
SQL: select @@IDENTITY(OK:0.001)
[2016-05-09 20:36:38]Info: E:\HowToMakeLove\J2EE\web\main\controller\CtlApi.php 24
array (
  0 => 
  array (
    '@@IDENTITY' => '7',
  ),
)

-----------------------------------
[2016-05-09 20:36:50] 127.0.0.1 http://j2ee.com/main/?ct=api&method=quiz.test
POST: array (
  'question_ids' => '1,2,3,4,5,6,7',
  'date' => '2016-05-10',
)
[2016-05-09 20:36:50]Info: E:\HowToMakeLove\J2EE\web\main\model\ModQuiz.php 32
SQL: insert INTO `pastquiz`(`question_ids`, `quiz_time`) VALUES ('1,2,3,4,5,6,7', '2016-05-10')(OK:0.001)
[2016-05-09 20:36:50]Info: E:\HowToMakeLove\J2EE\web\main\model\ModQuiz.php 34
SQL: select @@IDENTITY(OK:0)
[2016-05-09 20:36:50]Info: E:\HowToMakeLove\J2EE\web\main\controller\CtlApi.php 24
array (
  'c' => '305',
  'data' => '接口不存在',
  'ct' => 1462797410,
)

-----------------------------------
[2016-05-09 20:37:05] 127.0.0.1 http://j2ee.com/main/?ct=api&method=quiz.test
POST: array (
  'question_ids' => '1,2,3,4,5,6,7',
  'date' => '2016-05-10',
)
[2016-05-09 20:37:05]Info: E:\HowToMakeLove\J2EE\web\main\model\ModQuiz.php 32
SQL: insert INTO `pastquiz`(`question_ids`, `quiz_time`) VALUES ('1,2,3,4,5,6,7', '2016-05-10')(OK:0)
[2016-05-09 20:37:05]Info: E:\HowToMakeLove\J2EE\web\main\model\ModQuiz.php 34
SQL: select @@IDENTITY(OK:0)
[2016-05-09 20:37:05]Info: E:\HowToMakeLove\J2EE\web\main\controller\CtlApi.php 24
array (
  0 => 
  array (
    '@@IDENTITY' => '9',
  ),
)

-----------------------------------
[2016-05-09 20:37:44] 127.0.0.1 http://j2ee.com/main/?ct=api&method=quiz.test
POST: array (
  'question_ids' => '1,2,3,4,5,6,7',
  'date' => '2016-05-10',
)
[2016-05-09 20:37:44]Error: E:\HowToMakeLove\J2EE\web\main\service\SrvQuizApi.php 37
syntax error, unexpected ''@@IDENTITY'' (T_CONSTANT_ENCAPSED_STRING), expecting identifier (T_STRING) or variable (T_VARIABLE) or '{' or '$'

-----------------------------------
[2016-05-09 20:37:57] 127.0.0.1 http://j2ee.com/main/?ct=api&method=quiz.test
POST: array (
  'question_ids' => '1,2,3,4,5,6,7',
  'date' => '2016-05-10',
)
[2016-05-09 20:37:57]Info: E:\HowToMakeLove\J2EE\web\main\model\ModQuiz.php 32
SQL: insert INTO `pastquiz`(`question_ids`, `quiz_time`) VALUES ('1,2,3,4,5,6,7', '2016-05-10')(OK:0.004)
[2016-05-09 20:37:57]Info: E:\HowToMakeLove\J2EE\web\main\model\ModQuiz.php 34
SQL: select @@IDENTITY(OK:0)
[2016-05-09 20:37:57]Info: E:\HowToMakeLove\J2EE\web\main\controller\CtlApi.php 24
array (
  0 => 
  array (
    '@@IDENTITY' => '10',
  ),
)

-----------------------------------
[2016-05-09 20:38:36] 127.0.0.1 http://j2ee.com/main/?ct=api&method=quiz.test
POST: array (
  'question_ids' => '1,2,3,4,5,6,7',
  'date' => '2016-05-10',
)
[2016-05-09 20:38:36]Error: E:\HowToMakeLove\J2EE\web\main\service\SrvQuizApi.php 37
syntax error, unexpected ''@@IDENTITY'' (T_CONSTANT_ENCAPSED_STRING), expecting identifier (T_STRING) or variable (T_VARIABLE) or '{' or '$'

-----------------------------------
[2016-05-09 20:38:47] 127.0.0.1 http://j2ee.com/main/?ct=api&method=quiz.test
POST: array (
  'question_ids' => '1,2,3,4,5,6,7',
  'date' => '2016-05-10',
)
[2016-05-09 20:38:47]Info: E:\HowToMakeLove\J2EE\web\main\model\ModQuiz.php 32
SQL: insert INTO `pastquiz`(`question_ids`, `quiz_time`) VALUES ('1,2,3,4,5,6,7', '2016-05-10')(OK:0.003)
[2016-05-09 20:38:47]Info: E:\HowToMakeLove\J2EE\web\main\model\ModQuiz.php 34
SQL: select @@IDENTITY(OK:0.001)
[2016-05-09 20:38:47]Info: E:\HowToMakeLove\J2EE\web\main\controller\CtlApi.php 24
11

-----------------------------------
[2016-05-09 20:39:41] 127.0.0.1 http://j2ee.com/main/?ct=api&method=quiz.test
POST: array (
  'question_ids' => '1,2,3,4,5,6,7',
  'date' => '2016-05-10',
)
[2016-05-09 20:39:41]Info: E:\HowToMakeLove\J2EE\web\main\model\ModQuiz.php 32
SQL: insert INTO `pastquiz`(`question_ids`, `quiz_time`) VALUES ('1,2,3,4,5,6,7', '2016-05-10')(OK:0.003)
[2016-05-09 20:39:41]Info: E:\HowToMakeLove\J2EE\web\main\model\ModQuiz.php 34
SQL: select @@IDENTITY(OK:0.001)
[2016-05-09 20:39:41]Info: E:\HowToMakeLove\J2EE\web\main\controller\CtlApi.php 24
array (
  'c' => '305',
  'data' => '接口不存在',
  'ct' => 1462797581,
)
