
-----------------------------------
[2016-05-06 09:23:18] 127.0.0.1 http://j2ee.com/main/?ct=api&method=quiz.getQuiz
[2016-05-06 09:23:18]Info: E:\HowToMakeLove\J2EE\web\main\model\ModQuiz.php 12
SQL: select * from `onlinequiz`(OK:0.027)
[2016-05-06 09:23:18]Info: E:\HowToMakeLove\J2EE\web\main\controller\CtlApi.php 24
array (
  'c' => '100',
  'data' => 
  array (
    0 => 
    array (
      'quiz_id' => '4',
      'quiz_type' => '1',
      'question' => '大事发生地方vsdfsdfgsdfgf',
      'A' => '发夫妻为父亲为父亲外出的',
      'B' => '发夫妻为父亲为父亲外出的12',
      'C' => '发夫妻为父亲为父亲外出的125',
      'D' => '发夫妻为父亲为父亲外出的12532韶关',
      'answer' => 'B',
    ),
    1 => 
    array (
      'quiz_id' => '5',
      'quiz_type' => '2',
      'question' => '大事发生地方vsdfsdfgsdfgf',
      'A' => '发夫妻为父亲为父亲外出的',
      'B' => '发夫妻为父亲为父亲外出的12',
      'C' => '',
      'D' => '',
      'answer' => 'A',
    ),
    2 => 
    array (
      'quiz_id' => '6',
      'quiz_type' => '3',
      'question' => '大事发生地方vsdfsdfgsdfgf',
      'A' => '发夫妻为父亲为父亲外出的',
      'B' => '发夫妻为父亲为父亲外出的12',
      'C' => '发夫妻为父亲为父亲外出的gbsdfgf',
      'D' => '发夫妻为父亲为父亲外出的344hfegbsdf',
      'answer' => 'A,B',
    ),
  ),
  'ct' => 1462497798,
)

-----------------------------------
[2016-05-06 09:23:32] 127.0.0.1 http://j2ee.com/main/?ct=api&method=quiz.getQuiz
[2016-05-06 09:23:32]Info: E:\HowToMakeLove\J2EE\web\main\model\ModQuiz.php 12
SQL: select * from `onlinequiz`(OK:0.01)
[2016-05-06 09:23:32]Info: E:\HowToMakeLove\J2EE\web\main\controller\CtlApi.php 24
array (
  'c' => '100',
  'data' => 
  array (
    0 => 
    array (
      'quiz_id' => '4',
      'quiz_type' => '1',
      'question' => '大事发生地方vsdfsdfgsdfgf',
      'A' => '发夫妻为父亲为父亲外出的',
      'B' => '发夫妻为父亲为父亲外出的12',
      'C' => '发夫妻为父亲为父亲外出的125',
      'D' => '发夫妻为父亲为父亲外出的12532韶关',
      'answer' => 'B',
    ),
    1 => 
    array (
      'quiz_id' => '5',
      'quiz_type' => '2',
      'question' => '大事发生地方vsdfsdfgsdfgf',
      'A' => '发夫妻为父亲为父亲外出的',
      'B' => '发夫妻为父亲为父亲外出的12',
      'C' => '',
      'D' => '',
      'answer' => 'A',
    ),
    2 => 
    array (
      'quiz_id' => '6',
      'quiz_type' => '3',
      'question' => '大事发生地方vsdfsdfgsdfgf',
      'A' => '发夫妻为父亲为父亲外出的',
      'B' => '发夫妻为父亲为父亲外出的12',
      'C' => '发夫妻为父亲为父亲外出的gbsdfgf',
      'D' => '发夫妻为父亲为父亲外出的344hfegbsdf',
      'answer' => 'A,B',
    ),
  ),
  'ct' => 1462497812,
)

-----------------------------------
[2016-05-06 09:29:55] 127.0.0.1 http://j2ee.com/main/?ct=api&method=quiz.getQuiz
[2016-05-06 09:29:55]Info: E:\HowToMakeLove\J2EE\web\main\model\ModQuiz.php 12
SQL: select * from `onlinequiz`(OK:0.002)
[2016-05-06 09:29:55]Info: E:\HowToMakeLove\J2EE\web\main\controller\CtlApi.php 24
array (
  'c' => '100',
  'data' => 
  array (
    0 => 
    array (
      'quiz_id' => '4',
      'quiz_type' => '1',
      'question' => '大事发生地方vsdfsdfgsdfgf',
      'A' => '发夫妻为父亲为父亲外出的',
      'B' => '发夫妻为父亲为父亲外出的12',
      'C' => '发夫妻为父亲为父亲外出的125',
      'D' => '发夫妻为父亲为父亲外出的12532韶关',
      'answer' => 'B',
    ),
    1 => 
    array (
      'quiz_id' => '5',
      'quiz_type' => '2',
      'question' => '大事发生地方vsdfsdfgsdfgf',
      'A' => '发夫妻为父亲为父亲外出的',
      'B' => '发夫妻为父亲为父亲外出的12',
      'C' => '',
      'D' => '',
      'answer' => 'A',
    ),
    2 => 
    array (
      'quiz_id' => '6',
      'quiz_type' => '3',
      'question' => '大事发生地方vsdfsdfgsdfgf',
      'A' => '发夫妻为父亲为父亲外出的',
      'B' => '发夫妻为父亲为父亲外出的12',
      'C' => '发夫妻为父亲为父亲外出的gbsdfgf',
      'D' => '发夫妻为父亲为父亲外出的344hfegbsdf',
      'answer' => 'A,B',
    ),
  ),
  'ct' => 1462498195,
)

-----------------------------------
[2016-05-06 09:53:10] 127.0.0.1 http://j2ee.com/main/?ct=api&method=quiz.getQuiz
[2016-05-06 09:53:10]Info: E:\HowToMakeLove\J2EE\web\main\model\ModQuiz.php 12
SQL: select * from `onlinequiz`(OK:0.003)
[2016-05-06 09:53:10]Info: E:\HowToMakeLove\J2EE\web\main\controller\CtlApi.php 24
array (
  'c' => '100',
  'data' => 
  array (
    0 => 
    array (
      'quiz_id' => '4',
      'quiz_type' => '1',
      'question' => '大事发生地方vsdfsdfgsdfgf',
      'A' => '发夫妻为父亲为父亲外出的',
      'B' => '发夫妻为父亲为父亲外出的12',
      'C' => '发夫妻为父亲为父亲外出的125',
      'D' => '发夫妻为父亲为父亲外出的12532韶关',
      'answer' => 'B',
    ),
    1 => 
    array (
      'quiz_id' => '5',
      'quiz_type' => '2',
      'question' => '大事发生地方vsdfsdfgsdfgf',
      'A' => '发夫妻为父亲为父亲外出的',
      'B' => '发夫妻为父亲为父亲外出的12',
      'C' => '',
      'D' => '',
      'answer' => 'A',
    ),
    2 => 
    array (
      'quiz_id' => '6',
      'quiz_type' => '3',
      'question' => '大事发生地方vsdfsdfgsdfgf',
      'A' => '发夫妻为父亲为父亲外出的',
      'B' => '发夫妻为父亲为父亲外出的12',
      'C' => '发夫妻为父亲为父亲外出的gbsdfgf',
      'D' => '发夫妻为父亲为父亲外出的344hfegbsdf',
      'answer' => 'A,B',
    ),
  ),
  'ct' => 1462499590,
)

-----------------------------------
[2016-05-06 09:53:14] 127.0.0.1 http://j2ee.com/main/?ct=api&method=quiz.test
[2016-05-06 09:53:14]Info: E:\HowToMakeLove\J2EE\web\main\controller\CtlApi.php 24
array (
)

-----------------------------------
[2016-05-06 09:53:29] 127.0.0.1 http://j2ee.com/main/?ct=api&method=quiz.getQuiz
[2016-05-06 09:53:29]Info: E:\HowToMakeLove\J2EE\web\main\model\ModQuiz.php 12
SQL: select * from `onlinequiz`(OK:0.016)
[2016-05-06 09:53:29]Info: E:\HowToMakeLove\J2EE\web\main\controller\CtlApi.php 24
array (
  'c' => '100',
  'data' => 
  array (
    0 => 
    array (
      'quiz_id' => '4',
      'quiz_type' => '1',
      'question' => '大事发生地方vsdfsdfgsdfgf',
      'A' => '发夫妻为父亲为父亲外出的',
      'B' => '发夫妻为父亲为父亲外出的12',
      'C' => '发夫妻为父亲为父亲外出的125',
      'D' => '发夫妻为父亲为父亲外出的12532韶关',
      'answer' => 'B',
    ),
    1 => 
    array (
      'quiz_id' => '5',
      'quiz_type' => '2',
      'question' => '大事发生地方vsdfsdfgsdfgf',
      'A' => '发夫妻为父亲为父亲外出的',
      'B' => '发夫妻为父亲为父亲外出的12',
      'C' => '',
      'D' => '',
      'answer' => 'A',
    ),
    2 => 
    array (
      'quiz_id' => '6',
      'quiz_type' => '3',
      'question' => '大事发生地方vsdfsdfgsdfgf',
      'A' => '发夫妻为父亲为父亲外出的',
      'B' => '发夫妻为父亲为父亲外出的12',
      'C' => '发夫妻为父亲为父亲外出的gbsdfgf',
      'D' => '发夫妻为父亲为父亲外出的344hfegbsdf',
      'answer' => 'A,B',
    ),
  ),
  'ct' => 1462499609,
)

-----------------------------------
[2016-05-06 09:54:00] 127.0.0.1 http://j2ee.com/main/?ct=api&method=quiz.test
POST: array (
  'adasd' => 'dasdsad',
  'd23423' => 'afadfa',
)
[2016-05-06 09:54:00]Info: E:\HowToMakeLove\J2EE\web\main\controller\CtlApi.php 24
array (
  'adasd' => 'dasdsad',
  'd23423' => 'afadfa',
)

-----------------------------------
[2016-05-06 09:56:56] 127.0.0.1 http://j2ee.com/main/?ct=api&method=quiz.getQuiz
[2016-05-06 09:56:56]Info: E:\HowToMakeLove\J2EE\web\main\model\ModQuiz.php 12
SQL: select * from `onlinequiz`(OK:0.012)
[2016-05-06 09:56:56]Info: E:\HowToMakeLove\J2EE\web\main\controller\CtlApi.php 24
array (
  'c' => '100',
  'data' => 
  array (
    0 => 
    array (
      'quiz_id' => '4',
      'quiz_type' => '1',
      'question' => '大事发生地方vsdfsdfgsdfgf',
      'A' => '发夫妻为父亲为父亲外出的',
      'B' => '发夫妻为父亲为父亲外出的12',
      'C' => '发夫妻为父亲为父亲外出的125',
      'D' => '发夫妻为父亲为父亲外出的12532韶关',
      'answer' => 'B',
    ),
    1 => 
    array (
      'quiz_id' => '5',
      'quiz_type' => '2',
      'question' => '大事发生地方vsdfsdfgsdfgf',
      'A' => '发夫妻为父亲为父亲外出的',
      'B' => '发夫妻为父亲为父亲外出的12',
      'C' => '',
      'D' => '',
      'answer' => 'A',
    ),
    2 => 
    array (
      'quiz_id' => '6',
      'quiz_type' => '3',
      'question' => '大事发生地方vsdfsdfgsdfgf',
      'A' => '发夫妻为父亲为父亲外出的',
      'B' => '发夫妻为父亲为父亲外出的12',
      'C' => '发夫妻为父亲为父亲外出的gbsdfgf',
      'D' => '发夫妻为父亲为父亲外出的344hfegbsdf',
      'answer' => 'A,B',
    ),
  ),
  'ct' => 1462499816,
)

-----------------------------------
[2016-05-06 09:56:59] 127.0.0.1 http://j2ee.com/main/?ct=api&method=quiz.test
[2016-05-06 09:56:59]Info: E:\HowToMakeLove\J2EE\web\main\controller\CtlApi.php 24
array (
)

-----------------------------------
[2016-05-06 09:57:13] 127.0.0.1 http://j2ee.com/main/?ct=api&method=quiz.test
[2016-05-06 09:57:13]Info: E:\HowToMakeLove\J2EE\web\main\controller\CtlApi.php 24
array (
)

-----------------------------------
[2016-05-06 09:57:32] 127.0.0.1 http://j2ee.com/main/?ct=api&method=quiz.test
[2016-05-06 09:57:32]Info: E:\HowToMakeLove\J2EE\web\main\controller\CtlApi.php 24
array (
)

-----------------------------------
[2016-05-06 09:57:38] 127.0.0.1 http://j2ee.com/main/?ct=api&method=quiz.test
POST: array (
  'adasd' => 'dasdsad',
  'd23423' => 'afadfa',
)
[2016-05-06 09:57:38]Info: E:\HowToMakeLove\J2EE\web\main\controller\CtlApi.php 24
array (
  'adasd' => 'dasdsad',
  'd23423' => 'afadfa',
)

-----------------------------------
[2016-05-06 09:58:03] 127.0.0.1 http://j2ee.com/main/?ct=api&method=quiz.getQuiz
[2016-05-06 09:58:03]Info: E:\HowToMakeLove\J2EE\web\main\model\ModQuiz.php 12
SQL: select * from `onlinequiz`(OK:0.002)
[2016-05-06 09:58:03]Info: E:\HowToMakeLove\J2EE\web\main\controller\CtlApi.php 24
array (
  'c' => '100',
  'data' => 
  array (
    0 => 
    array (
      'quiz_id' => '4',
      'quiz_type' => '1',
      'question' => '大事发生地方vsdfsdfgsdfgf',
      'A' => '发夫妻为父亲为父亲外出的',
      'B' => '发夫妻为父亲为父亲外出的12',
      'C' => '发夫妻为父亲为父亲外出的125',
      'D' => '发夫妻为父亲为父亲外出的12532韶关',
      'answer' => 'B',
    ),
    1 => 
    array (
      'quiz_id' => '5',
      'quiz_type' => '2',
      'question' => '大事发生地方vsdfsdfgsdfgf',
      'A' => '发夫妻为父亲为父亲外出的',
      'B' => '发夫妻为父亲为父亲外出的12',
      'C' => '',
      'D' => '',
      'answer' => 'A',
    ),
    2 => 
    array (
      'quiz_id' => '6',
      'quiz_type' => '3',
      'question' => '大事发生地方vsdfsdfgsdfgf',
      'A' => '发夫妻为父亲为父亲外出的',
      'B' => '发夫妻为父亲为父亲外出的12',
      'C' => '发夫妻为父亲为父亲外出的gbsdfgf',
      'D' => '发夫妻为父亲为父亲外出的344hfegbsdf',
      'answer' => 'A,B',
    ),
  ),
  'ct' => 1462499883,
)

-----------------------------------
[2016-05-06 09:58:07] 127.0.0.1 http://j2ee.com/main/?ct=api&method=quiz.test
POST: array (
  'scoreList' => '1,1,0',
)
[2016-05-06 09:58:07]Info: E:\HowToMakeLove\J2EE\web\main\controller\CtlApi.php 24
array (
  'scoreList' => '1,1,0',
)

-----------------------------------
[2016-05-06 09:58:53] 127.0.0.1 http://j2ee.com/main/?ct=api&method=quiz.test
POST: array (
  'scoreList' => '1,1,0',
)
[2016-05-06 09:58:53]Info: E:\HowToMakeLove\J2EE\web\main\controller\CtlApi.php 24
1,1,0

-----------------------------------
[2016-05-06 10:19:23] 127.0.0.1 http://j2ee.com/main/?ct=api&method=quiz.getQuiz
[2016-05-06 10:19:23]Info: E:\HowToMakeLove\J2EE\web\main\model\ModQuiz.php 12
SQL: select * from `onlinequiz`(OK:0.012)
[2016-05-06 10:19:23]Info: E:\HowToMakeLove\J2EE\web\main\controller\CtlApi.php 24
array (
  'c' => '100',
  'data' => 
  array (
    0 => 
    array (
      'question_id' => '4',
      'question_type' => '1',
      'question' => '大事发生地方vsdfsdfgsdfgf',
      'A' => '发夫妻为父亲为父亲外出的',
      'B' => '发夫妻为父亲为父亲外出的12',
      'C' => '发夫妻为父亲为父亲外出的125',
      'D' => '发夫妻为父亲为父亲外出的12532韶关',
      'answer' => 'B',
    ),
    1 => 
    array (
      'question_id' => '5',
      'question_type' => '2',
      'question' => '大事发生地方vsdfsdfgsdfgf',
      'A' => '发夫妻为父亲为父亲外出的',
      'B' => '发夫妻为父亲为父亲外出的12',
      'C' => '',
      'D' => '',
      'answer' => 'A',
    ),
    2 => 
    array (
      'question_id' => '6',
      'question_type' => '3',
      'question' => '大事发生地方vsdfsdfgsdfgf',
      'A' => '发夫妻为父亲为父亲外出的',
      'B' => '发夫妻为父亲为父亲外出的12',
      'C' => '发夫妻为父亲为父亲外出的gbsdfgf',
      'D' => '发夫妻为父亲为父亲外出的344hfegbsdf',
      'answer' => 'A,B',
    ),
  ),
  'ct' => 1462501163,
)

-----------------------------------
[2016-05-06 10:19:48] 127.0.0.1 http://j2ee.com/main/?ct=api&method=quiz.getQuiz
[2016-05-06 10:19:48]Info: E:\HowToMakeLove\J2EE\web\main\model\ModQuiz.php 12
SQL: select * from `onlinequiz`(OK:0.012)
[2016-05-06 10:19:48]Info: E:\HowToMakeLove\J2EE\web\main\controller\CtlApi.php 24
array (
  'c' => '100',
  'data' => 
  array (
    0 => 
    array (
      'question_id' => '4',
      'question_type' => '1',
      'question' => '大事发生地方vsdfsdfgsdfgf',
      'A' => '发夫妻为父亲为父亲外出的',
      'B' => '发夫妻为父亲为父亲外出的12',
      'C' => '发夫妻为父亲为父亲外出的125',
      'D' => '发夫妻为父亲为父亲外出的12532韶关',
      'answer' => 'B',
    ),
    1 => 
    array (
      'question_id' => '5',
      'question_type' => '2',
      'question' => '大事发生地方vsdfsdfgsdfgf',
      'A' => '发夫妻为父亲为父亲外出的',
      'B' => '发夫妻为父亲为父亲外出的12',
      'C' => '',
      'D' => '',
      'answer' => 'A',
    ),
    2 => 
    array (
      'question_id' => '6',
      'question_type' => '3',
      'question' => '大事发生地方vsdfsdfgsdfgf',
      'A' => '发夫妻为父亲为父亲外出的',
      'B' => '发夫妻为父亲为父亲外出的12',
      'C' => '发夫妻为父亲为父亲外出的gbsdfgf',
      'D' => '发夫妻为父亲为父亲外出的344hfegbsdf',
      'answer' => 'A,B',
    ),
  ),
  'ct' => 1462501188,
)

-----------------------------------
[2016-05-06 10:19:53] 127.0.0.1 http://j2ee.com/main/?ct=api&method=quiz.test
POST: array (
  'scoreList' => '1,1,1',
)
[2016-05-06 10:19:53]Info: E:\HowToMakeLove\J2EE\web\main\controller\CtlApi.php 24
1,1,1

-----------------------------------
[2016-05-06 10:53:15] 127.0.0.1 http://j2ee.com/main/?ct=api&method=user.importUser
[2016-05-06 10:53:15]Error: E:\HowToMakeLove\J2EE\web\main\service\SrvUserApi.php 51
syntax error, unexpected '$mod' (T_VARIABLE)

-----------------------------------
[2016-05-06 10:54:01] 127.0.0.1 http://j2ee.com/main/?ct=api&method=user.importUser
[2016-05-06 10:54:01]Error: E:\HowToMakeLove\J2EE\web\main\service\SrvUserApi.php 51
syntax error, unexpected '$mod' (T_VARIABLE)

-----------------------------------
[2016-05-06 10:55:20] 127.0.0.1 http://j2ee.com/main/?ct=api&method=user.importUser
[2016-05-06 10:55:20]Error: E:\HowToMakeLove\J2EE\web\main\service\SrvUserApi.php 51
syntax error, unexpected '$mod' (T_VARIABLE)

-----------------------------------
[2016-05-06 10:56:04] 127.0.0.1 http://j2ee.com/main/?ct=api&method=user.importUser
[2016-05-06 10:56:04]Error: E:\HowToMakeLove\J2EE\web\main\service\SrvUserApi.php 51
syntax error, unexpected '$mod' (T_VARIABLE)

-----------------------------------
[2016-05-06 10:56:41] 127.0.0.1 http://j2ee.com/main/?ct=api&method=user.importUser
[2016-05-06 10:56:41]Error: E:\HowToMakeLove\J2EE\web\main\service\SrvUserApi.php 52
syntax error, unexpected '$mod' (T_VARIABLE)

-----------------------------------
[2016-05-06 10:57:38] 127.0.0.1 http://j2ee.com/main/?ct=api&method=user.importUser
[2016-05-06 10:57:38]Error: E:\HowToMakeLove\J2EE\web\main\service\SrvUserApi.php 52
syntax error, unexpected '$mod' (T_VARIABLE)

-----------------------------------
[2016-05-06 10:57:38] 127.0.0.1 http://j2ee.com/main/?ct=api&method=user.importUser
[2016-05-06 10:57:38]Error: E:\HowToMakeLove\J2EE\web\main\service\SrvUserApi.php 52
syntax error, unexpected '$mod' (T_VARIABLE)

-----------------------------------
[2016-05-06 10:58:09] 127.0.0.1 http://j2ee.com/main/?ct=api&method=user.importUser
[2016-05-06 10:58:09]Error: E:\HowToMakeLove\J2EE\web\main\service\SrvUserApi.php 51
syntax error, unexpected '$mod' (T_VARIABLE)

-----------------------------------
[2016-05-06 10:59:03] 127.0.0.1 http://j2ee.com/main/?ct=api&method=user.importUser
[2016-05-06 10:59:03]Info: E:\HowToMakeLove\J2EE\lib\library\LibFile.php 89
.xlsx
[2016-05-06 10:59:04]Info: E:\HowToMakeLove\J2EE\web\main\model\ModUser.php 25
SQL: insert INTO `j2ee`.`user` (`username`, `password`, `usertype`) VALUES ('2012051337', '2012051337', '1');(OK:0)
[2016-05-06 10:59:04]Info: E:\HowToMakeLove\J2EE\web\main\model\ModUser.php 25
SQL: insert INTO `j2ee`.`user` (`username`, `password`, `usertype`) VALUES ('2012123457', '2012123457', '1');(OK:0)
[2016-05-06 10:59:04]Info: E:\HowToMakeLove\J2EE\web\main\model\ModUser.php 25
SQL: insert INTO `j2ee`.`user` (`username`, `password`, `usertype`) VALUES ('2012123458', '2012123458', '1');(OK:0)
[2016-05-06 10:59:04]Info: E:\HowToMakeLove\J2EE\web\main\model\ModUser.php 25
SQL: insert INTO `j2ee`.`user` (`username`, `password`, `usertype`) VALUES ('2012123459', '2012123459', '1');(OK:0)
[2016-05-06 10:59:04]Info: E:\HowToMakeLove\J2EE\web\main\model\ModUser.php 25
SQL: insert INTO `j2ee`.`user` (`username`, `password`, `usertype`) VALUES ('2012123460', '2012123460', '1');(OK:0)
[2016-05-06 10:59:04]Info: E:\HowToMakeLove\J2EE\web\main\model\ModUser.php 25
SQL: insert INTO `j2ee`.`user` (`username`, `password`, `usertype`) VALUES ('2012123461', '2012123461', '1');(OK:0)
[2016-05-06 10:59:04]Info: E:\HowToMakeLove\J2EE\web\main\controller\CtlApi.php 24
array (
  'state' => 1,
  'msg' => '插入成功',
)

-----------------------------------
[2016-05-06 11:01:13] 127.0.0.1 http://j2ee.com/main/?ct=api&method=user.importUser
[2016-05-06 11:01:13]Error: E:\HowToMakeLove\J2EE\web\main\service\SrvUserApi.php 53
syntax error, unexpected 'var_dump' (T_STRING)

-----------------------------------
[2016-05-06 11:01:40] 127.0.0.1 http://j2ee.com/main/?ct=api&method=user.importUser
[2016-05-06 11:01:40]Info: E:\HowToMakeLove\J2EE\lib\library\LibFile.php 89
.xlsx
[2016-05-06 11:01:40]Info: E:\HowToMakeLove\J2EE\web\main\controller\CtlApi.php 24
array (
  'state' => 1,
  'msg' => '插入成功',
)

-----------------------------------
[2016-05-06 11:02:06] 127.0.0.1 http://j2ee.com/main/?ct=api&method=user.importUser
[2016-05-06 11:02:06]Info: E:\HowToMakeLove\J2EE\lib\library\LibFile.php 89
.xlsx
[2016-05-06 11:02:06]Error: E:\HowToMakeLove\J2EE\web\main\model\ModUser.php 25
SQL: insert INTO `j2ee`.`user` (`username`, `password`, `usertype`, `fullname`) VALUES ('2012051337', '2012051337', '1', '哈哈哈');(error：Duplicate entry '2012051337' for key 'PRIMARY')
[2016-05-06 11:02:06]Error: E:\HowToMakeLove\J2EE\web\main\model\ModUser.php 25
SQL: insert INTO `j2ee`.`user` (`username`, `password`, `usertype`, `fullname`) VALUES ('2012123457', '2012123457', '1', '啊打');(error：Duplicate entry '2012123457' for key 'PRIMARY')
[2016-05-06 11:02:06]Error: E:\HowToMakeLove\J2EE\web\main\model\ModUser.php 25
SQL: insert INTO `j2ee`.`user` (`username`, `password`, `usertype`, `fullname`) VALUES ('2012123458', '2012123458', '1', '达到');(error：Duplicate entry '2012123458' for key 'PRIMARY')
[2016-05-06 11:02:06]Error: E:\HowToMakeLove\J2EE\web\main\model\ModUser.php 25
SQL: insert INTO `j2ee`.`user` (`username`, `password`, `usertype`, `fullname`) VALUES ('2012123459', '2012123459', '1', '啊打');(error：Duplicate entry '2012123459' for key 'PRIMARY')
[2016-05-06 11:02:06]Error: E:\HowToMakeLove\J2EE\web\main\model\ModUser.php 25
SQL: insert INTO `j2ee`.`user` (`username`, `password`, `usertype`, `fullname`) VALUES ('2012123460', '2012123460', '1', '阿萨德撒');(error：Duplicate entry '2012123460' for key 'PRIMARY')
[2016-05-06 11:02:06]Error: E:\HowToMakeLove\J2EE\web\main\model\ModUser.php 25
SQL: insert INTO `j2ee`.`user` (`username`, `password`, `usertype`, `fullname`) VALUES ('2012123461', '2012123461', '1', '阿撒');(error：Duplicate entry '2012123461' for key 'PRIMARY')
[2016-05-06 11:02:06]Info: E:\HowToMakeLove\J2EE\web\main\controller\CtlApi.php 24
array (
  'state' => 1,
  'msg' => '插入成功',
)

-----------------------------------
[2016-05-06 11:02:50] 127.0.0.1 http://j2ee.com/main/?ct=api&method=user.importUser
[2016-05-06 11:02:50]Info: E:\HowToMakeLove\J2EE\lib\library\LibFile.php 89
.xlsx
[2016-05-06 11:02:50]Info: E:\HowToMakeLove\J2EE\web\main\model\ModUser.php 25
SQL: insert INTO `j2ee`.`user` (`username`, `password`, `usertype`, `fullname`) VALUES ('2012051337', '2012051337', '1', '哈哈哈')(OK:0.016)
[2016-05-06 11:02:50]Info: E:\HowToMakeLove\J2EE\web\main\model\ModUser.php 25
SQL: insert INTO `j2ee`.`user` (`username`, `password`, `usertype`, `fullname`) VALUES ('2012123457', '2012123457', '1', '啊打')(OK:0)
[2016-05-06 11:02:50]Info: E:\HowToMakeLove\J2EE\web\main\model\ModUser.php 25
SQL: insert INTO `j2ee`.`user` (`username`, `password`, `usertype`, `fullname`) VALUES ('2012123458', '2012123458', '1', '达到')(OK:0)
[2016-05-06 11:02:50]Info: E:\HowToMakeLove\J2EE\web\main\model\ModUser.php 25
SQL: insert INTO `j2ee`.`user` (`username`, `password`, `usertype`, `fullname`) VALUES ('2012123459', '2012123459', '1', '啊打')(OK:0)
[2016-05-06 11:02:50]Info: E:\HowToMakeLove\J2EE\web\main\model\ModUser.php 25
SQL: insert INTO `j2ee`.`user` (`username`, `password`, `usertype`, `fullname`) VALUES ('2012123460', '2012123460', '1', '阿萨德撒')(OK:0)
[2016-05-06 11:02:50]Info: E:\HowToMakeLove\J2EE\web\main\model\ModUser.php 25
SQL: insert INTO `j2ee`.`user` (`username`, `password`, `usertype`, `fullname`) VALUES ('2012123461', '2012123461', '1', '阿撒')(OK:0)
[2016-05-06 11:02:50]Info: E:\HowToMakeLove\J2EE\web\main\controller\CtlApi.php 24
array (
  'state' => 1,
  'msg' => '插入成功',
)

-----------------------------------
[2016-05-06 11:03:31] 127.0.0.1 http://j2ee.com/main/?ct=api&method=user.importUser
[2016-05-06 11:03:31]Info: E:\HowToMakeLove\J2EE\lib\library\LibFile.php 89
.xlsx
[2016-05-06 11:03:31]Error: E:\HowToMakeLove\J2EE\web\main\model\ModUser.php 25
SQL: insert INTO `j2ee`.`user` (`username`, `password`, `usertype`, `fullname`) VALUES ('2012051337', '2012051337', '1', '哈哈哈')(error：Duplicate entry '2012051337' for key 'PRIMARY')
[2016-05-06 11:03:31]Error: E:\HowToMakeLove\J2EE\web\main\model\ModUser.php 25
SQL: insert INTO `j2ee`.`user` (`username`, `password`, `usertype`, `fullname`) VALUES ('2012123457', '2012123457', '1', '啊打')(error：Duplicate entry '2012123457' for key 'PRIMARY')
[2016-05-06 11:03:31]Error: E:\HowToMakeLove\J2EE\web\main\model\ModUser.php 25
SQL: insert INTO `j2ee`.`user` (`username`, `password`, `usertype`, `fullname`) VALUES ('2012123458', '2012123458', '1', '达到')(error：Duplicate entry '2012123458' for key 'PRIMARY')
[2016-05-06 11:03:31]Error: E:\HowToMakeLove\J2EE\web\main\model\ModUser.php 25
SQL: insert INTO `j2ee`.`user` (`username`, `password`, `usertype`, `fullname`) VALUES ('2012123459', '2012123459', '1', '啊打')(error：Duplicate entry '2012123459' for key 'PRIMARY')
[2016-05-06 11:03:31]Error: E:\HowToMakeLove\J2EE\web\main\model\ModUser.php 25
SQL: insert INTO `j2ee`.`user` (`username`, `password`, `usertype`, `fullname`) VALUES ('2012123460', '2012123460', '1', '阿萨德撒')(error：Duplicate entry '2012123460' for key 'PRIMARY')
[2016-05-06 11:03:31]Error: E:\HowToMakeLove\J2EE\web\main\model\ModUser.php 25
SQL: insert INTO `j2ee`.`user` (`username`, `password`, `usertype`, `fullname`) VALUES ('2012123461', '2012123461', '1', '阿撒')(error：Duplicate entry '2012123461' for key 'PRIMARY')
[2016-05-06 11:03:31]Info: E:\HowToMakeLove\J2EE\web\main\controller\CtlApi.php 24
array (
  'state' => 1,
  'msg' => '插入成功',
)

-----------------------------------
[2016-05-06 11:16:47] 127.0.0.1 http://j2ee.com/main/?ct=api&method=user.pastScore
POST: array (
  'username' => '2012051337',
)
[2016-05-06 11:16:47]Info: E:\HowToMakeLove\J2EE\web\main\model\ModUser.php 31
SQL: select * from `userscore` where `username` = '2012051337'(OK:0.011)
[2016-05-06 11:16:47]Info: E:\HowToMakeLove\J2EE\web\main\controller\CtlApi.php 24
array (
  'c' => '100',
  'data' => 
  array (
    0 => 
    array (
      'score_id' => '1',
      'username' => '2012051337',
      'quiz_id' => '1',
      'quiz_time' => '2016-05-05',
      'score' => '88',
    ),
    1 => 
    array (
      'score_id' => '2',
      'username' => '2012051337',
      'quiz_id' => '2',
      'quiz_time' => '2016-05-06',
      'score' => '90',
    ),
  ),
  'ct' => 1462504607,
)

-----------------------------------
[2016-05-06 14:39:47] 127.0.0.1 http://j2ee.com/main/?ct=api&method=user.pastScore
POST: array (
  'username' => '2012051337',
)
COOKIE: array (
  'TS01aa1ecd' => '01f3334ee1851432ff7fe2ca6867fddb96d94d55cf37973f3d38123115f6ca473ba2c281c4',
)
[2016-05-06 14:39:47]Info: E:\HowToMakeLove\J2EE\web\main\model\ModUser.php 31
SQL: select * from `userscore` where `username` = '2012051337'(OK:0.003)
[2016-05-06 14:39:47]Info: E:\HowToMakeLove\J2EE\web\main\controller\CtlApi.php 24
array (
  'c' => '100',
  'data' => 
  array (
    0 => 
    array (
      'score_id' => '1',
      'username' => '2012051337',
      'quiz_id' => '1',
      'quiz_time' => '2016-05-05',
      'score' => '88',
    ),
    1 => 
    array (
      'score_id' => '2',
      'username' => '2012051337',
      'quiz_id' => '2',
      'quiz_time' => '2016-05-06',
      'score' => '90',
    ),
  ),
  'ct' => 1462516787,
)

-----------------------------------
[2016-05-06 15:01:55] 127.0.0.1 http://j2ee.com/main/?ct=api&method=homework.getHomeworks
[2016-05-06 15:01:55]Error: E:\HowToMakeLove\J2EE\web\main\model\ModHomework.php 9
Declaration of ModHomework::delete() should be compatible with Model::delete($where, $limit = 0, $table = '')
[2016-05-06 15:01:55]Info: E:\HowToMakeLove\J2EE\web\main\model\ModHomework.php 18
SQL: select * from `homework`(OK:0.031)
[2016-05-06 15:01:55]Info: E:\HowToMakeLove\J2EE\web\main\controller\CtlApi.php 24
array (
  'c' => '100',
  'data' => 
  array (
    0 => 
    array (
      'hw_no' => '11',
      'hw_content' => '洒洒洒a洒洒洒a洒洒洒a洒洒洒a洒洒洒a洒洒洒a洒洒洒a',
      'file_name' => '2.doc',
      'file_path' => '131231dasdsa',
      'deadline' => '2016-05-04',
    ),
    1 => 
    array (
      'hw_no' => '5',
      'hw_content' => 'afsdfasdfasdfasdfsdfqwerqwq32541235fasdfasdf234rwefasdf',
      'file_name' => '1.doc',
      'file_path' => '\\uploads\\homework\\1.doc',
      'deadline' => '2016-04-27',
    ),
  ),
  'ct' => 1462518115,
)

-----------------------------------
[2016-05-06 15:06:35] 127.0.0.1 http://j2ee.com/main/?ct=api&method=user.login
POST: array (
  'username' => '2012051337',
  'password' => '2012051337',
)
[2016-05-06 15:06:35]Info: E:\HowToMakeLove\J2EE\web\main\model\ModUser.php 13
SQL: select * from `user` where `username` = '2012051337' and `password` = '2012051337'(OK:0.109)
[2016-05-06 15:06:35]Info: E:\HowToMakeLove\J2EE\web\main\controller\CtlApi.php 24
array (
  'c' => '100',
  'data' => 
  array (
    0 => 
    array (
      'username' => '2012051337',
      'password' => '2012051337',
      'fullname' => '哈哈哈',
      'usertype' => '1',
    ),
  ),
  'ct' => 1462518395,
)

-----------------------------------
[2016-05-06 15:06:35] 127.0.0.1 http://j2ee.com/main/?ct=api&method=user.pastScore
POST: array (
  'username' => '2012051337',
)
[2016-05-06 15:06:35]Info: E:\HowToMakeLove\J2EE\web\main\model\ModUser.php 31
SQL: select * from `userscore` where `username` = '2012051337'(OK:0.026)
[2016-05-06 15:06:35]Info: E:\HowToMakeLove\J2EE\web\main\controller\CtlApi.php 24
array (
  'c' => '100',
  'data' => 
  array (
    0 => 
    array (
      'score_id' => '1',
      'username' => '2012051337',
      'quiz_id' => '1',
      'quiz_time' => '2016-05-05',
      'score' => '88',
    ),
    1 => 
    array (
      'score_id' => '2',
      'username' => '2012051337',
      'quiz_id' => '2',
      'quiz_time' => '2016-05-06',
      'score' => '90',
    ),
  ),
  'ct' => 1462518395,
)

-----------------------------------
[2016-05-06 15:09:59] 127.0.0.1 http://j2ee.com/main/?ct=api&method=user.pastScore
POST: array (
  'username' => '2012051337',
)
[2016-05-06 15:09:59]Info: E:\HowToMakeLove\J2EE\web\main\model\ModUser.php 31
SQL: select * from `userscore` where `username` = '2012051337'(OK:0.011)
[2016-05-06 15:09:59]Info: E:\HowToMakeLove\J2EE\web\main\controller\CtlApi.php 24
array (
  'c' => '100',
  'data' => 
  array (
    0 => 
    array (
      'score_id' => '1',
      'username' => '2012051337',
      'quiz_id' => '1',
      'quiz_time' => '2016-05-05',
      'score' => '88',
    ),
    1 => 
    array (
      'score_id' => '2',
      'username' => '2012051337',
      'quiz_id' => '2',
      'quiz_time' => '2016-05-06',
      'score' => '90',
    ),
  ),
  'ct' => 1462518599,
)

-----------------------------------
[2016-05-06 15:10:02] 127.0.0.1 http://j2ee.com/main/?ct=api&method=user.pastScore
POST: array (
  'username' => '2012051337',
)
[2016-05-06 15:10:02]Info: E:\HowToMakeLove\J2EE\web\main\model\ModUser.php 31
SQL: select * from `userscore` where `username` = '2012051337'(OK:0.001)
[2016-05-06 15:10:02]Info: E:\HowToMakeLove\J2EE\web\main\controller\CtlApi.php 24
array (
  'c' => '100',
  'data' => 
  array (
    0 => 
    array (
      'score_id' => '1',
      'username' => '2012051337',
      'quiz_id' => '1',
      'quiz_time' => '2016-05-05',
      'score' => '88',
    ),
    1 => 
    array (
      'score_id' => '2',
      'username' => '2012051337',
      'quiz_id' => '2',
      'quiz_time' => '2016-05-06',
      'score' => '90',
    ),
  ),
  'ct' => 1462518602,
)

-----------------------------------
[2016-05-06 15:18:58] 127.0.0.1 http://j2ee.com/main/?ct=api&method=homework.getHomeworks
[2016-05-06 15:18:58]Error: E:\HowToMakeLove\J2EE\web\main\model\ModHomework.php 9
Declaration of ModHomework::delete() should be compatible with Model::delete($where, $limit = 0, $table = '')
[2016-05-06 15:18:58]Info: E:\HowToMakeLove\J2EE\web\main\model\ModHomework.php 18
SQL: select * from `homework`(OK:0.109)
[2016-05-06 15:18:58]Info: E:\HowToMakeLove\J2EE\web\main\controller\CtlApi.php 24
array (
  'c' => '100',
  'data' => 
  array (
    0 => 
    array (
      'hw_no' => '11',
      'hw_content' => '洒洒洒a洒洒洒a洒洒洒a洒洒洒a洒洒洒a洒洒洒a洒洒洒a',
      'file_name' => '2.doc',
      'file_path' => '131231dasdsa',
      'deadline' => '2016-05-04',
    ),
    1 => 
    array (
      'hw_no' => '5',
      'hw_content' => 'afsdfasdfasdfasdfsdfqwerqwq32541235fasdfasdf234rwefasdf',
      'file_name' => '1.doc',
      'file_path' => '\\uploads\\homework\\1.doc',
      'deadline' => '2016-04-27',
    ),
  ),
  'ct' => 1462519138,
)

-----------------------------------
[2016-05-06 15:18:58] 127.0.0.1 http://j2ee.com/main/?ct=api&method=user.pastScore
POST: array (
  'username' => '2012051337',
)
[2016-05-06 15:18:58]Info: E:\HowToMakeLove\J2EE\web\main\model\ModUser.php 31
SQL: select * from `userscore` where `username` = '2012051337'(OK:0.064)
[2016-05-06 15:18:58]Info: E:\HowToMakeLove\J2EE\web\main\controller\CtlApi.php 24
array (
  'c' => '100',
  'data' => 
  array (
    0 => 
    array (
      'score_id' => '1',
      'username' => '2012051337',
      'quiz_id' => '1',
      'quiz_time' => '2016-05-05',
      'score' => '88',
    ),
    1 => 
    array (
      'score_id' => '2',
      'username' => '2012051337',
      'quiz_id' => '2',
      'quiz_time' => '2016-05-06',
      'score' => '90',
    ),
  ),
  'ct' => 1462519138,
)

-----------------------------------
[2016-05-06 15:20:06] 127.0.0.1 http://j2ee.com/main/?ct=api&method=user.pastScore
POST: array (
  'username' => '2012051337',
)
[2016-05-06 15:20:06]Info: E:\HowToMakeLove\J2EE\web\main\model\ModUser.php 31
SQL: select * from `userscore` where `username` = '2012051337'(OK:0.003)
[2016-05-06 15:20:06]Info: E:\HowToMakeLove\J2EE\web\main\controller\CtlApi.php 24
array (
  'c' => '100',
  'data' => 
  array (
    0 => 
    array (
      'score_id' => '1',
      'username' => '2012051337',
      'quiz_id' => '1',
      'quiz_time' => '2016-05-05',
      'score' => '88',
    ),
    1 => 
    array (
      'score_id' => '2',
      'username' => '2012051337',
      'quiz_id' => '2',
      'quiz_time' => '2016-05-06',
      'score' => '90',
    ),
  ),
  'ct' => 1462519206,
)

-----------------------------------
[2016-05-06 15:21:08] 127.0.0.1 http://j2ee.com/main/?ct=api&method=quiz.getQuiz
[2016-05-06 15:21:08]Info: E:\HowToMakeLove\J2EE\web\main\model\ModQuiz.php 12
SQL: select * from `onlinequiz`(OK:0.044)
[2016-05-06 15:21:08]Info: E:\HowToMakeLove\J2EE\web\main\controller\CtlApi.php 24
array (
  'c' => '100',
  'data' => 
  array (
    0 => 
    array (
      'question_id' => '4',
      'question_type' => '1',
      'question' => '大事发生地方vsdfsdfgsdfgf',
      'A' => '发夫妻为父亲为父亲外出的',
      'B' => '发夫妻为父亲为父亲外出的12',
      'C' => '发夫妻为父亲为父亲外出的125',
      'D' => '发夫妻为父亲为父亲外出的12532韶关',
      'answer' => 'B',
    ),
    1 => 
    array (
      'question_id' => '5',
      'question_type' => '2',
      'question' => '大事发生地方vsdfsdfgsdfgf',
      'A' => '发夫妻为父亲为父亲外出的',
      'B' => '发夫妻为父亲为父亲外出的12',
      'C' => '',
      'D' => '',
      'answer' => 'A',
    ),
    2 => 
    array (
      'question_id' => '6',
      'question_type' => '3',
      'question' => '大事发生地方vsdfsdfgsdfgf',
      'A' => '发夫妻为父亲为父亲外出的',
      'B' => '发夫妻为父亲为父亲外出的12',
      'C' => '发夫妻为父亲为父亲外出的gbsdfgf',
      'D' => '发夫妻为父亲为父亲外出的344hfegbsdf',
      'answer' => 'A,B',
    ),
  ),
  'ct' => 1462519268,
)

-----------------------------------
[2016-05-06 15:23:24] 127.0.0.1 http://j2ee.com/main/?ct=api&method=quiz.getQuiz
[2016-05-06 15:23:24]Info: E:\HowToMakeLove\J2EE\web\main\model\ModQuiz.php 12
SQL: select * from `onlinequiz`(OK:0.002)
[2016-05-06 15:23:24]Info: E:\HowToMakeLove\J2EE\web\main\controller\CtlApi.php 24
array (
  'c' => '100',
  'data' => 
  array (
    0 => 
    array (
      'question_id' => '4',
      'question_type' => '1',
      'question' => '大事发生地方vsdfsdfgsdfgf',
      'A' => '发夫妻为父亲为父亲外出的',
      'B' => '发夫妻为父亲为父亲外出的12',
      'C' => '发夫妻为父亲为父亲外出的125',
      'D' => '发夫妻为父亲为父亲外出的12532韶关',
      'answer' => 'B',
    ),
    1 => 
    array (
      'question_id' => '5',
      'question_type' => '2',
      'question' => '大事发生地方vsdfsdfgsdfgf',
      'A' => '发夫妻为父亲为父亲外出的',
      'B' => '发夫妻为父亲为父亲外出的12',
      'C' => '',
      'D' => '',
      'answer' => 'A',
    ),
    2 => 
    array (
      'question_id' => '6',
      'question_type' => '3',
      'question' => '大事发生地方vsdfsdfgsdfgf',
      'A' => '发夫妻为父亲为父亲外出的',
      'B' => '发夫妻为父亲为父亲外出的12',
      'C' => '发夫妻为父亲为父亲外出的gbsdfgf',
      'D' => '发夫妻为父亲为父亲外出的344hfegbsdf',
      'answer' => 'A,B',
    ),
  ),
  'ct' => 1462519404,
)

-----------------------------------
[2016-05-06 15:23:31] 127.0.0.1 http://j2ee.com/main/?ct=api&method=user.pastScore
POST: array (
  'username' => '2012051337',
)
[2016-05-06 15:23:31]Info: E:\HowToMakeLove\J2EE\web\main\model\ModUser.php 31
SQL: select * from `userscore` where `username` = '2012051337'(OK:0.005)
[2016-05-06 15:23:31]Info: E:\HowToMakeLove\J2EE\web\main\controller\CtlApi.php 24
array (
  'c' => '100',
  'data' => 
  array (
    0 => 
    array (
      'score_id' => '1',
      'username' => '2012051337',
      'quiz_id' => '1',
      'quiz_time' => '2016-05-05',
      'score' => '88',
    ),
    1 => 
    array (
      'score_id' => '2',
      'username' => '2012051337',
      'quiz_id' => '2',
      'quiz_time' => '2016-05-06',
      'score' => '90',
    ),
  ),
  'ct' => 1462519411,
)

-----------------------------------
[2016-05-06 15:25:50] 127.0.0.1 http://j2ee.com/main/?ct=api&method=quiz.getQuiz
[2016-05-06 15:25:50]Info: E:\HowToMakeLove\J2EE\web\main\model\ModQuiz.php 12
SQL: select * from `onlinequiz`(OK:0)
[2016-05-06 15:25:50]Info: E:\HowToMakeLove\J2EE\web\main\controller\CtlApi.php 24
array (
  'c' => '100',
  'data' => 
  array (
    0 => 
    array (
      'question_id' => '4',
      'question_type' => '1',
      'question' => '大事发生地方vsdfsdfgsdfgf',
      'A' => '发夫妻为父亲为父亲外出的',
      'B' => '发夫妻为父亲为父亲外出的12',
      'C' => '发夫妻为父亲为父亲外出的125',
      'D' => '发夫妻为父亲为父亲外出的12532韶关',
      'answer' => 'B',
    ),
    1 => 
    array (
      'question_id' => '5',
      'question_type' => '2',
      'question' => '大事发生地方vsdfsdfgsdfgf',
      'A' => '发夫妻为父亲为父亲外出的',
      'B' => '发夫妻为父亲为父亲外出的12',
      'C' => '',
      'D' => '',
      'answer' => 'A',
    ),
    2 => 
    array (
      'question_id' => '6',
      'question_type' => '3',
      'question' => '大事发生地方vsdfsdfgsdfgf',
      'A' => '发夫妻为父亲为父亲外出的',
      'B' => '发夫妻为父亲为父亲外出的12',
      'C' => '发夫妻为父亲为父亲外出的gbsdfgf',
      'D' => '发夫妻为父亲为父亲外出的344hfegbsdf',
      'answer' => 'A,B',
    ),
  ),
  'ct' => 1462519550,
)

-----------------------------------
[2016-05-06 15:27:04] 127.0.0.1 http://j2ee.com/main/?ct=api&method=quiz.getQuiz
[2016-05-06 15:27:04]Info: E:\HowToMakeLove\J2EE\web\main\model\ModQuiz.php 12
SQL: select * from `onlinequiz`(OK:0.002)
[2016-05-06 15:27:04]Info: E:\HowToMakeLove\J2EE\web\main\controller\CtlApi.php 24
array (
  'c' => '100',
  'data' => 
  array (
    0 => 
    array (
      'question_id' => '4',
      'question_type' => '1',
      'question' => '大事发生地方vsdfsdfgsdfgf',
      'A' => '发夫妻为父亲为父亲外出的',
      'B' => '发夫妻为父亲为父亲外出的12',
      'C' => '发夫妻为父亲为父亲外出的125',
      'D' => '发夫妻为父亲为父亲外出的12532韶关',
      'answer' => 'B',
    ),
    1 => 
    array (
      'question_id' => '5',
      'question_type' => '2',
      'question' => '大事发生地方vsdfsdfgsdfgf',
      'A' => '发夫妻为父亲为父亲外出的',
      'B' => '发夫妻为父亲为父亲外出的12',
      'C' => '',
      'D' => '',
      'answer' => 'A',
    ),
    2 => 
    array (
      'question_id' => '6',
      'question_type' => '3',
      'question' => '大事发生地方vsdfsdfgsdfgf',
      'A' => '发夫妻为父亲为父亲外出的',
      'B' => '发夫妻为父亲为父亲外出的12',
      'C' => '发夫妻为父亲为父亲外出的gbsdfgf',
      'D' => '发夫妻为父亲为父亲外出的344hfegbsdf',
      'answer' => 'A,B',
    ),
  ),
  'ct' => 1462519624,
)

-----------------------------------
[2016-05-06 15:28:39] 127.0.0.1 http://j2ee.com/main/?ct=api&method=user.pastScore
POST: array (
  'username' => '2012051337',
)
[2016-05-06 15:28:39]Info: E:\HowToMakeLove\J2EE\web\main\model\ModUser.php 31
SQL: select * from `userscore` where `username` = '2012051337'(OK:0.001)
[2016-05-06 15:28:39]Info: E:\HowToMakeLove\J2EE\web\main\controller\CtlApi.php 24
array (
  'c' => '100',
  'data' => 
  array (
    0 => 
    array (
      'score_id' => '1',
      'username' => '2012051337',
      'quiz_id' => '1',
      'quiz_time' => '2016-05-05',
      'score' => '88',
    ),
    1 => 
    array (
      'score_id' => '2',
      'username' => '2012051337',
      'quiz_id' => '2',
      'quiz_time' => '2016-05-06',
      'score' => '90',
    ),
  ),
  'ct' => 1462519719,
)

-----------------------------------
[2016-05-06 15:29:17] 127.0.0.1 http://j2ee.com/main/?ct=api&method=user.pastScore
POST: array (
  'username' => '2012051337',
)
[2016-05-06 15:29:17]Info: E:\HowToMakeLove\J2EE\web\main\model\ModUser.php 31
SQL: select * from `userscore` where `username` = '2012051337'(OK:0.01)
[2016-05-06 15:29:17]Info: E:\HowToMakeLove\J2EE\web\main\controller\CtlApi.php 24
array (
  'c' => '100',
  'data' => 
  array (
    0 => 
    array (
      'score_id' => '1',
      'username' => '2012051337',
      'quiz_id' => '1',
      'quiz_time' => '2016-05-05',
      'score' => '88',
    ),
    1 => 
    array (
      'score_id' => '2',
      'username' => '2012051337',
      'quiz_id' => '2',
      'quiz_time' => '2016-05-06',
      'score' => '90',
    ),
  ),
  'ct' => 1462519757,
)

-----------------------------------
[2016-05-06 15:29:30] 127.0.0.1 http://j2ee.com/main/?ct=api&method=user.login
POST: array (
  'username' => '2012051337',
  'password' => '2012051337',
)
[2016-05-06 15:29:30]Info: E:\HowToMakeLove\J2EE\web\main\model\ModUser.php 13
SQL: select * from `user` where `username` = '2012051337' and `password` = '2012051337'(OK:0.01)
[2016-05-06 15:29:30]Info: E:\HowToMakeLove\J2EE\web\main\controller\CtlApi.php 24
array (
  'c' => '100',
  'data' => 
  array (
    0 => 
    array (
      'username' => '2012051337',
      'password' => '2012051337',
      'fullname' => '哈哈哈',
      'usertype' => '1',
    ),
  ),
  'ct' => 1462519770,
)

-----------------------------------
[2016-05-06 15:29:30] 127.0.0.1 http://j2ee.com/main/?ct=api&method=user.pastScore
POST: array (
  'username' => '2012051337',
)
[2016-05-06 15:29:30]Info: E:\HowToMakeLove\J2EE\web\main\model\ModUser.php 31
SQL: select * from `userscore` where `username` = '2012051337'(OK:0.011)
[2016-05-06 15:29:30]Info: E:\HowToMakeLove\J2EE\web\main\controller\CtlApi.php 24
array (
  'c' => '100',
  'data' => 
  array (
    0 => 
    array (
      'score_id' => '1',
      'username' => '2012051337',
      'quiz_id' => '1',
      'quiz_time' => '2016-05-05',
      'score' => '88',
    ),
    1 => 
    array (
      'score_id' => '2',
      'username' => '2012051337',
      'quiz_id' => '2',
      'quiz_time' => '2016-05-06',
      'score' => '90',
    ),
  ),
  'ct' => 1462519770,
)

-----------------------------------
[2016-05-06 15:32:08] 127.0.0.1 http://j2ee.com/main/?ct=api&method=user.pastScore
POST: array (
  'username' => '2012051337',
)
[2016-05-06 15:32:08]Info: E:\HowToMakeLove\J2EE\web\main\model\ModUser.php 31
SQL: select * from `userscore` where `username` = '2012051337'(OK:0.002)
[2016-05-06 15:32:08]Info: E:\HowToMakeLove\J2EE\web\main\controller\CtlApi.php 24
array (
  'c' => '100',
  'data' => 
  array (
    0 => 
    array (
      'score_id' => '1',
      'username' => '2012051337',
      'quiz_id' => '1',
      'quiz_time' => '2016-05-05',
      'score' => '88',
    ),
    1 => 
    array (
      'score_id' => '2',
      'username' => '2012051337',
      'quiz_id' => '2',
      'quiz_time' => '2016-05-06',
      'score' => '90',
    ),
  ),
  'ct' => 1462519928,
)

-----------------------------------
[2016-05-06 15:32:10] 127.0.0.1 http://j2ee.com/main/?ct=api&method=user.pastScore
POST: array (
  'username' => '2012051337',
)
[2016-05-06 15:32:10]Info: E:\HowToMakeLove\J2EE\web\main\model\ModUser.php 31
SQL: select * from `userscore` where `username` = '2012051337'(OK:0.001)
[2016-05-06 15:32:10]Info: E:\HowToMakeLove\J2EE\web\main\controller\CtlApi.php 24
array (
  'c' => '100',
  'data' => 
  array (
    0 => 
    array (
      'score_id' => '1',
      'username' => '2012051337',
      'quiz_id' => '1',
      'quiz_time' => '2016-05-05',
      'score' => '88',
    ),
    1 => 
    array (
      'score_id' => '2',
      'username' => '2012051337',
      'quiz_id' => '2',
      'quiz_time' => '2016-05-06',
      'score' => '90',
    ),
  ),
  'ct' => 1462519930,
)

-----------------------------------
[2016-05-06 15:32:24] 127.0.0.1 http://j2ee.com/main/?ct=api&method=user.login
POST: array (
  'username' => '2012051337',
  'password' => '2012051337',
)
[2016-05-06 15:32:24]Info: E:\HowToMakeLove\J2EE\web\main\model\ModUser.php 13
SQL: select * from `user` where `username` = '2012051337' and `password` = '2012051337'(OK:0.01)
[2016-05-06 15:32:24]Info: E:\HowToMakeLove\J2EE\web\main\controller\CtlApi.php 24
array (
  'c' => '100',
  'data' => 
  array (
    0 => 
    array (
      'username' => '2012051337',
      'password' => '2012051337',
      'fullname' => '哈哈哈',
      'usertype' => '1',
    ),
  ),
  'ct' => 1462519944,
)

-----------------------------------
[2016-05-06 15:32:24] 127.0.0.1 http://j2ee.com/main/?ct=api&method=user.pastScore
POST: array (
  'username' => '2012051337',
)
[2016-05-06 15:32:24]Info: E:\HowToMakeLove\J2EE\web\main\model\ModUser.php 31
SQL: select * from `userscore` where `username` = '2012051337'(OK:0.001)
[2016-05-06 15:32:24]Info: E:\HowToMakeLove\J2EE\web\main\controller\CtlApi.php 24
array (
  'c' => '100',
  'data' => 
  array (
    0 => 
    array (
      'score_id' => '1',
      'username' => '2012051337',
      'quiz_id' => '1',
      'quiz_time' => '2016-05-05',
      'score' => '88',
    ),
    1 => 
    array (
      'score_id' => '2',
      'username' => '2012051337',
      'quiz_id' => '2',
      'quiz_time' => '2016-05-06',
      'score' => '90',
    ),
  ),
  'ct' => 1462519944,
)

-----------------------------------
[2016-05-06 15:32:28] 127.0.0.1 http://j2ee.com/main/?ct=api&method=user.pastScore
POST: array (
  'username' => '2012051337',
)
[2016-05-06 15:32:28]Info: E:\HowToMakeLove\J2EE\web\main\model\ModUser.php 31
SQL: select * from `userscore` where `username` = '2012051337'(OK:0.01)
[2016-05-06 15:32:28]Info: E:\HowToMakeLove\J2EE\web\main\controller\CtlApi.php 24
array (
  'c' => '100',
  'data' => 
  array (
    0 => 
    array (
      'score_id' => '1',
      'username' => '2012051337',
      'quiz_id' => '1',
      'quiz_time' => '2016-05-05',
      'score' => '88',
    ),
    1 => 
    array (
      'score_id' => '2',
      'username' => '2012051337',
      'quiz_id' => '2',
      'quiz_time' => '2016-05-06',
      'score' => '90',
    ),
  ),
  'ct' => 1462519948,
)

-----------------------------------
[2016-05-06 15:32:43] 127.0.0.1 http://j2ee.com/main/?ct=api&method=user.pastScore
POST: array (
  'username' => '2012051337',
)
[2016-05-06 15:32:43]Info: E:\HowToMakeLove\J2EE\web\main\model\ModUser.php 31
SQL: select * from `userscore` where `username` = '2012051337'(OK:0.001)
[2016-05-06 15:32:43]Info: E:\HowToMakeLove\J2EE\web\main\controller\CtlApi.php 24
array (
  'c' => '100',
  'data' => 
  array (
    0 => 
    array (
      'score_id' => '1',
      'username' => '2012051337',
      'quiz_id' => '1',
      'quiz_time' => '2016-05-05',
      'score' => '88',
    ),
    1 => 
    array (
      'score_id' => '2',
      'username' => '2012051337',
      'quiz_id' => '2',
      'quiz_time' => '2016-05-06',
      'score' => '90',
    ),
  ),
  'ct' => 1462519963,
)
