
-----------------------------------
[2015-12-18 12:38:31] 127.0.0.1 http://zao.com/main/?ct=api&method=user.getSmsCode
POST: array (
  'regist' => '15913159968',
)
[2015-12-18 12:38:31]Error: E:\php\zao\web\main\service\SrvApi.php 37
Call to undefined method SrvUserApi::getsmscode()

-----------------------------------
[2015-12-18 12:39:10] 127.0.0.1 http://zao.com/main/?ct=api&method=user.getSmsCode
POST: array (
  'regist' => '15913159968',
)
[2015-12-18 12:39:10]Error: E:\php\zao\web\main\service\SrvApi.php 37
Call to undefined method SrvUserApi::getsmscode()

-----------------------------------
[2015-12-18 12:53:46] 127.0.0.1 http://zao.com/main/?ct=api&method=user.getSmsCode
POST: array (
  'regist' => '15913159968',
)
[2015-12-18 12:53:46]Info: E:\php\zao\web\main\controller\CtlApi.php 24
array (
  'code' => '411',
  'data' => '您输入的手机号码不正确',
  'ct' => 1450414426,
)
[2015-12-18 12:53:46]Error: E:\php\zao\config\global.php 82
Use of undefined constant APP_URL - assumed 'APP_URL'

-----------------------------------
[2015-12-18 12:54:09] 127.0.0.1 http://zao.com/main/?ct=api&method=user.getSmsCode
POST: array (
  'regist' => '15913159968',
)
[2015-12-18 12:54:09]Info: E:\php\zao\web\main\controller\CtlApi.php 24
array (
  'code' => '411',
  'data' => '您输入的手机号码不正确',
  'ct' => 1450414449,
)
[2015-12-18 12:54:09]Error: E:\php\zao\config\global.php 82
Use of undefined constant APP_URL - assumed 'APP_URL'

-----------------------------------
[2015-12-18 12:54:19] 127.0.0.1 http://zao.com/main/?ct=api&method=user.getSmsCode
POST: array (
  'phone' => '15913159968',
)
[2015-12-18 12:54:19]Info: E:\php\zao\web\main\controller\CtlApi.php 24
array (
  'state' => false,
  'code' => '504',
  'msg' => '【测试机器】您的验证码是：986372',
)
[2015-12-18 12:54:19]Error: E:\php\zao\config\global.php 82
Use of undefined constant APP_URL - assumed 'APP_URL'

-----------------------------------
[2015-12-18 12:55:13] 127.0.0.1 http://zao.com/main/?ct=api&method=user.getSmsCode
POST: array (
  'phone' => '15913159968',
)
[2015-12-18 12:55:13]Info: E:\php\zao\web\main\controller\CtlApi.php 24
array (
  'state' => false,
  'code' => '【测试机器】您的验证码是：819963',
  'msg' => '',
  'data' => '504',
)
[2015-12-18 12:55:13]Error: E:\php\zao\config\global.php 82
Use of undefined constant APP_URL - assumed 'APP_URL'

-----------------------------------
[2015-12-18 12:55:36] 127.0.0.1 http://zao.com/main/?ct=api&method=user.getSmsCode
POST: array (
  'phone' => '15913159968',
)
[2015-12-18 12:55:36]Info: E:\php\zao\web\main\controller\CtlApi.php 24
array (
  'code' => '0',
  'data' => '504',
  'ct' => 1450414536,
)
[2015-12-18 12:55:36]Error: E:\php\zao\config\global.php 82
Use of undefined constant APP_URL - assumed 'APP_URL'

-----------------------------------
[2015-12-18 12:56:02] 127.0.0.1 http://zao.com/main/?ct=api&method=user.getSmsCode
POST: array (
  'phone' => '15913159968',
)
[2015-12-18 12:56:02]Info: E:\php\zao\web\main\controller\CtlApi.php 24
array (
  'code' => '0',
  'data' => '【测试机器】您的验证码是：606875',
  'ct' => 1450414562,
)
[2015-12-18 12:56:02]Error: E:\php\zao\config\global.php 82
Use of undefined constant APP_URL - assumed 'APP_URL'

-----------------------------------
[2015-12-18 12:58:10] 127.0.0.1 http://zao.com/main/?ct=api&method=user.regist
POST: array (
  'phone' => '15913159968',
  'code' => '606875',
  'psw' => '123456',
  'task' => 'reg',
)
[2015-12-18 12:58:10]Info: E:\php\zao\web\main\model\ModUser.php 24
SQL: select * from zao_user where `phone` = '15913159968' limit 1(OK:0.081)
[2015-12-18 12:58:10]Error: E:\php\zao\web\main\model\ModUser.php 29
模型没有执行数据ID或者需要操作的数据表
[2015-12-18 12:58:10]Info: E:\php\zao\web\main\controller\CtlApi.php 24
array (
  'code' => '410',
  'data' => '系统发生故障，保存用户数据失败，请稍后再操作',
  'ct' => 1450414690,
)
[2015-12-18 12:58:10]Error: E:\php\zao\config\global.php 82
Use of undefined constant APP_URL - assumed 'APP_URL'

-----------------------------------
[2015-12-18 12:58:16] 127.0.0.1 http://zao.com/main/?ct=api&method=user.regist
POST: array (
  'phone' => '15913159968',
  'code' => '606875',
  'psw' => '123456',
  'task' => 'reg',
)
[2015-12-18 12:58:16]Info: E:\php\zao\web\main\model\ModUser.php 24
SQL: select * from zao_user where `phone` = '15913159968' limit 1(OK:0.004)
[2015-12-18 12:58:16]Error: E:\php\zao\web\main\model\ModUser.php 29
模型没有执行数据ID或者需要操作的数据表
[2015-12-18 12:58:16]Info: E:\php\zao\web\main\controller\CtlApi.php 24
array (
  'code' => '410',
  'data' => '系统发生故障，保存用户数据失败，请稍后再操作',
  'ct' => 1450414696,
)
[2015-12-18 12:58:16]Error: E:\php\zao\config\global.php 82
Use of undefined constant APP_URL - assumed 'APP_URL'

-----------------------------------
[2015-12-18 12:58:47] 127.0.0.1 http://zao.com/main/?ct=api&method=user.regist
POST: array (
  'phone' => '15913159968',
  'code' => '606875',
  'psw' => '123456',
  'task' => 'reg',
)
[2015-12-18 12:58:47]Info: E:\php\zao\web\main\model\ModUser.php 24
SQL: select * from zao_user where `phone` = '15913159968' limit 1(OK:0.015)
[2015-12-18 12:58:47]Error: E:\php\zao\web\main\model\ModUser.php 29
模型没有执行数据ID或者需要操作的数据表
[2015-12-18 12:58:47]Info: E:\php\zao\web\main\controller\CtlApi.php 24
array (
  'code' => '410',
  'data' => '系统发生故障，保存用户数据失败，请稍后再操作',
  'ct' => 1450414727,
)
[2015-12-18 12:58:47]Error: E:\php\zao\config\global.php 82
Use of undefined constant APP_URL - assumed 'APP_URL'

-----------------------------------
[2015-12-18 12:59:07] 127.0.0.1 http://zao.com/main/?ct=api&method=user.regist
POST: array (
  'phone' => '15913159968',
  'code' => '606875',
  'psw' => '123456',
  'task' => 'reg',
)
[2015-12-18 12:59:07]Info: E:\php\zao\web\main\model\ModUser.php 24
SQL: select * from zao_user where `phone` = '15913159968' limit 1(OK:0.003)
[2015-12-18 12:59:07]Error: E:\php\zao\web\main\model\ModUser.php 29
模型没有执行数据ID或者需要操作的数据表
[2015-12-18 12:59:07]Info: E:\php\zao\web\main\controller\CtlApi.php 24
array (
  'code' => '410',
  'data' => '系统发生故障，保存用户数据失败，请稍后再操作',
  'ct' => 1450414747,
)
[2015-12-18 12:59:07]Error: E:\php\zao\config\global.php 82
Use of undefined constant APP_URL - assumed 'APP_URL'

-----------------------------------
[2015-12-18 13:01:54] 127.0.0.1 http://zao.com/main/?ct=api&method=user.regist
POST: array (
  'phone' => '15913159968',
  'code' => '606875',
  'psw' => '123456',
  'task' => 'reg',
)
[2015-12-18 13:01:54]Info: E:\php\zao\web\main\model\ModUser.php 24
SQL: select * from zao_user where `phone` = '15913159968' limit 1(OK:0.014)
[2015-12-18 13:01:54]Error: E:\php\zao\web\main\model\ModUser.php 29
模型没有执行数据ID或者需要操作的数据表
[2015-12-18 13:01:54]Info: E:\php\zao\web\main\controller\CtlApi.php 24
array (
  'code' => '410',
  'data' => '系统发生故障，保存用户数据失败，请稍后再操作',
  'ct' => 1450414914,
)
[2015-12-18 13:01:54]Error: E:\php\zao\config\global.php 82
Use of undefined constant APP_URL - assumed 'APP_URL'

-----------------------------------
[2015-12-18 13:03:01] 127.0.0.1 http://zao.com/zao.php?ct=login
[2015-12-18 13:03:01]Error: E:\php\zao\config\global.php 82
Use of undefined constant APP_URL - assumed 'APP_URL'

-----------------------------------
[2015-12-18 13:03:02] 127.0.0.1 http://zao.com/zao.php?ct=login&ac=login
POST: array (
  'name' => '114',
  'password' => '114',
)
[2015-12-18 13:03:02]Info: E:\php\zao\web\zao\model\ModAuth.php 25
SQL: select * from `zao_admin` where `phone` ='114' limit 1(OK:0.069)
[2015-12-18 13:03:02]Info: E:\php\zao\web\zao\model\ModAuth.php 29
SQL: update `zao_admin` set `lastLoginIP`='127.0.0.1',  `lastLoginTime`='1450414982' where `phone` = '114' (OK:0.376)
[2015-12-18 13:03:03]Error: E:\php\zao\config\global.php 82
Use of undefined constant APP_URL - assumed 'APP_URL'

-----------------------------------
[2015-12-18 13:03:03] 127.0.0.1 http://zao.com/zao.php
COOKIE: array (
  'dm_admin_name_zao' => '114',
  'dm_admin_auth_zao' => '8133f8949ef2c9654a387afcd1b4e937',
  'dm_open_time_zao' => '1450414982',
)
[2015-12-18 13:03:03]Info: E:\php\zao\web\zao\model\ModGoods.php 31
SQL: select count(*) as c from `zao_goods` where 1 limit 1(OK:0.036)
[2015-12-18 13:03:03]Info: E:\php\zao\web\zao\model\ModGoods.php 34
SQL: select a.*, b.nickname from `zao_goods` a
left join `zao_user` b on a.uid = b.uid
where 1 
order by `ct` desc  limit 0, 10(OK:0.018)
[2015-12-18 13:03:03]Error: E:\php\zao\web\zao\index.php 14
Undefined index: ac

-----------------------------------
[2015-12-18 13:03:04] 127.0.0.1 http://zao.com/zao.php?ct=user
COOKIE: array (
  'dm_admin_name_zao' => '114',
  'dm_admin_auth_zao' => '8133f8949ef2c9654a387afcd1b4e937',
  'dm_open_time_zao' => '1450414982',
)
[2015-12-18 13:03:04]Info: E:\php\zao\web\zao\model\ModUser.php 32
SQL: select count(*) as c from `zao_user` where 1 limit 1(OK:0.003)
[2015-12-18 13:03:04]Info: E:\php\zao\web\zao\model\ModUser.php 35
SQL: select * from `zao_user`
where 1 
order by `ct` desc  limit 0, 10(OK:0.001)
[2015-12-18 13:03:04]Error: E:\php\zao\web\zao\index.php 14
Undefined index: ac

-----------------------------------
[2015-12-18 13:03:05] 127.0.0.1 http://zao.com/zao.php?ct=trade
COOKIE: array (
  'dm_admin_name_zao' => '114',
  'dm_admin_auth_zao' => '8133f8949ef2c9654a387afcd1b4e937',
  'dm_open_time_zao' => '1450414982',
)
[2015-12-18 13:03:05]Info: E:\php\zao\web\zao\model\ModTrade.php 42
SQL: select count(*) as c from `zao_order` where 1  and `is_del` = '0' limit 1(OK:0.042)
[2015-12-18 13:03:05]Info: E:\php\zao\web\zao\model\ModTrade.php 45
SQL: select * from `zao_order` where 1  and `is_del` = '0' order by `rt` desc  limit 0, 5(OK:0.003)
[2015-12-18 13:03:05]Error: E:\php\zao\web\zao\index.php 14
Undefined index: ac

-----------------------------------
[2015-12-18 13:03:05] 127.0.0.1 http://zao.com/zao.php?ct=set
COOKIE: array (
  'dm_admin_name_zao' => '114',
  'dm_admin_auth_zao' => '8133f8949ef2c9654a387afcd1b4e937',
  'dm_open_time_zao' => '1450414982',
)
[2015-12-18 13:03:05]Info: E:\php\zao\web\zao\model\ModSet.php 18
SQL: select count(*) as c from zao_banner limit 1(OK:0.002)
[2015-12-18 13:03:06]Info: E:\php\zao\web\zao\model\ModSet.php 20
SQL: select * from zao_banner(OK:0.066)
[2015-12-18 13:03:06]Error: E:\php\zao\web\zao\index.php 14
Undefined index: ac

-----------------------------------
[2015-12-18 13:03:06] 127.0.0.1 http://zao.com/zao.php?index.php
COOKIE: array (
  'dm_admin_name_zao' => '114',
  'dm_admin_auth_zao' => '8133f8949ef2c9654a387afcd1b4e937',
  'dm_open_time_zao' => '1450414982',
)
[2015-12-18 13:03:06]Info: E:\php\zao\web\zao\model\ModGoods.php 31
SQL: select count(*) as c from `zao_goods` where 1 limit 1(OK:0.015)
[2015-12-18 13:03:06]Info: E:\php\zao\web\zao\model\ModGoods.php 34
SQL: select a.*, b.nickname from `zao_goods` a
left join `zao_user` b on a.uid = b.uid
where 1 
order by `ct` desc  limit 0, 10(OK:0.001)
[2015-12-18 13:03:06]Error: E:\php\zao\web\zao\index.php 14
Undefined index: ac

-----------------------------------
[2015-12-18 13:03:07] 127.0.0.1 http://zao.com/zao.php?ct=index
COOKIE: array (
  'dm_admin_name_zao' => '114',
  'dm_admin_auth_zao' => '8133f8949ef2c9654a387afcd1b4e937',
  'dm_open_time_zao' => '1450414982',
)
[2015-12-18 13:03:07]Info: E:\php\zao\web\zao\model\ModGoods.php 31
SQL: select count(*) as c from `zao_goods` where 1 limit 1(OK:0.012)
[2015-12-18 13:03:07]Info: E:\php\zao\web\zao\model\ModGoods.php 34
SQL: select a.*, b.nickname from `zao_goods` a
left join `zao_user` b on a.uid = b.uid
where 1 
order by `ct` desc  limit 0, 10(OK:0.001)
[2015-12-18 13:03:07]Error: E:\php\zao\web\zao\index.php 14
Undefined index: ac

-----------------------------------
[2015-12-18 13:03:07] 127.0.0.1 http://zao.com/zao.php?ct=index&ac=typeList
COOKIE: array (
  'dm_admin_name_zao' => '114',
  'dm_admin_auth_zao' => '8133f8949ef2c9654a387afcd1b4e937',
  'dm_open_time_zao' => '1450414982',
)
[2015-12-18 13:03:07]Info: E:\php\zao\web\zao\model\ModGoods.php 65
SQL: select count(*) as c from `zao_category` where 1 limit 1(OK:0.058)
[2015-12-18 13:03:07]Info: E:\php\zao\web\zao\model\ModGoods.php 69
SQL: select * from `zao_category` where 1 order by `cid` asc(OK:0.002)
[2015-12-18 13:03:08]Error: E:\php\zao\config\global.php 82
Use of undefined constant APP_URL - assumed 'APP_URL'

-----------------------------------
[2015-12-18 13:03:08] 127.0.0.1 http://zao.com/zao.php?ct=index&ac=addGoods
COOKIE: array (
  'dm_admin_name_zao' => '114',
  'dm_admin_auth_zao' => '8133f8949ef2c9654a387afcd1b4e937',
  'dm_open_time_zao' => '1450414982',
)
[2015-12-18 13:03:08]Info: E:\php\zao\web\zao\model\ModGoods.php 65
SQL: select count(*) as c from `zao_category` where 1 limit 1(OK:0.011)
[2015-12-18 13:03:08]Info: E:\php\zao\web\zao\model\ModGoods.php 69
SQL: select * from `zao_category` where 1 order by `cid` asc(OK:0.001)
[2015-12-18 13:03:08]Error: E:\php\zao\config\global.php 82
Use of undefined constant APP_URL - assumed 'APP_URL'

-----------------------------------
[2015-12-18 13:03:09] 127.0.0.1 http://zao.com/zao.php?ct=user
COOKIE: array (
  'dm_admin_name_zao' => '114',
  'dm_admin_auth_zao' => '8133f8949ef2c9654a387afcd1b4e937',
  'dm_open_time_zao' => '1450414982',
)
[2015-12-18 13:03:09]Info: E:\php\zao\web\zao\model\ModUser.php 32
SQL: select count(*) as c from `zao_user` where 1 limit 1(OK:0.01)
[2015-12-18 13:03:09]Info: E:\php\zao\web\zao\model\ModUser.php 35
SQL: select * from `zao_user`
where 1 
order by `ct` desc  limit 0, 10(OK:0.001)
[2015-12-18 13:03:09]Error: E:\php\zao\web\zao\index.php 14
Undefined index: ac

-----------------------------------
[2015-12-18 13:03:10] 127.0.0.1 http://zao.com/zao.php?index.php
COOKIE: array (
  'dm_admin_name_zao' => '114',
  'dm_admin_auth_zao' => '8133f8949ef2c9654a387afcd1b4e937',
  'dm_open_time_zao' => '1450414982',
)
[2015-12-18 13:03:10]Info: E:\php\zao\web\zao\model\ModGoods.php 31
SQL: select count(*) as c from `zao_goods` where 1 limit 1(OK:0.012)
[2015-12-18 13:03:10]Info: E:\php\zao\web\zao\model\ModGoods.php 34
SQL: select a.*, b.nickname from `zao_goods` a
left join `zao_user` b on a.uid = b.uid
where 1 
order by `ct` desc  limit 0, 10(OK:0.001)
[2015-12-18 13:03:10]Error: E:\php\zao\web\zao\index.php 14
Undefined index: ac

-----------------------------------
[2015-12-18 13:04:26] 127.0.0.1 http://zao.com/main/?ct=api&method=user.regist
POST: array (
  'phone' => '15913159968',
  'code' => '606875',
  'psw' => '123456',
  'task' => 'reg',
)
COOKIE: array (
  'dm_admin_name_zao' => '114',
  'dm_admin_auth_zao' => '8133f8949ef2c9654a387afcd1b4e937',
  'dm_open_time_zao' => '1450414982',
)
[2015-12-18 13:04:26]Info: E:\php\zao\web\main\model\ModUser.php 24
SQL: select * from zao_user where `phone` = '15913159968' limit 1(OK:0.01)
[2015-12-18 13:04:26]Error: E:\php\zao\web\main\model\ModUser.php 29
SQL: insert into `zao_user` (`phone`, `code`, `psw`, `ct`) values ('15913159968',  '606875',  'cfd13d1a5405c4c035c4ee59cee2e71a',  '1450415066')  on duplicate key update `phone`='15913159968',  `code`='606875',  `psw`='cfd13d1a5405c4c035c4ee59cee2e71a',  `ct`='1450415066' (error：Unknown column 'code' in 'field list')
[2015-12-18 13:04:26]Info: E:\php\zao\web\main\controller\CtlApi.php 24
array (
  'code' => '410',
  'data' => '系统发生故障，保存用户数据失败，请稍后再操作',
  'ct' => 1450415066,
)
[2015-12-18 13:04:26]Error: E:\php\zao\config\global.php 82
Use of undefined constant APP_URL - assumed 'APP_URL'

-----------------------------------
[2015-12-18 13:05:42] 127.0.0.1 http://zao.com/zao.php?ct=user
COOKIE: array (
  'dm_admin_name_zao' => '114',
  'dm_admin_auth_zao' => '8133f8949ef2c9654a387afcd1b4e937',
  'dm_open_time_zao' => '1450414982',
)
[2015-12-18 13:05:42]Info: E:\php\zao\web\zao\model\ModUser.php 32
SQL: select count(*) as c from `zao_user` where 1 limit 1(OK:0.012)
[2015-12-18 13:05:42]Info: E:\php\zao\web\zao\model\ModUser.php 35
SQL: select * from `zao_user`
where 1 
order by `ct` desc  limit 0, 10(OK:0.001)
[2015-12-18 13:05:42]Error: E:\php\zao\web\zao\index.php 14
Undefined index: ac

-----------------------------------
[2015-12-18 13:05:43] 127.0.0.1 http://zao.com/zao.php?ct=login&ac=logout
COOKIE: array (
  'dm_admin_name_zao' => '114',
  'dm_admin_auth_zao' => '8133f8949ef2c9654a387afcd1b4e937',
  'dm_open_time_zao' => '1450414982',
)
[2015-12-18 13:05:43]Error: E:\php\zao\config\global.php 82
Use of undefined constant APP_URL - assumed 'APP_URL'

-----------------------------------
[2015-12-18 13:05:43] 127.0.0.1 http://zao.com/zao.php?ct=login
[2015-12-18 13:05:43]Error: E:\php\zao\config\global.php 82
Use of undefined constant APP_URL - assumed 'APP_URL'

-----------------------------------
[2015-12-18 13:05:44] 127.0.0.1 http://zao.com/zao.php?ct=login&ac=login
POST: array (
  'name' => '114',
  'password' => '114',
)
[2015-12-18 13:05:44]Info: E:\php\zao\web\zao\model\ModAuth.php 25
SQL: select * from `zao_admin` where `phone` ='114' limit 1(OK:0.004)
[2015-12-18 13:05:44]Info: E:\php\zao\web\zao\model\ModAuth.php 29
SQL: update `zao_admin` set `lastLoginIP`='127.0.0.1',  `lastLoginTime`='1450415144' where `phone` = '114' (OK:0.097)
[2015-12-18 13:05:44]Error: E:\php\zao\config\global.php 82
Use of undefined constant APP_URL - assumed 'APP_URL'

-----------------------------------
[2015-12-18 13:05:44] 127.0.0.1 http://zao.com/zao.php
COOKIE: array (
  'dm_admin_name_zao' => '114',
  'dm_admin_auth_zao' => '0b1b7677f5ee9b9ebf815a8e33281c7e',
  'dm_open_time_zao' => '1450415144',
)
[2015-12-18 13:05:44]Info: E:\php\zao\web\zao\model\ModGoods.php 31
SQL: select count(*) as c from `zao_goods` where 1 limit 1(OK:0.011)
[2015-12-18 13:05:44]Info: E:\php\zao\web\zao\model\ModGoods.php 34
SQL: select a.*, b.nickname from `zao_goods` a
left join `zao_user` b on a.uid = b.uid
where 1 
order by `ct` desc  limit 0, 10(OK:0.001)
[2015-12-18 13:05:44]Error: E:\php\zao\web\zao\index.php 14
Undefined index: ac

-----------------------------------
[2015-12-18 13:05:45] 127.0.0.1 http://zao.com/zao.php?ct=user
COOKIE: array (
  'dm_admin_name_zao' => '114',
  'dm_admin_auth_zao' => '0b1b7677f5ee9b9ebf815a8e33281c7e',
  'dm_open_time_zao' => '1450415144',
)
[2015-12-18 13:05:45]Info: E:\php\zao\web\zao\model\ModUser.php 32
SQL: select count(*) as c from `zao_user` where 1 limit 1(OK:0.003)
[2015-12-18 13:05:45]Info: E:\php\zao\web\zao\model\ModUser.php 35
SQL: select * from `zao_user`
where 1 
order by `ct` desc  limit 0, 10(OK:0.001)
[2015-12-18 13:05:45]Error: E:\php\zao\web\zao\index.php 14
Undefined index: ac

-----------------------------------
[2015-12-18 13:06:42] 127.0.0.1 http://zao.com/main/?ct=api&method=user.regist
POST: array (
  'phone' => '15913159968',
  'code' => '606875',
  'psw' => '123456',
  'task' => 'reg',
)
COOKIE: array (
  'dm_admin_name_zao' => '114',
  'dm_admin_auth_zao' => '0b1b7677f5ee9b9ebf815a8e33281c7e',
  'dm_open_time_zao' => '1450415144',
)
[2015-12-18 13:06:42]Info: E:\php\zao\web\main\model\ModUser.php 24
SQL: select * from zao_user where `phone` = '15913159968' limit 1(OK:0.052)
[2015-12-18 13:06:42]Error: E:\php\zao\web\main\model\ModUser.php 29
SQL: insert into `zao_user` (`phone`, `code`, `psw`, `ct`) values ('15913159968',  '606875',  'cfd13d1a5405c4c035c4ee59cee2e71a',  '1450415202')  on duplicate key update `phone`='15913159968',  `code`='606875',  `psw`='cfd13d1a5405c4c035c4ee59cee2e71a',  `ct`='1450415202' (error：Unknown column 'code' in 'field list')
[2015-12-18 13:06:42]Info: E:\php\zao\web\main\controller\CtlApi.php 24
array (
  'code' => '410',
  'data' => '系统发生故障，保存用户数据失败，请稍后再操作',
  'ct' => 1450415202,
)
[2015-12-18 13:06:42]Error: E:\php\zao\config\global.php 82
Use of undefined constant APP_URL - assumed 'APP_URL'

-----------------------------------
[2015-12-18 13:08:04] 127.0.0.1 http://zao.com/main/?ct=api&method=user.regist
POST: array (
  'phone' => '15913159968',
  'code' => '606875',
  'psw' => '123456',
  'task' => 'reg',
)
COOKIE: array (
  'dm_admin_name_zao' => '114',
  'dm_admin_auth_zao' => '0b1b7677f5ee9b9ebf815a8e33281c7e',
  'dm_open_time_zao' => '1450415144',
)
[2015-12-18 13:08:04]Info: E:\php\zao\web\main\model\ModUser.php 24
SQL: select * from zao_user where `phone` = '15913159968' limit 1(OK:0.017)
[2015-12-18 13:08:04]Error: E:\php\zao\web\main\model\ModUser.php 29
SQL: insert into `zao_user` (`phone`, `code`, `psw`, `ct`) values ('15913159968',  '606875',  'cfd13d1a5405c4c035c4ee59cee2e71a',  '1450415284')  on duplicate key update `phone`='15913159968',  `code`='606875',  `psw`='cfd13d1a5405c4c035c4ee59cee2e71a',  `ct`='1450415284' (error：Unknown column 'code' in 'field list')
[2015-12-18 13:08:04]Info: E:\php\zao\web\main\controller\CtlApi.php 24
array (
  'code' => '410',
  'data' => '系统发生故障，保存用户数据失败，请稍后再操作',
  'ct' => 1450415284,
)
[2015-12-18 13:08:04]Error: E:\php\zao\config\global.php 82
Use of undefined constant APP_URL - assumed 'APP_URL'

-----------------------------------
[2015-12-18 13:09:35] 127.0.0.1 http://zao.com/main/?ct=api&method=user.regist
POST: array (
  'phone' => '15913159968',
  'code' => '606875',
  'psw' => '123456',
  'task' => 'reg',
)
COOKIE: array (
  'dm_admin_name_zao' => '114',
  'dm_admin_auth_zao' => '0b1b7677f5ee9b9ebf815a8e33281c7e',
  'dm_open_time_zao' => '1450415144',
)
[2015-12-18 13:09:35]Info: E:\php\zao\web\main\model\ModUser.php 24
SQL: select * from zao_user where `phone` = '15913159968' limit 1(OK:0.011)
[2015-12-18 13:09:35]Error: E:\php\zao\web\main\model\ModUser.php 29
SQL: insert into `zao_user` (`phone`, `code`, `psw`, `ct`) values ('15913159968',  '606875',  'cfd13d1a5405c4c035c4ee59cee2e71a',  '1450415375')  on duplicate key update `phone`='15913159968',  `code`='606875',  `psw`='cfd13d1a5405c4c035c4ee59cee2e71a',  `ct`='1450415375' (error：Unknown column 'code' in 'field list')
[2015-12-18 13:09:35]Info: E:\php\zao\web\main\controller\CtlApi.php 24
array (
  'code' => '410',
  'data' => '系统发生故障，保存用户数据失败，请稍后再操作',
  'ct' => 1450415375,
)
[2015-12-18 13:09:35]Error: E:\php\zao\config\global.php 82
Use of undefined constant APP_URL - assumed 'APP_URL'

-----------------------------------
[2015-12-18 13:10:04] 127.0.0.1 http://zao.com/main/?ct=api&method=user.regist
POST: array (
  'phone' => '15913159968',
  'code' => '606875',
  'psw' => '123456',
  'task' => 'reg',
)
COOKIE: array (
  'dm_admin_name_zao' => '114',
  'dm_admin_auth_zao' => '0b1b7677f5ee9b9ebf815a8e33281c7e',
  'dm_open_time_zao' => '1450415144',
)
[2015-12-18 13:10:04]Info: E:\php\zao\web\main\model\ModUser.php 24
SQL: select * from zao_user where `phone` = '15913159968' limit 1(OK:0.002)
[2015-12-18 13:10:04]Error: E:\php\zao\web\main\model\ModUser.php 29
SQL: insert into `zao_user` (`phone`, `code`, `psw`, `ct`) values ('15913159968',  '606875',  'cfd13d1a5405c4c035c4ee59cee2e71a',  '1450415404')  on duplicate key update `phone`='15913159968',  `code`='606875',  `psw`='cfd13d1a5405c4c035c4ee59cee2e71a',  `ct`='1450415404' (error：Unknown column 'code' in 'field list')
[2015-12-18 13:10:04]Info: E:\php\zao\web\main\controller\CtlApi.php 24
array (
  'code' => '410',
  'data' => '系统发生故障，保存用户数据失败，请稍后再操作',
  'ct' => 1450415404,
)
[2015-12-18 13:10:04]Error: E:\php\zao\config\global.php 82
Use of undefined constant APP_URL - assumed 'APP_URL'

-----------------------------------
[2015-12-18 13:10:32] 127.0.0.1 http://zao.com/main/?ct=api&method=user.regist
POST: array (
  'phone' => '15913159968',
  'code' => '606875',
  'psw' => '123456',
  'task' => 'reg',
)
COOKIE: array (
  'dm_admin_name_zao' => '114',
  'dm_admin_auth_zao' => '0b1b7677f5ee9b9ebf815a8e33281c7e',
  'dm_open_time_zao' => '1450415144',
)
[2015-12-18 13:10:32]Info: E:\php\zao\web\main\model\ModUser.php 24
SQL: select * from zao_user where `phone` = '15913159968' limit 1(OK:0.021)
[2015-12-18 13:10:33]Info: E:\php\zao\web\main\model\ModUser.php 29
SQL: insert into `zao_user` (`phone`, `psw`, `ct`) values ('15913159968',  'cfd13d1a5405c4c035c4ee59cee2e71a',  '1450415432')  on duplicate key update `phone`='15913159968',  `psw`='cfd13d1a5405c4c035c4ee59cee2e71a',  `ct`='1450415432' (OK:0.214)
[2015-12-18 13:10:33]Info: E:\php\zao\web\main\model\ModUser.php 40
SQL: select * from zao_user where `uid` = '' limit 1(OK:0.009)
[2015-12-18 13:10:33]Info: E:\php\zao\web\main\controller\CtlApi.php 24
array (
  0 => '0',
  1 => 
  array (
    'uid' => '0',
    'phone' => '41545646',
    'salt' => '0',
    'nickname' => '群主',
    'purse' => '0',
    'email' => '',
    'sex' => '男',
    'qq' => '542136758',
    'signature' => '没有目的就没有方向',
    'ct' => '0',
    'last_logintime' => '0',
    'register_device' => '0',
    'birthday' => '1990-01-01',
    'portrait' => 'upload/user/1.jpg',
    'favorited_goods' => '',
    'purchased_goods' => '',
    'is_del' => '0',
  ),
)
[2015-12-18 13:10:33]Error: E:\php\zao\config\global.php 82
Use of undefined constant APP_URL - assumed 'APP_URL'

-----------------------------------
[2015-12-18 13:10:42] 127.0.0.1 http://zao.com/main/?ct=api&method=user.regist
POST: array (
  'phone' => '15913159968',
  'code' => '606875',
  'psw' => '123456',
  'task' => 'reg',
)
COOKIE: array (
  'dm_admin_name_zao' => '114',
  'dm_admin_auth_zao' => '0b1b7677f5ee9b9ebf815a8e33281c7e',
  'dm_open_time_zao' => '1450415144',
)
[2015-12-18 13:10:42]Info: E:\php\zao\web\main\model\ModUser.php 24
SQL: select * from zao_user where `phone` = '15913159968' limit 1(OK:0.02)
[2015-12-18 13:10:42]Info: E:\php\zao\web\main\model\ModUser.php 29
SQL: insert into `zao_user` (`phone`, `psw`, `ct`) values ('15913159968',  'cfd13d1a5405c4c035c4ee59cee2e71a',  '1450415442')  on duplicate key update `phone`='15913159968',  `psw`='cfd13d1a5405c4c035c4ee59cee2e71a',  `ct`='1450415442' (OK:0.143)
[2015-12-18 13:10:43]Info: E:\php\zao\web\main\model\ModUser.php 40
SQL: select * from zao_user where `uid` = '' limit 1(OK:0.002)
[2015-12-18 13:10:43]Info: E:\php\zao\web\main\controller\CtlApi.php 24
array (
  0 => '0',
  1 => 
  array (
    'uid' => '0',
    'phone' => '41545646',
    'salt' => '0',
    'nickname' => '群主',
    'purse' => '0',
    'email' => '',
    'sex' => '男',
    'qq' => '542136758',
    'signature' => '没有目的就没有方向',
    'ct' => '0',
    'last_logintime' => '0',
    'register_device' => '0',
    'birthday' => '1990-01-01',
    'portrait' => 'upload/user/1.jpg',
    'favorited_goods' => '',
    'purchased_goods' => '',
    'is_del' => '0',
  ),
)
[2015-12-18 13:10:43]Error: E:\php\zao\config\global.php 82
Use of undefined constant APP_URL - assumed 'APP_URL'

-----------------------------------
[2015-12-18 13:10:50] 127.0.0.1 http://zao.com/main/?ct=api&method=user.regist
POST: array (
  'phone' => '15913159968',
  'code' => '606875',
  'psw' => '123456',
  'task' => 'reg',
)
COOKIE: array (
  'dm_admin_name_zao' => '114',
  'dm_admin_auth_zao' => '0b1b7677f5ee9b9ebf815a8e33281c7e',
  'dm_open_time_zao' => '1450415144',
)
[2015-12-18 13:10:50]Info: E:\php\zao\web\main\model\ModUser.php 24
SQL: select * from zao_user where `phone` = '15913159968' limit 1(OK:0.017)
[2015-12-18 13:10:50]Info: E:\php\zao\web\main\model\ModUser.php 29
SQL: insert into `zao_user` (`phone`, `psw`, `ct`) values ('15913159968',  'cfd13d1a5405c4c035c4ee59cee2e71a',  '1450415450')  on duplicate key update `phone`='15913159968',  `psw`='cfd13d1a5405c4c035c4ee59cee2e71a',  `ct`='1450415450' (OK:0.121)
[2015-12-18 13:10:50]Info: E:\php\zao\web\main\model\ModUser.php 40
SQL: select * from zao_user where `uid` = '' limit 1(OK:0.002)
[2015-12-18 13:10:50]Info: E:\php\zao\web\main\controller\CtlApi.php 24
array (
  0 => '0',
  1 => 
  array (
    'uid' => '0',
    'phone' => '41545646',
    'salt' => '0',
    'nickname' => '群主',
    'purse' => '0',
    'email' => '',
    'sex' => '男',
    'qq' => '542136758',
    'signature' => '没有目的就没有方向',
    'ct' => '0',
    'last_logintime' => '0',
    'register_device' => '0',
    'birthday' => '1990-01-01',
    'portrait' => 'upload/user/1.jpg',
    'favorited_goods' => '',
    'purchased_goods' => '',
    'is_del' => '0',
  ),
)
[2015-12-18 13:10:50]Error: E:\php\zao\config\global.php 82
Use of undefined constant APP_URL - assumed 'APP_URL'

-----------------------------------
[2015-12-18 13:13:43] 127.0.0.1 http://zao.com/main/?ct=api&method=user.regist
POST: array (
  'phone' => '15913159968',
  'code' => '606875',
  'psw' => '123456',
  'task' => 'reg',
)
COOKIE: array (
  'dm_admin_name_zao' => '114',
  'dm_admin_auth_zao' => '0b1b7677f5ee9b9ebf815a8e33281c7e',
  'dm_open_time_zao' => '1450415144',
)
[2015-12-18 13:13:43]Info: E:\php\zao\web\main\model\ModUser.php 24
SQL: select * from zao_user where `phone` = '15913159968' limit 1(OK:0.059)
[2015-12-18 13:13:43]Info: E:\php\zao\web\main\model\ModUser.php 29
SQL: insert into `zao_user` (`phone`, `psw`, `ct`) values ('15913159968',  'cfd13d1a5405c4c035c4ee59cee2e71a',  '1450415623')  on duplicate key update `phone`='15913159968',  `psw`='cfd13d1a5405c4c035c4ee59cee2e71a',  `ct`='1450415623' (OK:0.052)
[2015-12-18 13:13:43]Info: E:\php\zao\web\main\model\ModUser.php 40
SQL: select * from zao_user where `uid` = '' limit 1(OK:0.001)
[2015-12-18 13:13:43]Info: E:\php\zao\web\main\controller\CtlApi.php 24
array (
  0 => '0',
  1 => 
  array (
    'uid' => '0',
    'phone' => '41545646',
    'salt' => '0',
    'nickname' => '群主',
    'purse' => '0',
    'email' => '',
    'sex' => '男',
    'qq' => '542136758',
    'signature' => '没有目的就没有方向',
    'ct' => '0',
    'last_logintime' => '0',
    'register_device' => '0',
    'birthday' => '1990-01-01',
    'portrait' => 'upload/user/1.jpg',
    'favorited_goods' => '',
    'purchased_goods' => '',
    'is_del' => '0',
  ),
)
[2015-12-18 13:13:43]Error: E:\php\zao\config\global.php 82
Use of undefined constant APP_URL - assumed 'APP_URL'

-----------------------------------
[2015-12-18 13:14:29] 127.0.0.1 http://zao.com/main/?ct=api&method=user.regist
POST: array (
  'phone' => '15913159968',
  'code' => '606875',
  'psw' => '123456',
  'task' => 'reg',
)
COOKIE: array (
  'dm_admin_name_zao' => '114',
  'dm_admin_auth_zao' => '0b1b7677f5ee9b9ebf815a8e33281c7e',
  'dm_open_time_zao' => '1450415144',
)
[2015-12-18 13:14:29]Info: E:\php\zao\web\main\model\ModUser.php 24
SQL: select * from zao_user where `phone` = '15913159968' limit 1(OK:0.056)
[2015-12-18 13:14:29]Info: E:\php\zao\web\main\model\ModUser.php 29
SQL: insert into `zao_user` (`phone`, `psw`, `ct`) values ('15913159968',  'cfd13d1a5405c4c035c4ee59cee2e71a',  '1450415669')  on duplicate key update `phone`='15913159968',  `psw`='cfd13d1a5405c4c035c4ee59cee2e71a',  `ct`='1450415669' (OK:0.125)
[2015-12-18 13:14:29]Info: E:\php\zao\web\main\model\ModUser.php 35
SQL: select * from zao_user where `phone` = '15913159968' limit 1(OK:0.002)
[2015-12-18 13:14:29]Info: E:\php\zao\web\main\controller\CtlApi.php 24
array (
  'code' => '303',
  'data' => '接口校验失败',
  'ct' => 1450415669,
)
[2015-12-18 13:14:29]Error: E:\php\zao\config\global.php 82
Use of undefined constant APP_URL - assumed 'APP_URL'

-----------------------------------
[2015-12-18 13:15:22] 127.0.0.1 http://zao.com/main/?ct=api&method=user.regist
POST: array (
  'phone' => '15913159968',
  'code' => '606875',
  'psw' => '123456',
  'task' => 'reg',
)
COOKIE: array (
  'dm_admin_name_zao' => '114',
  'dm_admin_auth_zao' => '0b1b7677f5ee9b9ebf815a8e33281c7e',
  'dm_open_time_zao' => '1450415144',
)
[2015-12-18 13:15:22]Info: E:\php\zao\web\main\model\ModUser.php 24
SQL: select * from zao_user where `phone` = '15913159968' limit 1(OK:0.003)
[2015-12-18 13:15:22]Info: E:\php\zao\web\main\model\ModUser.php 29
SQL: insert into `zao_user` (`phone`, `psw`, `ct`) values ('15913159968',  'cfd13d1a5405c4c035c4ee59cee2e71a',  '1450415722')  on duplicate key update `phone`='15913159968',  `psw`='cfd13d1a5405c4c035c4ee59cee2e71a',  `ct`='1450415722' (OK:0.083)
[2015-12-18 13:15:22]Info: E:\php\zao\web\main\model\ModUser.php 35
SQL: select * from zao_user where `phone` = '15913159968' limit 1(OK:0.002)
[2015-12-18 13:15:22]Info: E:\php\zao\web\main\controller\CtlApi.php 24
array (
  'code' => '303',
  'data' => '接口校验失败',
  'ct' => 1450415722,
)
[2015-12-18 13:15:22]Error: E:\php\zao\config\global.php 82
Use of undefined constant APP_URL - assumed 'APP_URL'

-----------------------------------
[2015-12-18 13:16:36] 127.0.0.1 http://zao.com/main/?ct=api&method=user.regist
POST: array (
  'phone' => '15913159968',
  'code' => '606875',
  'psw' => '123456',
  'task' => 'reg',
)
COOKIE: array (
  'dm_admin_name_zao' => '114',
  'dm_admin_auth_zao' => '0b1b7677f5ee9b9ebf815a8e33281c7e',
  'dm_open_time_zao' => '1450415144',
)
[2015-12-18 13:16:36]Info: E:\php\zao\web\main\model\ModUser.php 24
SQL: select * from zao_user where `phone` = '15913159968' limit 1(OK:0.021)
[2015-12-18 13:16:36]Info: E:\php\zao\web\main\model\ModUser.php 29
SQL: insert into `zao_user` (`phone`, `psw`, `ct`) values ('15913159968',  'cfd13d1a5405c4c035c4ee59cee2e71a',  '1450415796')  on duplicate key update `phone`='15913159968',  `psw`='cfd13d1a5405c4c035c4ee59cee2e71a',  `ct`='1450415796' (OK:0.087)
[2015-12-18 13:16:36]Info: E:\php\zao\web\main\model\ModUser.php 35
SQL: select * from zao_user where `phone` = '15913159968' limit 1(OK:0.002)
[2015-12-18 13:16:36]Info: E:\php\zao\web\main\controller\CtlApi.php 24
array (
  'code' => '303',
  'data' => '接口校验失败',
  'ct' => 1450415796,
)
[2015-12-18 13:16:36]Error: E:\php\zao\config\global.php 82
Use of undefined constant APP_URL - assumed 'APP_URL'

-----------------------------------
[2015-12-18 13:19:39] 127.0.0.1 http://zao.com/main/?ct=api&method=user.regist
POST: array (
  'phone' => '15913159968',
  'code' => '606875',
  'psw' => '123456',
  'task' => 'reg',
)
COOKIE: array (
  'dm_admin_name_zao' => '114',
  'dm_admin_auth_zao' => '0b1b7677f5ee9b9ebf815a8e33281c7e',
  'dm_open_time_zao' => '1450415144',
)
[2015-12-18 13:19:39]Info: E:\php\zao\web\main\model\ModUser.php 24
SQL: select * from zao_user where `phone` = '15913159968' limit 1(OK:0.016)
[2015-12-18 13:19:39]Info: E:\php\zao\web\main\model\ModUser.php 29
SQL: insert into `zao_user` (`phone`, `psw`, `ct`) values ('15913159968',  'cfd13d1a5405c4c035c4ee59cee2e71a',  '1450415979')  on duplicate key update `phone`='15913159968',  `psw`='cfd13d1a5405c4c035c4ee59cee2e71a',  `ct`='1450415979' (OK:0.082)
[2015-12-18 13:19:39]Info: E:\php\zao\web\main\model\ModUser.php 35
SQL: select * from zao_user where `phone` = '15913159968' limit 1(OK:0.001)
[2015-12-18 13:19:39]Info: E:\php\zao\web\main\controller\CtlApi.php 24
array (
  'code' => '303',
  'data' => '接口校验失败',
  'ct' => 1450415979,
)
[2015-12-18 13:19:39]Error: E:\php\zao\config\global.php 82
Use of undefined constant APP_URL - assumed 'APP_URL'

-----------------------------------
[2015-12-18 13:21:52] 127.0.0.1 http://zao.com/main/?ct=api&method=user.regist
POST: array (
  'phone' => '15913159968',
  'code' => '606875',
  'psw' => '123456',
  'task' => 'reg',
)
COOKIE: array (
  'dm_admin_name_zao' => '114',
  'dm_admin_auth_zao' => '0b1b7677f5ee9b9ebf815a8e33281c7e',
  'dm_open_time_zao' => '1450415144',
)
[2015-12-18 13:21:52]Info: E:\php\zao\web\main\model\ModUser.php 24
SQL: select * from zao_user where `phone` = '15913159968' limit 1(OK:0.001)
[2015-12-18 13:21:52]Info: E:\php\zao\web\main\model\ModUser.php 29
SQL: insert into `zao_user` (`phone`, `psw`, `ct`) values ('15913159968',  'cfd13d1a5405c4c035c4ee59cee2e71a',  '1450416112')  on duplicate key update `phone`='15913159968',  `psw`='cfd13d1a5405c4c035c4ee59cee2e71a',  `ct`='1450416112' (OK:0.059)
[2015-12-18 13:21:52]Info: E:\php\zao\web\main\model\ModUser.php 35
SQL: select * from zao_user where `phone` = '15913159968' limit 1(OK:0.001)
[2015-12-18 13:21:52]Info: E:\php\zao\web\main\controller\CtlApi.php 24
array (
  0 => '0',
  1 => 
  array (
    'uid' => '195',
    'phone' => '15913159968',
    'salt' => '0',
    'nickname' => 'MakeIt',
    'purse' => '0',
    'email' => '',
    'sex' => '男',
    'qq' => NULL,
    'signature' => '没有方向何必流浪',
    'ct' => '1450416112',
    'last_logintime' => '0',
    'register_device' => '0',
    'birthday' => '1990年01月01日',
    'portrait' => NULL,
    'favorited_goods' => '',
    'purchased_goods' => '',
    'is_del' => '1',
  ),
)
[2015-12-18 13:21:52]Error: E:\php\zao\config\global.php 82
Use of undefined constant APP_URL - assumed 'APP_URL'

-----------------------------------
[2015-12-18 13:22:25] 127.0.0.1 http://zao.com/main/?ct=api&method=user.regist
POST: array (
  'phone' => '15913159968',
  'code' => '606875',
  'psw' => '123456',
  'task' => 'reg',
)
COOKIE: array (
  'dm_admin_name_zao' => '114',
  'dm_admin_auth_zao' => '0b1b7677f5ee9b9ebf815a8e33281c7e',
  'dm_open_time_zao' => '1450415144',
)
[2015-12-18 13:22:25]Info: E:\php\zao\web\main\model\ModUser.php 24
SQL: select * from zao_user where `phone` = '15913159968' limit 1(OK:0.003)
[2015-12-18 13:22:26]Info: E:\php\zao\web\main\controller\CtlApi.php 24
array (
  'code' => '406',
  'data' => '手机号码已经存在',
  'ct' => 1450416146,
)
[2015-12-18 13:22:26]Error: E:\php\zao\config\global.php 82
Use of undefined constant APP_URL - assumed 'APP_URL'

-----------------------------------
[2015-12-18 13:22:28] 127.0.0.1 http://zao.com/main/?ct=api&method=user.regist
POST: array (
  'phone' => '15913159968',
  'code' => '606875',
  'psw' => '123456',
  'task' => 'reg',
)
COOKIE: array (
  'dm_admin_name_zao' => '114',
  'dm_admin_auth_zao' => '0b1b7677f5ee9b9ebf815a8e33281c7e',
  'dm_open_time_zao' => '1450415144',
)
[2015-12-18 13:22:28]Info: E:\php\zao\web\main\model\ModUser.php 24
SQL: select * from zao_user where `phone` = '15913159968' limit 1(OK:0.003)
[2015-12-18 13:22:28]Info: E:\php\zao\web\main\controller\CtlApi.php 24
array (
  'code' => '406',
  'data' => '手机号码已经存在',
  'ct' => 1450416148,
)
[2015-12-18 13:22:28]Error: E:\php\zao\config\global.php 82
Use of undefined constant APP_URL - assumed 'APP_URL'

-----------------------------------
[2015-12-18 13:22:35] 127.0.0.1 http://zao.com/main/?ct=api&method=user.regist
POST: array (
  'phone' => '15913159968',
  'code' => '606875',
  'psw' => '123456',
)
COOKIE: array (
  'dm_admin_name_zao' => '114',
  'dm_admin_auth_zao' => '0b1b7677f5ee9b9ebf815a8e33281c7e',
  'dm_open_time_zao' => '1450415144',
)
[2015-12-18 13:22:35]Info: E:\php\zao\web\main\model\ModUser.php 24
SQL: select * from zao_user where `phone` = '15913159968' limit 1(OK:0.022)
[2015-12-18 13:22:35]Info: E:\php\zao\web\main\model\ModUser.php 29
SQL: insert into `zao_user` (`phone`, `psw`, `ct`) values ('15913159968',  'cfd13d1a5405c4c035c4ee59cee2e71a',  '1450416155')  on duplicate key update `phone`='15913159968',  `psw`='cfd13d1a5405c4c035c4ee59cee2e71a',  `ct`='1450416155' (OK:0.039)
[2015-12-18 13:22:35]Info: E:\php\zao\web\main\model\ModUser.php 35
SQL: select * from zao_user where `phone` = '15913159968' limit 1(OK:0.001)
[2015-12-18 13:22:35]Info: E:\php\zao\web\main\controller\CtlApi.php 24
array (
  0 => '0',
  1 => 
  array (
    'uid' => '195',
    'phone' => '15913159968',
    'salt' => '0',
    'nickname' => 'MakeIt',
    'purse' => '0',
    'email' => '',
    'sex' => '男',
    'qq' => NULL,
    'signature' => '没有方向何必流浪.....',
    'ct' => '1450416155',
    'last_logintime' => '0',
    'register_device' => '0',
    'birthday' => '1990年01月01日',
    'portrait' => NULL,
    'favorited_goods' => '',
    'purchased_goods' => '',
    'is_del' => '1',
  ),
)
[2015-12-18 13:22:35]Error: E:\php\zao\config\global.php 82
Use of undefined constant APP_URL - assumed 'APP_URL'

-----------------------------------
[2015-12-18 13:23:43] 127.0.0.1 http://zao.com/main/?ct=api&method=user.regist
POST: array (
  'phone' => '15913159968',
  'code' => '606875',
  'psw' => '111',
)
COOKIE: array (
  'dm_admin_name_zao' => '114',
  'dm_admin_auth_zao' => '0b1b7677f5ee9b9ebf815a8e33281c7e',
  'dm_open_time_zao' => '1450415144',
)
[2015-12-18 13:23:43]Info: E:\php\zao\web\main\model\ModUser.php 24
SQL: select * from zao_user where `phone` = '15913159968' limit 1(OK:0.014)
[2015-12-18 13:23:43]Info: E:\php\zao\web\main\controller\CtlApi.php 24
array (
  'code' => '414',
  'data' => '密码至少由6个字符组成',
  'ct' => 1450416223,
)
[2015-12-18 13:23:43]Error: E:\php\zao\config\global.php 82
Use of undefined constant APP_URL - assumed 'APP_URL'

-----------------------------------
[2015-12-18 13:23:49] 127.0.0.1 http://zao.com/main/?ct=api&method=user.regist
POST: array (
  'phone' => '15913159968',
  'code' => '606875',
  'psw' => 'qqqqqq',
)
COOKIE: array (
  'dm_admin_name_zao' => '114',
  'dm_admin_auth_zao' => '0b1b7677f5ee9b9ebf815a8e33281c7e',
  'dm_open_time_zao' => '1450415144',
)
[2015-12-18 13:23:49]Info: E:\php\zao\web\main\model\ModUser.php 24
SQL: select * from zao_user where `phone` = '15913159968' limit 1(OK:0.012)
[2015-12-18 13:23:49]Info: E:\php\zao\web\main\model\ModUser.php 29
SQL: insert into `zao_user` (`phone`, `psw`, `ct`) values ('15913159968',  'da59893cac6d068e84d8c49e616bd757',  '1450416229')  on duplicate key update `phone`='15913159968',  `psw`='da59893cac6d068e84d8c49e616bd757',  `ct`='1450416229' (OK:0.067)
[2015-12-18 13:23:49]Info: E:\php\zao\web\main\model\ModUser.php 35
SQL: select * from zao_user where `phone` = '15913159968' limit 1(OK:0.001)
[2015-12-18 13:23:49]Info: E:\php\zao\web\main\controller\CtlApi.php 24
array (
  0 => '0',
  1 => 
  array (
    'uid' => '195',
    'phone' => '15913159968',
    'salt' => '0',
    'nickname' => 'MakeIt',
    'purse' => '0',
    'email' => '',
    'sex' => '男',
    'qq' => NULL,
    'signature' => '没有方向何必流浪.....',
    'ct' => '1450416229',
    'last_logintime' => '0',
    'register_device' => '0',
    'birthday' => '1990年01月01日',
    'portrait' => NULL,
    'favorited_goods' => '',
    'purchased_goods' => '',
    'is_del' => '1',
  ),
)
[2015-12-18 13:23:49]Error: E:\php\zao\config\global.php 82
Use of undefined constant APP_URL - assumed 'APP_URL'

-----------------------------------
[2015-12-18 13:24:41] 127.0.0.1 http://zao.com/main/?ct=api&method=user.getsmscode
POST: array (
  'phone' => '15913159968',
)
COOKIE: array (
  'dm_admin_name_zao' => '114',
  'dm_admin_auth_zao' => '0b1b7677f5ee9b9ebf815a8e33281c7e',
  'dm_open_time_zao' => '1450415144',
)
[2015-12-18 13:24:41]Info: E:\php\zao\web\main\controller\CtlApi.php 24
array (
  'code' => '0',
  'data' => '【测试机器】您的验证码是：754088',
  'ct' => 1450416281,
)
[2015-12-18 13:24:41]Error: E:\php\zao\config\global.php 82
Use of undefined constant APP_URL - assumed 'APP_URL'

-----------------------------------
[2015-12-18 13:25:06] 127.0.0.1 http://zao.com/main/?ct=api&method=user.login
POST: array (
  'phone' => '15913159968',
  'psw' => 'qqqqqq',
)
COOKIE: array (
  'dm_admin_name_zao' => '114',
  'dm_admin_auth_zao' => '0b1b7677f5ee9b9ebf815a8e33281c7e',
  'dm_open_time_zao' => '1450415144',
)
[2015-12-18 13:25:06]Info: E:\php\zao\web\main\model\ModUser.php 35
SQL: select * from zao_user where `phone` = '15913159968' limit 1(OK:0.058)
[2015-12-18 13:25:06]Info: E:\php\zao\web\main\controller\CtlApi.php 24
array (
  0 => '0',
  1 => 
  array (
    'phone' => '15913159968',
  ),
)
[2015-12-18 13:25:06]Error: E:\php\zao\config\global.php 82
Use of undefined constant APP_URL - assumed 'APP_URL'

-----------------------------------
[2015-12-18 13:50:29] 127.0.0.1 http://zao.com/main/?ct=api&method=user.login
POST: array (
  'phone' => '15913159968',
  'psw' => 'qqqqqq',
)
COOKIE: array (
  'dm_admin_name_zao' => '114',
  'dm_admin_auth_zao' => '0b1b7677f5ee9b9ebf815a8e33281c7e',
  'dm_open_time_zao' => '1450415144',
)
[2015-12-18 13:50:29]Info: E:\php\zao\web\main\model\ModUser.php 35
SQL: select * from zao_user where `phone` = '15913159968' limit 1(OK:0.103)
[2015-12-18 13:50:29]Info: E:\php\zao\web\main\controller\CtlApi.php 24
array (
  0 => '0',
  1 => 
  array (
    'uid' => '195',
    'phone' => '15913159968',
    'psw' => 'da59893cac6d068e84d8c49e616bd757',
    'salt' => '0',
    'nickname' => 'MakeIt',
    'purse' => '0',
    'email' => '',
    'sex' => '男',
    'qq' => NULL,
    'signature' => '没有方向何必流浪.....',
    'ct' => '1450416229',
    'last_logintime' => '0',
    'register_device' => '0',
    'birthday' => '1990年01月01日',
    'portrait' => NULL,
    'favorited_goods' => '',
    'purchased_goods' => '',
    'is_del' => '1',
  ),
)
[2015-12-18 13:50:29]Error: E:\php\zao\config\global.php 82
Use of undefined constant APP_URL - assumed 'APP_URL'

-----------------------------------
[2015-12-18 13:51:37] 127.0.0.1 http://zao.com/main/?ct=api&method=user.login
POST: array (
  'phone' => '15913159968',
  'psw' => 'qqqqqq',
)
COOKIE: array (
  'dm_admin_name_zao' => '114',
  'dm_admin_auth_zao' => '0b1b7677f5ee9b9ebf815a8e33281c7e',
  'dm_open_time_zao' => '1450415144',
)
[2015-12-18 13:51:37]Info: E:\php\zao\web\main\model\ModUser.php 35
SQL: select * from zao_user where `phone` = '15913159968' limit 1(OK:0.023)
[2015-12-18 13:51:37]Info: E:\php\zao\web\main\controller\CtlApi.php 24
array (
  0 => '403',
  1 => '帐号已经被锁定，请联系客服人员',
)
[2015-12-18 13:51:37]Error: E:\php\zao\config\global.php 82
Use of undefined constant APP_URL - assumed 'APP_URL'

-----------------------------------
[2015-12-18 13:52:24] 127.0.0.1 http://zao.com/main/?ct=api&method=user.login
POST: array (
  'phone' => '15913159968',
  'psw' => 'qqqqqq',
)
COOKIE: array (
  'dm_admin_name_zao' => '114',
  'dm_admin_auth_zao' => '0b1b7677f5ee9b9ebf815a8e33281c7e',
  'dm_open_time_zao' => '1450415144',
)
[2015-12-18 13:52:24]Info: E:\php\zao\web\main\model\ModUser.php 35
SQL: select * from zao_user where `phone` = '15913159968' limit 1(OK:0.004)
[2015-12-18 13:52:24]Info: E:\php\zao\web\main\controller\CtlApi.php 24
array (
  0 => '0',
  1 => 
  array (
    'uid' => '195',
    'phone' => '15913159968',
    'psw' => 'da59893cac6d068e84d8c49e616bd757',
    'salt' => '0',
    'nickname' => 'MakeIt',
    'purse' => '0',
    'email' => '',
    'sex' => '男',
    'qq' => NULL,
    'signature' => '没有方向何必流浪.....',
    'ct' => '1450416229',
    'last_logintime' => '0',
    'register_device' => '0',
    'birthday' => '1990年01月01日',
    'portrait' => NULL,
    'favorited_goods' => '',
    'purchased_goods' => '',
    'is_del' => '0',
  ),
)
[2015-12-18 13:52:24]Error: E:\php\zao\config\global.php 82
Use of undefined constant APP_URL - assumed 'APP_URL'

-----------------------------------
[2015-12-18 16:02:45] 127.0.0.1 http://zao.com/main/?ct=api&method=user.login
POST: array (
  'uid' => '195',
  'portrait' => 'http://imgurl.com',
  'nickname' => '小达',
  'sex' => '女',
  'signature' => '“我的劣根性......',
)
COOKIE: array (
  'dm_admin_name_zao' => '114',
  'dm_admin_auth_zao' => '0b1b7677f5ee9b9ebf815a8e33281c7e',
  'dm_open_time_zao' => '1450415144',
)
[2015-12-18 16:02:45]Info: E:\php\zao\web\main\controller\CtlApi.php 24
array (
  'code' => '411',
  'data' => '您输入的手机号码不正确',
  'ct' => 1450425765,
)
[2015-12-18 16:02:45]Error: E:\php\zao\config\global.php 82
Use of undefined constant APP_URL - assumed 'APP_URL'

-----------------------------------
[2015-12-18 16:03:08] 127.0.0.1 http://zao.com/main/?ct=api&method=user.comfirMsg
POST: array (
  'uid' => '195',
  'portrait' => 'http://imgurl.com',
  'nickname' => '小达',
  'sex' => '女',
  'signature' => '“我的劣根性......',
)
COOKIE: array (
  'dm_admin_name_zao' => '114',
  'dm_admin_auth_zao' => '0b1b7677f5ee9b9ebf815a8e33281c7e',
  'dm_open_time_zao' => '1450415144',
)
[2015-12-18 16:03:08]Error: E:\php\zao\web\main\service\SrvApi.php 45
Call to undefined method SrvUserApi::comfirmsg()

-----------------------------------
[2015-12-18 16:03:42] 127.0.0.1 http://zao.com/main/?ct=api&method=user.comfirmMsg
POST: array (
  'uid' => '195',
  'portrait' => 'http://imgurl.com',
  'nickname' => '小达',
  'sex' => '女',
  'signature' => '“我的劣根性......',
)
COOKIE: array (
  'dm_admin_name_zao' => '114',
  'dm_admin_auth_zao' => '0b1b7677f5ee9b9ebf815a8e33281c7e',
  'dm_open_time_zao' => '1450415144',
)
[2015-12-18 16:03:42]Info: E:\php\zao\web\main\model\ModUser.php 40
SQL: select 'psw' from zao_user where `uid` = '195' limit 1(OK:0.812)
[2015-12-18 16:03:42]Info: E:\php\zao\web\main\controller\CtlApi.php 24
array (
  0 => '303',
  1 => '接口校验失败',
)
[2015-12-18 16:03:42]Error: E:\php\zao\config\global.php 82
Use of undefined constant APP_URL - assumed 'APP_URL'

-----------------------------------
[2015-12-18 16:04:43] 127.0.0.1 http://zao.com/main/?ct=api&method=user.comfirmMsg
POST: array (
  'uid' => '195',
  'portrait' => 'http://imgurl.com',
  'nickname' => '小达',
  'sex' => '女',
  'signature' => '“我的劣根性......',
  'psw' => 'qqqqqq',
)
COOKIE: array (
  'dm_admin_name_zao' => '114',
  'dm_admin_auth_zao' => '0b1b7677f5ee9b9ebf815a8e33281c7e',
  'dm_open_time_zao' => '1450415144',
)
[2015-12-18 16:04:43]Info: E:\php\zao\web\main\model\ModUser.php 40
SQL: select 'psw' from zao_user where `uid` = '195' limit 1(OK:0.023)
[2015-12-18 16:04:43]Info: E:\php\zao\web\main\controller\CtlApi.php 24
array (
  0 => '303',
  1 => '接口校验失败',
)
[2015-12-18 16:04:43]Error: E:\php\zao\config\global.php 82
Use of undefined constant APP_URL - assumed 'APP_URL'

-----------------------------------
[2015-12-18 16:04:49] 127.0.0.1 http://zao.com/main/?ct=api&method=user.comfirmMsg
POST: array (
  'uid' => '195',
  'portrait' => 'http://imgurl.com',
  'nickname' => '小达',
  'sex' => '女',
  'signature' => '“我的劣根性......',
  'psw' => '123456',
)
COOKIE: array (
  'dm_admin_name_zao' => '114',
  'dm_admin_auth_zao' => '0b1b7677f5ee9b9ebf815a8e33281c7e',
  'dm_open_time_zao' => '1450415144',
)
[2015-12-18 16:04:49]Info: E:\php\zao\web\main\model\ModUser.php 40
SQL: select 'psw' from zao_user where `uid` = '195' limit 1(OK:0.022)
[2015-12-18 16:04:49]Info: E:\php\zao\web\main\controller\CtlApi.php 24
array (
  0 => '303',
  1 => '接口校验失败',
)
[2015-12-18 16:04:49]Error: E:\php\zao\config\global.php 82
Use of undefined constant APP_URL - assumed 'APP_URL'

-----------------------------------
[2015-12-18 16:04:51] 127.0.0.1 http://zao.com/main/?ct=api&method=user.comfirmMsg
POST: array (
  'uid' => '195',
  'portrait' => 'http://imgurl.com',
  'nickname' => '小达',
  'sex' => '女',
  'signature' => '“我的劣根性......',
  'psw' => '111111',
)
COOKIE: array (
  'dm_admin_name_zao' => '114',
  'dm_admin_auth_zao' => '0b1b7677f5ee9b9ebf815a8e33281c7e',
  'dm_open_time_zao' => '1450415144',
)
[2015-12-18 16:04:51]Info: E:\php\zao\web\main\model\ModUser.php 40
SQL: select 'psw' from zao_user where `uid` = '195' limit 1(OK:0.012)
[2015-12-18 16:04:51]Info: E:\php\zao\web\main\controller\CtlApi.php 24
array (
  0 => '303',
  1 => '接口校验失败',
)
[2015-12-18 16:04:51]Error: E:\php\zao\config\global.php 82
Use of undefined constant APP_URL - assumed 'APP_URL'

-----------------------------------
[2015-12-18 16:04:55] 127.0.0.1 http://zao.com/main/?ct=api&method=user.comfirmMsg
POST: array (
  'uid' => '195',
  'portrait' => 'http://imgurl.com',
  'nickname' => '小达',
  'sex' => '女',
  'signature' => '“我的劣根性......',
  'psw' => 'qqqqqq',
)
COOKIE: array (
  'dm_admin_name_zao' => '114',
  'dm_admin_auth_zao' => '0b1b7677f5ee9b9ebf815a8e33281c7e',
  'dm_open_time_zao' => '1450415144',
)
[2015-12-18 16:04:55]Info: E:\php\zao\web\main\model\ModUser.php 40
SQL: select 'psw' from zao_user where `uid` = '195' limit 1(OK:0.003)
[2015-12-18 16:04:55]Info: E:\php\zao\web\main\controller\CtlApi.php 24
array (
  0 => '303',
  1 => '接口校验失败',
)
[2015-12-18 16:04:55]Error: E:\php\zao\config\global.php 82
Use of undefined constant APP_URL - assumed 'APP_URL'

-----------------------------------
[2015-12-18 16:05:25] 127.0.0.1 http://zao.com/main/?ct=api&method=user.comfirmMsg
POST: array (
  'uid' => '195',
  'portrait' => 'http://imgurl.com',
  'nickname' => '小达',
  'sex' => '女',
  'signature' => '“我的劣根性......',
  'psw' => 'qqqqqq',
)
COOKIE: array (
  'dm_admin_name_zao' => '114',
  'dm_admin_auth_zao' => '0b1b7677f5ee9b9ebf815a8e33281c7e',
  'dm_open_time_zao' => '1450415144',
)
[2015-12-18 16:05:25]Info: E:\php\zao\web\main\model\ModUser.php 40
SQL: select 'psw' from zao_user where `uid` = '195' limit 1(OK:0.132)
[2015-12-18 16:05:25]Error: E:\php\zao\config\global.php 82
Use of undefined constant APP_URL - assumed 'APP_URL'

-----------------------------------
[2015-12-18 16:06:54] 127.0.0.1 http://zao.com/main/?ct=api&method=user.comfirmMsg
POST: array (
  'uid' => '195',
  'portrait' => 'http://imgurl.com',
  'nickname' => '小达',
  'sex' => '女',
  'signature' => '“我的劣根性......',
  'psw' => 'qqqqqq',
)
COOKIE: array (
  'dm_admin_name_zao' => '114',
  'dm_admin_auth_zao' => '0b1b7677f5ee9b9ebf815a8e33281c7e',
  'dm_open_time_zao' => '1450415144',
)
[2015-12-18 16:06:54]Info: E:\php\zao\web\main\model\ModUser.php 40
SQL: select `psw` from zao_user where `uid` = '195' limit 1(OK:0.011)
[2015-12-18 16:06:54]Error: E:\php\zao\config\global.php 82
Use of undefined constant APP_URL - assumed 'APP_URL'

-----------------------------------
[2015-12-18 16:07:10] 127.0.0.1 http://zao.com/main/?ct=api&method=user.comfirmMsg
POST: array (
  'uid' => '195',
  'portrait' => 'http://imgurl.com',
  'nickname' => '小达',
  'sex' => '女',
  'signature' => '“我的劣根性......',
  'psw' => 'qqqqqq',
)
COOKIE: array (
  'dm_admin_name_zao' => '114',
  'dm_admin_auth_zao' => '0b1b7677f5ee9b9ebf815a8e33281c7e',
  'dm_open_time_zao' => '1450415144',
)
[2015-12-18 16:07:10]Info: E:\php\zao\web\main\model\ModUser.php 40
SQL: select `psw` from zao_user where `uid` = '195' limit 1(OK:0.015)
[2015-12-18 16:07:11]Info: E:\php\zao\web\main\model\ModUser.php 137
SQL: update `zao_user` set `portrait`='http://imgurl.com',  `nickname`='小达',  `sex`='女',  `signature`='“我的劣根性......' where `uid` = '195' (OK:0.746)
[2015-12-18 16:07:11]Info: E:\php\zao\web\main\controller\CtlApi.php 24
array (
  0 => '0',
  1 => '',
)
[2015-12-18 16:07:11]Error: E:\php\zao\config\global.php 82
Use of undefined constant APP_URL - assumed 'APP_URL'

-----------------------------------
[2015-12-18 16:07:44] 127.0.0.1 http://zao.com/main/?ct=api&method=user.comfirmMsg
POST: array (
  'uid' => '195',
  'portrait' => 'http://imgurl.com',
  'nickname' => '小达',
  'sex' => '女',
  'signature' => '“我的劣根性......',
  'psw' => 'qqqqqq',
)
COOKIE: array (
  'dm_admin_name_zao' => '114',
  'dm_admin_auth_zao' => '0b1b7677f5ee9b9ebf815a8e33281c7e',
  'dm_open_time_zao' => '1450415144',
)
[2015-12-18 16:07:44]Info: E:\php\zao\web\main\model\ModUser.php 40
SQL: select `psw` from zao_user where `uid` = '195' limit 1(OK:0.011)
[2015-12-18 16:07:44]Info: E:\php\zao\web\main\model\ModUser.php 137
SQL: update `zao_user` set `portrait`='http://imgurl.com',  `nickname`='小达',  `sex`='女',  `signature`='“我的劣根性......' where `uid` = '195' (OK:0.038)
[2015-12-18 16:07:44]Info: E:\php\zao\web\main\controller\CtlApi.php 24
array (
  0 => '0',
  1 => '修改成功',
)
[2015-12-18 16:07:44]Error: E:\php\zao\config\global.php 82
Use of undefined constant APP_URL - assumed 'APP_URL'

-----------------------------------
[2015-12-18 16:10:05] 127.0.0.1 http://zao.com/main/?ct=api&method=user.comfirmMsg
POST: array (
  'uid' => '195',
  'portrait' => '/imgurl.com',
  'nickname' => '测试',
  'sex' => '女',
  'signature' => '“我的劣根性......',
  'psw' => 'qqqqqq',
)
COOKIE: array (
  'dm_admin_name_zao' => '114',
  'dm_admin_auth_zao' => '0b1b7677f5ee9b9ebf815a8e33281c7e',
  'dm_open_time_zao' => '1450415144',
)
[2015-12-18 16:10:05]Info: E:\php\zao\web\main\model\ModUser.php 40
SQL: select `psw` from zao_user where `uid` = '195' limit 1(OK:0.021)
[2015-12-18 16:10:05]Info: E:\php\zao\web\main\model\ModUser.php 137
SQL: update `zao_user` set `portrait`='/imgurl.com',  `nickname`='测试',  `sex`='女',  `signature`='“我的劣根性......' where `uid` = '195' (OK:0.082)
[2015-12-18 16:10:05]Info: E:\php\zao\web\main\controller\CtlApi.php 24
array (
  0 => '0',
  1 => '修改成功',
)
[2015-12-18 16:10:05]Error: E:\php\zao\config\global.php 82
Use of undefined constant APP_URL - assumed 'APP_URL'

-----------------------------------
[2015-12-18 16:23:03] 127.0.0.1 http://zao.com/zao.php
COOKIE: array (
  'dm_admin_name_zao' => '114',
  'dm_admin_auth_zao' => '0b1b7677f5ee9b9ebf815a8e33281c7e',
  'dm_open_time_zao' => '1450415144',
)
[2015-12-18 16:23:03]Info: E:\php\zao\web\zao\model\ModGoods.php 31
SQL: select count(*) as c from `zao_goods` where 1 limit 1(OK:0.21)
[2015-12-18 16:23:03]Info: E:\php\zao\web\zao\model\ModGoods.php 34
SQL: select a.*, b.nickname from `zao_goods` a
left join `zao_user` b on a.uid = b.uid
where 1 
order by `ct` desc  limit 0, 10(OK:0.173)
[2015-12-18 16:23:05]Error: E:\php\zao\web\zao\index.php 14
Undefined index: ac

-----------------------------------
[2015-12-18 16:28:57] 127.0.0.1 http://zao.com/zao.php?ct=index&ac=addGoods
COOKIE: array (
  'dm_admin_name_zao' => '114',
  'dm_admin_auth_zao' => '0b1b7677f5ee9b9ebf815a8e33281c7e',
  'dm_open_time_zao' => '1450415144',
)
[2015-12-18 16:28:57]Info: E:\php\zao\web\zao\model\ModGoods.php 65
SQL: select count(*) as c from `zao_category` where 1 limit 1(OK:0.095)
[2015-12-18 16:28:57]Info: E:\php\zao\web\zao\model\ModGoods.php 69
SQL: select * from `zao_category` where 1 order by `cid` asc(OK:0.023)
[2015-12-18 16:28:58]Error: E:\php\zao\config\global.php 82
Use of undefined constant APP_URL - assumed 'APP_URL'

-----------------------------------
[2015-12-18 19:35:58] 127.0.0.1 http://zao.com/main/?ct=api&method=goods.getGoodsList
POST: array (
  'type' => 'HomePage',
)
COOKIE: array (
  'dm_admin_name_zao' => '114',
  'dm_admin_auth_zao' => '0b1b7677f5ee9b9ebf815a8e33281c7e',
  'dm_open_time_zao' => '1450415144',
)
[2015-12-18 19:35:58]Error: E:\php\zao\web\main\model\ModGoods.php 38
SQL: select a.*, b.nickname from `zao_goods` a
left join `` b on a.uid = b.uid and b.is_del = '0' where 1 and a.is_del = '0' and (`ishome`=1)
order by ct
desc(error：Incorrect table name '')
[2015-12-18 19:35:58]Info: E:\php\zao\web\main\controller\CtlApi.php 24
array (
  'code' => '0',
  'data' => 
  array (
    0 => 
    array (
    ),
  ),
  'ct' => 1450438558,
)
[2015-12-18 19:35:58]Error: E:\php\zao\config\global.php 82
Use of undefined constant APP_URL - assumed 'APP_URL'

-----------------------------------
[2015-12-18 19:37:06] 127.0.0.1 http://zao.com/main/?ct=api&method=goods.getGoodsList
POST: array (
  'type' => 'HomePage',
)
COOKIE: array (
  'dm_admin_name_zao' => '114',
  'dm_admin_auth_zao' => '0b1b7677f5ee9b9ebf815a8e33281c7e',
  'dm_open_time_zao' => '1450415144',
)
[2015-12-18 19:37:06]Error: E:\php\zao\web\main\model\ModGoods.php 38
SQL: select a.*, b.nickname from `zao_goods` a
left join `` b on a.uid = b.uid and b.is_del = '0' where 1 and a.is_del = '0' and (`ishome`=1)
order by ct
desc(error：Incorrect table name '')
[2015-12-18 19:37:06]Info: E:\php\zao\web\main\controller\CtlApi.php 24
array (
  'code' => '0',
  'data' => 
  array (
    0 => 
    array (
    ),
  ),
  'ct' => 1450438626,
)
[2015-12-18 19:37:06]Error: E:\php\zao\config\global.php 82
Use of undefined constant APP_URL - assumed 'APP_URL'

-----------------------------------
[2015-12-18 19:38:01] 127.0.0.1 http://zao.com/main/?ct=api&method=goods.getGoodsList
POST: array (
  'type' => 'HomePage',
)
COOKIE: array (
  'dm_admin_name_zao' => '114',
  'dm_admin_auth_zao' => '0b1b7677f5ee9b9ebf815a8e33281c7e',
  'dm_open_time_zao' => '1450415144',
)
[2015-12-18 19:38:01]Error: E:\php\zao\web\main\model\ModGoods.php 38
SQL: select a.*, b.nickname from `zao_goods` a
left join `` b on a.uid = b.uid and b.is_del = '0' where 1 and a.is_del = '0' and (`ishome`=1)
order by ct
desc(error：Incorrect table name '')
[2015-12-18 19:38:01]Info: E:\php\zao\web\main\controller\CtlApi.php 24
array (
  'code' => '0',
  'data' => 
  array (
    0 => 
    array (
    ),
  ),
  'ct' => 1450438681,
)
[2015-12-18 19:38:01]Error: E:\php\zao\config\global.php 81
Use of undefined constant APP_URL - assumed 'APP_URL'

-----------------------------------
[2015-12-18 19:38:11] 127.0.0.1 http://zao.com/main/?ct=api&method=goods.getGoodsList
POST: array (
  'type' => 'HomePage',
)
COOKIE: array (
  'dm_admin_name_zao' => '114',
  'dm_admin_auth_zao' => '0b1b7677f5ee9b9ebf815a8e33281c7e',
  'dm_open_time_zao' => '1450415144',
)
[2015-12-18 19:38:11]Error: E:\php\zao\web\main\model\ModGoods.php 38
SQL: select a.*, b.nickname from `zao_goods` a
left join `` b on a.uid = b.uid and b.is_del = '0' where 1 and a.is_del = '0' and (`ishome`=1)
order by ct
desc(error：Incorrect table name '')
[2015-12-18 19:38:11]Info: E:\php\zao\web\main\controller\CtlApi.php 24
array (
  'code' => '0',
  'data' => 
  array (
    0 => 
    array (
    ),
  ),
  'ct' => 1450438691,
)

-----------------------------------
[2015-12-18 19:38:43] 127.0.0.1 http://zao.com/main/?ct=api&method=goods.getGoodsList
POST: array (
  'type' => 'Discovery',
)
COOKIE: array (
  'dm_admin_name_zao' => '114',
  'dm_admin_auth_zao' => '0b1b7677f5ee9b9ebf815a8e33281c7e',
  'dm_open_time_zao' => '1450415144',
)
[2015-12-18 19:38:43]Info: E:\php\zao\web\main\controller\CtlApi.php 24
array (
  'code' => '101',
  'data' => '缺少必要参数',
  'ct' => 1450438723,
)

-----------------------------------
[2015-12-18 19:38:54] 127.0.0.1 http://zao.com/main/?ct=api&method=goods.getGoodsList
POST: array (
  'type' => 'Discovery',
  'tag' => 'Hot',
)
COOKIE: array (
  'dm_admin_name_zao' => '114',
  'dm_admin_auth_zao' => '0b1b7677f5ee9b9ebf815a8e33281c7e',
  'dm_open_time_zao' => '1450415144',
)
[2015-12-18 19:38:54]Error: E:\php\zao\web\main\model\ModGoods.php 38
SQL: select a.*, b.nickname from `zao_goods` a
left join `` b on a.uid = b.uid and b.is_del = '0' where 1 and a.is_del = '0' order by purchased_count
desc(error：Incorrect table name '')
[2015-12-18 19:38:54]Info: E:\php\zao\web\main\controller\CtlApi.php 24
array (
  'code' => '0',
  'data' => 
  array (
    0 => 
    array (
    ),
  ),
  'ct' => 1450438734,
)

-----------------------------------
[2015-12-18 19:39:02] 127.0.0.1 http://zao.com/main/?ct=api&method=goods.getGoodsList
POST: array (
  'type' => 'HomePage',
)
COOKIE: array (
  'dm_admin_name_zao' => '114',
  'dm_admin_auth_zao' => '0b1b7677f5ee9b9ebf815a8e33281c7e',
  'dm_open_time_zao' => '1450415144',
)
[2015-12-18 19:39:02]Error: E:\php\zao\web\main\model\ModGoods.php 38
SQL: select a.*, b.nickname from `zao_goods` a
left join `` b on a.uid = b.uid and b.is_del = '0' where 1 and a.is_del = '0' and (`ishome`=1)
order by ct
desc(error：Incorrect table name '')
[2015-12-18 19:39:02]Info: E:\php\zao\web\main\controller\CtlApi.php 24
array (
  'code' => '0',
  'data' => 
  array (
    0 => 
    array (
    ),
  ),
  'ct' => 1450438742,
)

-----------------------------------
[2015-12-18 19:39:16] 127.0.0.1 http://zao.com/main/?ct=api&method=goods.getGoodsList
POST: array (
  'type' => 'HomePage',
)
COOKIE: array (
  'dm_admin_name_zao' => '114',
  'dm_admin_auth_zao' => '0b1b7677f5ee9b9ebf815a8e33281c7e',
  'dm_open_time_zao' => '1450415144',
)
[2015-12-18 19:39:16]Error: E:\php\zao\web\main\model\ModGoods.php 39
SQL: select a.*, b.nickname from `zao_goods` a
left join `` b on a.uid = b.uid and b.is_del = '0' where 1 and a.is_del = '0' and (`ishome`=1)
order by ct
desc(error：Incorrect table name '')
[2015-12-18 19:39:16]Info: E:\php\zao\web\main\controller\CtlApi.php 24
array (
  'code' => '0',
  'data' => 
  array (
    0 => 
    array (
    ),
  ),
  'ct' => 1450438756,
)

-----------------------------------
[2015-12-18 19:41:21] 127.0.0.1 http://zao.com/main/?ct=api&method=goods.getGoodsList
POST: array (
  'type' => 'HomePage',
)
COOKIE: array (
  'dm_admin_name_zao' => '114',
  'dm_admin_auth_zao' => '0b1b7677f5ee9b9ebf815a8e33281c7e',
  'dm_open_time_zao' => '1450415144',
)
[2015-12-18 19:41:21]Info: E:\php\zao\web\main\model\ModGoods.php 40
SQL: select a.*, b.nickname from `zao_goods` a
left join `zao_user` b on a.uid = b.uid and b.is_del = '0' where 1 and a.is_del = '0' and `ishome`=1
order by ct
desc(OK:0.132)
[2015-12-18 19:41:21]Info: E:\php\zao\web\main\controller\CtlApi.php 24
array (
  'code' => '0',
  'data' => 
  array (
    0 => 
    array (
      0 => 
      array (
        'gid' => '4',
        'name' => 'test1',
        'price' => '1000.00',
        'number' => '100',
        'type' => '1',
        'detail' => 'text field',
        'cid' => '1',
        'img' => 'upload/goods/4.jpg',
        'ct' => '1447875448',
        'uid' => '169',
        'ishome' => '1',
        'tag' => '"wc","ww","chi"',
        'fav_count' => '1',
        'purchased_count' => '2',
        'is_del' => '0',
        'nickname' => 'Liu',
      ),
      1 => 
      array (
        'gid' => '25',
        'name' => 'test1',
        'price' => '1000.00',
        'number' => '100',
        'type' => '1',
        'detail' => 'text field',
        'cid' => '1',
        'img' => 'upload/goods/4.jpg',
        'ct' => '1447875448',
        'uid' => '169',
        'ishome' => '1',
        'tag' => '["wc","ww","chi"]',
        'fav_count' => '1',
        'purchased_count' => '2',
        'is_del' => '0',
        'nickname' => 'Liu',
      ),
      2 => 
      array (
        'gid' => '26',
        'name' => 'test1',
        'price' => '1000.00',
        'number' => '100',
        'type' => '1',
        'detail' => 'text field',
        'cid' => '1',
        'img' => 'upload/goods/4.jpg',
        'ct' => '1447875448',
        'uid' => '169',
        'ishome' => '1',
        'tag' => '["wc","ww","chi"]',
        'fav_count' => '1',
        'purchased_count' => '2',
        'is_del' => '0',
        'nickname' => 'Liu',
      ),
      3 => 
      array (
        'gid' => '27',
        'name' => 'test1',
        'price' => '1000.00',
        'number' => '100',
        'type' => '1',
        'detail' => 'text field',
        'cid' => '1',
        'img' => 'upload/goods/4.jpg',
        'ct' => '1447875448',
        'uid' => '169',
        'ishome' => '1',
        'tag' => '["wc","ww","chi"]',
        'fav_count' => '1',
        'purchased_count' => '2',
        'is_del' => '0',
        'nickname' => 'Liu',
      ),
      4 => 
      array (
        'gid' => '28',
        'name' => 'test1',
        'price' => '1000.00',
        'number' => '100',
        'type' => '1',
        'detail' => 'text field',
        'cid' => '1',
        'img' => 'upload/goods/4.jpg',
        'ct' => '1447875448',
        'uid' => '169',
        'ishome' => '1',
        'tag' => '["wc","ww","chi"]',
        'fav_count' => '1',
        'purchased_count' => '2',
        'is_del' => '0',
        'nickname' => 'Liu',
      ),
      5 => 
      array (
        'gid' => '29',
        'name' => 'test1',
        'price' => '1000.00',
        'number' => '100',
        'type' => '1',
        'detail' => 'text field',
        'cid' => '1',
        'img' => 'upload/goods/4.jpg',
        'ct' => '1447875448',
        'uid' => '169',
        'ishome' => '1',
        'tag' => '["wc","ww","chi"]',
        'fav_count' => '1',
        'purchased_count' => '2',
        'is_del' => '0',
        'nickname' => 'Liu',
      ),
      6 => 
      array (
        'gid' => '30',
        'name' => 'test1',
        'price' => '1000.00',
        'number' => '100',
        'type' => '1',
        'detail' => 'text field',
        'cid' => '1',
        'img' => 'upload/goods/4.jpg',
        'ct' => '1447875448',
        'uid' => '169',
        'ishome' => '1',
        'tag' => '["wc","ww","chi"]',
        'fav_count' => '1',
        'purchased_count' => '2',
        'is_del' => '0',
        'nickname' => 'Liu',
      ),
      7 => 
      array (
        'gid' => '31',
        'name' => 'test1',
        'price' => '1000.00',
        'number' => '100',
        'type' => '1',
        'detail' => 'text field',
        'cid' => '1',
        'img' => 'upload/goods/4.jpg',
        'ct' => '1447875448',
        'uid' => '169',
        'ishome' => '1',
        'tag' => '["wc","ww","chi"]',
        'fav_count' => '1',
        'purchased_count' => '2',
        'is_del' => '0',
        'nickname' => 'Liu',
      ),
      8 => 
      array (
        'gid' => '5',
        'name' => 'T',
        'price' => '150.00',
        'number' => '10',
        'type' => '0',
        'detail' => 't shirt',
        'cid' => '1',
        'img' => 'upload/goods/5.jpg',
        'ct' => '1446391036',
        'uid' => '169',
        'ishome' => '1',
        'tag' => '"wc","ww","chi"',
        'fav_count' => '7',
        'purchased_count' => '2',
        'is_del' => '0',
        'nickname' => 'Liu',
      ),
    ),
  ),
  'ct' => 1450438881,
)

-----------------------------------
[2015-12-18 19:41:32] 127.0.0.1 http://zao.com/main/?ct=api&method=goods.getGoodsList
POST: array (
  'type' => 'HomePage',
)
COOKIE: array (
  'dm_admin_name_zao' => '114',
  'dm_admin_auth_zao' => '0b1b7677f5ee9b9ebf815a8e33281c7e',
  'dm_open_time_zao' => '1450415144',
)
[2015-12-18 19:41:32]Info: E:\php\zao\web\main\model\ModGoods.php 39
SQL: select a.*, b.nickname from `zao_goods` a
left join `zao_user` b on a.uid = b.uid and b.is_del = '0' where 1 and a.is_del = '0' and `ishome`=1
order by ct
desc(OK:0.011)
[2015-12-18 19:41:32]Info: E:\php\zao\web\main\controller\CtlApi.php 24
array (
  'code' => '0',
  'data' => 
  array (
    0 => 
    array (
      0 => 
      array (
        'gid' => '4',
        'name' => 'test1',
        'price' => '1000.00',
        'number' => '100',
        'type' => '1',
        'detail' => 'text field',
        'cid' => '1',
        'img' => 'upload/goods/4.jpg',
        'ct' => '1447875448',
        'uid' => '169',
        'ishome' => '1',
        'tag' => '"wc","ww","chi"',
        'fav_count' => '1',
        'purchased_count' => '2',
        'is_del' => '0',
        'nickname' => 'Liu',
      ),
      1 => 
      array (
        'gid' => '25',
        'name' => 'test1',
        'price' => '1000.00',
        'number' => '100',
        'type' => '1',
        'detail' => 'text field',
        'cid' => '1',
        'img' => 'upload/goods/4.jpg',
        'ct' => '1447875448',
        'uid' => '169',
        'ishome' => '1',
        'tag' => '["wc","ww","chi"]',
        'fav_count' => '1',
        'purchased_count' => '2',
        'is_del' => '0',
        'nickname' => 'Liu',
      ),
      2 => 
      array (
        'gid' => '26',
        'name' => 'test1',
        'price' => '1000.00',
        'number' => '100',
        'type' => '1',
        'detail' => 'text field',
        'cid' => '1',
        'img' => 'upload/goods/4.jpg',
        'ct' => '1447875448',
        'uid' => '169',
        'ishome' => '1',
        'tag' => '["wc","ww","chi"]',
        'fav_count' => '1',
        'purchased_count' => '2',
        'is_del' => '0',
        'nickname' => 'Liu',
      ),
      3 => 
      array (
        'gid' => '27',
        'name' => 'test1',
        'price' => '1000.00',
        'number' => '100',
        'type' => '1',
        'detail' => 'text field',
        'cid' => '1',
        'img' => 'upload/goods/4.jpg',
        'ct' => '1447875448',
        'uid' => '169',
        'ishome' => '1',
        'tag' => '["wc","ww","chi"]',
        'fav_count' => '1',
        'purchased_count' => '2',
        'is_del' => '0',
        'nickname' => 'Liu',
      ),
      4 => 
      array (
        'gid' => '28',
        'name' => 'test1',
        'price' => '1000.00',
        'number' => '100',
        'type' => '1',
        'detail' => 'text field',
        'cid' => '1',
        'img' => 'upload/goods/4.jpg',
        'ct' => '1447875448',
        'uid' => '169',
        'ishome' => '1',
        'tag' => '["wc","ww","chi"]',
        'fav_count' => '1',
        'purchased_count' => '2',
        'is_del' => '0',
        'nickname' => 'Liu',
      ),
      5 => 
      array (
        'gid' => '29',
        'name' => 'test1',
        'price' => '1000.00',
        'number' => '100',
        'type' => '1',
        'detail' => 'text field',
        'cid' => '1',
        'img' => 'upload/goods/4.jpg',
        'ct' => '1447875448',
        'uid' => '169',
        'ishome' => '1',
        'tag' => '["wc","ww","chi"]',
        'fav_count' => '1',
        'purchased_count' => '2',
        'is_del' => '0',
        'nickname' => 'Liu',
      ),
      6 => 
      array (
        'gid' => '30',
        'name' => 'test1',
        'price' => '1000.00',
        'number' => '100',
        'type' => '1',
        'detail' => 'text field',
        'cid' => '1',
        'img' => 'upload/goods/4.jpg',
        'ct' => '1447875448',
        'uid' => '169',
        'ishome' => '1',
        'tag' => '["wc","ww","chi"]',
        'fav_count' => '1',
        'purchased_count' => '2',
        'is_del' => '0',
        'nickname' => 'Liu',
      ),
      7 => 
      array (
        'gid' => '31',
        'name' => 'test1',
        'price' => '1000.00',
        'number' => '100',
        'type' => '1',
        'detail' => 'text field',
        'cid' => '1',
        'img' => 'upload/goods/4.jpg',
        'ct' => '1447875448',
        'uid' => '169',
        'ishome' => '1',
        'tag' => '["wc","ww","chi"]',
        'fav_count' => '1',
        'purchased_count' => '2',
        'is_del' => '0',
        'nickname' => 'Liu',
      ),
      8 => 
      array (
        'gid' => '5',
        'name' => 'T',
        'price' => '150.00',
        'number' => '10',
        'type' => '0',
        'detail' => 't shirt',
        'cid' => '1',
        'img' => 'upload/goods/5.jpg',
        'ct' => '1446391036',
        'uid' => '169',
        'ishome' => '1',
        'tag' => '"wc","ww","chi"',
        'fav_count' => '7',
        'purchased_count' => '2',
        'is_del' => '0',
        'nickname' => 'Liu',
      ),
    ),
  ),
  'ct' => 1450438892,
)
