
-----------------------------------
[2015-12-24 16:24:49] 127.0.0.1 http://zao.com/zao.php?ct=login&ac=login
POST: array (
  'name' => '114',
  'password' => '114',
)
COOKIE: array (
  'SERVERID80' => 'redirect1',
  'SERSTICKY' => 'wc2',
)
[2015-12-24 16:24:49]Info: E:\php\zao\web\zao\model\ModAuth.php 25
SQL: select * from `zao_admin` where `phone` ='114' limit 1(OK:0.451)
[2015-12-24 16:24:50]Info: E:\php\zao\web\zao\model\ModAuth.php 29
SQL: update `zao_admin` set `lastLoginIP`='127.0.0.1',  `lastLoginTime`='1450945489' where `phone` = '114' (OK:0.127)

-----------------------------------
[2015-12-24 16:24:50] 127.0.0.1 http://zao.com/zao.php
COOKIE: array (
  'SERVERID80' => 'redirect1',
  'SERSTICKY' => 'wc2',
  'dm_admin_name_zao' => '114',
  'dm_admin_auth_zao' => '31b11b119d9b94bacc9cac9bacbab829',
  'dm_open_time_zao' => '1450945489',
)
[2015-12-24 16:24:50]Info: E:\php\zao\web\zao\model\ModGoods.php 31
SQL: select count(*) as c from `zao_goods` where 1 limit 1(OK:0.088)
[2015-12-24 16:24:50]Info: E:\php\zao\web\zao\model\ModGoods.php 34
SQL: select a.*, b.nickname from `zao_goods` a
left join `zao_user` b on a.uid = b.uid
where 1 
order by `ct` desc  limit 0, 10(OK:0.042)
[2015-12-24 16:24:50]Error: E:\php\zao\web\zao\index.php 14
Undefined index: ac

-----------------------------------
[2015-12-24 16:24:53] 127.0.0.1 http://zao.com/zao.php?ct=user
COOKIE: array (
  'SERVERID80' => 'redirect1',
  'SERSTICKY' => 'wc2',
  'dm_admin_name_zao' => '114',
  'dm_admin_auth_zao' => '31b11b119d9b94bacc9cac9bacbab829',
  'dm_open_time_zao' => '1450945489',
)
[2015-12-24 16:24:53]Info: E:\php\zao\web\zao\model\ModUser.php 32
SQL: select count(*) as c from `zao_user` where 1 limit 1(OK:0.031)
[2015-12-24 16:24:53]Info: E:\php\zao\web\zao\model\ModUser.php 35
SQL: select * from `zao_user`
where 1 
order by `ct` desc  limit 0, 10(OK:0.002)
[2015-12-24 16:24:53]Error: E:\php\zao\web\zao\index.php 14
Undefined index: ac

-----------------------------------
[2015-12-24 16:24:54] 127.0.0.1 http://zao.com/zao.php?ct=trade
COOKIE: array (
  'SERVERID80' => 'redirect1',
  'SERSTICKY' => 'wc2',
  'dm_admin_name_zao' => '114',
  'dm_admin_auth_zao' => '31b11b119d9b94bacc9cac9bacbab829',
  'dm_open_time_zao' => '1450945489',
)
[2015-12-24 16:24:54]Info: E:\php\zao\web\zao\model\ModTrade.php 42
SQL: select count(*) as c from `zao_order` where 1  and `is_del` = '0' limit 1(OK:0.067)
[2015-12-24 16:24:54]Info: E:\php\zao\web\zao\model\ModTrade.php 45
SQL: select * from `zao_order` where 1  and `is_del` = '0' order by `ct` desc  limit 0, 5(OK:0.002)
[2015-12-24 16:24:54]Error: E:\php\zao\web\zao\index.php 14
Undefined index: ac

-----------------------------------
[2015-12-24 16:24:56] 127.0.0.1 http://zao.com/zao.php?ct=trade&type=1
COOKIE: array (
  'SERVERID80' => 'redirect1',
  'SERSTICKY' => 'wc2',
  'dm_admin_name_zao' => '114',
  'dm_admin_auth_zao' => '31b11b119d9b94bacc9cac9bacbab829',
  'dm_open_time_zao' => '1450945489',
)
[2015-12-24 16:24:56]Info: E:\php\zao\web\zao\model\ModTrade.php 42
SQL: select count(*) as c from `zao_order` where 1  and `is_del` = '0' and `trade_state` ='1' limit 1(OK:0.025)
[2015-12-24 16:24:56]Info: E:\php\zao\web\zao\model\ModTrade.php 45
SQL: select * from `zao_order` where 1  and `is_del` = '0' and `trade_state` ='1' order by `ct` desc  limit 0, 5(OK:0.001)
[2015-12-24 16:24:56]Error: E:\php\zao\web\zao\index.php 14
Undefined index: ac

-----------------------------------
[2015-12-24 16:24:57] 127.0.0.1 http://zao.com/zao.php?ct=trade&type=2
COOKIE: array (
  'SERVERID80' => 'redirect1',
  'SERSTICKY' => 'wc2',
  'dm_admin_name_zao' => '114',
  'dm_admin_auth_zao' => '31b11b119d9b94bacc9cac9bacbab829',
  'dm_open_time_zao' => '1450945489',
)
[2015-12-24 16:24:57]Info: E:\php\zao\web\zao\model\ModTrade.php 42
SQL: select count(*) as c from `zao_order` where 1  and `is_del` = '0' and `trade_state` ='2' limit 1(OK:0.016)
[2015-12-24 16:24:57]Info: E:\php\zao\web\zao\model\ModTrade.php 45
SQL: select * from `zao_order` where 1  and `is_del` = '0' and `trade_state` ='2' order by `ct` desc  limit 0, 5(OK:0.001)
[2015-12-24 16:24:57]Error: E:\php\zao\web\zao\index.php 14
Undefined index: ac

-----------------------------------
[2015-12-24 16:24:57] 127.0.0.1 http://zao.com/zao.php?ct=trade&type=3
COOKIE: array (
  'SERVERID80' => 'redirect1',
  'SERSTICKY' => 'wc2',
  'dm_admin_name_zao' => '114',
  'dm_admin_auth_zao' => '31b11b119d9b94bacc9cac9bacbab829',
  'dm_open_time_zao' => '1450945489',
)
[2015-12-24 16:24:57]Info: E:\php\zao\web\zao\model\ModTrade.php 42
SQL: select count(*) as c from `zao_order` where 1  and `is_del` = '0' and `trade_state` ='3' limit 1(OK:0.003)
[2015-12-24 16:24:57]Info: E:\php\zao\web\zao\model\ModTrade.php 45
SQL: select * from `zao_order` where 1  and `is_del` = '0' and `trade_state` ='3' order by `ct` desc  limit 0, 5(OK:0.001)
[2015-12-24 16:24:57]Error: E:\php\zao\web\zao\index.php 14
Undefined index: ac

-----------------------------------
[2015-12-24 16:24:58] 127.0.0.1 http://zao.com/zao.php?ct=trade&type=7
COOKIE: array (
  'SERVERID80' => 'redirect1',
  'SERSTICKY' => 'wc2',
  'dm_admin_name_zao' => '114',
  'dm_admin_auth_zao' => '31b11b119d9b94bacc9cac9bacbab829',
  'dm_open_time_zao' => '1450945489',
)
[2015-12-24 16:24:58]Info: E:\php\zao\web\zao\model\ModTrade.php 42
SQL: select count(*) as c from `zao_order` where 1  and `is_del` = '0' and `trade_state` ='7' limit 1(OK:0.011)
[2015-12-24 16:24:58]Info: E:\php\zao\web\zao\model\ModTrade.php 45
SQL: select * from `zao_order` where 1  and `is_del` = '0' and `trade_state` ='7' order by `ct` desc  limit 0, 5(OK:0.001)
[2015-12-24 16:24:58]Error: E:\php\zao\web\zao\index.php 14
Undefined index: ac

-----------------------------------
[2015-12-24 16:24:58] 127.0.0.1 http://zao.com/zao.php?ct=trade&type=3
COOKIE: array (
  'SERVERID80' => 'redirect1',
  'SERSTICKY' => 'wc2',
  'dm_admin_name_zao' => '114',
  'dm_admin_auth_zao' => '31b11b119d9b94bacc9cac9bacbab829',
  'dm_open_time_zao' => '1450945489',
)
[2015-12-24 16:24:58]Info: E:\php\zao\web\zao\model\ModTrade.php 42
SQL: select count(*) as c from `zao_order` where 1  and `is_del` = '0' and `trade_state` ='3' limit 1(OK:0.012)
[2015-12-24 16:24:58]Info: E:\php\zao\web\zao\model\ModTrade.php 45
SQL: select * from `zao_order` where 1  and `is_del` = '0' and `trade_state` ='3' order by `ct` desc  limit 0, 5(OK:0.001)
[2015-12-24 16:24:58]Error: E:\php\zao\web\zao\index.php 14
Undefined index: ac

-----------------------------------
[2015-12-24 16:24:59] 127.0.0.1 http://zao.com/zao.php?ct=trade&type=2
COOKIE: array (
  'SERVERID80' => 'redirect1',
  'SERSTICKY' => 'wc2',
  'dm_admin_name_zao' => '114',
  'dm_admin_auth_zao' => '31b11b119d9b94bacc9cac9bacbab829',
  'dm_open_time_zao' => '1450945489',
)
[2015-12-24 16:24:59]Info: E:\php\zao\web\zao\model\ModTrade.php 42
SQL: select count(*) as c from `zao_order` where 1  and `is_del` = '0' and `trade_state` ='2' limit 1(OK:0.016)
[2015-12-24 16:24:59]Info: E:\php\zao\web\zao\model\ModTrade.php 45
SQL: select * from `zao_order` where 1  and `is_del` = '0' and `trade_state` ='2' order by `ct` desc  limit 0, 5(OK:0.001)
[2015-12-24 16:24:59]Error: E:\php\zao\web\zao\index.php 14
Undefined index: ac

-----------------------------------
[2015-12-24 16:24:59] 127.0.0.1 http://zao.com/zao.php?ct=trade&type=1
COOKIE: array (
  'SERVERID80' => 'redirect1',
  'SERSTICKY' => 'wc2',
  'dm_admin_name_zao' => '114',
  'dm_admin_auth_zao' => '31b11b119d9b94bacc9cac9bacbab829',
  'dm_open_time_zao' => '1450945489',
)
[2015-12-24 16:24:59]Info: E:\php\zao\web\zao\model\ModTrade.php 42
SQL: select count(*) as c from `zao_order` where 1  and `is_del` = '0' and `trade_state` ='1' limit 1(OK:0.01)
[2015-12-24 16:24:59]Info: E:\php\zao\web\zao\model\ModTrade.php 45
SQL: select * from `zao_order` where 1  and `is_del` = '0' and `trade_state` ='1' order by `ct` desc  limit 0, 5(OK:0.001)
[2015-12-24 16:24:59]Error: E:\php\zao\web\zao\index.php 14
Undefined index: ac

-----------------------------------
[2015-12-24 16:24:59] 127.0.0.1 http://zao.com/zao.php?ct=trade
COOKIE: array (
  'SERVERID80' => 'redirect1',
  'SERSTICKY' => 'wc2',
  'dm_admin_name_zao' => '114',
  'dm_admin_auth_zao' => '31b11b119d9b94bacc9cac9bacbab829',
  'dm_open_time_zao' => '1450945489',
)
[2015-12-24 16:24:59]Info: E:\php\zao\web\zao\model\ModTrade.php 42
SQL: select count(*) as c from `zao_order` where 1  and `is_del` = '0' limit 1(OK:0.01)
[2015-12-24 16:24:59]Info: E:\php\zao\web\zao\model\ModTrade.php 45
SQL: select * from `zao_order` where 1  and `is_del` = '0' order by `ct` desc  limit 0, 5(OK:0.001)
[2015-12-24 16:24:59]Error: E:\php\zao\web\zao\index.php 14
Undefined index: ac

-----------------------------------
[2015-12-24 16:25:00] 127.0.0.1 http://zao.com/zao.php?ct=set
COOKIE: array (
  'SERVERID80' => 'redirect1',
  'SERSTICKY' => 'wc2',
  'dm_admin_name_zao' => '114',
  'dm_admin_auth_zao' => '31b11b119d9b94bacc9cac9bacbab829',
  'dm_open_time_zao' => '1450945489',
)
[2015-12-24 16:25:00]Info: E:\php\zao\web\zao\model\ModSet.php 18
SQL: select count(*) as c from zao_banner limit 1(OK:0.049)
[2015-12-24 16:25:00]Info: E:\php\zao\web\zao\model\ModSet.php 20
SQL: select * from zao_banner(OK:0.017)
[2015-12-24 16:25:00]Error: E:\php\zao\web\zao\index.php 14
Undefined index: ac

-----------------------------------
[2015-12-24 16:28:50] 127.0.0.1 http://zao.com/zao.php
COOKIE: array (
  'SERVERID80' => 'redirect1',
  'SERSTICKY' => 'wc2',
  'dm_admin_name_zao' => '114',
  'dm_admin_auth_zao' => '31b11b119d9b94bacc9cac9bacbab829',
  'dm_open_time_zao' => '1450945489',
)
[2015-12-24 16:28:50]Info: E:\php\zao\web\zao\model\ModGoods.php 31
SQL: select count(*) as c from `zao_goods` where 1 limit 1(OK:0.012)
[2015-12-24 16:28:50]Info: E:\php\zao\web\zao\model\ModGoods.php 34
SQL: select a.*, b.nickname from `zao_goods` a
left join `zao_user` b on a.uid = b.uid
where 1 
order by `ct` desc  limit 0, 10(OK:0.001)

-----------------------------------
[2015-12-24 16:28:50] 127.0.0.1 http://zao.com/zao.php
COOKIE: array (
  'SERVERID80' => 'redirect1',
  'SERSTICKY' => 'wc2',
  'dm_admin_name_zao' => '114',
  'dm_admin_auth_zao' => '31b11b119d9b94bacc9cac9bacbab829',
  'dm_open_time_zao' => '1450945489',
)
[2015-12-24 16:28:50]Info: E:\php\zao\web\zao\model\ModGoods.php 31
SQL: select count(*) as c from `zao_goods` where 1 limit 1(OK:0.012)
[2015-12-24 16:28:50]Info: E:\php\zao\web\zao\model\ModGoods.php 34
SQL: select a.*, b.nickname from `zao_goods` a
left join `zao_user` b on a.uid = b.uid
where 1 
order by `ct` desc  limit 0, 10(OK:0.001)
[2015-12-24 16:28:50]Error: E:\php\zao\web\zao\index.php 14
Undefined index: ac
[2015-12-24 16:28:50]Error: E:\php\zao\web\zao\index.php 14
Undefined index: ac

-----------------------------------
[2015-12-24 16:35:25] 127.0.0.1 http://zao.com/zao.php?ct=user
COOKIE: array (
  'SERVERID80' => 'redirect1',
  'SERSTICKY' => 'wc2',
  'dm_admin_name_zao' => '114',
  'dm_admin_auth_zao' => '31b11b119d9b94bacc9cac9bacbab829',
  'dm_open_time_zao' => '1450945489',
)
[2015-12-24 16:35:25]Info: E:\php\zao\web\zao\model\ModUser.php 32
SQL: select count(*) as c from `zao_user` where 1 limit 1(OK:0.042)
[2015-12-24 16:35:25]Info: E:\php\zao\web\zao\model\ModUser.php 35
SQL: select * from `zao_user`
where 1 
order by `ct` desc  limit 0, 10(OK:0.001)
[2015-12-24 16:35:25]Error: E:\php\zao\web\zao\index.php 14
Undefined index: ac

-----------------------------------
[2015-12-24 16:35:26] 127.0.0.1 http://zao.com/zao.php?ct=trade
COOKIE: array (
  'SERVERID80' => 'redirect1',
  'SERSTICKY' => 'wc2',
  'dm_admin_name_zao' => '114',
  'dm_admin_auth_zao' => '31b11b119d9b94bacc9cac9bacbab829',
  'dm_open_time_zao' => '1450945489',
)
[2015-12-24 16:35:26]Info: E:\php\zao\web\zao\model\ModTrade.php 42
SQL: select count(*) as c from `zao_order` where 1  and `is_del` = '0' limit 1(OK:0.027)
[2015-12-24 16:35:26]Info: E:\php\zao\web\zao\model\ModTrade.php 45
SQL: select * from `zao_order` where 1  and `is_del` = '0' order by `ct` desc  limit 0, 5(OK:0)
[2015-12-24 16:35:26]Error: E:\php\zao\web\zao\index.php 14
Undefined index: ac

-----------------------------------
[2015-12-24 16:35:26] 127.0.0.1 http://zao.com/zao.php?ct=trade&type=1
COOKIE: array (
  'SERVERID80' => 'redirect1',
  'SERSTICKY' => 'wc2',
  'dm_admin_name_zao' => '114',
  'dm_admin_auth_zao' => '31b11b119d9b94bacc9cac9bacbab829',
  'dm_open_time_zao' => '1450945489',
)
[2015-12-24 16:35:26]Info: E:\php\zao\web\zao\model\ModTrade.php 42
SQL: select count(*) as c from `zao_order` where 1  and `is_del` = '0' and `trade_state` ='1' limit 1(OK:0.011)
[2015-12-24 16:35:26]Info: E:\php\zao\web\zao\model\ModTrade.php 45
SQL: select * from `zao_order` where 1  and `is_del` = '0' and `trade_state` ='1' order by `ct` desc  limit 0, 5(OK:0.001)
[2015-12-24 16:35:26]Error: E:\php\zao\web\zao\index.php 14
Undefined index: ac

-----------------------------------
[2015-12-24 16:35:27] 127.0.0.1 http://zao.com/zao.php?ct=trade&type=2
COOKIE: array (
  'SERVERID80' => 'redirect1',
  'SERSTICKY' => 'wc2',
  'dm_admin_name_zao' => '114',
  'dm_admin_auth_zao' => '31b11b119d9b94bacc9cac9bacbab829',
  'dm_open_time_zao' => '1450945489',
)
[2015-12-24 16:35:27]Info: E:\php\zao\web\zao\model\ModTrade.php 42
SQL: select count(*) as c from `zao_order` where 1  and `is_del` = '0' and `trade_state` ='2' limit 1(OK:0.012)
[2015-12-24 16:35:27]Info: E:\php\zao\web\zao\model\ModTrade.php 45
SQL: select * from `zao_order` where 1  and `is_del` = '0' and `trade_state` ='2' order by `ct` desc  limit 0, 5(OK:0)
[2015-12-24 16:35:27]Error: E:\php\zao\web\zao\index.php 14
Undefined index: ac

-----------------------------------
[2015-12-24 16:35:27] 127.0.0.1 http://zao.com/zao.php?ct=trade&type=3
COOKIE: array (
  'SERVERID80' => 'redirect1',
  'SERSTICKY' => 'wc2',
  'dm_admin_name_zao' => '114',
  'dm_admin_auth_zao' => '31b11b119d9b94bacc9cac9bacbab829',
  'dm_open_time_zao' => '1450945489',
)
[2015-12-24 16:35:27]Info: E:\php\zao\web\zao\model\ModTrade.php 42
SQL: select count(*) as c from `zao_order` where 1  and `is_del` = '0' and `trade_state` ='3' limit 1(OK:0.001)
[2015-12-24 16:35:27]Info: E:\php\zao\web\zao\model\ModTrade.php 45
SQL: select * from `zao_order` where 1  and `is_del` = '0' and `trade_state` ='3' order by `ct` desc  limit 0, 5(OK:0.001)
[2015-12-24 16:35:27]Error: E:\php\zao\web\zao\index.php 14
Undefined index: ac

-----------------------------------
[2015-12-24 16:35:27] 127.0.0.1 http://zao.com/zao.php?ct=trade&type=7
COOKIE: array (
  'SERVERID80' => 'redirect1',
  'SERSTICKY' => 'wc2',
  'dm_admin_name_zao' => '114',
  'dm_admin_auth_zao' => '31b11b119d9b94bacc9cac9bacbab829',
  'dm_open_time_zao' => '1450945489',
)
[2015-12-24 16:35:27]Info: E:\php\zao\web\zao\model\ModTrade.php 42
SQL: select count(*) as c from `zao_order` where 1  and `is_del` = '0' and `trade_state` ='7' limit 1(OK:0.017)
[2015-12-24 16:35:27]Info: E:\php\zao\web\zao\model\ModTrade.php 45
SQL: select * from `zao_order` where 1  and `is_del` = '0' and `trade_state` ='7' order by `ct` desc  limit 0, 5(OK:0.001)
[2015-12-24 16:35:27]Error: E:\php\zao\web\zao\index.php 14
Undefined index: ac
