
-----------------------------------
[2015-12-22 13:07:08] 127.0.0.1 http://zao.com/main/?ct=api&method=goods.addcomment
POST: array (
  'uid' => '196',
  'psw' => 'qqqqqq',
  'gid' => '4',
  'content' => '"这是一个魔性的手机壳...',
)
[2015-12-22 13:07:08]Info: E:\php\zao\web\main\model\ModUser.php 39
SQL: select `psw` from zao_user where `uid` = '196' limit 1(OK:1.345)
[2015-12-22 13:07:08]Info: E:\php\zao\web\main\model\ModGoods.php 68
SQL: insert into `zao_comment` (`uid`, `gid`, `content`, `ct`) values ('196',  '4',  '&quot;这是一个魔性的手机壳.',  '1450760828') (OK:0.142)
[2015-12-22 13:07:08]Info: E:\php\zao\web\main\controller\CtlApi.php 24
array (
  'c' => '0',
  'd' => '评论成功',
  'ct' => 1450760828,
)

-----------------------------------
[2015-12-22 13:07:12] 127.0.0.1 http://zao.com/main/?ct=api&method=goods.addcomment
POST: array (
  'uid' => '196',
  'psw' => 'qqqqqq',
  'gid' => '4',
  'content' => '"这是一个魔性的手机壳...',
)
[2015-12-22 13:07:12]Info: E:\php\zao\web\main\model\ModUser.php 39
SQL: select `psw` from zao_user where `uid` = '196' limit 1(OK:0.012)
[2015-12-22 13:07:12]Info: E:\php\zao\web\main\model\ModGoods.php 68
SQL: insert into `zao_comment` (`uid`, `gid`, `content`, `ct`) values ('196',  '4',  '&quot;这是一个魔性的手机壳.',  '1450760832') (OK:0.001)
[2015-12-22 13:07:12]Info: E:\php\zao\web\main\controller\CtlApi.php 24
array (
  'c' => '0',
  'd' => '评论成功',
  'ct' => 1450760832,
)

-----------------------------------
[2015-12-22 13:07:13] 127.0.0.1 http://zao.com/main/?ct=api&method=goods.addcomment
POST: array (
  'uid' => '196',
  'psw' => 'qqqqqq',
  'gid' => '4',
  'content' => '"这是一个魔性的手机壳...',
)
[2015-12-22 13:07:13]Info: E:\php\zao\web\main\model\ModUser.php 39
SQL: select `psw` from zao_user where `uid` = '196' limit 1(OK:0.013)
[2015-12-22 13:07:13]Info: E:\php\zao\web\main\model\ModGoods.php 68
SQL: insert into `zao_comment` (`uid`, `gid`, `content`, `ct`) values ('196',  '4',  '&quot;这是一个魔性的手机壳.',  '1450760833') (OK:0.001)
[2015-12-22 13:07:13]Info: E:\php\zao\web\main\controller\CtlApi.php 24
array (
  'c' => '0',
  'd' => '评论成功',
  'ct' => 1450760833,
)

-----------------------------------
[2015-12-22 13:07:29] 127.0.0.1 http://zao.com/main/?ct=api&method=goods.addcomment
POST: array (
  'uid' => '196',
  'psw' => 'qqqqqq',
  'gid' => '4',
  'content' => '"这是一个魔性的手机壳...简直不敢相信！！！！',
)
[2015-12-22 13:07:29]Info: E:\php\zao\web\main\model\ModUser.php 39
SQL: select `psw` from zao_user where `uid` = '196' limit 1(OK:0.016)
[2015-12-22 13:07:29]Info: E:\php\zao\web\main\model\ModGoods.php 68
SQL: insert into `zao_comment` (`uid`, `gid`, `content`, `ct`) values ('196',  '4',  '&quot;这是一个魔性的手机壳.简直不敢相信！！！！',  '1450760849') (OK:0.001)
[2015-12-22 13:07:29]Info: E:\php\zao\web\main\controller\CtlApi.php 24
array (
  'c' => '0',
  'd' => '评论成功',
  'ct' => 1450760849,
)
