
-----------------------------------
[2016-01-19 19:40:34] 127.0.0.1 http://zao.com/main/?ct=api&method=person.getMsgList
POST: array (
  'uid' => '195',
  'psw' => 'qqqqqq',
  'page' => '1',
  'num' => '33',
)
[2016-01-19 19:40:34]Info: E:\php\zao\web\main\model\ModUser.php 39
SQL: select `psw` from zao_user where `uid` = '195' limit 1(OK:2.016)
[2016-01-19 19:40:34]Error: E:\php\zao\web\main\model\ModPerson.php 149
SQL: select a.*, b.img, b.name, c.portrait, c.nickname, d.*, e.* from zao_message a
left join zao_goods b on a.gid = b.gid
left join zao_user c on a.uid = c.uid
left join `zao_goods_fav` d on 195 = d.uid and a.gid = d.gid
left join `` e on c.cid = e.cid
WHERE  (a.tid=195 or a.tid=0)
and (a.ct between 1137843634 AND 1453203634)
and (a.type != 0)
order by a.ct desc  limit 0, 33(error：Incorrect table name '')
[2016-01-19 19:40:34]Info: E:\php\zao\web\main\controller\CtlApi.php 24
array (
  'c' => '0',
  'd' => 
  array (
  ),
  'ct' => 1453203634,
)

-----------------------------------
[2016-01-19 19:40:58] 127.0.0.1 http://zao.com/main/?ct=api&method=person.getMsgList
POST: array (
  'uid' => '195',
  'psw' => 'qqqqqq',
  'page' => '1',
  'num' => '33',
)
[2016-01-19 19:40:58]Info: E:\php\zao\web\main\model\ModUser.php 39
SQL: select `psw` from zao_user where `uid` = '195' limit 1(OK:0.003)
[2016-01-19 19:40:58]Error: E:\php\zao\web\main\model\ModPerson.php 148
SQL: select a.*, b.img, b.name, c.portrait, c.nickname, d.*, e.* from zao_message a
left join zao_goods b on a.gid = b.gid
left join zao_user c on a.uid = c.uid
left join `zao_goods_fav` d on 195 = d.uid and a.gid = d.gid
WHERE  (a.tid=195 or a.tid=0)
and (a.ct between 1137843658 AND 1453203658)
and (a.type != 0)
order by a.ct desc  limit 0, 33(error：Unknown table 'e')
[2016-01-19 19:40:58]Info: E:\php\zao\web\main\controller\CtlApi.php 24
array (
  'c' => '0',
  'd' => 
  array (
  ),
  'ct' => 1453203658,
)

-----------------------------------
[2016-01-19 19:42:27] 127.0.0.1 http://zao.com/main/?ct=api&method=person.getMsgList
POST: array (
  'uid' => '195',
  'psw' => 'qqqqqq',
  'page' => '1',
  'num' => '33',
)
[2016-01-19 19:42:27]Info: E:\php\zao\web\main\model\ModUser.php 39
SQL: select `psw` from zao_user where `uid` = '195' limit 1(OK:0.119)
[2016-01-19 19:42:27]Error: E:\php\zao\web\main\model\ModPerson.php 150
SQL: select a.*, b.img, b.name, c.portrait, c.nickname, d.*, e.* from zao_message a
left join zao_goods b on a.gid = b.gid
left join zao_user c on a.uid = c.uid
left join `zao_goods_fav` d on 195 = d.uid and a.gid = d.gid
left join `zao_category` e on c.cid = e.cid
WHERE  (a.tid=195 or a.tid=0)
and (a.ct between 1137843747 AND 1453203747)
and (a.type != 0)
order by a.ct desc  limit 0, 33(error：Unknown column 'c.cid' in 'on clause')
[2016-01-19 19:42:27]Info: E:\php\zao\web\main\controller\CtlApi.php 24
array (
  'c' => '0',
  'd' => 
  array (
  ),
  'ct' => 1453203747,
)

-----------------------------------
[2016-01-19 19:44:29] 127.0.0.1 http://zao.com/main/?ct=api&method=person.getMsgList
POST: array (
  'uid' => '195',
  'psw' => 'qqqqqq',
  'page' => '1',
  'num' => '33',
)
[2016-01-19 19:44:29]Info: E:\php\zao\web\main\model\ModUser.php 39
SQL: select `psw` from zao_user where `uid` = '195' limit 1(OK:0.002)
[2016-01-19 19:44:29]Error: E:\php\zao\web\main\model\ModPerson.php 149
SQL: select a.*, b.img, b.name, c.portrait, c.nickname, d.*, e.* from zao_message a
left join zao_goods b on a.gid = b.gid
left join zao_user c on a.uid = c.uid
left join `zao_goods_fav` d on 195 = d.uid and a.gid = d.gid
WHERE  (a.tid=195 or a.tid=0)
and (a.ct between 1137843869 AND 1453203869)
and (a.type != 0)
order by a.ct desc  limit 0, 33(error：Unknown table 'e')
[2016-01-19 19:44:29]Info: E:\php\zao\web\main\controller\CtlApi.php 24
array (
  'c' => '0',
  'd' => 
  array (
  ),
  'ct' => 1453203869,
)

-----------------------------------
[2016-01-19 19:46:08] 127.0.0.1 http://zao.com/main/?ct=api&method=person.getMsgList
POST: array (
  'uid' => '195',
  'psw' => 'qqqqqq',
  'page' => '1',
  'num' => '33',
)
[2016-01-19 19:46:08]Info: E:\php\zao\web\main\model\ModUser.php 39
SQL: select `psw` from zao_user where `uid` = '195' limit 1(OK:0.048)
[2016-01-19 19:46:08]Error: E:\php\zao\web\main\model\ModPerson.php 150
SQL: select a.*, b.img, b.name, c.portrait, c.nickname, d.*, e.* from zao_message a
left join zao_goods b on a.gid = b.gid
left join zao_user c on a.uid = c.uid
left join `zao_goods_fav` d on 195 = d.uid and a.gid = d.gid
left join `zao_category` e on c.cid = e.cid
WHERE  (a.tid=195 or a.tid=0)
and (a.ct between 1137843968 AND 1453203968)
and (a.type != 0)
order by a.ct desc  limit 0, 33(error：Unknown column 'c.cid' in 'on clause')
[2016-01-19 19:46:08]Info: E:\php\zao\web\main\controller\CtlApi.php 24
array (
  'c' => '0',
  'd' => 
  array (
  ),
  'ct' => 1453203968,
)

-----------------------------------
[2016-01-19 19:46:12] 127.0.0.1 http://zao.com/main/?ct=api&method=person.getMsgList
POST: array (
  'uid' => '195',
  'psw' => 'qqqqqq',
  'page' => '1',
  'num' => '33',
)
[2016-01-19 19:46:12]Info: E:\php\zao\web\main\model\ModUser.php 39
SQL: select `psw` from zao_user where `uid` = '195' limit 1(OK:0.004)
[2016-01-19 19:46:12]Error: E:\php\zao\web\main\model\ModPerson.php 150
SQL: select a.*, b.img, b.name, c.portrait, c.nickname, d.*, e.* from zao_message a
left join zao_goods b on a.gid = b.gid
left join zao_user c on a.uid = c.uid
left join `zao_goods_fav` d on 195 = d.uid and a.gid = d.gid
left join `zao_category` e on c.cid = e.cid
WHERE  (a.tid=195 or a.tid=0)
and (a.ct between 1137843972 AND 1453203972)
and (a.type != 0)
order by a.ct desc  limit 0, 33(error：Unknown column 'c.cid' in 'on clause')
[2016-01-19 19:46:12]Info: E:\php\zao\web\main\controller\CtlApi.php 24
array (
  'c' => '0',
  'd' => 
  array (
  ),
  'ct' => 1453203972,
)

-----------------------------------
[2016-01-19 19:46:32] 127.0.0.1 http://zao.com/main/?ct=api&method=person.getMsgList
POST: array (
  'uid' => '195',
  'psw' => 'qqqqqq',
  'page' => '1',
  'num' => '33',
)
[2016-01-19 19:46:32]Info: E:\php\zao\web\main\model\ModUser.php 39
SQL: select `psw` from zao_user where `uid` = '195' limit 1(OK:0.052)
[2016-01-19 19:46:32]Info: E:\php\zao\web\main\model\ModPerson.php 149
SQL: select a.*, b.img, b.name, c.portrait, c.nickname, d.* from zao_message a
left join zao_goods b on a.gid = b.gid
left join zao_user c on a.uid = c.uid
left join `zao_goods_fav` d on 195 = d.uid and a.gid = d.gid
WHERE  (a.tid=195 or a.tid=0)
and (a.ct between 1137843992 AND 1453203992)
and (a.type != 0)
order by a.ct desc  limit 0, 33(OK:0.004)
[2016-01-19 19:46:32]Info: E:\php\zao\web\main\controller\CtlApi.php 24
array (
  'c' => '0',
  'd' => 
  array (
    0 => 
    array (
      'id' => '10',
      'type' => '2',
      'msg' => '晓龙的测试机 评论了你的设计：来时减肥地爱抚放到多多的',
      'uid' => NULL,
      'tid' => '0',
      'gid' => NULL,
      'ct' => NULL,
      'is_del' => '0',
      'img' => 'http://d05.res.meilishuo.net/pic/_o/5e/fc/1b0f33110e260fb4eeda54b9585c_850_850.jpeg',
      'name' => '测试人热热热呃 啊',
      'portrait' => 'http://v1.qzone.cc/avatar/201405/01/01/40/53613582688bd260.jpg%21200x200.jpg',
      'nickname' => '晓龙的测试机',
      'fav_id' => NULL,
      'is_fav' => NULL,
    ),
    1 => 
    array (
      'id' => '9',
      'type' => '2',
      'msg' => '晓龙的测试机 评论了你的设计：来时减肥地爱抚放到多多的',
      'uid' => NULL,
      'tid' => '0',
      'gid' => NULL,
      'ct' => NULL,
      'is_del' => '0',
      'img' => 'http://d05.res.meilishuo.net/pic/_o/5e/fc/1b0f33110e260fb4eeda54b9585c_850_850.jpeg',
      'name' => '测试人热热热呃 啊',
      'portrait' => 'http://v1.qzone.cc/avatar/201405/01/01/40/53613582688bd260.jpg%21200x200.jpg',
      'nickname' => '晓龙的测试机',
      'fav_id' => NULL,
      'is_fav' => NULL,
    ),
    2 => 
    array (
      'id' => '8',
      'type' => '2',
      'msg' => '晓龙的测试机 评论了你的设计：来时减肥地爱抚放到多多的',
      'uid' => NULL,
      'tid' => '0',
      'gid' => NULL,
      'ct' => NULL,
      'is_del' => '0',
      'img' => 'http://d05.res.meilishuo.net/pic/_o/5e/fc/1b0f33110e260fb4eeda54b9585c_850_850.jpeg',
      'name' => '测试人热热热呃 啊',
      'portrait' => 'http://v1.qzone.cc/avatar/201405/01/01/40/53613582688bd260.jpg%21200x200.jpg',
      'nickname' => '晓龙的测试机',
      'fav_id' => NULL,
      'is_fav' => NULL,
    ),
    3 => 
    array (
      'id' => '7',
      'type' => '2',
      'msg' => '晓龙的测试机 评论了你的设计：',
      'uid' => NULL,
      'tid' => '0',
      'gid' => NULL,
      'ct' => NULL,
      'is_del' => '0',
      'img' => 'http://d05.res.meilishuo.net/pic/_o/5e/fc/1b0f33110e260fb4eeda54b9585c_850_850.jpeg',
      'name' => '测试人热热热呃 啊',
      'portrait' => 'http://v1.qzone.cc/avatar/201405/01/01/40/53613582688bd260.jpg%21200x200.jpg',
      'nickname' => '晓龙的测试机',
      'fav_id' => NULL,
      'is_fav' => NULL,
    ),
    4 => 
    array (
      'id' => '6',
      'type' => '2',
      'msg' => '晓龙的测试机 评论了你的设计：',
      'uid' => NULL,
      'tid' => '0',
      'gid' => NULL,
      'ct' => NULL,
      'is_del' => '0',
      'img' => 'http://d05.res.meilishuo.net/pic/_o/5e/fc/1b0f33110e260fb4eeda54b9585c_850_850.jpeg',
      'name' => '测试人热热热呃 啊',
      'portrait' => 'http://v1.qzone.cc/avatar/201405/01/01/40/53613582688bd260.jpg%21200x200.jpg',
      'nickname' => '晓龙的测试机',
      'fav_id' => NULL,
      'is_fav' => NULL,
    ),
    5 => 
    array (
      'id' => '0',
      'type' => '3',
      'msg' => '需要更新产品了，快去下载',
      'uid' => NULL,
      'tid' => '0',
      'gid' => NULL,
      'ct' => NULL,
      'is_del' => '0',
      'img' => 'http://d05.res.meilishuo.net/pic/_o/5e/fc/1b0f33110e260fb4eeda54b9585c_850_850.jpeg',
      'name' => '测试人热热热呃 啊',
      'portrait' => 'http://v1.qzone.cc/avatar/201405/01/01/40/53613582688bd260.jpg%21200x200.jpg',
      'nickname' => '群主',
      'fav_id' => NULL,
      'is_fav' => NULL,
    ),
    6 => 
    array (
      'id' => '3',
      'type' => '1',
      'msg' => '我喜欢你的手机壳',
      'uid' => NULL,
      'tid' => '195',
      'gid' => NULL,
      'ct' => NULL,
      'is_del' => '0',
      'img' => 'http://d05.res.meilishuo.net/pic/_o/5e/fc/1b0f33110e260fb4eeda54b9585c_850_850.jpeg',
      'name' => '测试人热热热呃 啊',
      'portrait' => 'http://v1.qzone.cc/avatar/201405/01/01/40/53613582688bd260.jpg%21200x200.jpg',
      'nickname' => '晓龙的测试机',
      'fav_id' => NULL,
      'is_fav' => NULL,
    ),
    7 => 
    array (
      'id' => '4',
      'type' => '2',
      'msg' => '这是个好玩的手机壳',
      'uid' => NULL,
      'tid' => '195',
      'gid' => NULL,
      'ct' => NULL,
      'is_del' => '0',
      'img' => 'http://d05.res.meilishuo.net/pic/_o/5e/fc/1b0f33110e260fb4eeda54b9585c_850_850.jpeg',
      'name' => '测试人热热热呃 啊',
      'portrait' => 'http://v1.qzone.cc/avatar/201405/01/01/40/53613582688bd260.jpg%21200x200.jpg',
      'nickname' => '晓龙的测试机',
      'fav_id' => NULL,
      'is_fav' => NULL,
    ),
    8 => 
    array (
      'id' => '5',
      'type' => '1',
      'msg' => '1233213',
      'uid' => NULL,
      'tid' => '195',
      'gid' => NULL,
      'ct' => NULL,
      'is_del' => '0',
      'img' => 'http://d05.res.meilishuo.net/pic/_o/5e/fc/1b0f33110e260fb4eeda54b9585c_850_850.jpeg',
      'name' => '测试人热热热呃 啊',
      'portrait' => 'http://v1.qzone.cc/avatar/201405/01/01/40/53613582688bd260.jpg%21200x200.jpg',
      'nickname' => '晓龙的测试机',
      'fav_id' => NULL,
      'is_fav' => NULL,
    ),
  ),
  'ct' => 1453203992,
)

-----------------------------------
[2016-01-19 19:46:46] 127.0.0.1 http://zao.com/main/?ct=api&method=person.getgoodslist
POST: array (
  'uid' => '195',
  'psw' => 'qqqqqq',
  'page' => '1',
  'num' => '33',
)
[2016-01-19 19:46:46]Info: E:\php\zao\web\main\model\ModUser.php 39
SQL: select `psw` from zao_user where `uid` = '195' limit 1(OK:0.008)
[2016-01-19 19:46:46]Error: E:\php\zao\web\main\service\SrvApi.php 45
Call to undefined method SrvPersonApi::getgoodslist()

-----------------------------------
[2016-01-19 19:47:11] 127.0.0.1 http://zao.com/main/?ct=api&method=goods.getgoodslist
POST: array (
  'uid' => '195',
  'psw' => 'qqqqqq',
  'page' => '1',
  'num' => '33',
)
[2016-01-19 19:47:11]Info: E:\php\zao\web\main\controller\CtlApi.php 24
array (
  'c' => '0',
  'd' => 
  array (
  ),
  'ct' => 1453204031,
)

-----------------------------------
[2016-01-19 19:47:18] 127.0.0.1 http://zao.com/main/?ct=api&method=goods.getGoodsList
POST: array (
  'uid' => '195',
  'psw' => 'qqqqqq',
  'page' => '1',
  'num' => '33',
)
[2016-01-19 19:47:18]Info: E:\php\zao\web\main\controller\CtlApi.php 24
array (
  'c' => '0',
  'd' => 
  array (
  ),
  'ct' => 1453204038,
)

-----------------------------------
[2016-01-19 19:48:28] 127.0.0.1 http://zao.com/main/?ct=api&method=person.getMsgList
POST: array (
  'uid' => '195',
  'psw' => 'qqqqqq',
  'page' => '1',
  'num' => '33',
)
[2016-01-19 19:48:28]Info: E:\php\zao\web\main\model\ModUser.php 39
SQL: select `psw` from zao_user where `uid` = '195' limit 1(OK:0.022)
[2016-01-19 19:48:28]Info: E:\php\zao\web\main\model\ModPerson.php 149
SQL: select a.*, b.img, b.name, c.portrait, c.nickname, d.* from zao_message a
left join zao_goods b on a.gid = b.gid
left join zao_user c on a.uid = c.uid
left join `zao_goods_fav` d on 195 = d.uid and a.gid = d.gid
WHERE  (a.tid=195 or a.tid=0)
and (a.ct between 1137844108 AND 1453204108)
and (a.type != 0)
order by a.ct desc  limit 0, 33(OK:0.003)
[2016-01-19 19:48:28]Info: E:\php\zao\web\main\controller\CtlApi.php 24
array (
  'c' => '0',
  'd' => 
  array (
    0 => 
    array (
      'id' => '10',
      'type' => '2',
      'msg' => '晓龙的测试机 评论了你的设计：来时减肥地爱抚放到多多的',
      'uid' => NULL,
      'tid' => '0',
      'gid' => NULL,
      'ct' => NULL,
      'is_del' => '0',
      'img' => 'http://d05.res.meilishuo.net/pic/_o/5e/fc/1b0f33110e260fb4eeda54b9585c_850_850.jpeg',
      'name' => '测试人热热热呃 啊',
      'portrait' => 'http://v1.qzone.cc/avatar/201405/01/01/40/53613582688bd260.jpg%21200x200.jpg',
      'nickname' => '晓龙的测试机',
      'fav_id' => NULL,
      'is_fav' => NULL,
    ),
    1 => 
    array (
      'id' => '9',
      'type' => '2',
      'msg' => '晓龙的测试机 评论了你的设计：来时减肥地爱抚放到多多的',
      'uid' => NULL,
      'tid' => '0',
      'gid' => NULL,
      'ct' => NULL,
      'is_del' => '0',
      'img' => 'http://d05.res.meilishuo.net/pic/_o/5e/fc/1b0f33110e260fb4eeda54b9585c_850_850.jpeg',
      'name' => '测试人热热热呃 啊',
      'portrait' => 'http://v1.qzone.cc/avatar/201405/01/01/40/53613582688bd260.jpg%21200x200.jpg',
      'nickname' => '晓龙的测试机',
      'fav_id' => NULL,
      'is_fav' => NULL,
    ),
    2 => 
    array (
      'id' => '8',
      'type' => '2',
      'msg' => '晓龙的测试机 评论了你的设计：来时减肥地爱抚放到多多的',
      'uid' => NULL,
      'tid' => '0',
      'gid' => NULL,
      'ct' => NULL,
      'is_del' => '0',
      'img' => 'http://d05.res.meilishuo.net/pic/_o/5e/fc/1b0f33110e260fb4eeda54b9585c_850_850.jpeg',
      'name' => '测试人热热热呃 啊',
      'portrait' => 'http://v1.qzone.cc/avatar/201405/01/01/40/53613582688bd260.jpg%21200x200.jpg',
      'nickname' => '晓龙的测试机',
      'fav_id' => NULL,
      'is_fav' => NULL,
    ),
    3 => 
    array (
      'id' => '7',
      'type' => '2',
      'msg' => '晓龙的测试机 评论了你的设计：',
      'uid' => NULL,
      'tid' => '0',
      'gid' => NULL,
      'ct' => NULL,
      'is_del' => '0',
      'img' => 'http://d05.res.meilishuo.net/pic/_o/5e/fc/1b0f33110e260fb4eeda54b9585c_850_850.jpeg',
      'name' => '测试人热热热呃 啊',
      'portrait' => 'http://v1.qzone.cc/avatar/201405/01/01/40/53613582688bd260.jpg%21200x200.jpg',
      'nickname' => '晓龙的测试机',
      'fav_id' => NULL,
      'is_fav' => NULL,
    ),
    4 => 
    array (
      'id' => '6',
      'type' => '2',
      'msg' => '晓龙的测试机 评论了你的设计：',
      'uid' => NULL,
      'tid' => '0',
      'gid' => NULL,
      'ct' => NULL,
      'is_del' => '0',
      'img' => 'http://d05.res.meilishuo.net/pic/_o/5e/fc/1b0f33110e260fb4eeda54b9585c_850_850.jpeg',
      'name' => '测试人热热热呃 啊',
      'portrait' => 'http://v1.qzone.cc/avatar/201405/01/01/40/53613582688bd260.jpg%21200x200.jpg',
      'nickname' => '晓龙的测试机',
      'fav_id' => NULL,
      'is_fav' => NULL,
    ),
    5 => 
    array (
      'id' => '0',
      'type' => '3',
      'msg' => '需要更新产品了，快去下载',
      'uid' => NULL,
      'tid' => '0',
      'gid' => NULL,
      'ct' => NULL,
      'is_del' => '0',
      'img' => 'http://d05.res.meilishuo.net/pic/_o/5e/fc/1b0f33110e260fb4eeda54b9585c_850_850.jpeg',
      'name' => '测试人热热热呃 啊',
      'portrait' => 'http://v1.qzone.cc/avatar/201405/01/01/40/53613582688bd260.jpg%21200x200.jpg',
      'nickname' => '群主',
      'fav_id' => NULL,
      'is_fav' => NULL,
    ),
    6 => 
    array (
      'id' => '3',
      'type' => '1',
      'msg' => '我喜欢你的手机壳',
      'uid' => NULL,
      'tid' => '195',
      'gid' => NULL,
      'ct' => NULL,
      'is_del' => '0',
      'img' => 'http://d05.res.meilishuo.net/pic/_o/5e/fc/1b0f33110e260fb4eeda54b9585c_850_850.jpeg',
      'name' => '测试人热热热呃 啊',
      'portrait' => 'http://v1.qzone.cc/avatar/201405/01/01/40/53613582688bd260.jpg%21200x200.jpg',
      'nickname' => '晓龙的测试机',
      'fav_id' => NULL,
      'is_fav' => NULL,
    ),
    7 => 
    array (
      'id' => '4',
      'type' => '2',
      'msg' => '这是个好玩的手机壳',
      'uid' => NULL,
      'tid' => '195',
      'gid' => NULL,
      'ct' => NULL,
      'is_del' => '0',
      'img' => 'http://d05.res.meilishuo.net/pic/_o/5e/fc/1b0f33110e260fb4eeda54b9585c_850_850.jpeg',
      'name' => '测试人热热热呃 啊',
      'portrait' => 'http://v1.qzone.cc/avatar/201405/01/01/40/53613582688bd260.jpg%21200x200.jpg',
      'nickname' => '晓龙的测试机',
      'fav_id' => NULL,
      'is_fav' => NULL,
    ),
    8 => 
    array (
      'id' => '5',
      'type' => '1',
      'msg' => '1233213',
      'uid' => NULL,
      'tid' => '195',
      'gid' => NULL,
      'ct' => NULL,
      'is_del' => '0',
      'img' => 'http://d05.res.meilishuo.net/pic/_o/5e/fc/1b0f33110e260fb4eeda54b9585c_850_850.jpeg',
      'name' => '测试人热热热呃 啊',
      'portrait' => 'http://v1.qzone.cc/avatar/201405/01/01/40/53613582688bd260.jpg%21200x200.jpg',
      'nickname' => '晓龙的测试机',
      'fav_id' => NULL,
      'is_fav' => NULL,
    ),
  ),
  'ct' => 1453204108,
)

-----------------------------------
[2016-01-19 19:55:34] 127.0.0.1 http://zao.com/main/?ct=api&method=person.getMsgList
POST: array (
  'uid' => '195',
  'psw' => 'qqqqqq',
  'page' => '1',
  'num' => '33',
)
[2016-01-19 19:55:34]Info: E:\php\zao\web\main\model\ModUser.php 39
SQL: select `psw` from zao_user where `uid` = '195' limit 1(OK:0.067)
[2016-01-19 19:55:34]Info: E:\php\zao\web\main\model\ModPerson.php 150
SQL: select a.*, b.*, c.portrait, c.nickname, d.*, e.* from zao_message a
left join zao_goods b on a.gid = b.gid
left join zao_user c on a.uid = c.uid
left join `zao_goods_fav` d on 195 = d.uid and a.gid = d.gid
left join `zao_category` e on b.cid = e.cid
WHERE  (a.tid=195 or a.tid=0)
and (a.ct between 1137844534 AND 1453204534)
and (a.type != 0)
order by a.ct desc  limit 0, 33(OK:0.003)
[2016-01-19 19:55:34]Info: E:\php\zao\web\main\controller\CtlApi.php 24
array (
  'c' => '0',
  'd' => 
  array (
    0 => 
    array (
      'id' => '10',
      'type' => '1',
      'msg' => '晓龙的测试机 评论了你的设计：来时减肥地爱抚放到多多的',
      'uid' => NULL,
      'tid' => '0',
      'gid' => NULL,
      'ct' => '1449731914',
      'is_del' => '0',
      'name' => '测试人热热热呃 啊',
      'price' => '3000.00',
      'number' => '900000',
      'detail' => '这是个神奇的是 ',
      'cid' => '1',
      'img' => 'http://d05.res.meilishuo.net/pic/_o/5e/fc/1b0f33110e260fb4eeda54b9585c_850_850.jpeg',
      'ishome' => '0',
      'tag' => 'cxz11,fdsaf,fdasf,fad',
      'fav_count' => '0',
      'purchased_count' => '0',
      'portrait' => 'http://v1.qzone.cc/avatar/201405/01/01/40/53613582688bd260.jpg%21200x200.jpg',
      'nickname' => '晓龙的测试机',
      'fav_id' => NULL,
      'is_fav' => NULL,
      'cat_type' => '1',
      'cat_name' => '手机默认类型',
      'cat_one' => 'iPhone6s,iPhone6 Plus,iPhone6,iPhone4',
      'cat_one_name' => '型号',
      'cat_two' => '白色硅胶,透明巧克力',
      'cat_two_name' => '材质',
    ),
    1 => 
    array (
      'id' => '9',
      'type' => '1',
      'msg' => '晓龙的测试机 评论了你的设计：来时减肥地爱抚放到多多的',
      'uid' => NULL,
      'tid' => '0',
      'gid' => NULL,
      'ct' => '1449731914',
      'is_del' => '0',
      'name' => '测试人热热热呃 啊',
      'price' => '3000.00',
      'number' => '900000',
      'detail' => '这是个神奇的是 ',
      'cid' => '1',
      'img' => 'http://d05.res.meilishuo.net/pic/_o/5e/fc/1b0f33110e260fb4eeda54b9585c_850_850.jpeg',
      'ishome' => '0',
      'tag' => 'cxz11,fdsaf,fdasf,fad',
      'fav_count' => '0',
      'purchased_count' => '0',
      'portrait' => 'http://v1.qzone.cc/avatar/201405/01/01/40/53613582688bd260.jpg%21200x200.jpg',
      'nickname' => '晓龙的测试机',
      'fav_id' => NULL,
      'is_fav' => NULL,
      'cat_type' => '1',
      'cat_name' => '手机默认类型',
      'cat_one' => 'iPhone6s,iPhone6 Plus,iPhone6,iPhone4',
      'cat_one_name' => '型号',
      'cat_two' => '白色硅胶,透明巧克力',
      'cat_two_name' => '材质',
    ),
    2 => 
    array (
      'id' => '8',
      'type' => '1',
      'msg' => '晓龙的测试机 评论了你的设计：来时减肥地爱抚放到多多的',
      'uid' => NULL,
      'tid' => '0',
      'gid' => NULL,
      'ct' => '1449731914',
      'is_del' => '0',
      'name' => '测试人热热热呃 啊',
      'price' => '3000.00',
      'number' => '900000',
      'detail' => '这是个神奇的是 ',
      'cid' => '1',
      'img' => 'http://d05.res.meilishuo.net/pic/_o/5e/fc/1b0f33110e260fb4eeda54b9585c_850_850.jpeg',
      'ishome' => '0',
      'tag' => 'cxz11,fdsaf,fdasf,fad',
      'fav_count' => '0',
      'purchased_count' => '0',
      'portrait' => 'http://v1.qzone.cc/avatar/201405/01/01/40/53613582688bd260.jpg%21200x200.jpg',
      'nickname' => '晓龙的测试机',
      'fav_id' => NULL,
      'is_fav' => NULL,
      'cat_type' => '1',
      'cat_name' => '手机默认类型',
      'cat_one' => 'iPhone6s,iPhone6 Plus,iPhone6,iPhone4',
      'cat_one_name' => '型号',
      'cat_two' => '白色硅胶,透明巧克力',
      'cat_two_name' => '材质',
    ),
    3 => 
    array (
      'id' => '7',
      'type' => '1',
      'msg' => '晓龙的测试机 评论了你的设计：',
      'uid' => NULL,
      'tid' => '0',
      'gid' => NULL,
      'ct' => '1449731914',
      'is_del' => '0',
      'name' => '测试人热热热呃 啊',
      'price' => '3000.00',
      'number' => '900000',
      'detail' => '这是个神奇的是 ',
      'cid' => '1',
      'img' => 'http://d05.res.meilishuo.net/pic/_o/5e/fc/1b0f33110e260fb4eeda54b9585c_850_850.jpeg',
      'ishome' => '0',
      'tag' => 'cxz11,fdsaf,fdasf,fad',
      'fav_count' => '0',
      'purchased_count' => '0',
      'portrait' => 'http://v1.qzone.cc/avatar/201405/01/01/40/53613582688bd260.jpg%21200x200.jpg',
      'nickname' => '晓龙的测试机',
      'fav_id' => NULL,
      'is_fav' => NULL,
      'cat_type' => '1',
      'cat_name' => '手机默认类型',
      'cat_one' => 'iPhone6s,iPhone6 Plus,iPhone6,iPhone4',
      'cat_one_name' => '型号',
      'cat_two' => '白色硅胶,透明巧克力',
      'cat_two_name' => '材质',
    ),
    4 => 
    array (
      'id' => '6',
      'type' => '1',
      'msg' => '晓龙的测试机 评论了你的设计：',
      'uid' => NULL,
      'tid' => '0',
      'gid' => NULL,
      'ct' => '1449731914',
      'is_del' => '0',
      'name' => '测试人热热热呃 啊',
      'price' => '3000.00',
      'number' => '900000',
      'detail' => '这是个神奇的是 ',
      'cid' => '1',
      'img' => 'http://d05.res.meilishuo.net/pic/_o/5e/fc/1b0f33110e260fb4eeda54b9585c_850_850.jpeg',
      'ishome' => '0',
      'tag' => 'cxz11,fdsaf,fdasf,fad',
      'fav_count' => '0',
      'purchased_count' => '0',
      'portrait' => 'http://v1.qzone.cc/avatar/201405/01/01/40/53613582688bd260.jpg%21200x200.jpg',
      'nickname' => '晓龙的测试机',
      'fav_id' => NULL,
      'is_fav' => NULL,
      'cat_type' => '1',
      'cat_name' => '手机默认类型',
      'cat_one' => 'iPhone6s,iPhone6 Plus,iPhone6,iPhone4',
      'cat_one_name' => '型号',
      'cat_two' => '白色硅胶,透明巧克力',
      'cat_two_name' => '材质',
    ),
    5 => 
    array (
      'id' => '0',
      'type' => '1',
      'msg' => '需要更新产品了，快去下载',
      'uid' => NULL,
      'tid' => '0',
      'gid' => NULL,
      'ct' => '1449731914',
      'is_del' => '0',
      'name' => '测试人热热热呃 啊',
      'price' => '3000.00',
      'number' => '900000',
      'detail' => '这是个神奇的是 ',
      'cid' => '1',
      'img' => 'http://d05.res.meilishuo.net/pic/_o/5e/fc/1b0f33110e260fb4eeda54b9585c_850_850.jpeg',
      'ishome' => '0',
      'tag' => 'cxz11,fdsaf,fdasf,fad',
      'fav_count' => '0',
      'purchased_count' => '0',
      'portrait' => 'http://v1.qzone.cc/avatar/201405/01/01/40/53613582688bd260.jpg%21200x200.jpg',
      'nickname' => '群主',
      'fav_id' => NULL,
      'is_fav' => NULL,
      'cat_type' => '1',
      'cat_name' => '手机默认类型',
      'cat_one' => 'iPhone6s,iPhone6 Plus,iPhone6,iPhone4',
      'cat_one_name' => '型号',
      'cat_two' => '白色硅胶,透明巧克力',
      'cat_two_name' => '材质',
    ),
    6 => 
    array (
      'id' => '3',
      'type' => '1',
      'msg' => '我喜欢你的手机壳',
      'uid' => NULL,
      'tid' => '195',
      'gid' => NULL,
      'ct' => '1449731914',
      'is_del' => '0',
      'name' => '测试人热热热呃 啊',
      'price' => '3000.00',
      'number' => '900000',
      'detail' => '这是个神奇的是 ',
      'cid' => '1',
      'img' => 'http://d05.res.meilishuo.net/pic/_o/5e/fc/1b0f33110e260fb4eeda54b9585c_850_850.jpeg',
      'ishome' => '0',
      'tag' => 'cxz11,fdsaf,fdasf,fad',
      'fav_count' => '0',
      'purchased_count' => '0',
      'portrait' => 'http://v1.qzone.cc/avatar/201405/01/01/40/53613582688bd260.jpg%21200x200.jpg',
      'nickname' => '晓龙的测试机',
      'fav_id' => NULL,
      'is_fav' => NULL,
      'cat_type' => '1',
      'cat_name' => '手机默认类型',
      'cat_one' => 'iPhone6s,iPhone6 Plus,iPhone6,iPhone4',
      'cat_one_name' => '型号',
      'cat_two' => '白色硅胶,透明巧克力',
      'cat_two_name' => '材质',
    ),
    7 => 
    array (
      'id' => '4',
      'type' => '1',
      'msg' => '这是个好玩的手机壳',
      'uid' => NULL,
      'tid' => '195',
      'gid' => NULL,
      'ct' => '1449731914',
      'is_del' => '0',
      'name' => '测试人热热热呃 啊',
      'price' => '3000.00',
      'number' => '900000',
      'detail' => '这是个神奇的是 ',
      'cid' => '1',
      'img' => 'http://d05.res.meilishuo.net/pic/_o/5e/fc/1b0f33110e260fb4eeda54b9585c_850_850.jpeg',
      'ishome' => '0',
      'tag' => 'cxz11,fdsaf,fdasf,fad',
      'fav_count' => '0',
      'purchased_count' => '0',
      'portrait' => 'http://v1.qzone.cc/avatar/201405/01/01/40/53613582688bd260.jpg%21200x200.jpg',
      'nickname' => '晓龙的测试机',
      'fav_id' => NULL,
      'is_fav' => NULL,
      'cat_type' => '1',
      'cat_name' => '手机默认类型',
      'cat_one' => 'iPhone6s,iPhone6 Plus,iPhone6,iPhone4',
      'cat_one_name' => '型号',
      'cat_two' => '白色硅胶,透明巧克力',
      'cat_two_name' => '材质',
    ),
    8 => 
    array (
      'id' => '5',
      'type' => '1',
      'msg' => '1233213',
      'uid' => NULL,
      'tid' => '195',
      'gid' => NULL,
      'ct' => '1449731914',
      'is_del' => '0',
      'name' => '测试人热热热呃 啊',
      'price' => '3000.00',
      'number' => '900000',
      'detail' => '这是个神奇的是 ',
      'cid' => '1',
      'img' => 'http://d05.res.meilishuo.net/pic/_o/5e/fc/1b0f33110e260fb4eeda54b9585c_850_850.jpeg',
      'ishome' => '0',
      'tag' => 'cxz11,fdsaf,fdasf,fad',
      'fav_count' => '0',
      'purchased_count' => '0',
      'portrait' => 'http://v1.qzone.cc/avatar/201405/01/01/40/53613582688bd260.jpg%21200x200.jpg',
      'nickname' => '晓龙的测试机',
      'fav_id' => NULL,
      'is_fav' => NULL,
      'cat_type' => '1',
      'cat_name' => '手机默认类型',
      'cat_one' => 'iPhone6s,iPhone6 Plus,iPhone6,iPhone4',
      'cat_one_name' => '型号',
      'cat_two' => '白色硅胶,透明巧克力',
      'cat_two_name' => '材质',
    ),
  ),
  'ct' => 1453204534,
)

-----------------------------------
[2016-01-19 19:55:54] 127.0.0.1 http://zao.com/main/?ct=api&method=person.getMsgList
POST: array (
  'uid' => '195',
  'psw' => 'qqqqqq',
  'page' => '1',
  'num' => '33',
)
[2016-01-19 19:55:54]Info: E:\php\zao\web\main\model\ModUser.php 39
SQL: select `psw` from zao_user where `uid` = '195' limit 1(OK:0.001)
[2016-01-19 19:55:54]Info: E:\php\zao\web\main\model\ModPerson.php 150
SQL: select a.*, b.*, c.portrait, c.nickname, d.*, e.* from zao_message a
left join zao_goods b on a.gid = b.gid
left join zao_user c on a.uid = c.uid
left join `zao_goods_fav` d on 195 = d.uid and a.gid = d.gid
left join `zao_category` e on b.cid = e.cid
WHERE  (a.tid=195 or a.tid=0)
and (a.ct between 1137844554 AND 1453204554)
and (a.type != 0)
order by a.ct desc  limit 0, 33(OK:0.004)
[2016-01-19 19:55:54]Info: E:\php\zao\web\main\controller\CtlApi.php 24
array (
  'c' => '0',
  'd' => 
  array (
    0 => 
    array (
      'id' => '10',
      'type' => '1',
      'msg' => '晓龙的测试机 评论了你的设计：来时减肥地爱抚放到多多的',
      'uid' => NULL,
      'tid' => '0',
      'gid' => NULL,
      'ct' => '1449731914',
      'is_del' => '0',
      'name' => '测试人热热热呃 啊',
      'price' => '3000.00',
      'number' => '900000',
      'detail' => '这是个神奇的是 ',
      'cid' => '1',
      'img' => 'http://d05.res.meilishuo.net/pic/_o/5e/fc/1b0f33110e260fb4eeda54b9585c_850_850.jpeg',
      'ishome' => '0',
      'tag' => 'cxz11,fdsaf,fdasf,fad',
      'fav_count' => '0',
      'purchased_count' => '0',
      'portrait' => 'http://v1.qzone.cc/avatar/201405/01/01/40/53613582688bd260.jpg%21200x200.jpg',
      'nickname' => '晓龙的测试机',
      'fav_id' => NULL,
      'is_fav' => NULL,
      'cat_type' => '1',
      'cat_name' => '手机默认类型',
      'cat_one' => 'iPhone6s,iPhone6 Plus,iPhone6,iPhone4',
      'cat_one_name' => '型号',
      'cat_two' => '白色硅胶,透明巧克力',
      'cat_two_name' => '材质',
    ),
    1 => 
    array (
      'id' => '9',
      'type' => '1',
      'msg' => '晓龙的测试机 评论了你的设计：来时减肥地爱抚放到多多的',
      'uid' => NULL,
      'tid' => '0',
      'gid' => NULL,
      'ct' => '1449731914',
      'is_del' => '0',
      'name' => '测试人热热热呃 啊',
      'price' => '3000.00',
      'number' => '900000',
      'detail' => '这是个神奇的是 ',
      'cid' => '1',
      'img' => 'http://d05.res.meilishuo.net/pic/_o/5e/fc/1b0f33110e260fb4eeda54b9585c_850_850.jpeg',
      'ishome' => '0',
      'tag' => 'cxz11,fdsaf,fdasf,fad',
      'fav_count' => '0',
      'purchased_count' => '0',
      'portrait' => 'http://v1.qzone.cc/avatar/201405/01/01/40/53613582688bd260.jpg%21200x200.jpg',
      'nickname' => '晓龙的测试机',
      'fav_id' => NULL,
      'is_fav' => NULL,
      'cat_type' => '1',
      'cat_name' => '手机默认类型',
      'cat_one' => 'iPhone6s,iPhone6 Plus,iPhone6,iPhone4',
      'cat_one_name' => '型号',
      'cat_two' => '白色硅胶,透明巧克力',
      'cat_two_name' => '材质',
    ),
    2 => 
    array (
      'id' => '8',
      'type' => '1',
      'msg' => '晓龙的测试机 评论了你的设计：来时减肥地爱抚放到多多的',
      'uid' => NULL,
      'tid' => '0',
      'gid' => NULL,
      'ct' => '1449731914',
      'is_del' => '0',
      'name' => '测试人热热热呃 啊',
      'price' => '3000.00',
      'number' => '900000',
      'detail' => '这是个神奇的是 ',
      'cid' => '1',
      'img' => 'http://d05.res.meilishuo.net/pic/_o/5e/fc/1b0f33110e260fb4eeda54b9585c_850_850.jpeg',
      'ishome' => '0',
      'tag' => 'cxz11,fdsaf,fdasf,fad',
      'fav_count' => '0',
      'purchased_count' => '0',
      'portrait' => 'http://v1.qzone.cc/avatar/201405/01/01/40/53613582688bd260.jpg%21200x200.jpg',
      'nickname' => '晓龙的测试机',
      'fav_id' => NULL,
      'is_fav' => NULL,
      'cat_type' => '1',
      'cat_name' => '手机默认类型',
      'cat_one' => 'iPhone6s,iPhone6 Plus,iPhone6,iPhone4',
      'cat_one_name' => '型号',
      'cat_two' => '白色硅胶,透明巧克力',
      'cat_two_name' => '材质',
    ),
    3 => 
    array (
      'id' => '7',
      'type' => '1',
      'msg' => '晓龙的测试机 评论了你的设计：',
      'uid' => NULL,
      'tid' => '0',
      'gid' => NULL,
      'ct' => '1449731914',
      'is_del' => '0',
      'name' => '测试人热热热呃 啊',
      'price' => '3000.00',
      'number' => '900000',
      'detail' => '这是个神奇的是 ',
      'cid' => '1',
      'img' => 'http://d05.res.meilishuo.net/pic/_o/5e/fc/1b0f33110e260fb4eeda54b9585c_850_850.jpeg',
      'ishome' => '0',
      'tag' => 'cxz11,fdsaf,fdasf,fad',
      'fav_count' => '0',
      'purchased_count' => '0',
      'portrait' => 'http://v1.qzone.cc/avatar/201405/01/01/40/53613582688bd260.jpg%21200x200.jpg',
      'nickname' => '晓龙的测试机',
      'fav_id' => NULL,
      'is_fav' => NULL,
      'cat_type' => '1',
      'cat_name' => '手机默认类型',
      'cat_one' => 'iPhone6s,iPhone6 Plus,iPhone6,iPhone4',
      'cat_one_name' => '型号',
      'cat_two' => '白色硅胶,透明巧克力',
      'cat_two_name' => '材质',
    ),
    4 => 
    array (
      'id' => '6',
      'type' => '1',
      'msg' => '晓龙的测试机 评论了你的设计：',
      'uid' => NULL,
      'tid' => '0',
      'gid' => NULL,
      'ct' => '1449731914',
      'is_del' => '0',
      'name' => '测试人热热热呃 啊',
      'price' => '3000.00',
      'number' => '900000',
      'detail' => '这是个神奇的是 ',
      'cid' => '1',
      'img' => 'http://d05.res.meilishuo.net/pic/_o/5e/fc/1b0f33110e260fb4eeda54b9585c_850_850.jpeg',
      'ishome' => '0',
      'tag' => 'cxz11,fdsaf,fdasf,fad',
      'fav_count' => '0',
      'purchased_count' => '0',
      'portrait' => 'http://v1.qzone.cc/avatar/201405/01/01/40/53613582688bd260.jpg%21200x200.jpg',
      'nickname' => '晓龙的测试机',
      'fav_id' => NULL,
      'is_fav' => NULL,
      'cat_type' => '1',
      'cat_name' => '手机默认类型',
      'cat_one' => 'iPhone6s,iPhone6 Plus,iPhone6,iPhone4',
      'cat_one_name' => '型号',
      'cat_two' => '白色硅胶,透明巧克力',
      'cat_two_name' => '材质',
    ),
    5 => 
    array (
      'id' => '0',
      'type' => '1',
      'msg' => '需要更新产品了，快去下载',
      'uid' => NULL,
      'tid' => '0',
      'gid' => NULL,
      'ct' => '1449731914',
      'is_del' => '0',
      'name' => '测试人热热热呃 啊',
      'price' => '3000.00',
      'number' => '900000',
      'detail' => '这是个神奇的是 ',
      'cid' => '1',
      'img' => 'http://d05.res.meilishuo.net/pic/_o/5e/fc/1b0f33110e260fb4eeda54b9585c_850_850.jpeg',
      'ishome' => '0',
      'tag' => 'cxz11,fdsaf,fdasf,fad',
      'fav_count' => '0',
      'purchased_count' => '0',
      'portrait' => 'http://v1.qzone.cc/avatar/201405/01/01/40/53613582688bd260.jpg%21200x200.jpg',
      'nickname' => '群主',
      'fav_id' => NULL,
      'is_fav' => NULL,
      'cat_type' => '1',
      'cat_name' => '手机默认类型',
      'cat_one' => 'iPhone6s,iPhone6 Plus,iPhone6,iPhone4',
      'cat_one_name' => '型号',
      'cat_two' => '白色硅胶,透明巧克力',
      'cat_two_name' => '材质',
    ),
    6 => 
    array (
      'id' => '3',
      'type' => '1',
      'msg' => '我喜欢你的手机壳',
      'uid' => NULL,
      'tid' => '195',
      'gid' => NULL,
      'ct' => '1449731914',
      'is_del' => '0',
      'name' => '测试人热热热呃 啊',
      'price' => '3000.00',
      'number' => '900000',
      'detail' => '这是个神奇的是 ',
      'cid' => '1',
      'img' => 'http://d05.res.meilishuo.net/pic/_o/5e/fc/1b0f33110e260fb4eeda54b9585c_850_850.jpeg',
      'ishome' => '0',
      'tag' => 'cxz11,fdsaf,fdasf,fad',
      'fav_count' => '0',
      'purchased_count' => '0',
      'portrait' => 'http://v1.qzone.cc/avatar/201405/01/01/40/53613582688bd260.jpg%21200x200.jpg',
      'nickname' => '晓龙的测试机',
      'fav_id' => NULL,
      'is_fav' => NULL,
      'cat_type' => '1',
      'cat_name' => '手机默认类型',
      'cat_one' => 'iPhone6s,iPhone6 Plus,iPhone6,iPhone4',
      'cat_one_name' => '型号',
      'cat_two' => '白色硅胶,透明巧克力',
      'cat_two_name' => '材质',
    ),
    7 => 
    array (
      'id' => '4',
      'type' => '1',
      'msg' => '这是个好玩的手机壳',
      'uid' => NULL,
      'tid' => '195',
      'gid' => NULL,
      'ct' => '1449731914',
      'is_del' => '0',
      'name' => '测试人热热热呃 啊',
      'price' => '3000.00',
      'number' => '900000',
      'detail' => '这是个神奇的是 ',
      'cid' => '1',
      'img' => 'http://d05.res.meilishuo.net/pic/_o/5e/fc/1b0f33110e260fb4eeda54b9585c_850_850.jpeg',
      'ishome' => '0',
      'tag' => 'cxz11,fdsaf,fdasf,fad',
      'fav_count' => '0',
      'purchased_count' => '0',
      'portrait' => 'http://v1.qzone.cc/avatar/201405/01/01/40/53613582688bd260.jpg%21200x200.jpg',
      'nickname' => '晓龙的测试机',
      'fav_id' => NULL,
      'is_fav' => NULL,
      'cat_type' => '1',
      'cat_name' => '手机默认类型',
      'cat_one' => 'iPhone6s,iPhone6 Plus,iPhone6,iPhone4',
      'cat_one_name' => '型号',
      'cat_two' => '白色硅胶,透明巧克力',
      'cat_two_name' => '材质',
    ),
    8 => 
    array (
      'id' => '5',
      'type' => '1',
      'msg' => '1233213',
      'uid' => NULL,
      'tid' => '195',
      'gid' => NULL,
      'ct' => '1449731914',
      'is_del' => '0',
      'name' => '测试人热热热呃 啊',
      'price' => '3000.00',
      'number' => '900000',
      'detail' => '这是个神奇的是 ',
      'cid' => '1',
      'img' => 'http://d05.res.meilishuo.net/pic/_o/5e/fc/1b0f33110e260fb4eeda54b9585c_850_850.jpeg',
      'ishome' => '0',
      'tag' => 'cxz11,fdsaf,fdasf,fad',
      'fav_count' => '0',
      'purchased_count' => '0',
      'portrait' => 'http://v1.qzone.cc/avatar/201405/01/01/40/53613582688bd260.jpg%21200x200.jpg',
      'nickname' => '晓龙的测试机',
      'fav_id' => NULL,
      'is_fav' => NULL,
      'cat_type' => '1',
      'cat_name' => '手机默认类型',
      'cat_one' => 'iPhone6s,iPhone6 Plus,iPhone6,iPhone4',
      'cat_one_name' => '型号',
      'cat_two' => '白色硅胶,透明巧克力',
      'cat_two_name' => '材质',
    ),
  ),
  'ct' => 1453204554,
)

-----------------------------------
[2016-01-19 20:03:58] 127.0.0.1 http://zao.com/main/?ct=api&method=person.getMsgList
POST: array (
  'uid' => '195',
  'psw' => 'qqqqqq',
  'page' => '1',
  'num' => '33',
)
[2016-01-19 20:03:58]Info: E:\php\zao\web\main\model\ModUser.php 39
SQL: select `psw` from zao_user where `uid` = '195' limit 1(OK:0.096)
[2016-01-19 20:03:58]Info: E:\php\zao\web\main\model\ModPerson.php 150
SQL: select a.*, b.*, c.portrait, c.nickname, d.*, e.* from zao_message a
left join zao_goods b on a.gid = b.gid
left join zao_user c on a.uid = c.uid
left join `zao_goods_fav` d on 195 = d.uid and a.gid = d.gid
left join `zao_category` e on b.cid = e.cid
WHERE  (a.tid=195 or a.uid=0)
and (a.ct between 1137845038 AND 1453205038)
and (a.type != 0)
order by a.ct desc  limit 0, 33(OK:0.013)
[2016-01-19 20:03:58]Info: E:\php\zao\web\main\controller\CtlApi.php 24
array (
  'c' => '0',
  'd' => 
  array (
    0 => 
    array (
      'id' => '0',
      'type' => '1',
      'msg' => '需要更新产品了，快去下载',
      'uid' => NULL,
      'tid' => '0',
      'gid' => NULL,
      'ct' => '1449731914',
      'is_del' => '0',
      'name' => '测试人热热热呃 啊',
      'price' => '3000.00',
      'number' => '900000',
      'detail' => '这是个神奇的是 ',
      'cid' => '1',
      'img' => 'http://d05.res.meilishuo.net/pic/_o/5e/fc/1b0f33110e260fb4eeda54b9585c_850_850.jpeg',
      'ishome' => '0',
      'tag' => 'cxz11,fdsaf,fdasf,fad',
      'fav_count' => '0',
      'purchased_count' => '0',
      'portrait' => 'http://v1.qzone.cc/avatar/201405/01/01/40/53613582688bd260.jpg%21200x200.jpg',
      'nickname' => '群主',
      'fav_id' => NULL,
      'is_fav' => NULL,
      'cat_type' => '1',
      'cat_name' => '手机默认类型',
      'cat_one' => 'iPhone6s,iPhone6 Plus,iPhone6,iPhone4',
      'cat_one_name' => '型号',
      'cat_two' => '白色硅胶,透明巧克力',
      'cat_two_name' => '材质',
    ),
    1 => 
    array (
      'id' => '3',
      'type' => '1',
      'msg' => '我喜欢你的手机壳',
      'uid' => NULL,
      'tid' => '195',
      'gid' => NULL,
      'ct' => '1449731914',
      'is_del' => '0',
      'name' => '测试人热热热呃 啊',
      'price' => '3000.00',
      'number' => '900000',
      'detail' => '这是个神奇的是 ',
      'cid' => '1',
      'img' => 'http://d05.res.meilishuo.net/pic/_o/5e/fc/1b0f33110e260fb4eeda54b9585c_850_850.jpeg',
      'ishome' => '0',
      'tag' => 'cxz11,fdsaf,fdasf,fad',
      'fav_count' => '0',
      'purchased_count' => '0',
      'portrait' => 'http://v1.qzone.cc/avatar/201405/01/01/40/53613582688bd260.jpg%21200x200.jpg',
      'nickname' => '晓龙的测试机',
      'fav_id' => NULL,
      'is_fav' => NULL,
      'cat_type' => '1',
      'cat_name' => '手机默认类型',
      'cat_one' => 'iPhone6s,iPhone6 Plus,iPhone6,iPhone4',
      'cat_one_name' => '型号',
      'cat_two' => '白色硅胶,透明巧克力',
      'cat_two_name' => '材质',
    ),
    2 => 
    array (
      'id' => '4',
      'type' => '1',
      'msg' => '这是个好玩的手机壳',
      'uid' => NULL,
      'tid' => '195',
      'gid' => NULL,
      'ct' => '1449731914',
      'is_del' => '0',
      'name' => '测试人热热热呃 啊',
      'price' => '3000.00',
      'number' => '900000',
      'detail' => '这是个神奇的是 ',
      'cid' => '1',
      'img' => 'http://d05.res.meilishuo.net/pic/_o/5e/fc/1b0f33110e260fb4eeda54b9585c_850_850.jpeg',
      'ishome' => '0',
      'tag' => 'cxz11,fdsaf,fdasf,fad',
      'fav_count' => '0',
      'purchased_count' => '0',
      'portrait' => 'http://v1.qzone.cc/avatar/201405/01/01/40/53613582688bd260.jpg%21200x200.jpg',
      'nickname' => '晓龙的测试机',
      'fav_id' => NULL,
      'is_fav' => NULL,
      'cat_type' => '1',
      'cat_name' => '手机默认类型',
      'cat_one' => 'iPhone6s,iPhone6 Plus,iPhone6,iPhone4',
      'cat_one_name' => '型号',
      'cat_two' => '白色硅胶,透明巧克力',
      'cat_two_name' => '材质',
    ),
    3 => 
    array (
      'id' => '5',
      'type' => '1',
      'msg' => '1233213',
      'uid' => NULL,
      'tid' => '195',
      'gid' => NULL,
      'ct' => '1449731914',
      'is_del' => '0',
      'name' => '测试人热热热呃 啊',
      'price' => '3000.00',
      'number' => '900000',
      'detail' => '这是个神奇的是 ',
      'cid' => '1',
      'img' => 'http://d05.res.meilishuo.net/pic/_o/5e/fc/1b0f33110e260fb4eeda54b9585c_850_850.jpeg',
      'ishome' => '0',
      'tag' => 'cxz11,fdsaf,fdasf,fad',
      'fav_count' => '0',
      'purchased_count' => '0',
      'portrait' => 'http://v1.qzone.cc/avatar/201405/01/01/40/53613582688bd260.jpg%21200x200.jpg',
      'nickname' => '晓龙的测试机',
      'fav_id' => NULL,
      'is_fav' => NULL,
      'cat_type' => '1',
      'cat_name' => '手机默认类型',
      'cat_one' => 'iPhone6s,iPhone6 Plus,iPhone6,iPhone4',
      'cat_one_name' => '型号',
      'cat_two' => '白色硅胶,透明巧克力',
      'cat_two_name' => '材质',
    ),
  ),
  'ct' => 1453205038,
)

-----------------------------------
[2016-01-19 20:04:35] 127.0.0.1 http://zao.com/main/?ct=api&method=person.getMsgList
POST: array (
  'uid' => '195',
  'psw' => 'qqqqqq',
  'page' => '1',
  'num' => '33',
)
[2016-01-19 20:04:35]Info: E:\php\zao\web\main\model\ModUser.php 39
SQL: select `psw` from zao_user where `uid` = '195' limit 1(OK:0.016)
[2016-01-19 20:04:35]Info: E:\php\zao\web\main\model\ModPerson.php 160
SQL: select a.*, b.*, c.portrait, c.nickname, d.*, e.* from zao_message a
left join zao_goods b on a.gid = b.gid
left join zao_user c on a.uid = c.uid
left join `zao_goods_fav` d on 195 = d.uid and a.gid = d.gid
left join `zao_category` e on b.cid = e.cid
WHERE  (a.tid=195 or a.uid=0)
and (a.ct between 1137845075 AND 1453205075)
and (a.type != 0)
order by a.ct desc  limit 0, 33(OK:0.003)
[2016-01-19 20:04:35]Info: E:\php\zao\web\main\controller\CtlApi.php 24
array (
  'c' => '0',
  'd' => 
  array (
    0 => 
    array (
      'id' => '0',
      'type' => '1',
      'msg' => '需要更新产品了，快去下载',
      'uid' => NULL,
      'tid' => '0',
      'gid' => NULL,
      'ct' => '1449731914',
      'is_del' => '0',
      'name' => '测试人热热热呃 啊',
      'price' => '3000.00',
      'number' => '900000',
      'detail' => '这是个神奇的是 ',
      'cid' => '1',
      'img' => 'http://d05.res.meilishuo.net/pic/_o/5e/fc/1b0f33110e260fb4eeda54b9585c_850_850.jpeg',
      'ishome' => '0',
      'tag' => 'cxz11,fdsaf,fdasf,fad',
      'fav_count' => '0',
      'purchased_count' => '0',
      'portrait' => 'http://v1.qzone.cc/avatar/201405/01/01/40/53613582688bd260.jpg%21200x200.jpg',
      'nickname' => '群主',
      'fav_id' => NULL,
      'is_fav' => NULL,
      'cat_type' => '1',
      'cat_name' => '手机默认类型',
      'cat_one' => 'iPhone6s,iPhone6 Plus,iPhone6,iPhone4',
      'cat_one_name' => '型号',
      'cat_two' => '白色硅胶,透明巧克力',
      'cat_two_name' => '材质',
    ),
    1 => 
    array (
      'id' => '3',
      'type' => '1',
      'msg' => '我喜欢你的手机壳',
      'uid' => NULL,
      'tid' => '195',
      'gid' => NULL,
      'ct' => '1449731914',
      'is_del' => '0',
      'name' => '测试人热热热呃 啊',
      'price' => '3000.00',
      'number' => '900000',
      'detail' => '这是个神奇的是 ',
      'cid' => '1',
      'img' => 'http://d05.res.meilishuo.net/pic/_o/5e/fc/1b0f33110e260fb4eeda54b9585c_850_850.jpeg',
      'ishome' => '0',
      'tag' => 'cxz11,fdsaf,fdasf,fad',
      'fav_count' => '0',
      'purchased_count' => '0',
      'portrait' => 'http://v1.qzone.cc/avatar/201405/01/01/40/53613582688bd260.jpg%21200x200.jpg',
      'nickname' => '晓龙的测试机',
      'fav_id' => NULL,
      'is_fav' => NULL,
      'cat_type' => '1',
      'cat_name' => '手机默认类型',
      'cat_one' => 'iPhone6s,iPhone6 Plus,iPhone6,iPhone4',
      'cat_one_name' => '型号',
      'cat_two' => '白色硅胶,透明巧克力',
      'cat_two_name' => '材质',
    ),
    2 => 
    array (
      'id' => '4',
      'type' => '1',
      'msg' => '这是个好玩的手机壳',
      'uid' => NULL,
      'tid' => '195',
      'gid' => NULL,
      'ct' => '1449731914',
      'is_del' => '0',
      'name' => '测试人热热热呃 啊',
      'price' => '3000.00',
      'number' => '900000',
      'detail' => '这是个神奇的是 ',
      'cid' => '1',
      'img' => 'http://d05.res.meilishuo.net/pic/_o/5e/fc/1b0f33110e260fb4eeda54b9585c_850_850.jpeg',
      'ishome' => '0',
      'tag' => 'cxz11,fdsaf,fdasf,fad',
      'fav_count' => '0',
      'purchased_count' => '0',
      'portrait' => 'http://v1.qzone.cc/avatar/201405/01/01/40/53613582688bd260.jpg%21200x200.jpg',
      'nickname' => '晓龙的测试机',
      'fav_id' => NULL,
      'is_fav' => NULL,
      'cat_type' => '1',
      'cat_name' => '手机默认类型',
      'cat_one' => 'iPhone6s,iPhone6 Plus,iPhone6,iPhone4',
      'cat_one_name' => '型号',
      'cat_two' => '白色硅胶,透明巧克力',
      'cat_two_name' => '材质',
    ),
    3 => 
    array (
      'id' => '5',
      'type' => '1',
      'msg' => '1233213',
      'uid' => NULL,
      'tid' => '195',
      'gid' => NULL,
      'ct' => '1449731914',
      'is_del' => '0',
      'name' => '测试人热热热呃 啊',
      'price' => '3000.00',
      'number' => '900000',
      'detail' => '这是个神奇的是 ',
      'cid' => '1',
      'img' => 'http://d05.res.meilishuo.net/pic/_o/5e/fc/1b0f33110e260fb4eeda54b9585c_850_850.jpeg',
      'ishome' => '0',
      'tag' => 'cxz11,fdsaf,fdasf,fad',
      'fav_count' => '0',
      'purchased_count' => '0',
      'portrait' => 'http://v1.qzone.cc/avatar/201405/01/01/40/53613582688bd260.jpg%21200x200.jpg',
      'nickname' => '晓龙的测试机',
      'fav_id' => NULL,
      'is_fav' => NULL,
      'cat_type' => '1',
      'cat_name' => '手机默认类型',
      'cat_one' => 'iPhone6s,iPhone6 Plus,iPhone6,iPhone4',
      'cat_one_name' => '型号',
      'cat_two' => '白色硅胶,透明巧克力',
      'cat_two_name' => '材质',
    ),
  ),
  'ct' => 1453205075,
)

-----------------------------------
[2016-01-19 20:09:32] 127.0.0.1 http://zao.com/main/?ct=api&method=person.getMsgList
POST: array (
  'uid' => '195',
  'psw' => 'qqqqqq',
  'page' => '1',
  'num' => '33',
)
[2016-01-19 20:09:32]Info: E:\php\zao\web\main\model\ModUser.php 39
SQL: select `psw` from zao_user where `uid` = '195' limit 1(OK:0.029)
[2016-01-19 20:09:32]Info: E:\php\zao\web\main\model\ModPerson.php 158
SQL: select a.tid, a.type, a.msg, a.uid as doubleid, b.*, c.portrait, c.nickname, d.is_fav, e.* from zao_message a
left join zao_goods b on a.gid = b.gid
left join zao_user c on a.uid = c.uid
left join `zao_goods_fav` d on 195 = d.uid and a.gid = d.gid
left join `zao_category` e on b.cid = e.cid
WHERE  (a.tid=195 or a.uid=0)
and (a.ct between 1137845372 AND 1453205372)
and (a.type != 0)
order by a.ct desc  limit 0, 33(OK:0.006)
[2016-01-19 20:09:32]Info: E:\php\zao\web\main\controller\CtlApi.php 24
array (
  'c' => '0',
  'd' => 
  array (
    0 => 
    array (
      'tid' => '0',
      'type' => '1',
      'msg' => '需要更新产品了，快去下载',
      'doubleid' => '0',
      'gid' => '35',
      'name' => '测试人热热热呃 啊',
      'price' => '3000.00',
      'number' => '900000',
      'detail' => '这是个神奇的是 ',
      'cid' => '1',
      'img' => 'http://d05.res.meilishuo.net/pic/_o/5e/fc/1b0f33110e260fb4eeda54b9585c_850_850.jpeg',
      'ct' => '1449731914',
      'uid' => '0',
      'ishome' => '0',
      'tag' => 'cxz11,fdsaf,fdasf,fad',
      'fav_count' => '0',
      'purchased_count' => '0',
      'is_del' => '0',
      'portrait' => 'http://v1.qzone.cc/avatar/201405/01/01/40/53613582688bd260.jpg%21200x200.jpg',
      'nickname' => '群主',
      'is_fav' => NULL,
      'cat_type' => '1',
      'cat_name' => '手机默认类型',
      'cat_one' => 'iPhone6s,iPhone6 Plus,iPhone6,iPhone4',
      'cat_one_name' => '型号',
      'cat_two' => '白色硅胶,透明巧克力',
      'cat_two_name' => '材质',
    ),
    1 => 
    array (
      'tid' => '195',
      'type' => '1',
      'msg' => '我喜欢你的手机壳',
      'doubleid' => '195',
      'gid' => '35',
      'name' => '测试人热热热呃 啊',
      'price' => '3000.00',
      'number' => '900000',
      'detail' => '这是个神奇的是 ',
      'cid' => '1',
      'img' => 'http://d05.res.meilishuo.net/pic/_o/5e/fc/1b0f33110e260fb4eeda54b9585c_850_850.jpeg',
      'ct' => '1449731914',
      'uid' => '0',
      'ishome' => '0',
      'tag' => 'cxz11,fdsaf,fdasf,fad',
      'fav_count' => '0',
      'purchased_count' => '0',
      'is_del' => '0',
      'portrait' => 'http://v1.qzone.cc/avatar/201405/01/01/40/53613582688bd260.jpg%21200x200.jpg',
      'nickname' => '晓龙的测试机',
      'is_fav' => NULL,
      'cat_type' => '1',
      'cat_name' => '手机默认类型',
      'cat_one' => 'iPhone6s,iPhone6 Plus,iPhone6,iPhone4',
      'cat_one_name' => '型号',
      'cat_two' => '白色硅胶,透明巧克力',
      'cat_two_name' => '材质',
    ),
    2 => 
    array (
      'tid' => '195',
      'type' => '1',
      'msg' => '这是个好玩的手机壳',
      'doubleid' => '195',
      'gid' => '35',
      'name' => '测试人热热热呃 啊',
      'price' => '3000.00',
      'number' => '900000',
      'detail' => '这是个神奇的是 ',
      'cid' => '1',
      'img' => 'http://d05.res.meilishuo.net/pic/_o/5e/fc/1b0f33110e260fb4eeda54b9585c_850_850.jpeg',
      'ct' => '1449731914',
      'uid' => '0',
      'ishome' => '0',
      'tag' => 'cxz11,fdsaf,fdasf,fad',
      'fav_count' => '0',
      'purchased_count' => '0',
      'is_del' => '0',
      'portrait' => 'http://v1.qzone.cc/avatar/201405/01/01/40/53613582688bd260.jpg%21200x200.jpg',
      'nickname' => '晓龙的测试机',
      'is_fav' => NULL,
      'cat_type' => '1',
      'cat_name' => '手机默认类型',
      'cat_one' => 'iPhone6s,iPhone6 Plus,iPhone6,iPhone4',
      'cat_one_name' => '型号',
      'cat_two' => '白色硅胶,透明巧克力',
      'cat_two_name' => '材质',
    ),
    3 => 
    array (
      'tid' => '195',
      'type' => '1',
      'msg' => '1233213',
      'doubleid' => '195',
      'gid' => '35',
      'name' => '测试人热热热呃 啊',
      'price' => '3000.00',
      'number' => '900000',
      'detail' => '这是个神奇的是 ',
      'cid' => '1',
      'img' => 'http://d05.res.meilishuo.net/pic/_o/5e/fc/1b0f33110e260fb4eeda54b9585c_850_850.jpeg',
      'ct' => '1449731914',
      'uid' => '0',
      'ishome' => '0',
      'tag' => 'cxz11,fdsaf,fdasf,fad',
      'fav_count' => '0',
      'purchased_count' => '0',
      'is_del' => '0',
      'portrait' => 'http://v1.qzone.cc/avatar/201405/01/01/40/53613582688bd260.jpg%21200x200.jpg',
      'nickname' => '晓龙的测试机',
      'is_fav' => NULL,
      'cat_type' => '1',
      'cat_name' => '手机默认类型',
      'cat_one' => 'iPhone6s,iPhone6 Plus,iPhone6,iPhone4',
      'cat_one_name' => '型号',
      'cat_two' => '白色硅胶,透明巧克力',
      'cat_two_name' => '材质',
    ),
  ),
  'ct' => 1453205372,
)

-----------------------------------
[2016-01-19 20:11:36] 127.0.0.1 http://zao.com/main/?ct=api&method=person.getMsgList
POST: array (
  'uid' => '195',
  'psw' => 'qqqqqq',
  'page' => '1',
  'num' => '33',
)
[2016-01-19 20:11:36]Info: E:\php\zao\web\main\model\ModUser.php 39
SQL: select `psw` from zao_user where `uid` = '195' limit 1(OK:0.091)
[2016-01-19 20:11:36]Info: E:\php\zao\web\main\model\ModPerson.php 158
SQL: select a.*, b.*, c.portrait, c.nickname, d.is_fav, e.* from zao_message a
left join zao_goods b on a.gid = b.gid
left join zao_user c on a.uid = c.uid
left join `zao_goods_fav` d on 195 = d.uid and a.gid = d.gid
left join `zao_category` e on b.cid = e.cid
WHERE  (a.tid=195 or a.uid=0)
and (a.ct between 1137845496 AND 1453205496)
and (a.type != 0)
order by a.ct desc  limit 0, 33(OK:0.009)
[2016-01-19 20:11:36]Info: E:\php\zao\web\main\controller\CtlApi.php 24
array (
  'c' => '0',
  'd' => 
  array (
    0 => 
    array (
      'id' => '0',
      'type' => '1',
      'msg' => '需要更新产品了，快去下载',
      'uid' => '0',
      'tid' => '0',
      'gid' => '35',
      'ct' => '1449731914',
      'is_del' => '0',
      'name' => '测试人热热热呃 啊',
      'price' => '3000.00',
      'number' => '900000',
      'detail' => '这是个神奇的是 ',
      'cid' => '1',
      'img' => 'http://d05.res.meilishuo.net/pic/_o/5e/fc/1b0f33110e260fb4eeda54b9585c_850_850.jpeg',
      'ishome' => '0',
      'tag' => 'cxz11,fdsaf,fdasf,fad',
      'fav_count' => '0',
      'purchased_count' => '0',
      'portrait' => 'http://v1.qzone.cc/avatar/201405/01/01/40/53613582688bd260.jpg%21200x200.jpg',
      'nickname' => '群主',
      'is_fav' => NULL,
      'cat_type' => '1',
      'cat_name' => '手机默认类型',
      'cat_one' => 'iPhone6s,iPhone6 Plus,iPhone6,iPhone4',
      'cat_one_name' => '型号',
      'cat_two' => '白色硅胶,透明巧克力',
      'cat_two_name' => '材质',
    ),
    1 => 
    array (
      'id' => '3',
      'type' => '1',
      'msg' => '我喜欢你的手机壳',
      'uid' => '0',
      'tid' => '195',
      'gid' => '35',
      'ct' => '1449731914',
      'is_del' => '0',
      'name' => '测试人热热热呃 啊',
      'price' => '3000.00',
      'number' => '900000',
      'detail' => '这是个神奇的是 ',
      'cid' => '1',
      'img' => 'http://d05.res.meilishuo.net/pic/_o/5e/fc/1b0f33110e260fb4eeda54b9585c_850_850.jpeg',
      'ishome' => '0',
      'tag' => 'cxz11,fdsaf,fdasf,fad',
      'fav_count' => '0',
      'purchased_count' => '0',
      'portrait' => 'http://v1.qzone.cc/avatar/201405/01/01/40/53613582688bd260.jpg%21200x200.jpg',
      'nickname' => '晓龙的测试机',
      'is_fav' => NULL,
      'cat_type' => '1',
      'cat_name' => '手机默认类型',
      'cat_one' => 'iPhone6s,iPhone6 Plus,iPhone6,iPhone4',
      'cat_one_name' => '型号',
      'cat_two' => '白色硅胶,透明巧克力',
      'cat_two_name' => '材质',
    ),
    2 => 
    array (
      'id' => '4',
      'type' => '1',
      'msg' => '这是个好玩的手机壳',
      'uid' => '0',
      'tid' => '195',
      'gid' => '35',
      'ct' => '1449731914',
      'is_del' => '0',
      'name' => '测试人热热热呃 啊',
      'price' => '3000.00',
      'number' => '900000',
      'detail' => '这是个神奇的是 ',
      'cid' => '1',
      'img' => 'http://d05.res.meilishuo.net/pic/_o/5e/fc/1b0f33110e260fb4eeda54b9585c_850_850.jpeg',
      'ishome' => '0',
      'tag' => 'cxz11,fdsaf,fdasf,fad',
      'fav_count' => '0',
      'purchased_count' => '0',
      'portrait' => 'http://v1.qzone.cc/avatar/201405/01/01/40/53613582688bd260.jpg%21200x200.jpg',
      'nickname' => '晓龙的测试机',
      'is_fav' => NULL,
      'cat_type' => '1',
      'cat_name' => '手机默认类型',
      'cat_one' => 'iPhone6s,iPhone6 Plus,iPhone6,iPhone4',
      'cat_one_name' => '型号',
      'cat_two' => '白色硅胶,透明巧克力',
      'cat_two_name' => '材质',
    ),
    3 => 
    array (
      'id' => '5',
      'type' => '1',
      'msg' => '1233213',
      'uid' => '0',
      'tid' => '195',
      'gid' => '35',
      'ct' => '1449731914',
      'is_del' => '0',
      'name' => '测试人热热热呃 啊',
      'price' => '3000.00',
      'number' => '900000',
      'detail' => '这是个神奇的是 ',
      'cid' => '1',
      'img' => 'http://d05.res.meilishuo.net/pic/_o/5e/fc/1b0f33110e260fb4eeda54b9585c_850_850.jpeg',
      'ishome' => '0',
      'tag' => 'cxz11,fdsaf,fdasf,fad',
      'fav_count' => '0',
      'purchased_count' => '0',
      'portrait' => 'http://v1.qzone.cc/avatar/201405/01/01/40/53613582688bd260.jpg%21200x200.jpg',
      'nickname' => '晓龙的测试机',
      'is_fav' => NULL,
      'cat_type' => '1',
      'cat_name' => '手机默认类型',
      'cat_one' => 'iPhone6s,iPhone6 Plus,iPhone6,iPhone4',
      'cat_one_name' => '型号',
      'cat_two' => '白色硅胶,透明巧克力',
      'cat_two_name' => '材质',
    ),
  ),
  'ct' => 1453205496,
)

-----------------------------------
[2016-01-19 20:12:22] 127.0.0.1 http://zao.com/main/?ct=api&method=person.getMsgList
POST: array (
  'uid' => '195',
  'psw' => 'qqqqqq',
  'page' => '1',
  'num' => '33',
)
[2016-01-19 20:12:22]Info: E:\php\zao\web\main\model\ModUser.php 39
SQL: select `psw` from zao_user where `uid` = '195' limit 1(OK:0.011)
[2016-01-19 20:12:22]Info: E:\php\zao\web\main\model\ModPerson.php 158
SQL: select a.*, b.uid as kid, c.portrait, c.nickname, d.is_fav, e.* from zao_message a
left join zao_goods b on a.gid = b.gid
left join zao_user c on a.uid = c.uid
left join `zao_goods_fav` d on 195 = d.uid and a.gid = d.gid
left join `zao_category` e on b.cid = e.cid
WHERE  (a.tid=195 or a.uid=0)
and (a.ct between 1137845542 AND 1453205542)
and (a.type != 0)
order by a.ct desc  limit 0, 33(OK:0.003)
[2016-01-19 20:12:22]Info: E:\php\zao\web\main\controller\CtlApi.php 24
array (
  'c' => '0',
  'd' => 
  array (
    0 => 
    array (
      'id' => '0',
      'type' => '3',
      'msg' => '需要更新产品了，快去下载',
      'uid' => '0',
      'tid' => '0',
      'gid' => '35',
      'ct' => '1449731914',
      'is_del' => '0',
      'kid' => '0',
      'portrait' => 'http://v1.qzone.cc/avatar/201405/01/01/40/53613582688bd260.jpg%21200x200.jpg',
      'nickname' => '群主',
      'is_fav' => NULL,
      'cid' => '1',
      'cat_type' => '1',
      'cat_name' => '手机默认类型',
      'cat_one' => 'iPhone6s,iPhone6 Plus,iPhone6,iPhone4',
      'cat_one_name' => '型号',
      'cat_two' => '白色硅胶,透明巧克力',
      'cat_two_name' => '材质',
    ),
    1 => 
    array (
      'id' => '3',
      'type' => '1',
      'msg' => '我喜欢你的手机壳',
      'uid' => '195',
      'tid' => '195',
      'gid' => '35',
      'ct' => '1449731914',
      'is_del' => '0',
      'kid' => '0',
      'portrait' => 'http://v1.qzone.cc/avatar/201405/01/01/40/53613582688bd260.jpg%21200x200.jpg',
      'nickname' => '晓龙的测试机',
      'is_fav' => NULL,
      'cid' => '1',
      'cat_type' => '1',
      'cat_name' => '手机默认类型',
      'cat_one' => 'iPhone6s,iPhone6 Plus,iPhone6,iPhone4',
      'cat_one_name' => '型号',
      'cat_two' => '白色硅胶,透明巧克力',
      'cat_two_name' => '材质',
    ),
    2 => 
    array (
      'id' => '4',
      'type' => '2',
      'msg' => '这是个好玩的手机壳',
      'uid' => '195',
      'tid' => '195',
      'gid' => '35',
      'ct' => '1449731914',
      'is_del' => '0',
      'kid' => '0',
      'portrait' => 'http://v1.qzone.cc/avatar/201405/01/01/40/53613582688bd260.jpg%21200x200.jpg',
      'nickname' => '晓龙的测试机',
      'is_fav' => NULL,
      'cid' => '1',
      'cat_type' => '1',
      'cat_name' => '手机默认类型',
      'cat_one' => 'iPhone6s,iPhone6 Plus,iPhone6,iPhone4',
      'cat_one_name' => '型号',
      'cat_two' => '白色硅胶,透明巧克力',
      'cat_two_name' => '材质',
    ),
    3 => 
    array (
      'id' => '5',
      'type' => '1',
      'msg' => '1233213',
      'uid' => '195',
      'tid' => '195',
      'gid' => '35',
      'ct' => '1449731914',
      'is_del' => '0',
      'kid' => '0',
      'portrait' => 'http://v1.qzone.cc/avatar/201405/01/01/40/53613582688bd260.jpg%21200x200.jpg',
      'nickname' => '晓龙的测试机',
      'is_fav' => NULL,
      'cid' => '1',
      'cat_type' => '1',
      'cat_name' => '手机默认类型',
      'cat_one' => 'iPhone6s,iPhone6 Plus,iPhone6,iPhone4',
      'cat_one_name' => '型号',
      'cat_two' => '白色硅胶,透明巧克力',
      'cat_two_name' => '材质',
    ),
  ),
  'ct' => 1453205542,
)

-----------------------------------
[2016-01-19 20:12:56] 127.0.0.1 http://zao.com/main/?ct=api&method=person.getMsgList
POST: array (
  'uid' => '195',
  'psw' => 'qqqqqq',
  'page' => '1',
  'num' => '33',
)
[2016-01-19 20:12:56]Info: E:\php\zao\web\main\model\ModUser.php 39
SQL: select `psw` from zao_user where `uid` = '195' limit 1(OK:0.032)
[2016-01-19 20:12:56]Info: E:\php\zao\web\main\model\ModPerson.php 158
SQL: select a.*, b.*, c.portrait, c.nickname, d.is_fav, e.* from zao_message a
left join zao_goods b on a.gid = b.gid
left join zao_user c on a.uid = c.uid
left join `zao_goods_fav` d on 195 = d.uid and a.gid = d.gid
left join `zao_category` e on b.cid = e.cid
WHERE  (a.tid=195 or a.uid=0)
and (a.ct between 1137845576 AND 1453205576)
and (a.type != 0)
order by a.ct desc  limit 0, 33(OK:0.004)
[2016-01-19 20:12:56]Info: E:\php\zao\web\main\controller\CtlApi.php 24
array (
  'c' => '0',
  'd' => 
  array (
    0 => 
    array (
      'id' => '0',
      'type' => '1',
      'msg' => '需要更新产品了，快去下载',
      'uid' => '0',
      'tid' => '0',
      'gid' => '35',
      'ct' => '1449731914',
      'is_del' => '0',
      'name' => '测试人热热热呃 啊',
      'price' => '3000.00',
      'number' => '900000',
      'detail' => '这是个神奇的是 ',
      'cid' => '1',
      'img' => 'http://d05.res.meilishuo.net/pic/_o/5e/fc/1b0f33110e260fb4eeda54b9585c_850_850.jpeg',
      'ishome' => '0',
      'tag' => 'cxz11,fdsaf,fdasf,fad',
      'fav_count' => '0',
      'purchased_count' => '0',
      'portrait' => 'http://v1.qzone.cc/avatar/201405/01/01/40/53613582688bd260.jpg%21200x200.jpg',
      'nickname' => '群主',
      'is_fav' => NULL,
      'cat_type' => '1',
      'cat_name' => '手机默认类型',
      'cat_one' => 'iPhone6s,iPhone6 Plus,iPhone6,iPhone4',
      'cat_one_name' => '型号',
      'cat_two' => '白色硅胶,透明巧克力',
      'cat_two_name' => '材质',
    ),
    1 => 
    array (
      'id' => '3',
      'type' => '1',
      'msg' => '我喜欢你的手机壳',
      'uid' => '0',
      'tid' => '195',
      'gid' => '35',
      'ct' => '1449731914',
      'is_del' => '0',
      'name' => '测试人热热热呃 啊',
      'price' => '3000.00',
      'number' => '900000',
      'detail' => '这是个神奇的是 ',
      'cid' => '1',
      'img' => 'http://d05.res.meilishuo.net/pic/_o/5e/fc/1b0f33110e260fb4eeda54b9585c_850_850.jpeg',
      'ishome' => '0',
      'tag' => 'cxz11,fdsaf,fdasf,fad',
      'fav_count' => '0',
      'purchased_count' => '0',
      'portrait' => 'http://v1.qzone.cc/avatar/201405/01/01/40/53613582688bd260.jpg%21200x200.jpg',
      'nickname' => '晓龙的测试机',
      'is_fav' => NULL,
      'cat_type' => '1',
      'cat_name' => '手机默认类型',
      'cat_one' => 'iPhone6s,iPhone6 Plus,iPhone6,iPhone4',
      'cat_one_name' => '型号',
      'cat_two' => '白色硅胶,透明巧克力',
      'cat_two_name' => '材质',
    ),
    2 => 
    array (
      'id' => '4',
      'type' => '1',
      'msg' => '这是个好玩的手机壳',
      'uid' => '0',
      'tid' => '195',
      'gid' => '35',
      'ct' => '1449731914',
      'is_del' => '0',
      'name' => '测试人热热热呃 啊',
      'price' => '3000.00',
      'number' => '900000',
      'detail' => '这是个神奇的是 ',
      'cid' => '1',
      'img' => 'http://d05.res.meilishuo.net/pic/_o/5e/fc/1b0f33110e260fb4eeda54b9585c_850_850.jpeg',
      'ishome' => '0',
      'tag' => 'cxz11,fdsaf,fdasf,fad',
      'fav_count' => '0',
      'purchased_count' => '0',
      'portrait' => 'http://v1.qzone.cc/avatar/201405/01/01/40/53613582688bd260.jpg%21200x200.jpg',
      'nickname' => '晓龙的测试机',
      'is_fav' => NULL,
      'cat_type' => '1',
      'cat_name' => '手机默认类型',
      'cat_one' => 'iPhone6s,iPhone6 Plus,iPhone6,iPhone4',
      'cat_one_name' => '型号',
      'cat_two' => '白色硅胶,透明巧克力',
      'cat_two_name' => '材质',
    ),
    3 => 
    array (
      'id' => '5',
      'type' => '1',
      'msg' => '1233213',
      'uid' => '0',
      'tid' => '195',
      'gid' => '35',
      'ct' => '1449731914',
      'is_del' => '0',
      'name' => '测试人热热热呃 啊',
      'price' => '3000.00',
      'number' => '900000',
      'detail' => '这是个神奇的是 ',
      'cid' => '1',
      'img' => 'http://d05.res.meilishuo.net/pic/_o/5e/fc/1b0f33110e260fb4eeda54b9585c_850_850.jpeg',
      'ishome' => '0',
      'tag' => 'cxz11,fdsaf,fdasf,fad',
      'fav_count' => '0',
      'purchased_count' => '0',
      'portrait' => 'http://v1.qzone.cc/avatar/201405/01/01/40/53613582688bd260.jpg%21200x200.jpg',
      'nickname' => '晓龙的测试机',
      'is_fav' => NULL,
      'cat_type' => '1',
      'cat_name' => '手机默认类型',
      'cat_one' => 'iPhone6s,iPhone6 Plus,iPhone6,iPhone4',
      'cat_one_name' => '型号',
      'cat_two' => '白色硅胶,透明巧克力',
      'cat_two_name' => '材质',
    ),
  ),
  'ct' => 1453205576,
)

-----------------------------------
[2016-01-19 20:13:08] 127.0.0.1 http://zao.com/main/?ct=api&method=person.getMsgList
POST: array (
  'uid' => '195',
  'psw' => 'qqqqqq',
  'page' => '1',
  'num' => '33',
)
[2016-01-19 20:13:08]Info: E:\php\zao\web\main\model\ModUser.php 39
SQL: select `psw` from zao_user where `uid` = '195' limit 1(OK:0.012)
[2016-01-19 20:13:08]Info: E:\php\zao\web\main\model\ModPerson.php 150
SQL: select a.*, b.*, c.portrait, c.nickname, d.is_fav, e.* from zao_message a
left join zao_goods b on a.gid = b.gid
left join zao_user c on a.uid = c.uid
left join `zao_goods_fav` d on 195 = d.uid and a.gid = d.gid
left join `zao_category` e on b.cid = e.cid
WHERE  (a.tid=195 or a.uid=0)
and (a.ct between 1137845588 AND 1453205588)
and (a.type != 0)
order by a.ct desc  limit 0, 33(OK:0.005)
[2016-01-19 20:13:08]Info: E:\php\zao\web\main\controller\CtlApi.php 24
array (
  'c' => '0',
  'd' => 
  array (
    0 => 
    array (
      'id' => '0',
      'type' => '1',
      'msg' => '需要更新产品了，快去下载',
      'uid' => '0',
      'tid' => '0',
      'gid' => '35',
      'ct' => '1449731914',
      'is_del' => '0',
      'name' => '测试人热热热呃 啊',
      'price' => '3000.00',
      'number' => '900000',
      'detail' => '这是个神奇的是 ',
      'cid' => '1',
      'img' => 'http://d05.res.meilishuo.net/pic/_o/5e/fc/1b0f33110e260fb4eeda54b9585c_850_850.jpeg',
      'ishome' => '0',
      'tag' => 'cxz11,fdsaf,fdasf,fad',
      'fav_count' => '0',
      'purchased_count' => '0',
      'portrait' => 'http://v1.qzone.cc/avatar/201405/01/01/40/53613582688bd260.jpg%21200x200.jpg',
      'nickname' => '群主',
      'is_fav' => NULL,
      'cat_type' => '1',
      'cat_name' => '手机默认类型',
      'cat_one' => 'iPhone6s,iPhone6 Plus,iPhone6,iPhone4',
      'cat_one_name' => '型号',
      'cat_two' => '白色硅胶,透明巧克力',
      'cat_two_name' => '材质',
    ),
    1 => 
    array (
      'id' => '3',
      'type' => '1',
      'msg' => '我喜欢你的手机壳',
      'uid' => '0',
      'tid' => '195',
      'gid' => '35',
      'ct' => '1449731914',
      'is_del' => '0',
      'name' => '测试人热热热呃 啊',
      'price' => '3000.00',
      'number' => '900000',
      'detail' => '这是个神奇的是 ',
      'cid' => '1',
      'img' => 'http://d05.res.meilishuo.net/pic/_o/5e/fc/1b0f33110e260fb4eeda54b9585c_850_850.jpeg',
      'ishome' => '0',
      'tag' => 'cxz11,fdsaf,fdasf,fad',
      'fav_count' => '0',
      'purchased_count' => '0',
      'portrait' => 'http://v1.qzone.cc/avatar/201405/01/01/40/53613582688bd260.jpg%21200x200.jpg',
      'nickname' => '晓龙的测试机',
      'is_fav' => NULL,
      'cat_type' => '1',
      'cat_name' => '手机默认类型',
      'cat_one' => 'iPhone6s,iPhone6 Plus,iPhone6,iPhone4',
      'cat_one_name' => '型号',
      'cat_two' => '白色硅胶,透明巧克力',
      'cat_two_name' => '材质',
    ),
    2 => 
    array (
      'id' => '4',
      'type' => '1',
      'msg' => '这是个好玩的手机壳',
      'uid' => '0',
      'tid' => '195',
      'gid' => '35',
      'ct' => '1449731914',
      'is_del' => '0',
      'name' => '测试人热热热呃 啊',
      'price' => '3000.00',
      'number' => '900000',
      'detail' => '这是个神奇的是 ',
      'cid' => '1',
      'img' => 'http://d05.res.meilishuo.net/pic/_o/5e/fc/1b0f33110e260fb4eeda54b9585c_850_850.jpeg',
      'ishome' => '0',
      'tag' => 'cxz11,fdsaf,fdasf,fad',
      'fav_count' => '0',
      'purchased_count' => '0',
      'portrait' => 'http://v1.qzone.cc/avatar/201405/01/01/40/53613582688bd260.jpg%21200x200.jpg',
      'nickname' => '晓龙的测试机',
      'is_fav' => NULL,
      'cat_type' => '1',
      'cat_name' => '手机默认类型',
      'cat_one' => 'iPhone6s,iPhone6 Plus,iPhone6,iPhone4',
      'cat_one_name' => '型号',
      'cat_two' => '白色硅胶,透明巧克力',
      'cat_two_name' => '材质',
    ),
    3 => 
    array (
      'id' => '5',
      'type' => '1',
      'msg' => '1233213',
      'uid' => '0',
      'tid' => '195',
      'gid' => '35',
      'ct' => '1449731914',
      'is_del' => '0',
      'name' => '测试人热热热呃 啊',
      'price' => '3000.00',
      'number' => '900000',
      'detail' => '这是个神奇的是 ',
      'cid' => '1',
      'img' => 'http://d05.res.meilishuo.net/pic/_o/5e/fc/1b0f33110e260fb4eeda54b9585c_850_850.jpeg',
      'ishome' => '0',
      'tag' => 'cxz11,fdsaf,fdasf,fad',
      'fav_count' => '0',
      'purchased_count' => '0',
      'portrait' => 'http://v1.qzone.cc/avatar/201405/01/01/40/53613582688bd260.jpg%21200x200.jpg',
      'nickname' => '晓龙的测试机',
      'is_fav' => NULL,
      'cat_type' => '1',
      'cat_name' => '手机默认类型',
      'cat_one' => 'iPhone6s,iPhone6 Plus,iPhone6,iPhone4',
      'cat_one_name' => '型号',
      'cat_two' => '白色硅胶,透明巧克力',
      'cat_two_name' => '材质',
    ),
  ),
  'ct' => 1453205588,
)

-----------------------------------
[2016-01-19 20:13:32] 127.0.0.1 http://zao.com/main/?ct=api&method=person.getMsgList
POST: array (
  'uid' => '195',
  'psw' => 'qqqqqq',
  'page' => '1',
  'num' => '33',
)
[2016-01-19 20:13:32]Info: E:\php\zao\web\main\model\ModUser.php 39
SQL: select `psw` from zao_user where `uid` = '195' limit 1(OK:0.018)
[2016-01-19 20:13:32]Info: E:\php\zao\web\main\model\ModPerson.php 150
SQL: select b.*, a.*, c.portrait, c.nickname, d.is_fav, e.* from zao_message a
left join zao_goods b on a.gid = b.gid
left join zao_user c on a.uid = c.uid
left join `zao_goods_fav` d on 195 = d.uid and a.gid = d.gid
left join `zao_category` e on b.cid = e.cid
WHERE  (a.tid=195 or a.uid=0)
and (a.ct between 1137845612 AND 1453205612)
and (a.type != 0)
order by a.ct desc  limit 0, 33(OK:0.006)
[2016-01-19 20:13:32]Info: E:\php\zao\web\main\controller\CtlApi.php 24
array (
  'c' => '0',
  'd' => 
  array (
    0 => 
    array (
      'gid' => '35',
      'name' => '测试人热热热呃 啊',
      'price' => '3000.00',
      'number' => '900000',
      'type' => '3',
      'detail' => '这是个神奇的是 ',
      'cid' => '1',
      'img' => 'http://d05.res.meilishuo.net/pic/_o/5e/fc/1b0f33110e260fb4eeda54b9585c_850_850.jpeg',
      'ct' => '1449731914',
      'uid' => '0',
      'ishome' => '0',
      'tag' => 'cxz11,fdsaf,fdasf,fad',
      'fav_count' => '0',
      'purchased_count' => '0',
      'is_del' => '0',
      'id' => '0',
      'msg' => '需要更新产品了，快去下载',
      'tid' => '0',
      'portrait' => 'http://v1.qzone.cc/avatar/201405/01/01/40/53613582688bd260.jpg%21200x200.jpg',
      'nickname' => '群主',
      'is_fav' => NULL,
      'cat_type' => '1',
      'cat_name' => '手机默认类型',
      'cat_one' => 'iPhone6s,iPhone6 Plus,iPhone6,iPhone4',
      'cat_one_name' => '型号',
      'cat_two' => '白色硅胶,透明巧克力',
      'cat_two_name' => '材质',
    ),
    1 => 
    array (
      'gid' => '35',
      'name' => '测试人热热热呃 啊',
      'price' => '3000.00',
      'number' => '900000',
      'type' => '1',
      'detail' => '这是个神奇的是 ',
      'cid' => '1',
      'img' => 'http://d05.res.meilishuo.net/pic/_o/5e/fc/1b0f33110e260fb4eeda54b9585c_850_850.jpeg',
      'ct' => '1449731914',
      'uid' => '195',
      'ishome' => '0',
      'tag' => 'cxz11,fdsaf,fdasf,fad',
      'fav_count' => '0',
      'purchased_count' => '0',
      'is_del' => '0',
      'id' => '3',
      'msg' => '我喜欢你的手机壳',
      'tid' => '195',
      'portrait' => 'http://v1.qzone.cc/avatar/201405/01/01/40/53613582688bd260.jpg%21200x200.jpg',
      'nickname' => '晓龙的测试机',
      'is_fav' => NULL,
      'cat_type' => '1',
      'cat_name' => '手机默认类型',
      'cat_one' => 'iPhone6s,iPhone6 Plus,iPhone6,iPhone4',
      'cat_one_name' => '型号',
      'cat_two' => '白色硅胶,透明巧克力',
      'cat_two_name' => '材质',
    ),
    2 => 
    array (
      'gid' => '35',
      'name' => '测试人热热热呃 啊',
      'price' => '3000.00',
      'number' => '900000',
      'type' => '2',
      'detail' => '这是个神奇的是 ',
      'cid' => '1',
      'img' => 'http://d05.res.meilishuo.net/pic/_o/5e/fc/1b0f33110e260fb4eeda54b9585c_850_850.jpeg',
      'ct' => '1449731914',
      'uid' => '195',
      'ishome' => '0',
      'tag' => 'cxz11,fdsaf,fdasf,fad',
      'fav_count' => '0',
      'purchased_count' => '0',
      'is_del' => '0',
      'id' => '4',
      'msg' => '这是个好玩的手机壳',
      'tid' => '195',
      'portrait' => 'http://v1.qzone.cc/avatar/201405/01/01/40/53613582688bd260.jpg%21200x200.jpg',
      'nickname' => '晓龙的测试机',
      'is_fav' => NULL,
      'cat_type' => '1',
      'cat_name' => '手机默认类型',
      'cat_one' => 'iPhone6s,iPhone6 Plus,iPhone6,iPhone4',
      'cat_one_name' => '型号',
      'cat_two' => '白色硅胶,透明巧克力',
      'cat_two_name' => '材质',
    ),
    3 => 
    array (
      'gid' => '35',
      'name' => '测试人热热热呃 啊',
      'price' => '3000.00',
      'number' => '900000',
      'type' => '1',
      'detail' => '这是个神奇的是 ',
      'cid' => '1',
      'img' => 'http://d05.res.meilishuo.net/pic/_o/5e/fc/1b0f33110e260fb4eeda54b9585c_850_850.jpeg',
      'ct' => '1449731914',
      'uid' => '195',
      'ishome' => '0',
      'tag' => 'cxz11,fdsaf,fdasf,fad',
      'fav_count' => '0',
      'purchased_count' => '0',
      'is_del' => '0',
      'id' => '5',
      'msg' => '1233213',
      'tid' => '195',
      'portrait' => 'http://v1.qzone.cc/avatar/201405/01/01/40/53613582688bd260.jpg%21200x200.jpg',
      'nickname' => '晓龙的测试机',
      'is_fav' => NULL,
      'cat_type' => '1',
      'cat_name' => '手机默认类型',
      'cat_one' => 'iPhone6s,iPhone6 Plus,iPhone6,iPhone4',
      'cat_one_name' => '型号',
      'cat_two' => '白色硅胶,透明巧克力',
      'cat_two_name' => '材质',
    ),
  ),
  'ct' => 1453205612,
)

-----------------------------------
[2016-01-19 20:13:55] 127.0.0.1 http://zao.com/main/?ct=api&method=person.getMsgList
POST: array (
  'uid' => '195',
  'psw' => 'qqqqqq',
  'page' => '1',
  'num' => '33',
)
[2016-01-19 20:13:55]Info: E:\php\zao\web\main\model\ModUser.php 39
SQL: select `psw` from zao_user where `uid` = '195' limit 1(OK:0.044)
[2016-01-19 20:13:55]Info: E:\php\zao\web\main\model\ModPerson.php 150
SQL: select a.*, b.*, c.portrait, c.nickname, d.is_fav, e.* from zao_message a
left join zao_goods b on a.gid = b.gid
left join zao_user c on a.uid = c.uid
left join `zao_goods_fav` d on 195 = d.uid and a.gid = d.gid
left join `zao_category` e on b.cid = e.cid
WHERE  (a.tid=195 or a.uid=0)
and (a.ct between 1137845635 AND 1453205635)
and (a.type != 0)
order by a.ct desc  limit 0, 33(OK:0.002)
[2016-01-19 20:13:55]Info: E:\php\zao\web\main\controller\CtlApi.php 24
array (
  'c' => '0',
  'd' => 
  array (
    0 => 
    array (
      'id' => '0',
      'type' => '1',
      'msg' => '需要更新产品了，快去下载',
      'uid' => '0',
      'tid' => '0',
      'gid' => '35',
      'ct' => '1449731914',
      'is_del' => '0',
      'name' => '测试人热热热呃 啊',
      'price' => '3000.00',
      'number' => '900000',
      'detail' => '这是个神奇的是 ',
      'cid' => '1',
      'img' => 'http://d05.res.meilishuo.net/pic/_o/5e/fc/1b0f33110e260fb4eeda54b9585c_850_850.jpeg',
      'ishome' => '0',
      'tag' => 'cxz11,fdsaf,fdasf,fad',
      'fav_count' => '0',
      'purchased_count' => '0',
      'portrait' => 'http://v1.qzone.cc/avatar/201405/01/01/40/53613582688bd260.jpg%21200x200.jpg',
      'nickname' => '群主',
      'is_fav' => NULL,
      'cat_type' => '1',
      'cat_name' => '手机默认类型',
      'cat_one' => 'iPhone6s,iPhone6 Plus,iPhone6,iPhone4',
      'cat_one_name' => '型号',
      'cat_two' => '白色硅胶,透明巧克力',
      'cat_two_name' => '材质',
    ),
    1 => 
    array (
      'id' => '3',
      'type' => '1',
      'msg' => '我喜欢你的手机壳',
      'uid' => '0',
      'tid' => '195',
      'gid' => '35',
      'ct' => '1449731914',
      'is_del' => '0',
      'name' => '测试人热热热呃 啊',
      'price' => '3000.00',
      'number' => '900000',
      'detail' => '这是个神奇的是 ',
      'cid' => '1',
      'img' => 'http://d05.res.meilishuo.net/pic/_o/5e/fc/1b0f33110e260fb4eeda54b9585c_850_850.jpeg',
      'ishome' => '0',
      'tag' => 'cxz11,fdsaf,fdasf,fad',
      'fav_count' => '0',
      'purchased_count' => '0',
      'portrait' => 'http://v1.qzone.cc/avatar/201405/01/01/40/53613582688bd260.jpg%21200x200.jpg',
      'nickname' => '晓龙的测试机',
      'is_fav' => NULL,
      'cat_type' => '1',
      'cat_name' => '手机默认类型',
      'cat_one' => 'iPhone6s,iPhone6 Plus,iPhone6,iPhone4',
      'cat_one_name' => '型号',
      'cat_two' => '白色硅胶,透明巧克力',
      'cat_two_name' => '材质',
    ),
    2 => 
    array (
      'id' => '4',
      'type' => '1',
      'msg' => '这是个好玩的手机壳',
      'uid' => '0',
      'tid' => '195',
      'gid' => '35',
      'ct' => '1449731914',
      'is_del' => '0',
      'name' => '测试人热热热呃 啊',
      'price' => '3000.00',
      'number' => '900000',
      'detail' => '这是个神奇的是 ',
      'cid' => '1',
      'img' => 'http://d05.res.meilishuo.net/pic/_o/5e/fc/1b0f33110e260fb4eeda54b9585c_850_850.jpeg',
      'ishome' => '0',
      'tag' => 'cxz11,fdsaf,fdasf,fad',
      'fav_count' => '0',
      'purchased_count' => '0',
      'portrait' => 'http://v1.qzone.cc/avatar/201405/01/01/40/53613582688bd260.jpg%21200x200.jpg',
      'nickname' => '晓龙的测试机',
      'is_fav' => NULL,
      'cat_type' => '1',
      'cat_name' => '手机默认类型',
      'cat_one' => 'iPhone6s,iPhone6 Plus,iPhone6,iPhone4',
      'cat_one_name' => '型号',
      'cat_two' => '白色硅胶,透明巧克力',
      'cat_two_name' => '材质',
    ),
    3 => 
    array (
      'id' => '5',
      'type' => '1',
      'msg' => '1233213',
      'uid' => '0',
      'tid' => '195',
      'gid' => '35',
      'ct' => '1449731914',
      'is_del' => '0',
      'name' => '测试人热热热呃 啊',
      'price' => '3000.00',
      'number' => '900000',
      'detail' => '这是个神奇的是 ',
      'cid' => '1',
      'img' => 'http://d05.res.meilishuo.net/pic/_o/5e/fc/1b0f33110e260fb4eeda54b9585c_850_850.jpeg',
      'ishome' => '0',
      'tag' => 'cxz11,fdsaf,fdasf,fad',
      'fav_count' => '0',
      'purchased_count' => '0',
      'portrait' => 'http://v1.qzone.cc/avatar/201405/01/01/40/53613582688bd260.jpg%21200x200.jpg',
      'nickname' => '晓龙的测试机',
      'is_fav' => NULL,
      'cat_type' => '1',
      'cat_name' => '手机默认类型',
      'cat_one' => 'iPhone6s,iPhone6 Plus,iPhone6,iPhone4',
      'cat_one_name' => '型号',
      'cat_two' => '白色硅胶,透明巧克力',
      'cat_two_name' => '材质',
    ),
  ),
  'ct' => 1453205635,
)

-----------------------------------
[2016-01-19 20:29:18] 127.0.0.1 http://zao.com/main/?ct=api&method=goods.getgoodsbygid
POST: array (
  'gid' => '33',
)
[2016-01-19 20:29:18]Info: E:\php\zao\web\main\model\ModGoods.php 192
SQL: select a.* from zao_goods a
left join `zao_user` b on a.uid = b.uid
left join `zao_goods_fav` c on a.uid = c.uid and 33= c.gid
left join `zao_category` d on a.cid = d.cid
WHERE a.gid=33(OK:0.073)
[2016-01-19 20:29:18]Info: E:\php\zao\web\main\controller\CtlApi.php 24
array (
  'c' => '0',
  'd' => 
  array (
    0 => 
    array (
      'gid' => '33',
      'name' => '我测啊啊啊 ',
      'price' => '123.00',
      'number' => '123',
      'type' => '1',
      'detail' => '3213',
      'cid' => '1',
      'img' => 'http://d05.res.meilishuo.net/pic/_o/5e/fc/1b0f33110e260fb4eeda54b9585c_850_850.jpeg',
      'ct' => '1448871718',
      'uid' => '0',
      'ishome' => '0',
      'tag' => 'fdsfa',
      'fav_count' => '0',
      'purchased_count' => '0',
      'is_del' => '0',
    ),
  ),
  'ct' => 1453206558,
)

-----------------------------------
[2016-01-19 20:31:12] 127.0.0.1 http://zao.com/main/?ct=api&method=goods.getgoodsbygid
POST: array (
  'gid' => '33',
)
[2016-01-19 20:31:12]Info: E:\php\zao\web\main\model\ModGoods.php 192
SQL: select a.*, b.nickname, b.portrait, c.is_fav, d.cat_one, d.cat_two from zao_goods a
left join `zao_user` b on a.uid = b.uid
left join `zao_goods_fav` c on a.uid = c.uid and 33= c.gid
left join `zao_category` d on a.cid = d.cid
WHERE a.gid=33(OK:0.004)
[2016-01-19 20:31:12]Info: E:\php\zao\web\main\controller\CtlApi.php 24
array (
  'c' => '0',
  'd' => 
  array (
    0 => 
    array (
      'gid' => '33',
      'name' => '我测啊啊啊 ',
      'price' => '123.00',
      'number' => '123',
      'type' => '1',
      'detail' => '3213',
      'cid' => '1',
      'img' => 'http://d05.res.meilishuo.net/pic/_o/5e/fc/1b0f33110e260fb4eeda54b9585c_850_850.jpeg',
      'ct' => '1448871718',
      'uid' => '0',
      'ishome' => '0',
      'tag' => 'fdsfa',
      'fav_count' => '0',
      'purchased_count' => '0',
      'is_del' => '0',
      'nickname' => '群主',
      'portrait' => 'http://v1.qzone.cc/avatar/201405/01/01/40/53613582688bd260.jpg%21200x200.jpg',
      'is_fav' => NULL,
      'cat_one' => 'iPhone6s,iPhone6 Plus,iPhone6,iPhone4',
      'cat_two' => '白色硅胶,透明巧克力',
    ),
  ),
  'ct' => 1453206672,
)
