
-----------------------------------
[2016-01-28 11:12:49] 127.0.0.1 http://zao.com/main/?ct=api&method=goods.addComment
POST: array (
  'gid' => '39',
  'uid' => '195',
  'psw' => 'qqqqq',
  'tid' => '196',
  'content' => 'fdsajf;lkdjkflafd',
)
[2016-01-28 11:12:49]Info: E:\php\zao\web\main\model\ModUser.php 39
SQL: select `psw` from zao_user where `uid` = '195' limit 1(OK:0.032)
[2016-01-28 11:12:49]Info: E:\php\zao\web\main\controller\CtlApi.php 24
array (
  'c' => '405',
  'd' => 'token校验失败，请重新登录',
  'ct' => 1453950769,
)

-----------------------------------
[2016-01-28 11:12:55] 127.0.0.1 http://zao.com/main/?ct=api&method=goods.addComment
POST: array (
  'gid' => '39',
  'uid' => '195',
  'psw' => 'qqqqqq',
  'tid' => '196',
  'content' => 'fdsajf;lkdjkflafd',
)
[2016-01-28 11:12:55]Info: E:\php\zao\web\main\model\ModUser.php 39
SQL: select `psw` from zao_user where `uid` = '195' limit 1(OK:0.001)
[2016-01-28 11:12:56]Info: E:\php\zao\web\main\model\ModGoods.php 95
SQL: select `uid` from zao_goods where `gid` = 39 limit 1(OK:0)
[2016-01-28 11:12:56]Info: E:\php\zao\web\main\model\ModGoods.php 101
SQL: select `nickname` from zao_user where `uid` = 195 limit 1(OK:0.001)
[2016-01-28 11:12:56]Info: E:\php\zao\web\main\model\ModGoods.php 111
SQL: insert into `zao_message` (`type`, `msg`, `uid`, `tid`, `gid`, `ct`) values ('2',  '晓龙的测试机 评论了你的设计：fdsajf;lkdjkflafd',  '195',  '0',  '39',  '1453950776') (OK:0.094)
[2016-01-28 11:12:56]Info: E:\php\zao\web\main\model\ModGoods.php 118
SQL: select `nickname` from zao_user where `uid` = 195 limit 1(OK:0.002)
[2016-01-28 11:12:56]Info: E:\php\zao\web\main\model\ModGoods.php 128
SQL: insert into `zao_message` (`type`, `msg`, `uid`, `tid`, `gid`, `ct`) values ('2',  '晓龙的测试机 回复了你的评论：fdsajf;lkdjkflafd',  '195',  '196',  '39',  '1453950776') (OK:0.03)
[2016-01-28 11:12:56]Error: E:\php\zao\web\main\model\ModGoods.php 132
SQL: insert into `zao_comment` (`gid`, `uid`, `tid`, `content`, `ct`) values ('39',  '195',  '196',  'fdsajf;lkdjkflafd',  '1453950775') (error：Unknown column 'tid' in 'field list')
[2016-01-28 11:12:56]Info: E:\php\zao\web\main\controller\CtlApi.php 24
array (
  'c' => '100',
  'd' => '系统发生未知异常',
  'ct' => 1453950776,
)

-----------------------------------
[2016-01-28 11:13:43] 127.0.0.1 http://zao.com/main/?ct=api&method=goods.addComment
POST: array (
  'gid' => '39',
  'uid' => '195',
  'psw' => 'qqqqqq',
  'tid' => '0',
  'content' => 'fdsajf;lkdjkflafd',
)
[2016-01-28 11:13:43]Info: E:\php\zao\web\main\model\ModUser.php 39
SQL: select `psw` from zao_user where `uid` = '195' limit 1(OK:0.011)
[2016-01-28 11:13:43]Info: E:\php\zao\web\main\model\ModGoods.php 95
SQL: select `uid` from zao_goods where `gid` = 39 limit 1(OK:0)
[2016-01-28 11:13:43]Info: E:\php\zao\web\main\model\ModGoods.php 101
SQL: select `nickname` from zao_user where `uid` = 195 limit 1(OK:0.001)
[2016-01-28 11:13:43]Info: E:\php\zao\web\main\model\ModGoods.php 111
SQL: insert into `zao_message` (`type`, `msg`, `uid`, `tid`, `gid`, `ct`) values ('2',  '晓龙的测试机 评论了你的设计：fdsajf;lkdjkflafd',  '195',  '0',  '39',  '1453950823') (OK:0.045)
[2016-01-28 11:13:43]Error: E:\php\zao\web\main\model\ModGoods.php 132
SQL: insert into `zao_comment` (`gid`, `uid`, `tid`, `content`, `ct`) values ('39',  '195',  '0',  'fdsajf;lkdjkflafd',  '1453950823') (error：Unknown column 'tid' in 'field list')
[2016-01-28 11:13:43]Info: E:\php\zao\web\main\controller\CtlApi.php 24
array (
  'c' => '100',
  'd' => '系统发生未知异常',
  'ct' => 1453950823,
)

-----------------------------------
[2016-01-28 11:14:11] 127.0.0.1 http://zao.com/main/?ct=api&method=goods.addComment
POST: array (
  'gid' => '39',
  'uid' => '195',
  'psw' => 'qqqqqq',
  'tid' => '0',
  'content' => 'fdsaffsafsfd',
)
[2016-01-28 11:14:11]Info: E:\php\zao\web\main\model\ModUser.php 39
SQL: select `psw` from zao_user where `uid` = '195' limit 1(OK:0.011)
[2016-01-28 11:14:11]Info: E:\php\zao\web\main\model\ModGoods.php 95
SQL: select `uid` from zao_goods where `gid` = 39 limit 1(OK:0)
[2016-01-28 11:14:11]Info: E:\php\zao\web\main\model\ModGoods.php 101
SQL: select `nickname` from zao_user where `uid` = 195 limit 1(OK:0)
[2016-01-28 11:14:11]Info: E:\php\zao\web\main\model\ModGoods.php 111
SQL: insert into `zao_message` (`type`, `msg`, `uid`, `tid`, `gid`, `ct`) values ('2',  '晓龙的测试机 评论了你的设计：fdsaffsafsfd',  '195',  '0',  '39',  '1453950851') (OK:0.031)
[2016-01-28 11:14:11]Error: E:\php\zao\web\main\model\ModGoods.php 132
SQL: insert into `zao_comment` (`gid`, `uid`, `tid`, `content`, `ct`) values ('39',  '195',  '0',  'fdsaffsafsfd',  '1453950851') (error：Unknown column 'tid' in 'field list')
[2016-01-28 11:14:11]Info: E:\php\zao\web\main\controller\CtlApi.php 24
array (
  'c' => '100',
  'd' => '系统发生未知异常',
  'ct' => 1453950851,
)

-----------------------------------
[2016-01-28 11:16:46] 127.0.0.1 http://zao.com/main/?ct=api&method=goods.addComment
POST: array (
  'gid' => '39',
  'uid' => '195',
  'psw' => 'qqqqqq',
  'tid' => '0',
  'content' => 'fdsaffsafsfd',
)
[2016-01-28 11:16:46]Info: E:\php\zao\web\main\model\ModUser.php 39
SQL: select `psw` from zao_user where `uid` = '195' limit 1(OK:0.003)
[2016-01-28 11:16:46]Info: E:\php\zao\web\main\model\ModGoods.php 95
SQL: select `uid` from zao_goods where `gid` = 39 limit 1(OK:0)
[2016-01-28 11:16:46]Info: E:\php\zao\web\main\model\ModGoods.php 101
SQL: select `nickname` from zao_user where `uid` = 195 limit 1(OK:0)
[2016-01-28 11:16:46]Info: E:\php\zao\web\main\model\ModGoods.php 111
SQL: insert into `zao_message` (`type`, `msg`, `uid`, `tid`, `gid`, `ct`) values ('2',  '晓龙的测试机 评论了你的设计：fdsaffsafsfd',  '195',  '0',  '39',  '1453951006') (OK:0.053)
[2016-01-28 11:16:46]Info: E:\php\zao\web\main\model\ModGoods.php 132
SQL: insert into `zao_comment` (`gid`, `uid`, `tid`, `content`, `ct`) values ('39',  '195',  '0',  'fdsaffsafsfd',  '1453951006') (OK:0.001)
[2016-01-28 11:16:46]Info: E:\php\zao\web\main\controller\CtlApi.php 24
array (
  'c' => '0',
  'd' => '成功删除',
  'ct' => 1453951006,
)

-----------------------------------
[2016-01-28 11:17:07] 127.0.0.1 http://zao.com/main/?ct=api&method=goods.addComment
POST: array (
  'gid' => '39',
  'uid' => '195',
  'psw' => 'qqqqqq',
  'tid' => '0',
  'content' => 'fdsaffsafsfd',
)
[2016-01-28 11:17:07]Info: E:\php\zao\web\main\model\ModUser.php 39
SQL: select `psw` from zao_user where `uid` = '195' limit 1(OK:0.012)
[2016-01-28 11:17:07]Info: E:\php\zao\web\main\model\ModGoods.php 95
SQL: select `uid` from zao_goods where `gid` = 39 limit 1(OK:0.001)
[2016-01-28 11:17:07]Info: E:\php\zao\web\main\model\ModGoods.php 101
SQL: select `nickname` from zao_user where `uid` = 195 limit 1(OK:0.001)
[2016-01-28 11:17:08]Info: E:\php\zao\web\main\model\ModGoods.php 111
SQL: insert into `zao_message` (`type`, `msg`, `uid`, `tid`, `gid`, `ct`) values ('2',  '晓龙的测试机 评论了你的设计：fdsaffsafsfd',  '195',  '0',  '39',  '1453951027') (OK:0.057)
[2016-01-28 11:17:08]Info: E:\php\zao\web\main\model\ModGoods.php 132
SQL: insert into `zao_comment` (`gid`, `uid`, `tid`, `content`, `ct`) values ('39',  '195',  '0',  'fdsaffsafsfd',  '1453951027') (OK:0)
[2016-01-28 11:17:08]Info: E:\php\zao\web\main\controller\CtlApi.php 24
array (
  'c' => '0',
  'd' => '评论成功',
  'ct' => 1453951028,
)

-----------------------------------
[2016-01-28 11:17:17] 127.0.0.1 http://zao.com/main/?ct=api&method=goods.addComment
POST: array (
  'gid' => '39',
  'uid' => '195',
  'psw' => 'qqqqqq',
  'tid' => '196',
  'content' => 'fdsaffsafsfd',
)
[2016-01-28 11:17:17]Info: E:\php\zao\web\main\model\ModUser.php 39
SQL: select `psw` from zao_user where `uid` = '195' limit 1(OK:0.002)
[2016-01-28 11:17:17]Info: E:\php\zao\web\main\model\ModGoods.php 95
SQL: select `uid` from zao_goods where `gid` = 39 limit 1(OK:0.001)
[2016-01-28 11:17:17]Info: E:\php\zao\web\main\model\ModGoods.php 101
SQL: select `nickname` from zao_user where `uid` = 195 limit 1(OK:0.001)
[2016-01-28 11:17:17]Info: E:\php\zao\web\main\model\ModGoods.php 111
SQL: insert into `zao_message` (`type`, `msg`, `uid`, `tid`, `gid`, `ct`) values ('2',  '晓龙的测试机 评论了你的设计：fdsaffsafsfd',  '195',  '0',  '39',  '1453951037') (OK:0.061)
[2016-01-28 11:17:17]Info: E:\php\zao\web\main\model\ModGoods.php 118
SQL: select `nickname` from zao_user where `uid` = 195 limit 1(OK:0.001)
[2016-01-28 11:17:17]Info: E:\php\zao\web\main\model\ModGoods.php 128
SQL: insert into `zao_message` (`type`, `msg`, `uid`, `tid`, `gid`, `ct`) values ('2',  '晓龙的测试机 回复了你的评论：fdsaffsafsfd',  '195',  '196',  '39',  '1453951037') (OK:0.065)
[2016-01-28 11:17:17]Info: E:\php\zao\web\main\model\ModGoods.php 132
SQL: insert into `zao_comment` (`gid`, `uid`, `tid`, `content`, `ct`) values ('39',  '195',  '196',  'fdsaffsafsfd',  '1453951037') (OK:0)
[2016-01-28 11:17:17]Info: E:\php\zao\web\main\controller\CtlApi.php 24
array (
  'c' => '0',
  'd' => '评论成功',
  'ct' => 1453951037,
)

-----------------------------------
[2016-01-28 11:26:08] 127.0.0.1 http://zao.com/main/?ct=api&method=goods.delcomment
POST: array (
  'gid' => '39',
  'psw' => 'qqqqqq',
  'comment_id' => '45',
)
[2016-01-28 11:26:08]Info: E:\php\zao\web\main\model\ModUser.php 39
SQL: select `psw` from zao_user where `uid` = '' limit 1(OK:0.012)
[2016-01-28 11:26:08]Info: E:\php\zao\web\main\controller\CtlApi.php 24
array (
  'c' => '405',
  'd' => 'token校验失败，请重新登录',
  'ct' => 1453951568,
)

-----------------------------------
[2016-01-28 11:26:16] 127.0.0.1 http://zao.com/main/?ct=api&method=goods.delcomment
POST: array (
  'gid' => '195',
  'psw' => 'qqqqqq',
  'comment_id' => '45',
)
[2016-01-28 11:26:16]Info: E:\php\zao\web\main\model\ModUser.php 39
SQL: select `psw` from zao_user where `uid` = '' limit 1(OK:0.012)
[2016-01-28 11:26:16]Info: E:\php\zao\web\main\controller\CtlApi.php 24
array (
  'c' => '405',
  'd' => 'token校验失败，请重新登录',
  'ct' => 1453951576,
)

-----------------------------------
[2016-01-28 11:26:20] 127.0.0.1 http://zao.com/main/?ct=api&method=goods.delcomment
POST: array (
  'gid' => '196',
  'psw' => 'qqqqqq',
  'comment_id' => '45',
)
[2016-01-28 11:26:20]Info: E:\php\zao\web\main\model\ModUser.php 39
SQL: select `psw` from zao_user where `uid` = '' limit 1(OK:0.012)
[2016-01-28 11:26:20]Info: E:\php\zao\web\main\controller\CtlApi.php 24
array (
  'c' => '405',
  'd' => 'token校验失败，请重新登录',
  'ct' => 1453951580,
)

-----------------------------------
[2016-01-28 11:26:25] 127.0.0.1 http://zao.com/main/?ct=api&method=goods.delcomment
POST: array (
  'uid' => '196',
  'psw' => 'qqqqqq',
  'comment_id' => '45',
)
[2016-01-28 11:26:25]Info: E:\php\zao\web\main\model\ModUser.php 39
SQL: select `psw` from zao_user where `uid` = '196' limit 1(OK:0.012)
[2016-01-28 11:26:25]Info: E:\php\zao\web\main\model\ModGoods.php 141
SQL: select b.`uid`  from zao_comment a, zao_goods b
where a.`comment_id` = 45 and b.gid = a.gid limit 1(OK:0.001)
[2016-01-28 11:26:25]Info: E:\php\zao\web\main\controller\CtlApi.php 24
array (
  'c' => '100',
  'd' => '系统发生未知异常',
  'ct' => 1453951585,
)

-----------------------------------
[2016-01-28 11:26:29] 127.0.0.1 http://zao.com/main/?ct=api&method=goods.delcomment
POST: array (
  'uid' => '196',
  'psw' => 'qqqqqq',
  'comment_id' => '43',
)
[2016-01-28 11:26:29]Info: E:\php\zao\web\main\model\ModUser.php 39
SQL: select `psw` from zao_user where `uid` = '196' limit 1(OK:0.011)
[2016-01-28 11:26:29]Info: E:\php\zao\web\main\model\ModGoods.php 141
SQL: select b.`uid`  from zao_comment a, zao_goods b
where a.`comment_id` = 43 and b.gid = a.gid limit 1(OK:0.001)
[2016-01-28 11:26:29]Info: E:\php\zao\web\main\controller\CtlApi.php 24
array (
  'c' => '100',
  'd' => '系统发生未知异常',
  'ct' => 1453951589,
)

-----------------------------------
[2016-01-28 11:26:33] 127.0.0.1 http://zao.com/main/?ct=api&method=goods.delcomment
POST: array (
  'uid' => '196',
  'psw' => 'qqqqqq',
  'comment_id' => '47',
)
[2016-01-28 11:26:33]Info: E:\php\zao\web\main\model\ModUser.php 39
SQL: select `psw` from zao_user where `uid` = '196' limit 1(OK:0.012)
[2016-01-28 11:26:33]Info: E:\php\zao\web\main\model\ModGoods.php 141
SQL: select b.`uid`  from zao_comment a, zao_goods b
where a.`comment_id` = 47 and b.gid = a.gid limit 1(OK:0.001)
[2016-01-28 11:26:33]Info: E:\php\zao\web\main\controller\CtlApi.php 24
array (
  'c' => '100',
  'd' => '系统发生未知异常',
  'ct' => 1453951593,
)

-----------------------------------
[2016-01-28 11:27:22] 127.0.0.1 http://zao.com/main/?ct=api&method=goods.delcomment
POST: array (
  'uid' => '169',
  'psw' => 'qqqqqq',
  'comment_id' => '47',
)
[2016-01-28 11:27:22]Info: E:\php\zao\web\main\model\ModUser.php 39
SQL: select `psw` from zao_user where `uid` = '169' limit 1(OK:0.011)
[2016-01-28 11:27:22]Info: E:\php\zao\web\main\controller\CtlApi.php 24
array (
  'c' => '405',
  'd' => 'token校验失败，请重新登录',
  'ct' => 1453951642,
)

-----------------------------------
[2016-01-28 11:27:53] 127.0.0.1 http://zao.com/main/?ct=api&method=goods.delcomment
POST: array (
  'uid' => '169',
  'psw' => 'qqqqqq',
  'comment_id' => '47',
)
[2016-01-28 11:27:53]Info: E:\php\zao\web\main\model\ModUser.php 39
SQL: select `psw` from zao_user where `uid` = '169' limit 1(OK:0.002)
[2016-01-28 11:27:53]Info: E:\php\zao\web\main\model\ModGoods.php 141
SQL: select b.`uid`  from zao_comment a, zao_goods b
where a.`comment_id` = 47 and b.gid = a.gid limit 1(OK:0.001)
[2016-01-28 11:27:53]Info: E:\php\zao\web\main\model\ModGoods.php 146
SQL: update zao_comment set is_del=1 where comment_id=47(OK:0.001)
[2016-01-28 11:27:53]Info: E:\php\zao\web\main\controller\CtlApi.php 24
array (
  'c' => '0',
  'd' => '成功删除',
  'ct' => 1453951673,
)

-----------------------------------
[2016-01-28 11:47:13] 127.0.0.1 http://zao.com/main/?ct=api&method=goods.delcomment
POST: array (
  'uid' => '169',
  'psw' => 'qqqqqq',
  'msg' => '他妈的，又来',
  'gid' => '39',
)
[2016-01-28 11:47:13]Info: E:\php\zao\web\main\model\ModUser.php 39
SQL: select `psw` from zao_user where `uid` = '169' limit 1(OK:0.011)
[2016-01-28 11:47:13]Info: E:\php\zao\web\main\model\ModGoods.php 141
SQL: select b.`uid`  from zao_comment a, zao_goods b
where a.`comment_id` = 0 and b.gid = a.gid limit 1(OK:0.001)
[2016-01-28 11:47:13]Info: E:\php\zao\web\main\controller\CtlApi.php 24
array (
  'c' => '100',
  'd' => '系统发生未知异常',
  'ct' => 1453952833,
)

-----------------------------------
[2016-01-28 11:47:46] 127.0.0.1 http://zao.com/main/?ct=api&method=goods.reportMsg
POST: array (
  'uid' => '169',
  'psw' => 'qqqqqq',
  'msg' => '他妈的，又来',
  'gid' => '39',
)
[2016-01-28 11:47:46]Info: E:\php\zao\web\main\model\ModGoods.php 263
SQL: insert into `zao_message` (`type`, `msg`, `uid`, `gid`, `ct`) values ('0',  '他妈的，又来',  '169',  '39',  '1453952866') (OK:0.129)
[2016-01-28 11:47:46]Info: E:\php\zao\web\main\controller\CtlApi.php 24
array (
  'c' => '0',
  'd' => '举报成功',
  'ct' => 1453952866,
)

-----------------------------------
[2016-01-28 11:48:08] 127.0.0.1 http://zao.com/zao.php?ct=login&ac=login
POST: array (
  'name' => '114',
  'password' => '114',
)
[2016-01-28 11:48:08]Info: E:\php\zao\web\zao\model\ModAuth.php 25
SQL: select * from `zao_admin` where `phone` ='114' limit 1(OK:0.012)
[2016-01-28 11:48:08]Info: E:\php\zao\web\zao\model\ModAuth.php 29
SQL: update `zao_admin` set `lastLoginIP`='127.0.0.1',  `lastLoginTime`='1453952888' where `phone` = '114' (OK:0.071)

-----------------------------------
[2016-01-28 11:48:08] 127.0.0.1 http://zao.com/zao.php
COOKIE: array (
  'dm_admin_name_zao' => '114',
  'dm_admin_auth_zao' => '2dd5a6915090ff31545b2b5a64652515',
  'dm_open_time_zao' => '1453952888',
)
[2016-01-28 11:48:08]Info: E:\php\zao\web\zao\model\ModGoods.php 31
SQL: select count(*) as c from `zao_goods` where 1 limit 1(OK:0.01)
[2016-01-28 11:48:08]Info: E:\php\zao\web\zao\model\ModGoods.php 34
SQL: select a.*, b.nickname from `zao_goods` a
left join `zao_user` b on a.uid = b.uid
where 1 
order by `ct` desc  limit 0, 10(OK:0.001)
[2016-01-28 11:48:08]Error: E:\php\zao\web\zao\index.php 14
Undefined index: ac

-----------------------------------
[2016-01-28 11:48:09] 127.0.0.1 http://zao.com/zao.php?ct=trade
COOKIE: array (
  'dm_admin_name_zao' => '114',
  'dm_admin_auth_zao' => '2dd5a6915090ff31545b2b5a64652515',
  'dm_open_time_zao' => '1453952888',
)
[2016-01-28 11:48:09]Info: E:\php\zao\web\zao\model\ModTrade.php 41
SQL: select count(*) as c from `zao_order` where 1 limit 1(OK:0.029)
[2016-01-28 11:48:09]Info: E:\php\zao\web\zao\model\ModTrade.php 44
SQL: select * from `zao_order` where 1  order by `ct` desc  limit 0, 5(OK:0.002)
[2016-01-28 11:48:09]Error: E:\php\zao\web\zao\index.php 14
Undefined index: ac

-----------------------------------
[2016-01-28 11:48:11] 127.0.0.1 http://zao.com/zao.php?ct=trade&ac=userBenefit
COOKIE: array (
  'dm_admin_name_zao' => '114',
  'dm_admin_auth_zao' => '2dd5a6915090ff31545b2b5a64652515',
  'dm_open_time_zao' => '1453952888',
)
[2016-01-28 11:48:11]Info: E:\php\zao\web\zao\model\ModTrade.php 95
SQL: select count(*) as c from `zao_user_benefit` a, `zao_user` b where 1 and a.uid_sell = b.uid limit 1(OK:0.014)
[2016-01-28 11:48:11]Info: E:\php\zao\web\zao\model\ModTrade.php 97
SQL: select a.*, b.nickname AS nickname_seller, c.nickname AS nickname_buyer, d.name from zao_user_benefit a
left JOIN zao_user b on b.uid = a.uid_sell
LEFT JOIN zao_user c on c.uid = a.uid_buy
LEFT JOIN zao_goods d on d.gid = a.gid
where 1 
order by `ct`
desc  limit 0, 10(OK:0.001)

-----------------------------------
[2016-01-28 11:48:11] 127.0.0.1 http://zao.com/zao.php?ct=trade&ac=benefitOutlays
COOKIE: array (
  'dm_admin_name_zao' => '114',
  'dm_admin_auth_zao' => '2dd5a6915090ff31545b2b5a64652515',
  'dm_open_time_zao' => '1453952888',
)
[2016-01-28 11:48:11]Info: E:\php\zao\web\zao\model\ModTrade.php 119
SQL: select count(*) as c from `zao_user_deal` a, `zao_user` b where 1 and a.uid = b.uid and type=0 limit 1(OK:0.011)
[2016-01-28 11:48:11]Info: E:\php\zao\web\zao\model\ModTrade.php 121
SQL: select a.*,b.nickname,b.phone from `zao_user_deal` a, `zao_user` b
 WHERE b.uid=a.uid and type=0
 order by `ct` desc  limit 0, 10(OK:0.001)

-----------------------------------
[2016-01-28 11:48:12] 127.0.0.1 http://zao.com/zao.php?ct=trade
COOKIE: array (
  'dm_admin_name_zao' => '114',
  'dm_admin_auth_zao' => '2dd5a6915090ff31545b2b5a64652515',
  'dm_open_time_zao' => '1453952888',
)
[2016-01-28 11:48:12]Info: E:\php\zao\web\zao\model\ModTrade.php 41
SQL: select count(*) as c from `zao_order` where 1 limit 1(OK:0.003)
[2016-01-28 11:48:12]Info: E:\php\zao\web\zao\model\ModTrade.php 44
SQL: select * from `zao_order` where 1  order by `ct` desc  limit 0, 5(OK:0.001)
[2016-01-28 11:48:12]Error: E:\php\zao\web\zao\index.php 14
Undefined index: ac

-----------------------------------
[2016-01-28 11:48:13] 127.0.0.1 http://zao.com/zao.php?ct=user
COOKIE: array (
  'dm_admin_name_zao' => '114',
  'dm_admin_auth_zao' => '2dd5a6915090ff31545b2b5a64652515',
  'dm_open_time_zao' => '1453952888',
)
[2016-01-28 11:48:13]Info: E:\php\zao\web\zao\model\ModUser.php 32
SQL: select count(*) as c from `zao_user` where 1 limit 1(OK:0.003)
[2016-01-28 11:48:13]Info: E:\php\zao\web\zao\model\ModUser.php 35
SQL: select * from `zao_user`
where 1 
order by `ct` desc  limit 0, 10(OK:0.002)
[2016-01-28 11:48:13]Error: E:\php\zao\web\zao\index.php 14
Undefined index: ac

-----------------------------------
[2016-01-28 11:48:14] 127.0.0.1 http://zao.com/zao.php?ct=user&ac=message
COOKIE: array (
  'dm_admin_name_zao' => '114',
  'dm_admin_auth_zao' => '2dd5a6915090ff31545b2b5a64652515',
  'dm_open_time_zao' => '1453952888',
)
[2016-01-28 11:48:14]Error: E:\php\zao\web\zao\model\ModUser.php 106
SQL: select count(*) as c from `zao_message` where 1  and a.type=0 limit 1(error：Unknown column 'a.type' in 'where clause')
[2016-01-28 11:48:14]Info: E:\php\zao\web\zao\model\ModUser.php 109
SQL: select a.*, b.nickname, c.name,c.img from `zao_message` a
left join `zao_user` b ON a.uid = b.uid
left join `zao_goods` c ON a.gid = c.gid
where 1  and a.type=0
order by `ct` desc  limit 0, 10(OK:0.001)

-----------------------------------
[2016-01-28 11:48:14] 127.0.0.1 http://zao.com/zao.php?ct=user&ac=comment
COOKIE: array (
  'dm_admin_name_zao' => '114',
  'dm_admin_auth_zao' => '2dd5a6915090ff31545b2b5a64652515',
  'dm_open_time_zao' => '1453952888',
)
[2016-01-28 11:48:14]Info: E:\php\zao\web\zao\model\ModUser.php 72
SQL: select count(*) as c from `zao_comment` where 1 and is_del=0 limit 1(OK:0.002)
[2016-01-28 11:48:14]Info: E:\php\zao\web\zao\model\ModUser.php 75
SQL: select a.*, b.nickname, c.name,c.img from `zao_comment` a
left join `zao_user` b ON a.uid = b.uid
left join `zao_goods` c ON a.gid = c.gid
where 1 and a.is_del=0
order by `ct` desc  limit 0, 10(OK:0.001)

-----------------------------------
[2016-01-28 11:48:15] 127.0.0.1 http://zao.com/zao.php?ct=user&ac=message
COOKIE: array (
  'dm_admin_name_zao' => '114',
  'dm_admin_auth_zao' => '2dd5a6915090ff31545b2b5a64652515',
  'dm_open_time_zao' => '1453952888',
)
[2016-01-28 11:48:15]Error: E:\php\zao\web\zao\model\ModUser.php 106
SQL: select count(*) as c from `zao_message` where 1  and a.type=0 limit 1(error：Unknown column 'a.type' in 'where clause')
[2016-01-28 11:48:15]Info: E:\php\zao\web\zao\model\ModUser.php 109
SQL: select a.*, b.nickname, c.name,c.img from `zao_message` a
left join `zao_user` b ON a.uid = b.uid
left join `zao_goods` c ON a.gid = c.gid
where 1  and a.type=0
order by `ct` desc  limit 0, 10(OK:0.001)

-----------------------------------
[2016-01-28 11:48:22] 127.0.0.1 http://zao.com/zao.php?ct=user&ac=message
COOKIE: array (
  'dm_admin_name_zao' => '114',
  'dm_admin_auth_zao' => '2dd5a6915090ff31545b2b5a64652515',
  'dm_open_time_zao' => '1453952888',
)
[2016-01-28 11:48:22]Error: E:\php\zao\web\zao\model\ModUser.php 106
SQL: select count(*) as c from `zao_message` where 1  and a.type=0 limit 1(error：Unknown column 'a.type' in 'where clause')
[2016-01-28 11:48:22]Info: E:\php\zao\web\zao\model\ModUser.php 109
SQL: select a.*, b.nickname, c.name,c.img from `zao_message` a
left join `zao_user` b ON a.uid = b.uid
left join `zao_goods` c ON a.gid = c.gid
where 1  and a.type=0
order by `ct` desc  limit 0, 10(OK:0.002)

-----------------------------------
[2016-01-28 11:48:40] 127.0.0.1 http://zao.com/main/?ct=api&method=goods.reportMsg
POST: array (
  'uid' => '169',
  'psw' => 'qqqqqq',
  'msg' => '他妈的，又fsdfd来',
  'gid' => '39',
)
COOKIE: array (
  'dm_admin_name_zao' => '114',
  'dm_admin_auth_zao' => '2dd5a6915090ff31545b2b5a64652515',
  'dm_open_time_zao' => '1453952888',
)
[2016-01-28 11:48:40]Info: E:\php\zao\web\main\model\ModGoods.php 263
SQL: insert into `zao_message` (`type`, `msg`, `uid`, `gid`, `ct`) values ('0',  '他妈的，又fsdfd来',  '169',  '39',  '1453952920') (OK:0.06)
[2016-01-28 11:48:40]Info: E:\php\zao\web\main\controller\CtlApi.php 24
array (
  'c' => '0',
  'd' => '举报成功',
  'ct' => 1453952920,
)

-----------------------------------
[2016-01-28 11:48:42] 127.0.0.1 http://zao.com/main/?ct=api&method=goods.reportMsg
POST: array (
  'uid' => '169',
  'psw' => 'qqqqqq',
  'msg' => '他妈的，又fsdfd来3213',
  'gid' => '39',
)
COOKIE: array (
  'dm_admin_name_zao' => '114',
  'dm_admin_auth_zao' => '2dd5a6915090ff31545b2b5a64652515',
  'dm_open_time_zao' => '1453952888',
)
[2016-01-28 11:48:42]Info: E:\php\zao\web\main\model\ModGoods.php 263
SQL: insert into `zao_message` (`type`, `msg`, `uid`, `gid`, `ct`) values ('0',  '他妈的，又fsdfd来3213',  '169',  '39',  '1453952922') (OK:0.084)
[2016-01-28 11:48:42]Info: E:\php\zao\web\main\controller\CtlApi.php 24
array (
  'c' => '0',
  'd' => '举报成功',
  'ct' => 1453952922,
)

-----------------------------------
[2016-01-28 11:48:43] 127.0.0.1 http://zao.com/main/?ct=api&method=goods.reportMsg
POST: array (
  'uid' => '169',
  'psw' => 'qqqqqq',
  'msg' => '他妈的，又fsdfd来3213',
  'gid' => '39',
)
COOKIE: array (
  'dm_admin_name_zao' => '114',
  'dm_admin_auth_zao' => '2dd5a6915090ff31545b2b5a64652515',
  'dm_open_time_zao' => '1453952888',
)
[2016-01-28 11:48:43]Info: E:\php\zao\web\main\model\ModGoods.php 263
SQL: insert into `zao_message` (`type`, `msg`, `uid`, `gid`, `ct`) values ('0',  '他妈的，又fsdfd来3213',  '169',  '39',  '1453952923') (OK:0.065)
[2016-01-28 11:48:43]Info: E:\php\zao\web\main\controller\CtlApi.php 24
array (
  'c' => '0',
  'd' => '举报成功',
  'ct' => 1453952923,
)

-----------------------------------
[2016-01-28 11:48:43] 127.0.0.1 http://zao.com/main/?ct=api&method=goods.reportMsg
POST: array (
  'uid' => '169',
  'psw' => 'qqqqqq',
  'msg' => '他妈的，又fsdfd来3213',
  'gid' => '39',
)
COOKIE: array (
  'dm_admin_name_zao' => '114',
  'dm_admin_auth_zao' => '2dd5a6915090ff31545b2b5a64652515',
  'dm_open_time_zao' => '1453952888',
)
[2016-01-28 11:48:43]Info: E:\php\zao\web\main\model\ModGoods.php 263
SQL: insert into `zao_message` (`type`, `msg`, `uid`, `gid`, `ct`) values ('0',  '他妈的，又fsdfd来3213',  '169',  '39',  '1453952923') (OK:0.036)
[2016-01-28 11:48:43]Info: E:\php\zao\web\main\controller\CtlApi.php 24
array (
  'c' => '0',
  'd' => '举报成功',
  'ct' => 1453952923,
)

-----------------------------------
[2016-01-28 11:48:43] 127.0.0.1 http://zao.com/main/?ct=api&method=goods.reportMsg
POST: array (
  'uid' => '169',
  'psw' => 'qqqqqq',
  'msg' => '他妈的，又fsdfd来3213',
  'gid' => '39',
)
COOKIE: array (
  'dm_admin_name_zao' => '114',
  'dm_admin_auth_zao' => '2dd5a6915090ff31545b2b5a64652515',
  'dm_open_time_zao' => '1453952888',
)
[2016-01-28 11:48:43]Info: E:\php\zao\web\main\model\ModGoods.php 263
SQL: insert into `zao_message` (`type`, `msg`, `uid`, `gid`, `ct`) values ('0',  '他妈的，又fsdfd来3213',  '169',  '39',  '1453952923') (OK:0.039)
[2016-01-28 11:48:43]Info: E:\php\zao\web\main\controller\CtlApi.php 24
array (
  'c' => '0',
  'd' => '举报成功',
  'ct' => 1453952923,
)

-----------------------------------
[2016-01-28 11:48:43] 127.0.0.1 http://zao.com/main/?ct=api&method=goods.reportMsg
POST: array (
  'uid' => '169',
  'psw' => 'qqqqqq',
  'msg' => '他妈的，又fsdfd来3213',
  'gid' => '39',
)
COOKIE: array (
  'dm_admin_name_zao' => '114',
  'dm_admin_auth_zao' => '2dd5a6915090ff31545b2b5a64652515',
  'dm_open_time_zao' => '1453952888',
)
[2016-01-28 11:48:43]Info: E:\php\zao\web\main\model\ModGoods.php 263
SQL: insert into `zao_message` (`type`, `msg`, `uid`, `gid`, `ct`) values ('0',  '他妈的，又fsdfd来3213',  '169',  '39',  '1453952923') (OK:0.047)
[2016-01-28 11:48:43]Info: E:\php\zao\web\main\controller\CtlApi.php 24
array (
  'c' => '0',
  'd' => '举报成功',
  'ct' => 1453952923,
)

-----------------------------------
[2016-01-28 11:48:43] 127.0.0.1 http://zao.com/main/?ct=api&method=goods.reportMsg
POST: array (
  'uid' => '169',
  'psw' => 'qqqqqq',
  'msg' => '他妈的，又fsdfd来3213',
  'gid' => '39',
)
COOKIE: array (
  'dm_admin_name_zao' => '114',
  'dm_admin_auth_zao' => '2dd5a6915090ff31545b2b5a64652515',
  'dm_open_time_zao' => '1453952888',
)
[2016-01-28 11:48:43]Info: E:\php\zao\web\main\model\ModGoods.php 263
SQL: insert into `zao_message` (`type`, `msg`, `uid`, `gid`, `ct`) values ('0',  '他妈的，又fsdfd来3213',  '169',  '39',  '1453952923') (OK:0.044)
[2016-01-28 11:48:43]Info: E:\php\zao\web\main\controller\CtlApi.php 24
array (
  'c' => '0',
  'd' => '举报成功',
  'ct' => 1453952923,
)

-----------------------------------
[2016-01-28 11:48:44] 127.0.0.1 http://zao.com/main/?ct=api&method=goods.reportMsg
POST: array (
  'uid' => '169',
  'psw' => 'qqqqqq',
  'msg' => '他妈的，又fsdfd来3213',
  'gid' => '39',
)
COOKIE: array (
  'dm_admin_name_zao' => '114',
  'dm_admin_auth_zao' => '2dd5a6915090ff31545b2b5a64652515',
  'dm_open_time_zao' => '1453952888',
)
[2016-01-28 11:48:44]Info: E:\php\zao\web\main\model\ModGoods.php 263
SQL: insert into `zao_message` (`type`, `msg`, `uid`, `gid`, `ct`) values ('0',  '他妈的，又fsdfd来3213',  '169',  '39',  '1453952923') (OK:0.066)
[2016-01-28 11:48:44]Info: E:\php\zao\web\main\controller\CtlApi.php 24
array (
  'c' => '0',
  'd' => '举报成功',
  'ct' => 1453952924,
)

-----------------------------------
[2016-01-28 11:48:44] 127.0.0.1 http://zao.com/main/?ct=api&method=goods.reportMsg
POST: array (
  'uid' => '169',
  'psw' => 'qqqqqq',
  'msg' => '他妈的，又fsdfd来3213',
  'gid' => '39',
)
COOKIE: array (
  'dm_admin_name_zao' => '114',
  'dm_admin_auth_zao' => '2dd5a6915090ff31545b2b5a64652515',
  'dm_open_time_zao' => '1453952888',
)
[2016-01-28 11:48:44]Info: E:\php\zao\web\main\model\ModGoods.php 263
SQL: insert into `zao_message` (`type`, `msg`, `uid`, `gid`, `ct`) values ('0',  '他妈的，又fsdfd来3213',  '169',  '39',  '1453952924') (OK:0.062)
[2016-01-28 11:48:44]Info: E:\php\zao\web\main\controller\CtlApi.php 24
array (
  'c' => '0',
  'd' => '举报成功',
  'ct' => 1453952924,
)

-----------------------------------
[2016-01-28 11:48:44] 127.0.0.1 http://zao.com/main/?ct=api&method=goods.reportMsg
POST: array (
  'uid' => '169',
  'psw' => 'qqqqqq',
  'msg' => '他妈的，又fsdfd来3213',
  'gid' => '39',
)
COOKIE: array (
  'dm_admin_name_zao' => '114',
  'dm_admin_auth_zao' => '2dd5a6915090ff31545b2b5a64652515',
  'dm_open_time_zao' => '1453952888',
)
[2016-01-28 11:48:44]Info: E:\php\zao\web\main\model\ModGoods.php 263
SQL: insert into `zao_message` (`type`, `msg`, `uid`, `gid`, `ct`) values ('0',  '他妈的，又fsdfd来3213',  '169',  '39',  '1453952924') (OK:0.046)
[2016-01-28 11:48:44]Info: E:\php\zao\web\main\controller\CtlApi.php 24
array (
  'c' => '0',
  'd' => '举报成功',
  'ct' => 1453952924,
)

-----------------------------------
[2016-01-28 11:48:44] 127.0.0.1 http://zao.com/main/?ct=api&method=goods.reportMsg
POST: array (
  'uid' => '169',
  'psw' => 'qqqqqq',
  'msg' => '他妈的，又fsdfd来3213',
  'gid' => '39',
)
COOKIE: array (
  'dm_admin_name_zao' => '114',
  'dm_admin_auth_zao' => '2dd5a6915090ff31545b2b5a64652515',
  'dm_open_time_zao' => '1453952888',
)
[2016-01-28 11:48:44]Info: E:\php\zao\web\main\model\ModGoods.php 263
SQL: insert into `zao_message` (`type`, `msg`, `uid`, `gid`, `ct`) values ('0',  '他妈的，又fsdfd来3213',  '169',  '39',  '1453952924') (OK:0.053)
[2016-01-28 11:48:44]Info: E:\php\zao\web\main\controller\CtlApi.php 24
array (
  'c' => '0',
  'd' => '举报成功',
  'ct' => 1453952924,
)

-----------------------------------
[2016-01-28 11:48:45] 127.0.0.1 http://zao.com/zao.php?ct=user&ac=message
COOKIE: array (
  'dm_admin_name_zao' => '114',
  'dm_admin_auth_zao' => '2dd5a6915090ff31545b2b5a64652515',
  'dm_open_time_zao' => '1453952888',
)
[2016-01-28 11:48:45]Error: E:\php\zao\web\zao\model\ModUser.php 106
SQL: select count(*) as c from `zao_message` where 1  and a.type=0 limit 1(error：Unknown column 'a.type' in 'where clause')
[2016-01-28 11:48:45]Info: E:\php\zao\web\zao\model\ModUser.php 109
SQL: select a.*, b.nickname, c.name,c.img from `zao_message` a
left join `zao_user` b ON a.uid = b.uid
left join `zao_goods` c ON a.gid = c.gid
where 1  and a.type=0
order by `ct` desc  limit 0, 10(OK:0.001)

-----------------------------------
[2016-01-28 11:49:08] 127.0.0.1 http://zao.com/zao.php?ct=user&ac=comment
COOKIE: array (
  'dm_admin_name_zao' => '114',
  'dm_admin_auth_zao' => '2dd5a6915090ff31545b2b5a64652515',
  'dm_open_time_zao' => '1453952888',
)
[2016-01-28 11:49:08]Info: E:\php\zao\web\zao\model\ModUser.php 72
SQL: select count(*) as c from `zao_comment` where 1 and is_del=0 limit 1(OK:0.011)
[2016-01-28 11:49:08]Info: E:\php\zao\web\zao\model\ModUser.php 75
SQL: select a.*, b.nickname, c.name,c.img from `zao_comment` a
left join `zao_user` b ON a.uid = b.uid
left join `zao_goods` c ON a.gid = c.gid
where 1 and a.is_del=0
order by `ct` desc  limit 0, 10(OK:0.001)

-----------------------------------
[2016-01-28 11:49:11] 127.0.0.1 http://zao.com/zao.php?ct=user&ac=comment&keyword=&page=3
COOKIE: array (
  'dm_admin_name_zao' => '114',
  'dm_admin_auth_zao' => '2dd5a6915090ff31545b2b5a64652515',
  'dm_open_time_zao' => '1453952888',
)
[2016-01-28 11:49:11]Info: E:\php\zao\web\zao\model\ModUser.php 72
SQL: select count(*) as c from `zao_comment` where 1 and is_del=0 limit 1(OK:0.012)
[2016-01-28 11:49:11]Info: E:\php\zao\web\zao\model\ModUser.php 75
SQL: select a.*, b.nickname, c.name,c.img from `zao_comment` a
left join `zao_user` b ON a.uid = b.uid
left join `zao_goods` c ON a.gid = c.gid
where 1 and a.is_del=0
order by `ct` desc  limit 20, 10(OK:0.001)

-----------------------------------
[2016-01-28 11:49:13] 127.0.0.1 http://zao.com/zao.php?ct=user&ac=message
COOKIE: array (
  'dm_admin_name_zao' => '114',
  'dm_admin_auth_zao' => '2dd5a6915090ff31545b2b5a64652515',
  'dm_open_time_zao' => '1453952888',
)
[2016-01-28 11:49:13]Error: E:\php\zao\web\zao\model\ModUser.php 106
SQL: select count(*) as c from `zao_message` where 1  and a.type=0 limit 1(error：Unknown column 'a.type' in 'where clause')
[2016-01-28 11:49:13]Info: E:\php\zao\web\zao\model\ModUser.php 109
SQL: select a.*, b.nickname, c.name,c.img from `zao_message` a
left join `zao_user` b ON a.uid = b.uid
left join `zao_goods` c ON a.gid = c.gid
where 1  and a.type=0
order by `ct` desc  limit 0, 10(OK:0.001)

-----------------------------------
[2016-01-28 11:49:38] 127.0.0.1 http://zao.com/zao.php?ct=user&ac=message
COOKIE: array (
  'dm_admin_name_zao' => '114',
  'dm_admin_auth_zao' => '2dd5a6915090ff31545b2b5a64652515',
  'dm_open_time_zao' => '1453952888',
)
[2016-01-28 11:49:38]Error: E:\php\zao\web\zao\model\ModUser.php 106
SQL: select count(*) as c from `zao_message` where 1  and a.type=0 limit 1(error：Unknown column 'a.type' in 'where clause')
[2016-01-28 11:49:38]Info: E:\php\zao\web\zao\model\ModUser.php 109
SQL: select a.*, b.nickname, c.name,c.img from `zao_message` a
left join `zao_user` b ON a.uid = b.uid
left join `zao_goods` c ON a.gid = c.gid
where 1  and a.type=0
order by `ct` desc  limit 0, 10(OK:0.001)

-----------------------------------
[2016-01-28 11:51:35] 127.0.0.1 http://zao.com/zao.php?ct=user&ac=message
COOKIE: array (
  'dm_admin_name_zao' => '114',
  'dm_admin_auth_zao' => '2dd5a6915090ff31545b2b5a64652515',
  'dm_open_time_zao' => '1453952888',
)
[2016-01-28 11:51:35]Info: E:\php\zao\web\zao\model\ModUser.php 106
SQL: select count(*) as c from `zao_message` where 1 and type=0 limit 1(OK:0.011)
[2016-01-28 11:51:35]Info: E:\php\zao\web\zao\model\ModUser.php 109
SQL: select a.*, b.nickname, c.name,c.img from `zao_message` a
left join `zao_user` b ON a.uid = b.uid
left join `zao_goods` c ON a.gid = c.gid
where 1  and a.type=0
order by `ct` desc  limit 0, 10(OK:0.001)

-----------------------------------
[2016-01-28 11:51:36] 127.0.0.1 http://zao.com/zao.php?ct=user&ac=message&keyword=&page=2
COOKIE: array (
  'dm_admin_name_zao' => '114',
  'dm_admin_auth_zao' => '2dd5a6915090ff31545b2b5a64652515',
  'dm_open_time_zao' => '1453952888',
)
[2016-01-28 11:51:36]Info: E:\php\zao\web\zao\model\ModUser.php 106
SQL: select count(*) as c from `zao_message` where 1 and type=0 limit 1(OK:0.012)
[2016-01-28 11:51:36]Info: E:\php\zao\web\zao\model\ModUser.php 109
SQL: select a.*, b.nickname, c.name,c.img from `zao_message` a
left join `zao_user` b ON a.uid = b.uid
left join `zao_goods` c ON a.gid = c.gid
where 1  and a.type=0
order by `ct` desc  limit 10, 10(OK:0.001)

-----------------------------------
[2016-01-28 11:51:39] 127.0.0.1 http://zao.com/zao.php?ct=user&ac=message&keyword=&page=1
COOKIE: array (
  'dm_admin_name_zao' => '114',
  'dm_admin_auth_zao' => '2dd5a6915090ff31545b2b5a64652515',
  'dm_open_time_zao' => '1453952888',
)
[2016-01-28 11:51:39]Info: E:\php\zao\web\zao\model\ModUser.php 106
SQL: select count(*) as c from `zao_message` where 1 and type=0 limit 1(OK:0.011)
[2016-01-28 11:51:39]Info: E:\php\zao\web\zao\model\ModUser.php 109
SQL: select a.*, b.nickname, c.name,c.img from `zao_message` a
left join `zao_user` b ON a.uid = b.uid
left join `zao_goods` c ON a.gid = c.gid
where 1  and a.type=0
order by `ct` desc  limit 0, 10(OK:0.001)

-----------------------------------
[2016-01-28 11:51:41] 127.0.0.1 http://zao.com/zao.php?ct=user&ac=comment
COOKIE: array (
  'dm_admin_name_zao' => '114',
  'dm_admin_auth_zao' => '2dd5a6915090ff31545b2b5a64652515',
  'dm_open_time_zao' => '1453952888',
)
[2016-01-28 11:51:41]Info: E:\php\zao\web\zao\model\ModUser.php 72
SQL: select count(*) as c from `zao_comment` where 1 and is_del=0 limit 1(OK:0.003)
[2016-01-28 11:51:41]Info: E:\php\zao\web\zao\model\ModUser.php 75
SQL: select a.*, b.nickname, c.name,c.img from `zao_comment` a
left join `zao_user` b ON a.uid = b.uid
left join `zao_goods` c ON a.gid = c.gid
where 1 and a.is_del=0
order by `ct` desc  limit 0, 10(OK:0.001)

-----------------------------------
[2016-01-28 11:51:42] 127.0.0.1 http://zao.com/zao.php?ct=user&ac=message
COOKIE: array (
  'dm_admin_name_zao' => '114',
  'dm_admin_auth_zao' => '2dd5a6915090ff31545b2b5a64652515',
  'dm_open_time_zao' => '1453952888',
)
[2016-01-28 11:51:42]Info: E:\php\zao\web\zao\model\ModUser.php 106
SQL: select count(*) as c from `zao_message` where 1 and type=0 limit 1(OK:0.011)
[2016-01-28 11:51:42]Info: E:\php\zao\web\zao\model\ModUser.php 109
SQL: select a.*, b.nickname, c.name,c.img from `zao_message` a
left join `zao_user` b ON a.uid = b.uid
left join `zao_goods` c ON a.gid = c.gid
where 1  and a.type=0
order by `ct` desc  limit 0, 10(OK:0.001)

-----------------------------------
[2016-01-28 11:51:43] 127.0.0.1 http://zao.com/zao.php?ct=user&ac=comment
COOKIE: array (
  'dm_admin_name_zao' => '114',
  'dm_admin_auth_zao' => '2dd5a6915090ff31545b2b5a64652515',
  'dm_open_time_zao' => '1453952888',
)
[2016-01-28 11:51:43]Info: E:\php\zao\web\zao\model\ModUser.php 72
SQL: select count(*) as c from `zao_comment` where 1 and is_del=0 limit 1(OK:0.003)
[2016-01-28 11:51:43]Info: E:\php\zao\web\zao\model\ModUser.php 75
SQL: select a.*, b.nickname, c.name,c.img from `zao_comment` a
left join `zao_user` b ON a.uid = b.uid
left join `zao_goods` c ON a.gid = c.gid
where 1 and a.is_del=0
order by `ct` desc  limit 0, 10(OK:0.001)

-----------------------------------
[2016-01-28 11:51:46] 127.0.0.1 http://zao.com/zao.php?ct=user&ac=comment&keyword=&page=2
COOKIE: array (
  'dm_admin_name_zao' => '114',
  'dm_admin_auth_zao' => '2dd5a6915090ff31545b2b5a64652515',
  'dm_open_time_zao' => '1453952888',
)
[2016-01-28 11:51:46]Info: E:\php\zao\web\zao\model\ModUser.php 72
SQL: select count(*) as c from `zao_comment` where 1 and is_del=0 limit 1(OK:0.011)
[2016-01-28 11:51:46]Info: E:\php\zao\web\zao\model\ModUser.php 75
SQL: select a.*, b.nickname, c.name,c.img from `zao_comment` a
left join `zao_user` b ON a.uid = b.uid
left join `zao_goods` c ON a.gid = c.gid
where 1 and a.is_del=0
order by `ct` desc  limit 10, 10(OK:0.002)

-----------------------------------
[2016-01-28 11:51:47] 127.0.0.1 http://zao.com/zao.php?ct=user&ac=comment&keyword=&page=3
COOKIE: array (
  'dm_admin_name_zao' => '114',
  'dm_admin_auth_zao' => '2dd5a6915090ff31545b2b5a64652515',
  'dm_open_time_zao' => '1453952888',
)
[2016-01-28 11:51:47]Info: E:\php\zao\web\zao\model\ModUser.php 72
SQL: select count(*) as c from `zao_comment` where 1 and is_del=0 limit 1(OK:0.012)
[2016-01-28 11:51:47]Info: E:\php\zao\web\zao\model\ModUser.php 75
SQL: select a.*, b.nickname, c.name,c.img from `zao_comment` a
left join `zao_user` b ON a.uid = b.uid
left join `zao_goods` c ON a.gid = c.gid
where 1 and a.is_del=0
order by `ct` desc  limit 20, 10(OK:0.001)

-----------------------------------
[2016-01-28 11:51:48] 127.0.0.1 http://zao.com/zao.php?ct=user&ac=message
COOKIE: array (
  'dm_admin_name_zao' => '114',
  'dm_admin_auth_zao' => '2dd5a6915090ff31545b2b5a64652515',
  'dm_open_time_zao' => '1453952888',
)
[2016-01-28 11:51:48]Info: E:\php\zao\web\zao\model\ModUser.php 106
SQL: select count(*) as c from `zao_message` where 1 and type=0 limit 1(OK:0.002)
[2016-01-28 11:51:48]Info: E:\php\zao\web\zao\model\ModUser.php 109
SQL: select a.*, b.nickname, c.name,c.img from `zao_message` a
left join `zao_user` b ON a.uid = b.uid
left join `zao_goods` c ON a.gid = c.gid
where 1  and a.type=0
order by `ct` desc  limit 0, 10(OK:0.002)

-----------------------------------
[2016-01-28 11:51:51] 127.0.0.1 http://zao.com/zao.php?ct=user
COOKIE: array (
  'dm_admin_name_zao' => '114',
  'dm_admin_auth_zao' => '2dd5a6915090ff31545b2b5a64652515',
  'dm_open_time_zao' => '1453952888',
)
[2016-01-28 11:51:51]Info: E:\php\zao\web\zao\model\ModUser.php 32
SQL: select count(*) as c from `zao_user` where 1 limit 1(OK:0.003)
[2016-01-28 11:51:51]Info: E:\php\zao\web\zao\model\ModUser.php 35
SQL: select * from `zao_user`
where 1 
order by `ct` desc  limit 0, 10(OK:0.001)
[2016-01-28 11:51:51]Error: E:\php\zao\web\zao\index.php 14
Undefined index: ac

-----------------------------------
[2016-01-28 11:51:52] 127.0.0.1 http://zao.com/zao.php?ct=user&ac=comment
COOKIE: array (
  'dm_admin_name_zao' => '114',
  'dm_admin_auth_zao' => '2dd5a6915090ff31545b2b5a64652515',
  'dm_open_time_zao' => '1453952888',
)
[2016-01-28 11:51:52]Info: E:\php\zao\web\zao\model\ModUser.php 72
SQL: select count(*) as c from `zao_comment` where 1 and is_del=0 limit 1(OK:0.012)
[2016-01-28 11:51:52]Info: E:\php\zao\web\zao\model\ModUser.php 75
SQL: select a.*, b.nickname, c.name,c.img from `zao_comment` a
left join `zao_user` b ON a.uid = b.uid
left join `zao_goods` c ON a.gid = c.gid
where 1 and a.is_del=0
order by `ct` desc  limit 0, 10(OK:0.001)

-----------------------------------
[2016-01-28 11:51:53] 127.0.0.1 http://zao.com/zao.php?ct=trade
COOKIE: array (
  'dm_admin_name_zao' => '114',
  'dm_admin_auth_zao' => '2dd5a6915090ff31545b2b5a64652515',
  'dm_open_time_zao' => '1453952888',
)
[2016-01-28 11:51:53]Info: E:\php\zao\web\zao\model\ModTrade.php 41
SQL: select count(*) as c from `zao_order` where 1 limit 1(OK:0.012)
[2016-01-28 11:51:53]Info: E:\php\zao\web\zao\model\ModTrade.php 44
SQL: select * from `zao_order` where 1  order by `ct` desc  limit 0, 5(OK:0)
[2016-01-28 11:51:53]Error: E:\php\zao\web\zao\index.php 14
Undefined index: ac

-----------------------------------
[2016-01-28 11:51:54] 127.0.0.1 http://zao.com/zao.php?ct=trade&type=1
COOKIE: array (
  'dm_admin_name_zao' => '114',
  'dm_admin_auth_zao' => '2dd5a6915090ff31545b2b5a64652515',
  'dm_open_time_zao' => '1453952888',
)
[2016-01-28 11:51:54]Info: E:\php\zao\web\zao\model\ModTrade.php 41
SQL: select count(*) as c from `zao_order` where 1  and `trade_state` ='1' limit 1(OK:0.012)
[2016-01-28 11:51:54]Info: E:\php\zao\web\zao\model\ModTrade.php 44
SQL: select * from `zao_order` where 1  and `trade_state` ='1' order by `ct` desc  limit 0, 5(OK:0.001)
[2016-01-28 11:51:54]Error: E:\php\zao\web\zao\index.php 14
Undefined index: ac

-----------------------------------
[2016-01-28 11:51:55] 127.0.0.1 http://zao.com/zao.php?ct=trade&type=2
COOKIE: array (
  'dm_admin_name_zao' => '114',
  'dm_admin_auth_zao' => '2dd5a6915090ff31545b2b5a64652515',
  'dm_open_time_zao' => '1453952888',
)
[2016-01-28 11:51:55]Info: E:\php\zao\web\zao\model\ModTrade.php 41
SQL: select count(*) as c from `zao_order` where 1  and `trade_state` ='2' limit 1(OK:0.011)
[2016-01-28 11:51:55]Info: E:\php\zao\web\zao\model\ModTrade.php 44
SQL: select * from `zao_order` where 1  and `trade_state` ='2' order by `ct` desc  limit 0, 5(OK:0.001)
[2016-01-28 11:51:55]Error: E:\php\zao\web\zao\index.php 14
Undefined index: ac

-----------------------------------
[2016-01-28 11:51:55] 127.0.0.1 http://zao.com/zao.php?ct=trade&type=3
COOKIE: array (
  'dm_admin_name_zao' => '114',
  'dm_admin_auth_zao' => '2dd5a6915090ff31545b2b5a64652515',
  'dm_open_time_zao' => '1453952888',
)
[2016-01-28 11:51:55]Info: E:\php\zao\web\zao\model\ModTrade.php 41
SQL: select count(*) as c from `zao_order` where 1  and `trade_state` ='3' limit 1(OK:0.012)
[2016-01-28 11:51:55]Info: E:\php\zao\web\zao\model\ModTrade.php 44
SQL: select * from `zao_order` where 1  and `trade_state` ='3' order by `ct` desc  limit 0, 5(OK:0.001)
[2016-01-28 11:51:55]Error: E:\php\zao\web\zao\index.php 14
Undefined index: ac

-----------------------------------
[2016-01-28 11:51:56] 127.0.0.1 http://zao.com/zao.php?ct=trade&type=4
COOKIE: array (
  'dm_admin_name_zao' => '114',
  'dm_admin_auth_zao' => '2dd5a6915090ff31545b2b5a64652515',
  'dm_open_time_zao' => '1453952888',
)
[2016-01-28 11:51:56]Info: E:\php\zao\web\zao\model\ModTrade.php 41
SQL: select count(*) as c from `zao_order` where 1  and `trade_state` ='4' limit 1(OK:0.011)
[2016-01-28 11:51:56]Info: E:\php\zao\web\zao\model\ModTrade.php 44
SQL: select * from `zao_order` where 1  and `trade_state` ='4' order by `ct` desc  limit 0, 5(OK:0.001)
[2016-01-28 11:51:56]Error: E:\php\zao\web\zao\index.php 14
Undefined index: ac

-----------------------------------
[2016-01-28 11:51:57] 127.0.0.1 http://zao.com/zao.php?ct=trade&type=3
COOKIE: array (
  'dm_admin_name_zao' => '114',
  'dm_admin_auth_zao' => '2dd5a6915090ff31545b2b5a64652515',
  'dm_open_time_zao' => '1453952888',
)
[2016-01-28 11:51:57]Info: E:\php\zao\web\zao\model\ModTrade.php 41
SQL: select count(*) as c from `zao_order` where 1  and `trade_state` ='3' limit 1(OK:0.001)
[2016-01-28 11:51:57]Info: E:\php\zao\web\zao\model\ModTrade.php 44
SQL: select * from `zao_order` where 1  and `trade_state` ='3' order by `ct` desc  limit 0, 5(OK:0.001)
[2016-01-28 11:51:57]Error: E:\php\zao\web\zao\index.php 14
Undefined index: ac

-----------------------------------
[2016-01-28 11:51:58] 127.0.0.1 http://zao.com/zao.php?ct=trade&type=2
COOKIE: array (
  'dm_admin_name_zao' => '114',
  'dm_admin_auth_zao' => '2dd5a6915090ff31545b2b5a64652515',
  'dm_open_time_zao' => '1453952888',
)
[2016-01-28 11:51:58]Info: E:\php\zao\web\zao\model\ModTrade.php 41
SQL: select count(*) as c from `zao_order` where 1  and `trade_state` ='2' limit 1(OK:0.011)
[2016-01-28 11:51:58]Info: E:\php\zao\web\zao\model\ModTrade.php 44
SQL: select * from `zao_order` where 1  and `trade_state` ='2' order by `ct` desc  limit 0, 5(OK:0.001)
[2016-01-28 11:51:58]Error: E:\php\zao\web\zao\index.php 14
Undefined index: ac

-----------------------------------
[2016-01-28 11:51:58] 127.0.0.1 http://zao.com/zao.php?ct=trade&type=1
COOKIE: array (
  'dm_admin_name_zao' => '114',
  'dm_admin_auth_zao' => '2dd5a6915090ff31545b2b5a64652515',
  'dm_open_time_zao' => '1453952888',
)
[2016-01-28 11:51:58]Info: E:\php\zao\web\zao\model\ModTrade.php 41
SQL: select count(*) as c from `zao_order` where 1  and `trade_state` ='1' limit 1(OK:0.012)
[2016-01-28 11:51:58]Info: E:\php\zao\web\zao\model\ModTrade.php 44
SQL: select * from `zao_order` where 1  and `trade_state` ='1' order by `ct` desc  limit 0, 5(OK:0.002)
[2016-01-28 11:51:58]Error: E:\php\zao\web\zao\index.php 14
Undefined index: ac

-----------------------------------
[2016-01-28 11:51:59] 127.0.0.1 http://zao.com/zao.php?ct=trade
COOKIE: array (
  'dm_admin_name_zao' => '114',
  'dm_admin_auth_zao' => '2dd5a6915090ff31545b2b5a64652515',
  'dm_open_time_zao' => '1453952888',
)
[2016-01-28 11:51:59]Info: E:\php\zao\web\zao\model\ModTrade.php 41
SQL: select count(*) as c from `zao_order` where 1 limit 1(OK:0.002)
[2016-01-28 11:51:59]Info: E:\php\zao\web\zao\model\ModTrade.php 44
SQL: select * from `zao_order` where 1  order by `ct` desc  limit 0, 5(OK:0.001)
[2016-01-28 11:51:59]Error: E:\php\zao\web\zao\index.php 14
Undefined index: ac
