
-----------------------------------
[2016-01-20 15:47:28] 127.0.0.1 http://zao.com/zao.php?ct=login&ac=login
POST: array (
  'name' => '114',
  'password' => '114',
)
[2016-01-20 15:47:28]Info: E:\php\zao\web\zao\model\ModAuth.php 25
SQL: select * from `zao_admin` where `phone` ='114' limit 1(OK:2.314)
[2016-01-20 15:47:29]Info: E:\php\zao\web\zao\model\ModAuth.php 29
SQL: update `zao_admin` set `lastLoginIP`='127.0.0.1',  `lastLoginTime`='1453276048' where `phone` = '114' (OK:0.398)

-----------------------------------
[2016-01-20 15:47:29] 127.0.0.1 http://zao.com/zao.php
COOKIE: array (
  'dm_admin_name_zao' => '114',
  'dm_admin_auth_zao' => 'c84773f64ed4c0e593127a7eeef42678',
  'dm_open_time_zao' => '1453276048',
)
[2016-01-20 15:47:29]Info: E:\php\zao\web\zao\model\ModGoods.php 31
SQL: select count(*) as c from `zao_goods` where 1 limit 1(OK:0.201)
[2016-01-20 15:47:29]Info: E:\php\zao\web\zao\model\ModGoods.php 34
SQL: select a.*, b.nickname from `zao_goods` a
left join `zao_user` b on a.uid = b.uid
where 1 
order by `ct` desc  limit 0, 10(OK:0.055)
[2016-01-20 15:47:29]Error: E:\php\zao\web\zao\index.php 14
Undefined index: ac

-----------------------------------
[2016-01-20 15:47:31] 127.0.0.1 http://zao.com/zao.php?ct=index&ac=addGoods
COOKIE: array (
  'dm_admin_name_zao' => '114',
  'dm_admin_auth_zao' => 'c84773f64ed4c0e593127a7eeef42678',
  'dm_open_time_zao' => '1453276048',
)
[2016-01-20 15:47:31]Info: E:\php\zao\web\zao\model\ModGoods.php 70
SQL: select count(*) as c from `zao_category` where 1 limit 1(OK:0.055)
[2016-01-20 15:47:31]Info: E:\php\zao\web\zao\model\ModGoods.php 74
SQL: select * from `zao_category` where 1 order by `cid` asc(OK:0.002)
[2016-01-20 15:47:31]Error: E:\php\zao\web\zao\model\ModGoods.php 41
SQL: select * from `zao_goods` WHERE `gid`= limit 1(error：You have an error in your SQL syntax; check the manual that corresponds to your MySQL server version for the right syntax to use near 'limit 1' at line 1)

-----------------------------------
[2016-01-20 15:48:21] 127.0.0.1 http://zao.com/zao.php?ct=index&ac=addGoods
COOKIE: array (
  'dm_admin_name_zao' => '114',
  'dm_admin_auth_zao' => 'c84773f64ed4c0e593127a7eeef42678',
  'dm_open_time_zao' => '1453276048',
)
[2016-01-20 15:48:21]Info: E:\php\zao\web\zao\model\ModGoods.php 70
SQL: select count(*) as c from `zao_category` where 1 limit 1(OK:0.003)
[2016-01-20 15:48:21]Info: E:\php\zao\web\zao\model\ModGoods.php 74
SQL: select * from `zao_category` where 1 order by `cid` asc(OK:0.001)
[2016-01-20 15:48:21]Error: E:\php\zao\web\zao\model\ModGoods.php 41
SQL: select * from `zao_goods` WHERE `gid`= limit 1(error：You have an error in your SQL syntax; check the manual that corresponds to your MySQL server version for the right syntax to use near 'limit 1' at line 1)

-----------------------------------
[2016-01-20 15:50:38] 127.0.0.1 http://zao.com/zao.php?ct=index&ac=addGoods
COOKIE: array (
  'dm_admin_name_zao' => '114',
  'dm_admin_auth_zao' => 'c84773f64ed4c0e593127a7eeef42678',
  'dm_open_time_zao' => '1453276048',
)
[2016-01-20 15:50:38]Info: E:\php\zao\web\zao\model\ModGoods.php 70
SQL: select count(*) as c from `zao_category` where 1 limit 1(OK:0.016)
[2016-01-20 15:50:38]Info: E:\php\zao\web\zao\model\ModGoods.php 74
SQL: select * from `zao_category` where 1 order by `cid` asc(OK:0.001)
[2016-01-20 15:50:38]Error: E:\php\zao\web\zao\model\ModGoods.php 41
SQL: select * from `zao_goods` WHERE `gid`= limit 1(error：You have an error in your SQL syntax; check the manual that corresponds to your MySQL server version for the right syntax to use near 'limit 1' at line 1)

-----------------------------------
[2016-01-20 16:36:09] 127.0.0.1 http://zao.com/zao.php
COOKIE: array (
  'dm_admin_name_zao' => '114',
  'dm_admin_auth_zao' => 'c84773f64ed4c0e593127a7eeef42678',
  'dm_open_time_zao' => '1453276048',
)
[2016-01-20 16:36:09]Info: E:\php\zao\web\zao\model\ModGoods.php 31
SQL: select count(*) as c from `zao_goods` where 1 limit 1(OK:0.014)
[2016-01-20 16:36:09]Info: E:\php\zao\web\zao\model\ModGoods.php 34
SQL: select a.*, b.nickname from `zao_goods` a
left join `zao_user` b on a.uid = b.uid
where 1 
order by `ct` desc  limit 0, 10(OK:0.001)
[2016-01-20 16:36:09]Error: E:\php\zao\web\zao\index.php 14
Undefined index: ac

-----------------------------------
[2016-01-20 17:44:04] 127.0.0.1 http://zao.com/zao.php
COOKIE: array (
  'dm_admin_name_zao' => '114',
  'dm_admin_auth_zao' => 'c84773f64ed4c0e593127a7eeef42678',
  'dm_open_time_zao' => '1453276048',
)
[2016-01-20 17:44:04]Info: E:\php\zao\web\zao\model\ModGoods.php 31
SQL: select count(*) as c from `zao_goods` where 1 limit 1(OK:0.018)
[2016-01-20 17:44:04]Info: E:\php\zao\web\zao\model\ModGoods.php 34
SQL: select a.*, b.nickname from `zao_goods` a
left join `zao_user` b on a.uid = b.uid
where 1 
order by `ct` desc  limit 0, 10(OK:0)
[2016-01-20 17:44:04]Error: E:\php\zao\web\zao\index.php 14
Undefined index: ac

-----------------------------------
[2016-01-20 17:44:06] 127.0.0.1 http://zao.com/zao.php
COOKIE: array (
  'dm_admin_name_zao' => '114',
  'dm_admin_auth_zao' => 'c84773f64ed4c0e593127a7eeef42678',
  'dm_open_time_zao' => '1453276048',
)
[2016-01-20 17:44:06]Info: E:\php\zao\web\zao\model\ModGoods.php 31
SQL: select count(*) as c from `zao_goods` where 1 limit 1(OK:0.01)
[2016-01-20 17:44:06]Info: E:\php\zao\web\zao\model\ModGoods.php 34
SQL: select a.*, b.nickname from `zao_goods` a
left join `zao_user` b on a.uid = b.uid
where 1 
order by `ct` desc  limit 0, 10(OK:0.001)
[2016-01-20 17:44:06]Error: E:\php\zao\web\zao\index.php 14
Undefined index: ac

-----------------------------------
[2016-01-20 17:44:08] 127.0.0.1 http://zao.com/zao.php?ct=index&ac=addGoods
COOKIE: array (
  'dm_admin_name_zao' => '114',
  'dm_admin_auth_zao' => 'c84773f64ed4c0e593127a7eeef42678',
  'dm_open_time_zao' => '1453276048',
)
[2016-01-20 17:44:08]Info: E:\php\zao\web\zao\model\ModGoods.php 70
SQL: select count(*) as c from `zao_category` where 1 limit 1(OK:0.012)
[2016-01-20 17:44:08]Info: E:\php\zao\web\zao\model\ModGoods.php 74
SQL: select * from `zao_category` where 1 order by `cid` asc(OK:0.001)
[2016-01-20 17:44:08]Error: E:\php\zao\web\zao\model\ModGoods.php 41
SQL: select * from `zao_goods` WHERE `gid`= limit 1(error：You have an error in your SQL syntax; check the manual that corresponds to your MySQL server version for the right syntax to use near 'limit 1' at line 1)

-----------------------------------
[2016-01-20 17:44:13] 127.0.0.1 http://zao.com/zao.php
COOKIE: array (
  'dm_admin_name_zao' => '114',
  'dm_admin_auth_zao' => 'c84773f64ed4c0e593127a7eeef42678',
  'dm_open_time_zao' => '1453276048',
)
[2016-01-20 17:44:13]Info: E:\php\zao\web\zao\model\ModGoods.php 31
SQL: select count(*) as c from `zao_goods` where 1 limit 1(OK:0.011)
[2016-01-20 17:44:13]Info: E:\php\zao\web\zao\model\ModGoods.php 34
SQL: select a.*, b.nickname from `zao_goods` a
left join `zao_user` b on a.uid = b.uid
where 1 
order by `ct` desc  limit 0, 10(OK:0.001)
[2016-01-20 17:44:13]Error: E:\php\zao\web\zao\index.php 14
Undefined index: ac

-----------------------------------
[2016-01-20 17:44:22] 127.0.0.1 http://zao.com/zao.php
COOKIE: array (
  'dm_admin_name_zao' => '114',
  'dm_admin_auth_zao' => 'c84773f64ed4c0e593127a7eeef42678',
  'dm_open_time_zao' => '1453276048',
)
[2016-01-20 17:44:22]Info: E:\php\zao\web\zao\model\ModGoods.php 31
SQL: select count(*) as c from `zao_goods` where 1 limit 1(OK:0.027)
[2016-01-20 17:44:22]Info: E:\php\zao\web\zao\model\ModGoods.php 34
SQL: select a.*, b.nickname from `zao_goods` a
left join `zao_user` b on a.uid = b.uid
where 1 
order by `ct` desc  limit 0, 10(OK:0.001)
[2016-01-20 17:44:22]Error: E:\php\zao\web\zao\index.php 14
Undefined index: ac

-----------------------------------
[2016-01-20 17:44:24] 127.0.0.1 http://zao.com/zao.php
COOKIE: array (
  'dm_admin_name_zao' => '114',
  'dm_admin_auth_zao' => 'c84773f64ed4c0e593127a7eeef42678',
  'dm_open_time_zao' => '1453276048',
)
[2016-01-20 17:44:24]Info: E:\php\zao\web\zao\model\ModGoods.php 31
SQL: select count(*) as c from `zao_goods` where 1 limit 1(OK:0.001)
[2016-01-20 17:44:24]Info: E:\php\zao\web\zao\model\ModGoods.php 34
SQL: select a.*, b.nickname from `zao_goods` a
left join `zao_user` b on a.uid = b.uid
where 1 
order by `ct` desc  limit 0, 10(OK:0.001)
[2016-01-20 17:44:24]Error: E:\php\zao\web\zao\index.php 14
Undefined index: ac

-----------------------------------
[2016-01-20 17:44:25] 127.0.0.1 http://zao.com/zao.php?ct=index&ac=addGoods
COOKIE: array (
  'dm_admin_name_zao' => '114',
  'dm_admin_auth_zao' => 'c84773f64ed4c0e593127a7eeef42678',
  'dm_open_time_zao' => '1453276048',
)
[2016-01-20 17:44:25]Info: E:\php\zao\web\zao\model\ModGoods.php 70
SQL: select count(*) as c from `zao_category` where 1 limit 1(OK:0)
[2016-01-20 17:44:25]Info: E:\php\zao\web\zao\model\ModGoods.php 74
SQL: select * from `zao_category` where 1 order by `cid` asc(OK:0)
[2016-01-20 17:44:25]Error: E:\php\zao\web\zao\model\ModGoods.php 41
SQL: select * from `zao_goods` WHERE `gid`= limit 1(error：You have an error in your SQL syntax; check the manual that corresponds to your MySQL server version for the right syntax to use near 'limit 1' at line 1)

-----------------------------------
[2016-01-20 17:45:41] 127.0.0.1 http://zao.com/zao.php
COOKIE: array (
  'dm_admin_name_zao' => '114',
  'dm_admin_auth_zao' => 'c84773f64ed4c0e593127a7eeef42678',
  'dm_open_time_zao' => '1453276048',
)
[2016-01-20 17:45:41]Info: E:\php\zao\web\zao\model\ModGoods.php 31
SQL: select count(*) as c from `zao_goods` where 1 limit 1(OK:0.043)
[2016-01-20 17:45:41]Info: E:\php\zao\web\zao\model\ModGoods.php 34
SQL: select a.*, b.nickname from `zao_goods` a
left join `zao_user` b on a.uid = b.uid
where 1 
order by `ct` desc  limit 0, 10(OK:0.002)
[2016-01-20 17:45:41]Error: E:\php\zao\web\zao\index.php 14
Undefined index: ac

-----------------------------------
[2016-01-20 18:04:39] 127.0.0.1 http://zao.com/zao.php
COOKIE: array (
  'dm_admin_name_zao' => '114',
  'dm_admin_auth_zao' => 'c84773f64ed4c0e593127a7eeef42678',
  'dm_open_time_zao' => '1453276048',
)
[2016-01-20 18:04:39]Info: E:\php\zao\web\zao\model\ModGoods.php 31
SQL: select count(*) as c from `zao_goods` where 1 limit 1(OK:0.011)
[2016-01-20 18:04:39]Info: E:\php\zao\web\zao\model\ModGoods.php 34
SQL: select a.*, b.nickname from `zao_goods` a
left join `zao_user` b on a.uid = b.uid
where 1 
order by `ct` desc  limit 0, 10(OK:0)
[2016-01-20 18:04:39]Error: E:\php\zao\web\zao\index.php 14
Undefined index: ac

-----------------------------------
[2016-01-20 18:07:48] 127.0.0.1 http://zao.com/zao.php
COOKIE: array (
  'dm_admin_name_zao' => '114',
  'dm_admin_auth_zao' => 'c84773f64ed4c0e593127a7eeef42678',
  'dm_open_time_zao' => '1453276048',
)
[2016-01-20 18:07:48]Info: E:\php\zao\web\zao\model\ModGoods.php 31
SQL: select count(*) as c from `zao_goods` where 1 limit 1(OK:0.023)
[2016-01-20 18:07:48]Info: E:\php\zao\web\zao\model\ModGoods.php 34
SQL: select a.*, b.nickname from `zao_goods` a
left join `zao_user` b on a.uid = b.uid
where 1 
order by `ct` desc  limit 0, 10(OK:0)
[2016-01-20 18:07:48]Error: E:\php\zao\web\zao\index.php 14
Undefined index: ac

-----------------------------------
[2016-01-20 19:39:43] 127.0.0.1 http://zao.com/zao.php
COOKIE: array (
  'dm_admin_name_zao' => '114',
  'dm_admin_auth_zao' => 'c84773f64ed4c0e593127a7eeef42678',
  'dm_open_time_zao' => '1453276048',
)
[2016-01-20 19:39:43]Info: E:\php\zao\web\zao\model\ModGoods.php 31
SQL: select count(*) as c from `zao_goods` where 1 limit 1(OK:0.032)
[2016-01-20 19:39:43]Info: E:\php\zao\web\zao\model\ModGoods.php 34
SQL: select a.*, b.nickname from `zao_goods` a
left join `zao_user` b on a.uid = b.uid
where 1 
order by `ct` desc  limit 0, 10(OK:0.001)
[2016-01-20 19:39:43]Error: E:\php\zao\web\zao\index.php 14
Undefined index: ac

-----------------------------------
[2016-01-20 19:53:21] 127.0.0.1 http://zao.com/zao.php
COOKIE: array (
  'dm_admin_name_zao' => '114',
  'dm_admin_auth_zao' => 'c84773f64ed4c0e593127a7eeef42678',
  'dm_open_time_zao' => '1453276048',
)
[2016-01-20 19:53:21]Info: E:\php\zao\web\zao\model\ModGoods.php 31
SQL: select count(*) as c from `zao_goods` where 1 limit 1(OK:0.015)
[2016-01-20 19:53:21]Info: E:\php\zao\web\zao\model\ModGoods.php 34
SQL: select a.*, b.nickname from `zao_goods` a
left join `zao_user` b on a.uid = b.uid
where 1 
order by `ct` desc  limit 0, 10(OK:0.001)
[2016-01-20 19:53:21]Error: E:\php\zao\web\zao\index.php 14
Undefined index: ac

-----------------------------------
[2016-01-20 19:54:01] 127.0.0.1 http://zao.com/zao.php
COOKIE: array (
  'dm_admin_name_zao' => '114',
  'dm_admin_auth_zao' => 'c84773f64ed4c0e593127a7eeef42678',
  'dm_open_time_zao' => '1453276048',
)
[2016-01-20 19:54:01]Info: E:\php\zao\web\zao\model\ModGoods.php 31
SQL: select count(*) as c from `zao_goods` where 1 limit 1(OK:0.04)
[2016-01-20 19:54:01]Info: E:\php\zao\web\zao\model\ModGoods.php 34
SQL: select a.*, b.nickname from `zao_goods` a
left join `zao_user` b on a.uid = b.uid
where 1 
order by `ct` desc  limit 0, 10(OK:0.001)
[2016-01-20 19:54:01]Error: E:\php\zao\web\zao\index.php 14
Undefined index: ac

-----------------------------------
[2016-01-20 20:01:04] 127.0.0.1 http://zao.com/zao.php
COOKIE: array (
  'dm_admin_name_zao' => '114',
  'dm_admin_auth_zao' => 'c84773f64ed4c0e593127a7eeef42678',
  'dm_open_time_zao' => '1453276048',
)
[2016-01-20 20:01:04]Info: E:\php\zao\web\zao\model\ModGoods.php 31
SQL: select count(*) as c from `zao_goods` where 1 limit 1(OK:0.016)
[2016-01-20 20:01:05]Info: E:\php\zao\web\zao\model\ModGoods.php 34
SQL: select a.*, b.nickname from `zao_goods` a
left join `zao_user` b on a.uid = b.uid
where 1 
order by `ct` desc  limit 0, 10(OK:0.624)
[2016-01-20 20:01:05]Error: E:\php\zao\web\zao\index.php 14
Undefined index: ac
