
-----------------------------------
[2016-01-02 18:27:41] 127.0.0.1 http://zao.com/main/?ct=api&method=order.payorder
POST: array (
  'uid' => '195',
  'psw' => 'qqqqqq',
  'order_detail' => '[{"gid":1,"name":"\\u8863\\u670d","img":"\\/uploads\\/1511\\/181944125749.jpg","price":100,"count":1}]',
  'nickname' => '小明',
  'address' => '广州市天河区天河北路',
  'consignee' => '小明',
  'phone' => '15913159968',
  'money' => '100',
  'postage' => '10',
  'type' => '2',
)
[2016-01-02 18:27:41]Info: E:\php\zao\web\main\model\ModUser.php 39
SQL: select `psw` from zao_user where `uid` = '195' limit 1(OK:2.828)
[2016-01-02 18:27:41]Info: E:\php\zao\web\main\model\ModOrder.php 37
SQL: insert into `zao_order` (`uid`, `order_detail`, `nickname`, `address`, `consignee`, `phone`, `money`, `postage`, `trade_state`, `ct`, `order_id`) values ('195',  '[{\"gid\":1,\"name\":\"\\u8863\\u670d\",\"img\":\"\\/uploads\\/1511\\/181944125749.jpg\",\"price\":100,\"count\":1}]',  '小明',  '广州市天河区天河北路',  '小明',  '15913159968',  '100',  '10',  '1',  '1451730461',  '2016010210053985') (OK:0.399)
[2016-01-02 18:27:41]Warn: E:\php\zao\web\main\service\SrvPayApi.php 83
require_once(E:\php\zao\web/system/admin/alipay/alipay_submit.class.php): failed to open stream: No such file or directory
[2016-01-02 18:27:42]Error: E:\php\zao\web\main\service\SrvPayApi.php 83
require_once(): Failed opening required 'E:\php\zao\web/system/admin/alipay/alipay_submit.class.php' (include_path='.;C:\php\pear')
