
-----------------------------------
[2016-01-13 16:59:32] 127.0.0.1 http://zao.com/main/?ct=api&method=person.getOutlaysList
POST: array (
  'uid' => '196',
  'psw' => 'qqqqqq',
)
[2016-01-13 16:59:32]Info: E:\php\zao\web\main\model\ModUser.php 39
SQL: select `psw` from zao_user where `uid` = '196' limit 1(OK:0.027)
[2016-01-13 16:59:32]Error: E:\php\zao\web\main\model\ModPerson.php 90
SQL: select a.*, b.name from zao_user_deal a
left join zao_goods b on a.gid=b.gid
WHERE  `uid` = 196 order by a.ct(error：Column 'uid' in where clause is ambiguous)
[2016-01-13 16:59:32]Info: E:\php\zao\web\main\controller\CtlApi.php 24
array (
  'c' => '0',
  'd' => 
  array (
  ),
  'ct' => 1452675572,
)

-----------------------------------
[2016-01-13 16:59:37] 127.0.0.1 http://zao.com/main/?ct=api&method=person.getOutlaysList
POST: array (
  'uid' => '195',
  'psw' => 'qqqqqq',
)
[2016-01-13 16:59:37]Info: E:\php\zao\web\main\model\ModUser.php 39
SQL: select `psw` from zao_user where `uid` = '195' limit 1(OK:0.012)
[2016-01-13 16:59:37]Error: E:\php\zao\web\main\model\ModPerson.php 90
SQL: select a.*, b.name from zao_user_deal a
left join zao_goods b on a.gid=b.gid
WHERE  `uid` = 195 order by a.ct(error：Column 'uid' in where clause is ambiguous)
[2016-01-13 16:59:37]Info: E:\php\zao\web\main\controller\CtlApi.php 24
array (
  'c' => '0',
  'd' => 
  array (
  ),
  'ct' => 1452675577,
)

-----------------------------------
[2016-01-13 16:59:39] 127.0.0.1 http://zao.com/main/?ct=api&method=person.getOutlaysList
POST: array (
  'uid' => '195',
  'psw' => 'qqqqqq',
)
[2016-01-13 16:59:39]Info: E:\php\zao\web\main\model\ModUser.php 39
SQL: select `psw` from zao_user where `uid` = '195' limit 1(OK:0.014)
[2016-01-13 16:59:39]Error: E:\php\zao\web\main\model\ModPerson.php 90
SQL: select a.*, b.name from zao_user_deal a
left join zao_goods b on a.gid=b.gid
WHERE  `uid` = 195 order by a.ct(error：Column 'uid' in where clause is ambiguous)
[2016-01-13 16:59:39]Info: E:\php\zao\web\main\controller\CtlApi.php 24
array (
  'c' => '0',
  'd' => 
  array (
  ),
  'ct' => 1452675579,
)

-----------------------------------
[2016-01-13 16:59:52] 127.0.0.1 http://zao.com/main/?ct=api&method=person.getOutlaysList
POST: array (
  'uid' => '195',
  'psw' => 'qqqqqq',
)
[2016-01-13 16:59:52]Info: E:\php\zao\web\main\model\ModUser.php 39
SQL: select `psw` from zao_user where `uid` = '195' limit 1(OK:0.051)
[2016-01-13 16:59:52]Error: E:\php\zao\web\main\model\ModPerson.php 90
SQL: select a.*, b.name from zao_user_deal a
left join zao_goods b on a.gid=b.gid
WHERE  `uid` = 195 order by a.ct(error：Column 'uid' in where clause is ambiguous)
[2016-01-13 16:59:52]Info: E:\php\zao\web\main\controller\CtlApi.php 24
array (
  'c' => '0',
  'd' => 
  array (
  ),
  'ct' => 1452675592,
)

-----------------------------------
[2016-01-13 17:00:55] 127.0.0.1 http://zao.com/main/?ct=api&method=person.getOutlaysList
POST: array (
  'uid' => '195',
  'psw' => 'qqqqqq',
)
[2016-01-13 17:00:55]Info: E:\php\zao\web\main\model\ModUser.php 39
SQL: select `psw` from zao_user where `uid` = '195' limit 1(OK:0.021)
[2016-01-13 17:00:55]Info: E:\php\zao\web\main\model\ModPerson.php 90
SQL: select a.*, b.name from zao_user_deal a
left join zao_goods b on a.gid=b.gid
WHERE  a.uid = 195 order by a.ct(OK:0.001)
[2016-01-13 17:00:55]Info: E:\php\zao\web\main\controller\CtlApi.php 24
array (
  'c' => '0',
  'd' => 
  array (
    0 => 
    array (
      'id' => '22',
      'type' => '1',
      'uid' => '195',
      'gid' => '0',
      'money' => '120',
      'purse' => '110',
      'ct' => '123132132',
      'is_del' => '1',
      'name' => NULL,
    ),
  ),
  'ct' => 1452675655,
)

-----------------------------------
[2016-01-13 17:01:11] 127.0.0.1 http://zao.com/main/?ct=api&method=person.getOutlaysList
POST: array (
  'uid' => '195',
  'psw' => 'qqqqqq',
)
[2016-01-13 17:01:11]Info: E:\php\zao\web\main\model\ModUser.php 39
SQL: select `psw` from zao_user where `uid` = '195' limit 1(OK:0.011)
[2016-01-13 17:01:11]Info: E:\php\zao\web\main\model\ModPerson.php 90
SQL: select a.*, b.name from zao_user_deal a
left join zao_goods b on a.gid=b.gid
WHERE  a.uid = 195 order by a.ct(OK:0.001)
[2016-01-13 17:01:11]Info: E:\php\zao\web\main\controller\CtlApi.php 24
array (
  'c' => '0',
  'd' => 
  array (
    0 => 
    array (
      'id' => '22',
      'type' => '1',
      'uid' => '195',
      'gid' => '32',
      'money' => '120',
      'purse' => '110',
      'ct' => '123132132',
      'is_del' => '1',
      'name' => '213',
    ),
  ),
  'ct' => 1452675671,
)

-----------------------------------
[2016-01-13 17:21:43] 127.0.0.1 http://zao.com/main/?ct=api&method=person.getMsgList
POST: array (
  'uid' => '195',
  'psw' => 'qqqqqq',
  'page' => '1',
  'num' => '10',
)
[2016-01-13 17:21:43]Info: E:\php\zao\web\main\model\ModUser.php 39
SQL: select `psw` from zao_user where `uid` = '195' limit 1(OK:0.019)
[2016-01-13 17:21:43]Info: E:\php\zao\web\main\model\ModPerson.php 142
SQL: select count(*) as c from zao_goods WHERE  `uid` = 0 limit 1(OK:0.001)
[2016-01-13 17:21:43]Info: E:\php\zao\web\main\model\ModPerson.php 145
SQL: select a.*, b.img, b.name, c.portrait from zao_message a
left join zao_goods b on a.gid = b.gid
left join zao_user c on a.uid = c.uid
WHERE  a.tid=0 or a.tid=0
between 1137316903 AND 1452676903
order by a.ct desc  limit 0, 10(OK:0.029)
[2016-01-13 17:21:43]Info: E:\php\zao\web\main\controller\CtlApi.php 24
array (
  'c' => '0',
  'd' => 
  array (
    'count' => '13',
    'data' => 
    array (
      0 => 
      array (
        'id' => '0',
        'type' => '0',
        'msg' => '这个东西好啊啊啊啊 ',
        'uid' => '149',
        'tid' => '0',
        'gid' => '35',
        'ct' => '321323133',
        'is_del' => '0',
        'img' => 'http://d05.res.meilishuo.net/pic/_o/5e/fc/1b0f33110e260fb4eeda54b9585c_850_850.jpeg',
        'name' => '测试人热热热呃 啊',
        'portrait' => 'http://v1.qzone.cc/avatar/201405/01/01/40/53613582688bd260.jpg%21200x200.jpg',
      ),
      1 => 
      array (
        'id' => '2',
        'type' => '0',
        'msg' => '需要更新产品了，快去下载',
        'uid' => '0',
        'tid' => '0',
        'gid' => '35',
        'ct' => '1231233',
        'is_del' => '0',
        'img' => 'http://d05.res.meilishuo.net/pic/_o/5e/fc/1b0f33110e260fb4eeda54b9585c_850_850.jpeg',
        'name' => '测试人热热热呃 啊',
        'portrait' => 'http://v1.qzone.cc/avatar/201405/01/01/40/53613582688bd260.jpg%21200x200.jpg',
      ),
    ),
  ),
  'ct' => 1452676903,
)

-----------------------------------
[2016-01-13 17:21:57] 127.0.0.1 http://zao.com/main/?ct=api&method=person.getMsgList
POST: array (
  'uid' => '195',
  'psw' => 'qqqqqq',
  'page' => '1',
  'num' => '10',
)
[2016-01-13 17:21:57]Info: E:\php\zao\web\main\model\ModUser.php 39
SQL: select `psw` from zao_user where `uid` = '195' limit 1(OK:0.003)
[2016-01-13 17:21:57]Info: E:\php\zao\web\main\model\ModPerson.php 142
SQL: select count(*) as c from zao_goods WHERE  `uid` = 0 limit 1(OK:0)
[2016-01-13 17:21:57]Info: E:\php\zao\web\main\model\ModPerson.php 145
SQL: select a.*, b.img, b.name, c.portrait from zao_message a
left join zao_goods b on a.gid = b.gid
left join zao_user c on a.uid = c.uid
WHERE  a.tid=0 or a.tid=0
between 1137316917 AND 1452676917
order by a.ct desc  limit 0, 10(OK:0.001)
[2016-01-13 17:21:57]Info: E:\php\zao\web\main\controller\CtlApi.php 24
array (
  'c' => '0',
  'd' => 
  array (
    'count' => '13',
    'data' => 
    array (
      0 => 
      array (
        'id' => '0',
        'type' => '0',
        'msg' => '这个东西好啊啊啊啊 ',
        'uid' => '149',
        'tid' => '0',
        'gid' => '35',
        'ct' => '321323133',
        'is_del' => '0',
        'img' => 'http://d05.res.meilishuo.net/pic/_o/5e/fc/1b0f33110e260fb4eeda54b9585c_850_850.jpeg',
        'name' => '测试人热热热呃 啊',
        'portrait' => 'http://v1.qzone.cc/avatar/201405/01/01/40/53613582688bd260.jpg%21200x200.jpg',
      ),
      1 => 
      array (
        'id' => '2',
        'type' => '0',
        'msg' => '需要更新产品了，快去下载',
        'uid' => '0',
        'tid' => '0',
        'gid' => '35',
        'ct' => '1231233',
        'is_del' => '0',
        'img' => 'http://d05.res.meilishuo.net/pic/_o/5e/fc/1b0f33110e260fb4eeda54b9585c_850_850.jpeg',
        'name' => '测试人热热热呃 啊',
        'portrait' => 'http://v1.qzone.cc/avatar/201405/01/01/40/53613582688bd260.jpg%21200x200.jpg',
      ),
    ),
  ),
  'ct' => 1452676917,
)

-----------------------------------
[2016-01-13 17:23:14] 127.0.0.1 http://zao.com/main/?ct=api&method=person.getMsgList
POST: array (
  'uid' => '195',
  'psw' => 'qqqqqq',
  'page' => '1',
  'num' => '10',
)
[2016-01-13 17:23:14]Info: E:\php\zao\web\main\model\ModUser.php 39
SQL: select `psw` from zao_user where `uid` = '195' limit 1(OK:0.002)
[2016-01-13 17:23:14]Info: E:\php\zao\web\main\model\ModPerson.php 142
SQL: select count(*) as c from zao_goods WHERE  `uid` = 0 limit 1(OK:0.001)
[2016-01-13 17:23:14]Info: E:\php\zao\web\main\model\ModPerson.php 145
SQL: select a.*, b.img, b.name, c.portrait from zao_message a
left join zao_goods b on a.gid = b.gid
left join zao_user c on a.uid = c.uid
WHERE  a.tid=0 or a.tid=0
between 1137316994 AND 1452676994
order by a.ct desc  limit 0, 10(OK:0.001)
[2016-01-13 17:23:14]Info: E:\php\zao\web\main\controller\CtlApi.php 24
array (
  'c' => '0',
  'd' => 
  array (
    'count' => '13',
    'data' => 
    array (
      0 => 
      array (
        'id' => '0',
        'type' => '0',
        'msg' => '这个东西好啊啊啊啊 ',
        'uid' => '149',
        'tid' => '0',
        'gid' => '35',
        'ct' => '1457875448',
        'is_del' => '0',
        'img' => 'http://d05.res.meilishuo.net/pic/_o/5e/fc/1b0f33110e260fb4eeda54b9585c_850_850.jpeg',
        'name' => '测试人热热热呃 啊',
        'portrait' => 'http://v1.qzone.cc/avatar/201405/01/01/40/53613582688bd260.jpg%21200x200.jpg',
      ),
      1 => 
      array (
        'id' => '2',
        'type' => '0',
        'msg' => '需要更新产品了，快去下载',
        'uid' => '0',
        'tid' => '0',
        'gid' => '35',
        'ct' => '1457875448',
        'is_del' => '0',
        'img' => 'http://d05.res.meilishuo.net/pic/_o/5e/fc/1b0f33110e260fb4eeda54b9585c_850_850.jpeg',
        'name' => '测试人热热热呃 啊',
        'portrait' => 'http://v1.qzone.cc/avatar/201405/01/01/40/53613582688bd260.jpg%21200x200.jpg',
      ),
    ),
  ),
  'ct' => 1452676994,
)

-----------------------------------
[2016-01-13 17:24:53] 127.0.0.1 http://zao.com/main/?ct=api&method=person.getMsgList
POST: array (
  'uid' => '195',
  'psw' => 'qqqqqq',
  'page' => '1',
  'num' => '10',
)
[2016-01-13 17:24:53]Info: E:\php\zao\web\main\model\ModUser.php 39
SQL: select `psw` from zao_user where `uid` = '195' limit 1(OK:0.012)
[2016-01-13 17:24:53]Info: E:\php\zao\web\main\model\ModPerson.php 142
SQL: select count(*) as c from zao_goods WHERE  `uid` = 195 limit 1(OK:0.002)
[2016-01-13 17:24:53]Info: E:\php\zao\web\main\model\ModPerson.php 145
SQL: select a.*, b.img, b.name, c.portrait from zao_message a
left join zao_goods b on a.gid = b.gid
left join zao_user c on a.uid = c.uid
WHERE  a.tid=195 or a.tid=0
between 1137317093 AND 1452677093
order by a.ct desc  limit 0, 10(OK:0.001)
[2016-01-13 17:24:53]Info: E:\php\zao\web\main\controller\CtlApi.php 24
array (
  'c' => '0',
  'd' => 
  array (
    'count' => '7',
    'data' => 
    array (
      0 => 
      array (
        'id' => '0',
        'type' => '0',
        'msg' => '这个东西好啊啊啊啊 ',
        'uid' => '149',
        'tid' => '0',
        'gid' => '35',
        'ct' => '1457875448',
        'is_del' => '0',
        'img' => 'http://d05.res.meilishuo.net/pic/_o/5e/fc/1b0f33110e260fb4eeda54b9585c_850_850.jpeg',
        'name' => '测试人热热热呃 啊',
        'portrait' => 'http://v1.qzone.cc/avatar/201405/01/01/40/53613582688bd260.jpg%21200x200.jpg',
      ),
      1 => 
      array (
        'id' => '2',
        'type' => '0',
        'msg' => '需要更新产品了，快去下载',
        'uid' => '0',
        'tid' => '0',
        'gid' => '35',
        'ct' => '1457875448',
        'is_del' => '0',
        'img' => 'http://d05.res.meilishuo.net/pic/_o/5e/fc/1b0f33110e260fb4eeda54b9585c_850_850.jpeg',
        'name' => '测试人热热热呃 啊',
        'portrait' => 'http://v1.qzone.cc/avatar/201405/01/01/40/53613582688bd260.jpg%21200x200.jpg',
      ),
      2 => 
      array (
        'id' => '3',
        'type' => '1',
        'msg' => '我喜欢你的手机壳',
        'uid' => '195',
        'tid' => '195',
        'gid' => '35',
        'ct' => '1457875448',
        'is_del' => '0',
        'img' => 'http://d05.res.meilishuo.net/pic/_o/5e/fc/1b0f33110e260fb4eeda54b9585c_850_850.jpeg',
        'name' => '测试人热热热呃 啊',
        'portrait' => 'http://v1.qzone.cc/avatar/201405/01/01/40/53613582688bd260.jpg%21200x200.jpg',
      ),
      3 => 
      array (
        'id' => '4',
        'type' => '2',
        'msg' => '这是个好玩的手机壳',
        'uid' => '195',
        'tid' => '195',
        'gid' => '35',
        'ct' => '1457875448',
        'is_del' => '0',
        'img' => 'http://d05.res.meilishuo.net/pic/_o/5e/fc/1b0f33110e260fb4eeda54b9585c_850_850.jpeg',
        'name' => '测试人热热热呃 啊',
        'portrait' => 'http://v1.qzone.cc/avatar/201405/01/01/40/53613582688bd260.jpg%21200x200.jpg',
      ),
      4 => 
      array (
        'id' => '5',
        'type' => '1',
        'msg' => '1233213',
        'uid' => '195',
        'tid' => '195',
        'gid' => '35',
        'ct' => '1457875448',
        'is_del' => '0',
        'img' => 'http://d05.res.meilishuo.net/pic/_o/5e/fc/1b0f33110e260fb4eeda54b9585c_850_850.jpeg',
        'name' => '测试人热热热呃 啊',
        'portrait' => 'http://v1.qzone.cc/avatar/201405/01/01/40/53613582688bd260.jpg%21200x200.jpg',
      ),
      5 => 
      array (
        'id' => '6',
        'type' => '1',
        'msg' => '1233213',
        'uid' => '195',
        'tid' => '195',
        'gid' => '35',
        'ct' => '1457875448',
        'is_del' => '0',
        'img' => 'http://d05.res.meilishuo.net/pic/_o/5e/fc/1b0f33110e260fb4eeda54b9585c_850_850.jpeg',
        'name' => '测试人热热热呃 啊',
        'portrait' => 'http://v1.qzone.cc/avatar/201405/01/01/40/53613582688bd260.jpg%21200x200.jpg',
      ),
      6 => 
      array (
        'id' => '7',
        'type' => '1',
        'msg' => '1233213',
        'uid' => '195',
        'tid' => '195',
        'gid' => '35',
        'ct' => '1457875448',
        'is_del' => '0',
        'img' => 'http://d05.res.meilishuo.net/pic/_o/5e/fc/1b0f33110e260fb4eeda54b9585c_850_850.jpeg',
        'name' => '测试人热热热呃 啊',
        'portrait' => 'http://v1.qzone.cc/avatar/201405/01/01/40/53613582688bd260.jpg%21200x200.jpg',
      ),
      7 => 
      array (
        'id' => '8',
        'type' => '1',
        'msg' => '1233213',
        'uid' => '195',
        'tid' => '195',
        'gid' => '35',
        'ct' => '1457875448',
        'is_del' => '0',
        'img' => 'http://d05.res.meilishuo.net/pic/_o/5e/fc/1b0f33110e260fb4eeda54b9585c_850_850.jpeg',
        'name' => '测试人热热热呃 啊',
        'portrait' => 'http://v1.qzone.cc/avatar/201405/01/01/40/53613582688bd260.jpg%21200x200.jpg',
      ),
      8 => 
      array (
        'id' => '9',
        'type' => '1',
        'msg' => '1233213',
        'uid' => '195',
        'tid' => '195',
        'gid' => '35',
        'ct' => '1457875448',
        'is_del' => '0',
        'img' => 'http://d05.res.meilishuo.net/pic/_o/5e/fc/1b0f33110e260fb4eeda54b9585c_850_850.jpeg',
        'name' => '测试人热热热呃 啊',
        'portrait' => 'http://v1.qzone.cc/avatar/201405/01/01/40/53613582688bd260.jpg%21200x200.jpg',
      ),
      9 => 
      array (
        'id' => '10',
        'type' => '1',
        'msg' => '1233213',
        'uid' => '195',
        'tid' => '195',
        'gid' => '35',
        'ct' => '1457875448',
        'is_del' => '0',
        'img' => 'http://d05.res.meilishuo.net/pic/_o/5e/fc/1b0f33110e260fb4eeda54b9585c_850_850.jpeg',
        'name' => '测试人热热热呃 啊',
        'portrait' => 'http://v1.qzone.cc/avatar/201405/01/01/40/53613582688bd260.jpg%21200x200.jpg',
      ),
    ),
  ),
  'ct' => 1452677093,
)

-----------------------------------
[2016-01-13 17:26:11] 127.0.0.1 http://zao.com/main/?ct=api&method=person.getMsgList
POST: array (
  'uid' => '195',
  'psw' => 'qqqqqq',
  'page' => '1',
  'num' => '10',
)
[2016-01-13 17:26:11]Info: E:\php\zao\web\main\model\ModUser.php 39
SQL: select `psw` from zao_user where `uid` = '195' limit 1(OK:0.014)
[2016-01-13 17:26:11]Info: E:\php\zao\web\main\model\ModPerson.php 142
SQL: select count(*) as c from zao_goods WHERE  `uid` = 195 limit 1(OK:0.001)
[2016-01-13 17:26:11]Info: E:\php\zao\web\main\model\ModPerson.php 145
SQL: select a.*, b.img, b.name, c.portrait from zao_message a
left join zao_goods b on a.gid = b.gid
left join zao_user c on a.uid = c.uid
WHERE  a.tid=195 or a.tid=0
and a.ct between 1137317171 AND 1452677171
order by a.ct desc  limit 0, 10(OK:0.001)
[2016-01-13 17:26:11]Info: E:\php\zao\web\main\controller\CtlApi.php 24
array (
  'c' => '0',
  'd' => 
  array (
    'count' => '7',
    'data' => 
    array (
      0 => 
      array (
        'id' => '3',
        'type' => '1',
        'msg' => '我喜欢你的手机壳',
        'uid' => '195',
        'tid' => '195',
        'gid' => '35',
        'ct' => '1457875448',
        'is_del' => '0',
        'img' => 'http://d05.res.meilishuo.net/pic/_o/5e/fc/1b0f33110e260fb4eeda54b9585c_850_850.jpeg',
        'name' => '测试人热热热呃 啊',
        'portrait' => 'http://v1.qzone.cc/avatar/201405/01/01/40/53613582688bd260.jpg%21200x200.jpg',
      ),
      1 => 
      array (
        'id' => '4',
        'type' => '2',
        'msg' => '这是个好玩的手机壳',
        'uid' => '195',
        'tid' => '195',
        'gid' => '35',
        'ct' => '1457875448',
        'is_del' => '0',
        'img' => 'http://d05.res.meilishuo.net/pic/_o/5e/fc/1b0f33110e260fb4eeda54b9585c_850_850.jpeg',
        'name' => '测试人热热热呃 啊',
        'portrait' => 'http://v1.qzone.cc/avatar/201405/01/01/40/53613582688bd260.jpg%21200x200.jpg',
      ),
      2 => 
      array (
        'id' => '5',
        'type' => '1',
        'msg' => '1233213',
        'uid' => '195',
        'tid' => '195',
        'gid' => '35',
        'ct' => '1457875448',
        'is_del' => '0',
        'img' => 'http://d05.res.meilishuo.net/pic/_o/5e/fc/1b0f33110e260fb4eeda54b9585c_850_850.jpeg',
        'name' => '测试人热热热呃 啊',
        'portrait' => 'http://v1.qzone.cc/avatar/201405/01/01/40/53613582688bd260.jpg%21200x200.jpg',
      ),
      3 => 
      array (
        'id' => '6',
        'type' => '1',
        'msg' => '1233213',
        'uid' => '195',
        'tid' => '195',
        'gid' => '35',
        'ct' => '1457875448',
        'is_del' => '0',
        'img' => 'http://d05.res.meilishuo.net/pic/_o/5e/fc/1b0f33110e260fb4eeda54b9585c_850_850.jpeg',
        'name' => '测试人热热热呃 啊',
        'portrait' => 'http://v1.qzone.cc/avatar/201405/01/01/40/53613582688bd260.jpg%21200x200.jpg',
      ),
      4 => 
      array (
        'id' => '7',
        'type' => '1',
        'msg' => '1233213',
        'uid' => '195',
        'tid' => '195',
        'gid' => '35',
        'ct' => '1457875448',
        'is_del' => '0',
        'img' => 'http://d05.res.meilishuo.net/pic/_o/5e/fc/1b0f33110e260fb4eeda54b9585c_850_850.jpeg',
        'name' => '测试人热热热呃 啊',
        'portrait' => 'http://v1.qzone.cc/avatar/201405/01/01/40/53613582688bd260.jpg%21200x200.jpg',
      ),
      5 => 
      array (
        'id' => '8',
        'type' => '1',
        'msg' => '1233213',
        'uid' => '195',
        'tid' => '195',
        'gid' => '35',
        'ct' => '1457875448',
        'is_del' => '0',
        'img' => 'http://d05.res.meilishuo.net/pic/_o/5e/fc/1b0f33110e260fb4eeda54b9585c_850_850.jpeg',
        'name' => '测试人热热热呃 啊',
        'portrait' => 'http://v1.qzone.cc/avatar/201405/01/01/40/53613582688bd260.jpg%21200x200.jpg',
      ),
      6 => 
      array (
        'id' => '9',
        'type' => '1',
        'msg' => '1233213',
        'uid' => '195',
        'tid' => '195',
        'gid' => '35',
        'ct' => '1457875448',
        'is_del' => '0',
        'img' => 'http://d05.res.meilishuo.net/pic/_o/5e/fc/1b0f33110e260fb4eeda54b9585c_850_850.jpeg',
        'name' => '测试人热热热呃 啊',
        'portrait' => 'http://v1.qzone.cc/avatar/201405/01/01/40/53613582688bd260.jpg%21200x200.jpg',
      ),
      7 => 
      array (
        'id' => '10',
        'type' => '1',
        'msg' => '1233213',
        'uid' => '195',
        'tid' => '195',
        'gid' => '35',
        'ct' => '1457875448',
        'is_del' => '0',
        'img' => 'http://d05.res.meilishuo.net/pic/_o/5e/fc/1b0f33110e260fb4eeda54b9585c_850_850.jpeg',
        'name' => '测试人热热热呃 啊',
        'portrait' => 'http://v1.qzone.cc/avatar/201405/01/01/40/53613582688bd260.jpg%21200x200.jpg',
      ),
      8 => 
      array (
        'id' => '11',
        'type' => '1',
        'msg' => '1233213',
        'uid' => '195',
        'tid' => '195',
        'gid' => '35',
        'ct' => '1457875448',
        'is_del' => '0',
        'img' => 'http://d05.res.meilishuo.net/pic/_o/5e/fc/1b0f33110e260fb4eeda54b9585c_850_850.jpeg',
        'name' => '测试人热热热呃 啊',
        'portrait' => 'http://v1.qzone.cc/avatar/201405/01/01/40/53613582688bd260.jpg%21200x200.jpg',
      ),
      9 => 
      array (
        'id' => '12',
        'type' => '1',
        'msg' => '1233213',
        'uid' => '195',
        'tid' => '195',
        'gid' => '35',
        'ct' => '1457875448',
        'is_del' => '0',
        'img' => 'http://d05.res.meilishuo.net/pic/_o/5e/fc/1b0f33110e260fb4eeda54b9585c_850_850.jpeg',
        'name' => '测试人热热热呃 啊',
        'portrait' => 'http://v1.qzone.cc/avatar/201405/01/01/40/53613582688bd260.jpg%21200x200.jpg',
      ),
    ),
  ),
  'ct' => 1452677171,
)

-----------------------------------
[2016-01-13 17:26:26] 127.0.0.1 http://zao.com/main/?ct=api&method=person.getMsgList
POST: array (
  'uid' => '195',
  'psw' => 'qqqqqq',
  'page' => '1',
  'num' => '10',
)
[2016-01-13 17:26:26]Info: E:\php\zao\web\main\model\ModUser.php 39
SQL: select `psw` from zao_user where `uid` = '195' limit 1(OK:0.014)
[2016-01-13 17:26:26]Info: E:\php\zao\web\main\model\ModPerson.php 142
SQL: select count(*) as c from zao_goods WHERE  `uid` = 195 limit 1(OK:0)
[2016-01-13 17:26:26]Info: E:\php\zao\web\main\model\ModPerson.php 145
SQL: select a.*, b.img, b.name, c.portrait from zao_message a
left join zao_goods b on a.gid = b.gid
left join zao_user c on a.uid = c.uid
WHERE  a.tid=195 or a.tid=0
and a.ct between 1137317186 AND 1452677186
order by a.ct desc  limit 0, 10(OK:0.001)
[2016-01-13 17:26:26]Info: E:\php\zao\web\main\controller\CtlApi.php 24
array (
  'c' => '0',
  'd' => 
  array (
    'count' => '7',
    'data' => 
    array (
      0 => 
      array (
        'id' => '3',
        'type' => '1',
        'msg' => '我喜欢你的手机壳',
        'uid' => '195',
        'tid' => '195',
        'gid' => '35',
        'ct' => '1457875448',
        'is_del' => '0',
        'img' => 'http://d05.res.meilishuo.net/pic/_o/5e/fc/1b0f33110e260fb4eeda54b9585c_850_850.jpeg',
        'name' => '测试人热热热呃 啊',
        'portrait' => 'http://v1.qzone.cc/avatar/201405/01/01/40/53613582688bd260.jpg%21200x200.jpg',
      ),
      1 => 
      array (
        'id' => '4',
        'type' => '2',
        'msg' => '这是个好玩的手机壳',
        'uid' => '195',
        'tid' => '195',
        'gid' => '35',
        'ct' => '1457875448',
        'is_del' => '0',
        'img' => 'http://d05.res.meilishuo.net/pic/_o/5e/fc/1b0f33110e260fb4eeda54b9585c_850_850.jpeg',
        'name' => '测试人热热热呃 啊',
        'portrait' => 'http://v1.qzone.cc/avatar/201405/01/01/40/53613582688bd260.jpg%21200x200.jpg',
      ),
      2 => 
      array (
        'id' => '5',
        'type' => '1',
        'msg' => '1233213',
        'uid' => '195',
        'tid' => '195',
        'gid' => '35',
        'ct' => '1457875448',
        'is_del' => '0',
        'img' => 'http://d05.res.meilishuo.net/pic/_o/5e/fc/1b0f33110e260fb4eeda54b9585c_850_850.jpeg',
        'name' => '测试人热热热呃 啊',
        'portrait' => 'http://v1.qzone.cc/avatar/201405/01/01/40/53613582688bd260.jpg%21200x200.jpg',
      ),
      3 => 
      array (
        'id' => '6',
        'type' => '1',
        'msg' => '1233213',
        'uid' => '195',
        'tid' => '195',
        'gid' => '35',
        'ct' => '1457875448',
        'is_del' => '0',
        'img' => 'http://d05.res.meilishuo.net/pic/_o/5e/fc/1b0f33110e260fb4eeda54b9585c_850_850.jpeg',
        'name' => '测试人热热热呃 啊',
        'portrait' => 'http://v1.qzone.cc/avatar/201405/01/01/40/53613582688bd260.jpg%21200x200.jpg',
      ),
      4 => 
      array (
        'id' => '7',
        'type' => '1',
        'msg' => '1233213',
        'uid' => '195',
        'tid' => '195',
        'gid' => '35',
        'ct' => '1457875448',
        'is_del' => '0',
        'img' => 'http://d05.res.meilishuo.net/pic/_o/5e/fc/1b0f33110e260fb4eeda54b9585c_850_850.jpeg',
        'name' => '测试人热热热呃 啊',
        'portrait' => 'http://v1.qzone.cc/avatar/201405/01/01/40/53613582688bd260.jpg%21200x200.jpg',
      ),
      5 => 
      array (
        'id' => '8',
        'type' => '1',
        'msg' => '1233213',
        'uid' => '195',
        'tid' => '195',
        'gid' => '35',
        'ct' => '1457875448',
        'is_del' => '0',
        'img' => 'http://d05.res.meilishuo.net/pic/_o/5e/fc/1b0f33110e260fb4eeda54b9585c_850_850.jpeg',
        'name' => '测试人热热热呃 啊',
        'portrait' => 'http://v1.qzone.cc/avatar/201405/01/01/40/53613582688bd260.jpg%21200x200.jpg',
      ),
      6 => 
      array (
        'id' => '9',
        'type' => '1',
        'msg' => '1233213',
        'uid' => '195',
        'tid' => '195',
        'gid' => '35',
        'ct' => '1457875448',
        'is_del' => '0',
        'img' => 'http://d05.res.meilishuo.net/pic/_o/5e/fc/1b0f33110e260fb4eeda54b9585c_850_850.jpeg',
        'name' => '测试人热热热呃 啊',
        'portrait' => 'http://v1.qzone.cc/avatar/201405/01/01/40/53613582688bd260.jpg%21200x200.jpg',
      ),
      7 => 
      array (
        'id' => '10',
        'type' => '1',
        'msg' => '1233213',
        'uid' => '195',
        'tid' => '195',
        'gid' => '35',
        'ct' => '1457875448',
        'is_del' => '0',
        'img' => 'http://d05.res.meilishuo.net/pic/_o/5e/fc/1b0f33110e260fb4eeda54b9585c_850_850.jpeg',
        'name' => '测试人热热热呃 啊',
        'portrait' => 'http://v1.qzone.cc/avatar/201405/01/01/40/53613582688bd260.jpg%21200x200.jpg',
      ),
      8 => 
      array (
        'id' => '11',
        'type' => '1',
        'msg' => '1233213',
        'uid' => '195',
        'tid' => '195',
        'gid' => '35',
        'ct' => '1457875448',
        'is_del' => '0',
        'img' => 'http://d05.res.meilishuo.net/pic/_o/5e/fc/1b0f33110e260fb4eeda54b9585c_850_850.jpeg',
        'name' => '测试人热热热呃 啊',
        'portrait' => 'http://v1.qzone.cc/avatar/201405/01/01/40/53613582688bd260.jpg%21200x200.jpg',
      ),
      9 => 
      array (
        'id' => '12',
        'type' => '1',
        'msg' => '1233213',
        'uid' => '195',
        'tid' => '195',
        'gid' => '35',
        'ct' => '1457875448',
        'is_del' => '0',
        'img' => 'http://d05.res.meilishuo.net/pic/_o/5e/fc/1b0f33110e260fb4eeda54b9585c_850_850.jpeg',
        'name' => '测试人热热热呃 啊',
        'portrait' => 'http://v1.qzone.cc/avatar/201405/01/01/40/53613582688bd260.jpg%21200x200.jpg',
      ),
    ),
  ),
  'ct' => 1452677186,
)

-----------------------------------
[2016-01-13 17:26:44] 127.0.0.1 http://zao.com/main/?ct=api&method=person.getMsgList
POST: array (
  'uid' => '195',
  'psw' => 'qqqqqq',
  'page' => '1',
  'num' => '10',
)
[2016-01-13 17:26:44]Info: E:\php\zao\web\main\model\ModUser.php 39
SQL: select `psw` from zao_user where `uid` = '195' limit 1(OK:0.003)
[2016-01-13 17:26:44]Info: E:\php\zao\web\main\model\ModPerson.php 142
SQL: select count(*) as c from zao_goods WHERE  `uid` = 195 limit 1(OK:0.001)
[2016-01-13 17:26:44]Info: E:\php\zao\web\main\model\ModPerson.php 145
SQL: select a.*, b.img, b.name, c.portrait from zao_message a
left join zao_goods b on a.gid = b.gid
left join zao_user c on a.uid = c.uid
WHERE  a.tid=195 or a.tid=0
and a.ct between 1137317204 AND 1452677204
order by a.ct desc  limit 0, 10(OK:0.001)
[2016-01-13 17:26:44]Info: E:\php\zao\web\main\controller\CtlApi.php 24
array (
  'c' => '0',
  'd' => 
  array (
    'count' => '7',
    'data' => 
    array (
      0 => 
      array (
        'id' => '3',
        'type' => '1',
        'msg' => '我喜欢你的手机壳',
        'uid' => '195',
        'tid' => '195',
        'gid' => '35',
        'ct' => '1457875448',
        'is_del' => '0',
        'img' => 'http://d05.res.meilishuo.net/pic/_o/5e/fc/1b0f33110e260fb4eeda54b9585c_850_850.jpeg',
        'name' => '测试人热热热呃 啊',
        'portrait' => 'http://v1.qzone.cc/avatar/201405/01/01/40/53613582688bd260.jpg%21200x200.jpg',
      ),
      1 => 
      array (
        'id' => '4',
        'type' => '2',
        'msg' => '这是个好玩的手机壳',
        'uid' => '195',
        'tid' => '195',
        'gid' => '35',
        'ct' => '1457875448',
        'is_del' => '0',
        'img' => 'http://d05.res.meilishuo.net/pic/_o/5e/fc/1b0f33110e260fb4eeda54b9585c_850_850.jpeg',
        'name' => '测试人热热热呃 啊',
        'portrait' => 'http://v1.qzone.cc/avatar/201405/01/01/40/53613582688bd260.jpg%21200x200.jpg',
      ),
      2 => 
      array (
        'id' => '5',
        'type' => '1',
        'msg' => '1233213',
        'uid' => '195',
        'tid' => '195',
        'gid' => '35',
        'ct' => '1457875448',
        'is_del' => '0',
        'img' => 'http://d05.res.meilishuo.net/pic/_o/5e/fc/1b0f33110e260fb4eeda54b9585c_850_850.jpeg',
        'name' => '测试人热热热呃 啊',
        'portrait' => 'http://v1.qzone.cc/avatar/201405/01/01/40/53613582688bd260.jpg%21200x200.jpg',
      ),
      3 => 
      array (
        'id' => '6',
        'type' => '1',
        'msg' => '1233213',
        'uid' => '195',
        'tid' => '195',
        'gid' => '35',
        'ct' => '1457875448',
        'is_del' => '0',
        'img' => 'http://d05.res.meilishuo.net/pic/_o/5e/fc/1b0f33110e260fb4eeda54b9585c_850_850.jpeg',
        'name' => '测试人热热热呃 啊',
        'portrait' => 'http://v1.qzone.cc/avatar/201405/01/01/40/53613582688bd260.jpg%21200x200.jpg',
      ),
      4 => 
      array (
        'id' => '7',
        'type' => '1',
        'msg' => '1233213',
        'uid' => '195',
        'tid' => '195',
        'gid' => '35',
        'ct' => '1457875448',
        'is_del' => '0',
        'img' => 'http://d05.res.meilishuo.net/pic/_o/5e/fc/1b0f33110e260fb4eeda54b9585c_850_850.jpeg',
        'name' => '测试人热热热呃 啊',
        'portrait' => 'http://v1.qzone.cc/avatar/201405/01/01/40/53613582688bd260.jpg%21200x200.jpg',
      ),
      5 => 
      array (
        'id' => '8',
        'type' => '1',
        'msg' => '1233213',
        'uid' => '195',
        'tid' => '195',
        'gid' => '35',
        'ct' => '1457875448',
        'is_del' => '0',
        'img' => 'http://d05.res.meilishuo.net/pic/_o/5e/fc/1b0f33110e260fb4eeda54b9585c_850_850.jpeg',
        'name' => '测试人热热热呃 啊',
        'portrait' => 'http://v1.qzone.cc/avatar/201405/01/01/40/53613582688bd260.jpg%21200x200.jpg',
      ),
      6 => 
      array (
        'id' => '9',
        'type' => '1',
        'msg' => '1233213',
        'uid' => '195',
        'tid' => '195',
        'gid' => '35',
        'ct' => '1457875448',
        'is_del' => '0',
        'img' => 'http://d05.res.meilishuo.net/pic/_o/5e/fc/1b0f33110e260fb4eeda54b9585c_850_850.jpeg',
        'name' => '测试人热热热呃 啊',
        'portrait' => 'http://v1.qzone.cc/avatar/201405/01/01/40/53613582688bd260.jpg%21200x200.jpg',
      ),
      7 => 
      array (
        'id' => '10',
        'type' => '1',
        'msg' => '1233213',
        'uid' => '195',
        'tid' => '195',
        'gid' => '35',
        'ct' => '1457875448',
        'is_del' => '0',
        'img' => 'http://d05.res.meilishuo.net/pic/_o/5e/fc/1b0f33110e260fb4eeda54b9585c_850_850.jpeg',
        'name' => '测试人热热热呃 啊',
        'portrait' => 'http://v1.qzone.cc/avatar/201405/01/01/40/53613582688bd260.jpg%21200x200.jpg',
      ),
      8 => 
      array (
        'id' => '11',
        'type' => '1',
        'msg' => '1233213',
        'uid' => '195',
        'tid' => '195',
        'gid' => '35',
        'ct' => '1457875448',
        'is_del' => '0',
        'img' => 'http://d05.res.meilishuo.net/pic/_o/5e/fc/1b0f33110e260fb4eeda54b9585c_850_850.jpeg',
        'name' => '测试人热热热呃 啊',
        'portrait' => 'http://v1.qzone.cc/avatar/201405/01/01/40/53613582688bd260.jpg%21200x200.jpg',
      ),
      9 => 
      array (
        'id' => '12',
        'type' => '1',
        'msg' => '1233213',
        'uid' => '195',
        'tid' => '195',
        'gid' => '35',
        'ct' => '1457875448',
        'is_del' => '0',
        'img' => 'http://d05.res.meilishuo.net/pic/_o/5e/fc/1b0f33110e260fb4eeda54b9585c_850_850.jpeg',
        'name' => '测试人热热热呃 啊',
        'portrait' => 'http://v1.qzone.cc/avatar/201405/01/01/40/53613582688bd260.jpg%21200x200.jpg',
      ),
    ),
  ),
  'ct' => 1452677204,
)

-----------------------------------
[2016-01-13 17:26:51] 127.0.0.1 http://zao.com/main/?ct=api&method=person.getMsgList
POST: array (
  'uid' => '195',
  'psw' => 'qqqqqq',
  'page' => '1',
  'num' => '10',
)
[2016-01-13 17:26:51]Info: E:\php\zao\web\main\model\ModUser.php 39
SQL: select `psw` from zao_user where `uid` = '195' limit 1(OK:0.002)
[2016-01-13 17:26:51]Info: E:\php\zao\web\main\model\ModPerson.php 142
SQL: select count(*) as c from zao_goods WHERE  `uid` = 195 limit 1(OK:0.001)
[2016-01-13 17:26:51]Info: E:\php\zao\web\main\model\ModPerson.php 145
SQL: select a.*, b.img, b.name, c.portrait from zao_message a
left join zao_goods b on a.gid = b.gid
left join zao_user c on a.uid = c.uid
WHERE  a.tid=195 or a.tid=0
and a.ct between 1137317211 AND 1452677211
order by a.ct desc  limit 0, 10(OK:0.001)
[2016-01-13 17:26:51]Info: E:\php\zao\web\main\controller\CtlApi.php 24
array (
  'c' => '0',
  'd' => 
  array (
    'count' => '7',
    'data' => 
    array (
      0 => 
      array (
        'id' => '3',
        'type' => '1',
        'msg' => '我喜欢你的手机壳',
        'uid' => '195',
        'tid' => '195',
        'gid' => '35',
        'ct' => '1457875448',
        'is_del' => '0',
        'img' => 'http://d05.res.meilishuo.net/pic/_o/5e/fc/1b0f33110e260fb4eeda54b9585c_850_850.jpeg',
        'name' => '测试人热热热呃 啊',
        'portrait' => 'http://v1.qzone.cc/avatar/201405/01/01/40/53613582688bd260.jpg%21200x200.jpg',
      ),
      1 => 
      array (
        'id' => '4',
        'type' => '2',
        'msg' => '这是个好玩的手机壳',
        'uid' => '195',
        'tid' => '195',
        'gid' => '35',
        'ct' => '1457875448',
        'is_del' => '0',
        'img' => 'http://d05.res.meilishuo.net/pic/_o/5e/fc/1b0f33110e260fb4eeda54b9585c_850_850.jpeg',
        'name' => '测试人热热热呃 啊',
        'portrait' => 'http://v1.qzone.cc/avatar/201405/01/01/40/53613582688bd260.jpg%21200x200.jpg',
      ),
      2 => 
      array (
        'id' => '5',
        'type' => '1',
        'msg' => '1233213',
        'uid' => '195',
        'tid' => '195',
        'gid' => '35',
        'ct' => '1457875448',
        'is_del' => '0',
        'img' => 'http://d05.res.meilishuo.net/pic/_o/5e/fc/1b0f33110e260fb4eeda54b9585c_850_850.jpeg',
        'name' => '测试人热热热呃 啊',
        'portrait' => 'http://v1.qzone.cc/avatar/201405/01/01/40/53613582688bd260.jpg%21200x200.jpg',
      ),
      3 => 
      array (
        'id' => '6',
        'type' => '1',
        'msg' => '1233213',
        'uid' => '195',
        'tid' => '195',
        'gid' => '35',
        'ct' => '1457875448',
        'is_del' => '0',
        'img' => 'http://d05.res.meilishuo.net/pic/_o/5e/fc/1b0f33110e260fb4eeda54b9585c_850_850.jpeg',
        'name' => '测试人热热热呃 啊',
        'portrait' => 'http://v1.qzone.cc/avatar/201405/01/01/40/53613582688bd260.jpg%21200x200.jpg',
      ),
      4 => 
      array (
        'id' => '7',
        'type' => '1',
        'msg' => '1233213',
        'uid' => '195',
        'tid' => '195',
        'gid' => '35',
        'ct' => '1457875448',
        'is_del' => '0',
        'img' => 'http://d05.res.meilishuo.net/pic/_o/5e/fc/1b0f33110e260fb4eeda54b9585c_850_850.jpeg',
        'name' => '测试人热热热呃 啊',
        'portrait' => 'http://v1.qzone.cc/avatar/201405/01/01/40/53613582688bd260.jpg%21200x200.jpg',
      ),
      5 => 
      array (
        'id' => '8',
        'type' => '1',
        'msg' => '1233213',
        'uid' => '195',
        'tid' => '195',
        'gid' => '35',
        'ct' => '1457875448',
        'is_del' => '0',
        'img' => 'http://d05.res.meilishuo.net/pic/_o/5e/fc/1b0f33110e260fb4eeda54b9585c_850_850.jpeg',
        'name' => '测试人热热热呃 啊',
        'portrait' => 'http://v1.qzone.cc/avatar/201405/01/01/40/53613582688bd260.jpg%21200x200.jpg',
      ),
      6 => 
      array (
        'id' => '9',
        'type' => '1',
        'msg' => '1233213',
        'uid' => '195',
        'tid' => '195',
        'gid' => '35',
        'ct' => '1457875448',
        'is_del' => '0',
        'img' => 'http://d05.res.meilishuo.net/pic/_o/5e/fc/1b0f33110e260fb4eeda54b9585c_850_850.jpeg',
        'name' => '测试人热热热呃 啊',
        'portrait' => 'http://v1.qzone.cc/avatar/201405/01/01/40/53613582688bd260.jpg%21200x200.jpg',
      ),
      7 => 
      array (
        'id' => '10',
        'type' => '1',
        'msg' => '1233213',
        'uid' => '195',
        'tid' => '195',
        'gid' => '35',
        'ct' => '1457875448',
        'is_del' => '0',
        'img' => 'http://d05.res.meilishuo.net/pic/_o/5e/fc/1b0f33110e260fb4eeda54b9585c_850_850.jpeg',
        'name' => '测试人热热热呃 啊',
        'portrait' => 'http://v1.qzone.cc/avatar/201405/01/01/40/53613582688bd260.jpg%21200x200.jpg',
      ),
      8 => 
      array (
        'id' => '11',
        'type' => '1',
        'msg' => '1233213',
        'uid' => '195',
        'tid' => '195',
        'gid' => '35',
        'ct' => '1457875448',
        'is_del' => '0',
        'img' => 'http://d05.res.meilishuo.net/pic/_o/5e/fc/1b0f33110e260fb4eeda54b9585c_850_850.jpeg',
        'name' => '测试人热热热呃 啊',
        'portrait' => 'http://v1.qzone.cc/avatar/201405/01/01/40/53613582688bd260.jpg%21200x200.jpg',
      ),
      9 => 
      array (
        'id' => '12',
        'type' => '1',
        'msg' => '1233213',
        'uid' => '195',
        'tid' => '195',
        'gid' => '35',
        'ct' => '1457875448',
        'is_del' => '0',
        'img' => 'http://d05.res.meilishuo.net/pic/_o/5e/fc/1b0f33110e260fb4eeda54b9585c_850_850.jpeg',
        'name' => '测试人热热热呃 啊',
        'portrait' => 'http://v1.qzone.cc/avatar/201405/01/01/40/53613582688bd260.jpg%21200x200.jpg',
      ),
    ),
  ),
  'ct' => 1452677211,
)

-----------------------------------
[2016-01-13 17:28:06] 127.0.0.1 http://zao.com/main/?ct=api&method=person.getMsgList
POST: array (
  'uid' => '195',
  'psw' => 'qqqqqq',
  'page' => '1',
  'num' => '10',
)
[2016-01-13 17:28:06]Info: E:\php\zao\web\main\model\ModUser.php 39
SQL: select `psw` from zao_user where `uid` = '195' limit 1(OK:0.004)
[2016-01-13 17:28:06]Info: E:\php\zao\web\main\model\ModPerson.php 142
SQL: select a.*, b.img, b.name, c.portrait from zao_message a
left join zao_goods b on a.gid = b.gid
left join zao_user c on a.uid = c.uid
WHERE  a.tid=195 or a.tid=0
and a.ct between 1137317286 AND 1452677286
order by a.ct desc  limit 0, 10(OK:0.001)
[2016-01-13 17:28:06]Info: E:\php\zao\web\main\controller\CtlApi.php 24
array (
  'c' => '0',
  'd' => 
  array (
    0 => 
    array (
      0 => 
      array (
        'id' => '3',
        'type' => '1',
        'msg' => '我喜欢你的手机壳',
        'uid' => '195',
        'tid' => '195',
        'gid' => '35',
        'ct' => '1457875448',
        'is_del' => '0',
        'img' => 'http://d05.res.meilishuo.net/pic/_o/5e/fc/1b0f33110e260fb4eeda54b9585c_850_850.jpeg',
        'name' => '测试人热热热呃 啊',
        'portrait' => 'http://v1.qzone.cc/avatar/201405/01/01/40/53613582688bd260.jpg%21200x200.jpg',
      ),
      1 => 
      array (
        'id' => '4',
        'type' => '2',
        'msg' => '这是个好玩的手机壳',
        'uid' => '195',
        'tid' => '195',
        'gid' => '35',
        'ct' => '1457875448',
        'is_del' => '0',
        'img' => 'http://d05.res.meilishuo.net/pic/_o/5e/fc/1b0f33110e260fb4eeda54b9585c_850_850.jpeg',
        'name' => '测试人热热热呃 啊',
        'portrait' => 'http://v1.qzone.cc/avatar/201405/01/01/40/53613582688bd260.jpg%21200x200.jpg',
      ),
      2 => 
      array (
        'id' => '5',
        'type' => '1',
        'msg' => '1233213',
        'uid' => '195',
        'tid' => '195',
        'gid' => '35',
        'ct' => '1457875448',
        'is_del' => '0',
        'img' => 'http://d05.res.meilishuo.net/pic/_o/5e/fc/1b0f33110e260fb4eeda54b9585c_850_850.jpeg',
        'name' => '测试人热热热呃 啊',
        'portrait' => 'http://v1.qzone.cc/avatar/201405/01/01/40/53613582688bd260.jpg%21200x200.jpg',
      ),
      3 => 
      array (
        'id' => '6',
        'type' => '1',
        'msg' => '1233213',
        'uid' => '195',
        'tid' => '195',
        'gid' => '35',
        'ct' => '1457875448',
        'is_del' => '0',
        'img' => 'http://d05.res.meilishuo.net/pic/_o/5e/fc/1b0f33110e260fb4eeda54b9585c_850_850.jpeg',
        'name' => '测试人热热热呃 啊',
        'portrait' => 'http://v1.qzone.cc/avatar/201405/01/01/40/53613582688bd260.jpg%21200x200.jpg',
      ),
      4 => 
      array (
        'id' => '7',
        'type' => '1',
        'msg' => '1233213',
        'uid' => '195',
        'tid' => '195',
        'gid' => '35',
        'ct' => '1457875448',
        'is_del' => '0',
        'img' => 'http://d05.res.meilishuo.net/pic/_o/5e/fc/1b0f33110e260fb4eeda54b9585c_850_850.jpeg',
        'name' => '测试人热热热呃 啊',
        'portrait' => 'http://v1.qzone.cc/avatar/201405/01/01/40/53613582688bd260.jpg%21200x200.jpg',
      ),
      5 => 
      array (
        'id' => '8',
        'type' => '1',
        'msg' => '1233213',
        'uid' => '195',
        'tid' => '195',
        'gid' => '35',
        'ct' => '1457875448',
        'is_del' => '0',
        'img' => 'http://d05.res.meilishuo.net/pic/_o/5e/fc/1b0f33110e260fb4eeda54b9585c_850_850.jpeg',
        'name' => '测试人热热热呃 啊',
        'portrait' => 'http://v1.qzone.cc/avatar/201405/01/01/40/53613582688bd260.jpg%21200x200.jpg',
      ),
      6 => 
      array (
        'id' => '9',
        'type' => '1',
        'msg' => '1233213',
        'uid' => '195',
        'tid' => '195',
        'gid' => '35',
        'ct' => '1457875448',
        'is_del' => '0',
        'img' => 'http://d05.res.meilishuo.net/pic/_o/5e/fc/1b0f33110e260fb4eeda54b9585c_850_850.jpeg',
        'name' => '测试人热热热呃 啊',
        'portrait' => 'http://v1.qzone.cc/avatar/201405/01/01/40/53613582688bd260.jpg%21200x200.jpg',
      ),
      7 => 
      array (
        'id' => '10',
        'type' => '1',
        'msg' => '1233213',
        'uid' => '195',
        'tid' => '195',
        'gid' => '35',
        'ct' => '1457875448',
        'is_del' => '0',
        'img' => 'http://d05.res.meilishuo.net/pic/_o/5e/fc/1b0f33110e260fb4eeda54b9585c_850_850.jpeg',
        'name' => '测试人热热热呃 啊',
        'portrait' => 'http://v1.qzone.cc/avatar/201405/01/01/40/53613582688bd260.jpg%21200x200.jpg',
      ),
      8 => 
      array (
        'id' => '11',
        'type' => '1',
        'msg' => '1233213',
        'uid' => '195',
        'tid' => '195',
        'gid' => '35',
        'ct' => '1457875448',
        'is_del' => '0',
        'img' => 'http://d05.res.meilishuo.net/pic/_o/5e/fc/1b0f33110e260fb4eeda54b9585c_850_850.jpeg',
        'name' => '测试人热热热呃 啊',
        'portrait' => 'http://v1.qzone.cc/avatar/201405/01/01/40/53613582688bd260.jpg%21200x200.jpg',
      ),
      9 => 
      array (
        'id' => '12',
        'type' => '1',
        'msg' => '1233213',
        'uid' => '195',
        'tid' => '195',
        'gid' => '35',
        'ct' => '1457875448',
        'is_del' => '0',
        'img' => 'http://d05.res.meilishuo.net/pic/_o/5e/fc/1b0f33110e260fb4eeda54b9585c_850_850.jpeg',
        'name' => '测试人热热热呃 啊',
        'portrait' => 'http://v1.qzone.cc/avatar/201405/01/01/40/53613582688bd260.jpg%21200x200.jpg',
      ),
    ),
  ),
  'ct' => 1452677286,
)

-----------------------------------
[2016-01-13 17:28:16] 127.0.0.1 http://zao.com/main/?ct=api&method=person.getMsgList
POST: array (
  'uid' => '195',
  'psw' => 'qqqqqq',
  'page' => '1',
  'num' => '13',
)
[2016-01-13 17:28:16]Info: E:\php\zao\web\main\model\ModUser.php 39
SQL: select `psw` from zao_user where `uid` = '195' limit 1(OK:0.013)
[2016-01-13 17:28:16]Info: E:\php\zao\web\main\model\ModPerson.php 142
SQL: select a.*, b.img, b.name, c.portrait from zao_message a
left join zao_goods b on a.gid = b.gid
left join zao_user c on a.uid = c.uid
WHERE  a.tid=195 or a.tid=0
and a.ct between 1137317296 AND 1452677296
order by a.ct desc  limit 0, 13(OK:0.001)
[2016-01-13 17:28:16]Info: E:\php\zao\web\main\controller\CtlApi.php 24
array (
  'c' => '0',
  'd' => 
  array (
    0 => 
    array (
      0 => 
      array (
        'id' => '3',
        'type' => '1',
        'msg' => '我喜欢你的手机壳',
        'uid' => '195',
        'tid' => '195',
        'gid' => '35',
        'ct' => '1457875448',
        'is_del' => '0',
        'img' => 'http://d05.res.meilishuo.net/pic/_o/5e/fc/1b0f33110e260fb4eeda54b9585c_850_850.jpeg',
        'name' => '测试人热热热呃 啊',
        'portrait' => 'http://v1.qzone.cc/avatar/201405/01/01/40/53613582688bd260.jpg%21200x200.jpg',
      ),
      1 => 
      array (
        'id' => '4',
        'type' => '2',
        'msg' => '这是个好玩的手机壳',
        'uid' => '195',
        'tid' => '195',
        'gid' => '35',
        'ct' => '1457875448',
        'is_del' => '0',
        'img' => 'http://d05.res.meilishuo.net/pic/_o/5e/fc/1b0f33110e260fb4eeda54b9585c_850_850.jpeg',
        'name' => '测试人热热热呃 啊',
        'portrait' => 'http://v1.qzone.cc/avatar/201405/01/01/40/53613582688bd260.jpg%21200x200.jpg',
      ),
      2 => 
      array (
        'id' => '5',
        'type' => '1',
        'msg' => '1233213',
        'uid' => '195',
        'tid' => '195',
        'gid' => '35',
        'ct' => '1457875448',
        'is_del' => '0',
        'img' => 'http://d05.res.meilishuo.net/pic/_o/5e/fc/1b0f33110e260fb4eeda54b9585c_850_850.jpeg',
        'name' => '测试人热热热呃 啊',
        'portrait' => 'http://v1.qzone.cc/avatar/201405/01/01/40/53613582688bd260.jpg%21200x200.jpg',
      ),
      3 => 
      array (
        'id' => '6',
        'type' => '1',
        'msg' => '1233213',
        'uid' => '195',
        'tid' => '195',
        'gid' => '35',
        'ct' => '1457875448',
        'is_del' => '0',
        'img' => 'http://d05.res.meilishuo.net/pic/_o/5e/fc/1b0f33110e260fb4eeda54b9585c_850_850.jpeg',
        'name' => '测试人热热热呃 啊',
        'portrait' => 'http://v1.qzone.cc/avatar/201405/01/01/40/53613582688bd260.jpg%21200x200.jpg',
      ),
      4 => 
      array (
        'id' => '7',
        'type' => '1',
        'msg' => '1233213',
        'uid' => '195',
        'tid' => '195',
        'gid' => '35',
        'ct' => '1457875448',
        'is_del' => '0',
        'img' => 'http://d05.res.meilishuo.net/pic/_o/5e/fc/1b0f33110e260fb4eeda54b9585c_850_850.jpeg',
        'name' => '测试人热热热呃 啊',
        'portrait' => 'http://v1.qzone.cc/avatar/201405/01/01/40/53613582688bd260.jpg%21200x200.jpg',
      ),
      5 => 
      array (
        'id' => '8',
        'type' => '1',
        'msg' => '1233213',
        'uid' => '195',
        'tid' => '195',
        'gid' => '35',
        'ct' => '1457875448',
        'is_del' => '0',
        'img' => 'http://d05.res.meilishuo.net/pic/_o/5e/fc/1b0f33110e260fb4eeda54b9585c_850_850.jpeg',
        'name' => '测试人热热热呃 啊',
        'portrait' => 'http://v1.qzone.cc/avatar/201405/01/01/40/53613582688bd260.jpg%21200x200.jpg',
      ),
      6 => 
      array (
        'id' => '9',
        'type' => '1',
        'msg' => '1233213',
        'uid' => '195',
        'tid' => '195',
        'gid' => '35',
        'ct' => '1457875448',
        'is_del' => '0',
        'img' => 'http://d05.res.meilishuo.net/pic/_o/5e/fc/1b0f33110e260fb4eeda54b9585c_850_850.jpeg',
        'name' => '测试人热热热呃 啊',
        'portrait' => 'http://v1.qzone.cc/avatar/201405/01/01/40/53613582688bd260.jpg%21200x200.jpg',
      ),
      7 => 
      array (
        'id' => '10',
        'type' => '1',
        'msg' => '1233213',
        'uid' => '195',
        'tid' => '195',
        'gid' => '35',
        'ct' => '1457875448',
        'is_del' => '0',
        'img' => 'http://d05.res.meilishuo.net/pic/_o/5e/fc/1b0f33110e260fb4eeda54b9585c_850_850.jpeg',
        'name' => '测试人热热热呃 啊',
        'portrait' => 'http://v1.qzone.cc/avatar/201405/01/01/40/53613582688bd260.jpg%21200x200.jpg',
      ),
      8 => 
      array (
        'id' => '11',
        'type' => '1',
        'msg' => '1233213',
        'uid' => '195',
        'tid' => '195',
        'gid' => '35',
        'ct' => '1457875448',
        'is_del' => '0',
        'img' => 'http://d05.res.meilishuo.net/pic/_o/5e/fc/1b0f33110e260fb4eeda54b9585c_850_850.jpeg',
        'name' => '测试人热热热呃 啊',
        'portrait' => 'http://v1.qzone.cc/avatar/201405/01/01/40/53613582688bd260.jpg%21200x200.jpg',
      ),
      9 => 
      array (
        'id' => '12',
        'type' => '1',
        'msg' => '1233213',
        'uid' => '195',
        'tid' => '195',
        'gid' => '35',
        'ct' => '1457875448',
        'is_del' => '0',
        'img' => 'http://d05.res.meilishuo.net/pic/_o/5e/fc/1b0f33110e260fb4eeda54b9585c_850_850.jpeg',
        'name' => '测试人热热热呃 啊',
        'portrait' => 'http://v1.qzone.cc/avatar/201405/01/01/40/53613582688bd260.jpg%21200x200.jpg',
      ),
      10 => 
      array (
        'id' => '13',
        'type' => '1',
        'msg' => '1233213',
        'uid' => '195',
        'tid' => '195',
        'gid' => '35',
        'ct' => '1457875448',
        'is_del' => '0',
        'img' => 'http://d05.res.meilishuo.net/pic/_o/5e/fc/1b0f33110e260fb4eeda54b9585c_850_850.jpeg',
        'name' => '测试人热热热呃 啊',
        'portrait' => 'http://v1.qzone.cc/avatar/201405/01/01/40/53613582688bd260.jpg%21200x200.jpg',
      ),
      11 => 
      array (
        'id' => '14',
        'type' => '1',
        'msg' => '1233213',
        'uid' => '195',
        'tid' => '195',
        'gid' => '35',
        'ct' => '1457875448',
        'is_del' => '0',
        'img' => 'http://d05.res.meilishuo.net/pic/_o/5e/fc/1b0f33110e260fb4eeda54b9585c_850_850.jpeg',
        'name' => '测试人热热热呃 啊',
        'portrait' => 'http://v1.qzone.cc/avatar/201405/01/01/40/53613582688bd260.jpg%21200x200.jpg',
      ),
    ),
  ),
  'ct' => 1452677296,
)

-----------------------------------
[2016-01-13 17:28:41] 127.0.0.1 http://zao.com/main/?ct=api&method=person.getMsgList
POST: array (
  'uid' => '195',
  'psw' => 'qqqqqq',
  'page' => '1',
  'num' => '33',
)
[2016-01-13 17:28:41]Info: E:\php\zao\web\main\model\ModUser.php 39
SQL: select `psw` from zao_user where `uid` = '195' limit 1(OK:0.014)
[2016-01-13 17:28:41]Info: E:\php\zao\web\main\model\ModPerson.php 142
SQL: select a.*, b.img, b.name, c.portrait from zao_message a
left join zao_goods b on a.gid = b.gid
left join zao_user c on a.uid = c.uid
WHERE  a.tid=195 or a.tid=0
and a.ct between 1137317321 AND 1452677321
order by a.ct desc  limit 0, 33(OK:0.001)
[2016-01-13 17:28:41]Info: E:\php\zao\web\main\controller\CtlApi.php 24
array (
  'c' => '0',
  'd' => 
  array (
    0 => 
    array (
      0 => 
      array (
        'id' => '3',
        'type' => '1',
        'msg' => '我喜欢你的手机壳',
        'uid' => '195',
        'tid' => '195',
        'gid' => '35',
        'ct' => '1457875448',
        'is_del' => '0',
        'img' => 'http://d05.res.meilishuo.net/pic/_o/5e/fc/1b0f33110e260fb4eeda54b9585c_850_850.jpeg',
        'name' => '测试人热热热呃 啊',
        'portrait' => 'http://v1.qzone.cc/avatar/201405/01/01/40/53613582688bd260.jpg%21200x200.jpg',
      ),
      1 => 
      array (
        'id' => '4',
        'type' => '2',
        'msg' => '这是个好玩的手机壳',
        'uid' => '195',
        'tid' => '195',
        'gid' => '35',
        'ct' => '1457875448',
        'is_del' => '0',
        'img' => 'http://d05.res.meilishuo.net/pic/_o/5e/fc/1b0f33110e260fb4eeda54b9585c_850_850.jpeg',
        'name' => '测试人热热热呃 啊',
        'portrait' => 'http://v1.qzone.cc/avatar/201405/01/01/40/53613582688bd260.jpg%21200x200.jpg',
      ),
      2 => 
      array (
        'id' => '5',
        'type' => '1',
        'msg' => '1233213',
        'uid' => '195',
        'tid' => '195',
        'gid' => '35',
        'ct' => '1457875448',
        'is_del' => '0',
        'img' => 'http://d05.res.meilishuo.net/pic/_o/5e/fc/1b0f33110e260fb4eeda54b9585c_850_850.jpeg',
        'name' => '测试人热热热呃 啊',
        'portrait' => 'http://v1.qzone.cc/avatar/201405/01/01/40/53613582688bd260.jpg%21200x200.jpg',
      ),
      3 => 
      array (
        'id' => '6',
        'type' => '1',
        'msg' => '1233213',
        'uid' => '195',
        'tid' => '195',
        'gid' => '35',
        'ct' => '1457875448',
        'is_del' => '0',
        'img' => 'http://d05.res.meilishuo.net/pic/_o/5e/fc/1b0f33110e260fb4eeda54b9585c_850_850.jpeg',
        'name' => '测试人热热热呃 啊',
        'portrait' => 'http://v1.qzone.cc/avatar/201405/01/01/40/53613582688bd260.jpg%21200x200.jpg',
      ),
      4 => 
      array (
        'id' => '7',
        'type' => '1',
        'msg' => '1233213',
        'uid' => '195',
        'tid' => '195',
        'gid' => '35',
        'ct' => '1457875448',
        'is_del' => '0',
        'img' => 'http://d05.res.meilishuo.net/pic/_o/5e/fc/1b0f33110e260fb4eeda54b9585c_850_850.jpeg',
        'name' => '测试人热热热呃 啊',
        'portrait' => 'http://v1.qzone.cc/avatar/201405/01/01/40/53613582688bd260.jpg%21200x200.jpg',
      ),
      5 => 
      array (
        'id' => '8',
        'type' => '1',
        'msg' => '1233213',
        'uid' => '195',
        'tid' => '195',
        'gid' => '35',
        'ct' => '1457875448',
        'is_del' => '0',
        'img' => 'http://d05.res.meilishuo.net/pic/_o/5e/fc/1b0f33110e260fb4eeda54b9585c_850_850.jpeg',
        'name' => '测试人热热热呃 啊',
        'portrait' => 'http://v1.qzone.cc/avatar/201405/01/01/40/53613582688bd260.jpg%21200x200.jpg',
      ),
      6 => 
      array (
        'id' => '9',
        'type' => '1',
        'msg' => '1233213',
        'uid' => '195',
        'tid' => '195',
        'gid' => '35',
        'ct' => '1457875448',
        'is_del' => '0',
        'img' => 'http://d05.res.meilishuo.net/pic/_o/5e/fc/1b0f33110e260fb4eeda54b9585c_850_850.jpeg',
        'name' => '测试人热热热呃 啊',
        'portrait' => 'http://v1.qzone.cc/avatar/201405/01/01/40/53613582688bd260.jpg%21200x200.jpg',
      ),
      7 => 
      array (
        'id' => '10',
        'type' => '1',
        'msg' => '1233213',
        'uid' => '195',
        'tid' => '195',
        'gid' => '35',
        'ct' => '1457875448',
        'is_del' => '0',
        'img' => 'http://d05.res.meilishuo.net/pic/_o/5e/fc/1b0f33110e260fb4eeda54b9585c_850_850.jpeg',
        'name' => '测试人热热热呃 啊',
        'portrait' => 'http://v1.qzone.cc/avatar/201405/01/01/40/53613582688bd260.jpg%21200x200.jpg',
      ),
      8 => 
      array (
        'id' => '11',
        'type' => '1',
        'msg' => '1233213',
        'uid' => '195',
        'tid' => '195',
        'gid' => '35',
        'ct' => '1457875448',
        'is_del' => '0',
        'img' => 'http://d05.res.meilishuo.net/pic/_o/5e/fc/1b0f33110e260fb4eeda54b9585c_850_850.jpeg',
        'name' => '测试人热热热呃 啊',
        'portrait' => 'http://v1.qzone.cc/avatar/201405/01/01/40/53613582688bd260.jpg%21200x200.jpg',
      ),
      9 => 
      array (
        'id' => '12',
        'type' => '1',
        'msg' => '1233213',
        'uid' => '195',
        'tid' => '195',
        'gid' => '35',
        'ct' => '1457875448',
        'is_del' => '0',
        'img' => 'http://d05.res.meilishuo.net/pic/_o/5e/fc/1b0f33110e260fb4eeda54b9585c_850_850.jpeg',
        'name' => '测试人热热热呃 啊',
        'portrait' => 'http://v1.qzone.cc/avatar/201405/01/01/40/53613582688bd260.jpg%21200x200.jpg',
      ),
      10 => 
      array (
        'id' => '13',
        'type' => '1',
        'msg' => '1233213',
        'uid' => '195',
        'tid' => '195',
        'gid' => '35',
        'ct' => '1457875448',
        'is_del' => '0',
        'img' => 'http://d05.res.meilishuo.net/pic/_o/5e/fc/1b0f33110e260fb4eeda54b9585c_850_850.jpeg',
        'name' => '测试人热热热呃 啊',
        'portrait' => 'http://v1.qzone.cc/avatar/201405/01/01/40/53613582688bd260.jpg%21200x200.jpg',
      ),
      11 => 
      array (
        'id' => '14',
        'type' => '1',
        'msg' => '1233213',
        'uid' => '195',
        'tid' => '195',
        'gid' => '35',
        'ct' => '1457875448',
        'is_del' => '0',
        'img' => 'http://d05.res.meilishuo.net/pic/_o/5e/fc/1b0f33110e260fb4eeda54b9585c_850_850.jpeg',
        'name' => '测试人热热热呃 啊',
        'portrait' => 'http://v1.qzone.cc/avatar/201405/01/01/40/53613582688bd260.jpg%21200x200.jpg',
      ),
    ),
  ),
  'ct' => 1452677321,
)

-----------------------------------
[2016-01-13 17:30:27] 127.0.0.1 http://zao.com/main/?ct=api&method=person.getMsgList
POST: array (
  'uid' => '195',
  'psw' => 'qqqqqq',
  'page' => '1',
  'num' => '33',
)
[2016-01-13 17:30:27]Info: E:\php\zao\web\main\model\ModUser.php 39
SQL: select `psw` from zao_user where `uid` = '195' limit 1(OK:0.003)
[2016-01-13 17:30:28]Info: E:\php\zao\web\main\model\ModPerson.php 142
SQL: select a.*, b.img, b.name, c.portrait from zao_message a
left join zao_goods b on a.gid = b.gid
left join zao_user c on a.uid = c.uid
WHERE  a.tid=195 or a.tid=0
and a.ct between 1137317427 AND 1452677427
order by a.ct desc  limit 0, 33(OK:0.115)
[2016-01-13 17:30:28]Info: E:\php\zao\web\main\controller\CtlApi.php 24
array (
  'c' => '0',
  'd' => 
  array (
    0 => 
    array (
      0 => 
      array (
        'id' => '3',
        'type' => '1',
        'msg' => '我喜欢你的手机壳',
        'uid' => '195',
        'tid' => '195',
        'gid' => '35',
        'ct' => '1457875448',
        'is_del' => '0',
        'img' => 'http://d05.res.meilishuo.net/pic/_o/5e/fc/1b0f33110e260fb4eeda54b9585c_850_850.jpeg',
        'name' => '测试人热热热呃 啊',
        'portrait' => 'http://v1.qzone.cc/avatar/201405/01/01/40/53613582688bd260.jpg%21200x200.jpg',
      ),
      1 => 
      array (
        'id' => '4',
        'type' => '2',
        'msg' => '这是个好玩的手机壳',
        'uid' => '195',
        'tid' => '195',
        'gid' => '35',
        'ct' => '1457875448',
        'is_del' => '0',
        'img' => 'http://d05.res.meilishuo.net/pic/_o/5e/fc/1b0f33110e260fb4eeda54b9585c_850_850.jpeg',
        'name' => '测试人热热热呃 啊',
        'portrait' => 'http://v1.qzone.cc/avatar/201405/01/01/40/53613582688bd260.jpg%21200x200.jpg',
      ),
      2 => 
      array (
        'id' => '5',
        'type' => '1',
        'msg' => '1233213',
        'uid' => '195',
        'tid' => '195',
        'gid' => '35',
        'ct' => '1457875448',
        'is_del' => '0',
        'img' => 'http://d05.res.meilishuo.net/pic/_o/5e/fc/1b0f33110e260fb4eeda54b9585c_850_850.jpeg',
        'name' => '测试人热热热呃 啊',
        'portrait' => 'http://v1.qzone.cc/avatar/201405/01/01/40/53613582688bd260.jpg%21200x200.jpg',
      ),
      3 => 
      array (
        'id' => '6',
        'type' => '1',
        'msg' => '1233213',
        'uid' => '195',
        'tid' => '195',
        'gid' => '35',
        'ct' => '1457875448',
        'is_del' => '0',
        'img' => 'http://d05.res.meilishuo.net/pic/_o/5e/fc/1b0f33110e260fb4eeda54b9585c_850_850.jpeg',
        'name' => '测试人热热热呃 啊',
        'portrait' => 'http://v1.qzone.cc/avatar/201405/01/01/40/53613582688bd260.jpg%21200x200.jpg',
      ),
      4 => 
      array (
        'id' => '7',
        'type' => '1',
        'msg' => '1233213',
        'uid' => '195',
        'tid' => '195',
        'gid' => '35',
        'ct' => '1457875448',
        'is_del' => '0',
        'img' => 'http://d05.res.meilishuo.net/pic/_o/5e/fc/1b0f33110e260fb4eeda54b9585c_850_850.jpeg',
        'name' => '测试人热热热呃 啊',
        'portrait' => 'http://v1.qzone.cc/avatar/201405/01/01/40/53613582688bd260.jpg%21200x200.jpg',
      ),
      5 => 
      array (
        'id' => '8',
        'type' => '1',
        'msg' => '1233213',
        'uid' => '195',
        'tid' => '195',
        'gid' => '35',
        'ct' => '1457875448',
        'is_del' => '0',
        'img' => 'http://d05.res.meilishuo.net/pic/_o/5e/fc/1b0f33110e260fb4eeda54b9585c_850_850.jpeg',
        'name' => '测试人热热热呃 啊',
        'portrait' => 'http://v1.qzone.cc/avatar/201405/01/01/40/53613582688bd260.jpg%21200x200.jpg',
      ),
      6 => 
      array (
        'id' => '9',
        'type' => '1',
        'msg' => '1233213',
        'uid' => '195',
        'tid' => '195',
        'gid' => '35',
        'ct' => '1457875448',
        'is_del' => '0',
        'img' => 'http://d05.res.meilishuo.net/pic/_o/5e/fc/1b0f33110e260fb4eeda54b9585c_850_850.jpeg',
        'name' => '测试人热热热呃 啊',
        'portrait' => 'http://v1.qzone.cc/avatar/201405/01/01/40/53613582688bd260.jpg%21200x200.jpg',
      ),
      7 => 
      array (
        'id' => '10',
        'type' => '1',
        'msg' => '1233213',
        'uid' => '195',
        'tid' => '195',
        'gid' => '35',
        'ct' => '1457875448',
        'is_del' => '0',
        'img' => 'http://d05.res.meilishuo.net/pic/_o/5e/fc/1b0f33110e260fb4eeda54b9585c_850_850.jpeg',
        'name' => '测试人热热热呃 啊',
        'portrait' => 'http://v1.qzone.cc/avatar/201405/01/01/40/53613582688bd260.jpg%21200x200.jpg',
      ),
      8 => 
      array (
        'id' => '11',
        'type' => '1',
        'msg' => '1233213',
        'uid' => '195',
        'tid' => '195',
        'gid' => '35',
        'ct' => '1457875448',
        'is_del' => '0',
        'img' => 'http://d05.res.meilishuo.net/pic/_o/5e/fc/1b0f33110e260fb4eeda54b9585c_850_850.jpeg',
        'name' => '测试人热热热呃 啊',
        'portrait' => 'http://v1.qzone.cc/avatar/201405/01/01/40/53613582688bd260.jpg%21200x200.jpg',
      ),
      9 => 
      array (
        'id' => '12',
        'type' => '1',
        'msg' => '1233213',
        'uid' => '195',
        'tid' => '195',
        'gid' => '35',
        'ct' => '1457875448',
        'is_del' => '0',
        'img' => 'http://d05.res.meilishuo.net/pic/_o/5e/fc/1b0f33110e260fb4eeda54b9585c_850_850.jpeg',
        'name' => '测试人热热热呃 啊',
        'portrait' => 'http://v1.qzone.cc/avatar/201405/01/01/40/53613582688bd260.jpg%21200x200.jpg',
      ),
      10 => 
      array (
        'id' => '13',
        'type' => '1',
        'msg' => '1233213',
        'uid' => '195',
        'tid' => '195',
        'gid' => '35',
        'ct' => '1457875448',
        'is_del' => '0',
        'img' => 'http://d05.res.meilishuo.net/pic/_o/5e/fc/1b0f33110e260fb4eeda54b9585c_850_850.jpeg',
        'name' => '测试人热热热呃 啊',
        'portrait' => 'http://v1.qzone.cc/avatar/201405/01/01/40/53613582688bd260.jpg%21200x200.jpg',
      ),
      11 => 
      array (
        'id' => '14',
        'type' => '1',
        'msg' => '1233213',
        'uid' => '195',
        'tid' => '195',
        'gid' => '35',
        'ct' => '1457875448',
        'is_del' => '0',
        'img' => 'http://d05.res.meilishuo.net/pic/_o/5e/fc/1b0f33110e260fb4eeda54b9585c_850_850.jpeg',
        'name' => '测试人热热热呃 啊',
        'portrait' => 'http://v1.qzone.cc/avatar/201405/01/01/40/53613582688bd260.jpg%21200x200.jpg',
      ),
    ),
  ),
  'ct' => 1452677428,
)

-----------------------------------
[2016-01-13 17:30:47] 127.0.0.1 http://zao.com/main/?ct=api&method=person.getMsgList
POST: array (
  'uid' => '195',
  'psw' => 'qqqqqq',
  'page' => '1',
  'num' => '33',
)
[2016-01-13 17:30:47]Info: E:\php\zao\web\main\model\ModUser.php 39
SQL: select `psw` from zao_user where `uid` = '195' limit 1(OK:0.002)
[2016-01-13 17:30:47]Info: E:\php\zao\web\main\model\ModPerson.php 142
SQL: select a.*, b.img, b.name, c.portrait from zao_message a
left join zao_goods b on a.gid = b.gid
left join zao_user c on a.uid = c.uid
WHERE  a.tid=195 or a.tid=0
and a.ct between 1137317447 AND 1452677447
order by a.ct desc  limit 0, 33(OK:0.002)
[2016-01-13 17:30:47]Info: E:\php\zao\web\main\controller\CtlApi.php 24
array (
  'c' => '0',
  'd' => 
  array (
    0 => 
    array (
      0 => 
      array (
        'id' => '3',
        'type' => '1',
        'msg' => '我喜欢你的手机壳',
        'uid' => '195',
        'tid' => '195',
        'gid' => '35',
        'ct' => '1457875448',
        'is_del' => '0',
        'img' => 'http://d05.res.meilishuo.net/pic/_o/5e/fc/1b0f33110e260fb4eeda54b9585c_850_850.jpeg',
        'name' => '测试人热热热呃 啊',
        'portrait' => 'http://v1.qzone.cc/avatar/201405/01/01/40/53613582688bd260.jpg%21200x200.jpg',
      ),
      1 => 
      array (
        'id' => '4',
        'type' => '2',
        'msg' => '这是个好玩的手机壳',
        'uid' => '195',
        'tid' => '195',
        'gid' => '35',
        'ct' => '1457875448',
        'is_del' => '0',
        'img' => 'http://d05.res.meilishuo.net/pic/_o/5e/fc/1b0f33110e260fb4eeda54b9585c_850_850.jpeg',
        'name' => '测试人热热热呃 啊',
        'portrait' => 'http://v1.qzone.cc/avatar/201405/01/01/40/53613582688bd260.jpg%21200x200.jpg',
      ),
      2 => 
      array (
        'id' => '5',
        'type' => '1',
        'msg' => '1233213',
        'uid' => '195',
        'tid' => '195',
        'gid' => '35',
        'ct' => '1457875448',
        'is_del' => '0',
        'img' => 'http://d05.res.meilishuo.net/pic/_o/5e/fc/1b0f33110e260fb4eeda54b9585c_850_850.jpeg',
        'name' => '测试人热热热呃 啊',
        'portrait' => 'http://v1.qzone.cc/avatar/201405/01/01/40/53613582688bd260.jpg%21200x200.jpg',
      ),
    ),
  ),
  'ct' => 1452677447,
)

-----------------------------------
[2016-01-13 17:35:03] 127.0.0.1 http://zao.com/main/?ct=api&method=person.getMsgList
POST: array (
  'uid' => '195',
  'psw' => 'qqqqqq',
  'page' => '1',
  'num' => '33',
)
[2016-01-13 17:35:03]Info: E:\php\zao\web\main\model\ModUser.php 39
SQL: select `psw` from zao_user where `uid` = '195' limit 1(OK:0.049)
[2016-01-13 17:35:03]Info: E:\php\zao\web\main\model\ModPerson.php 142
SQL: select a.*, b.img, b.name, c.portrait from zao_message a
left join zao_goods b on a.gid = b.gid
left join zao_user c on a.uid = c.uid
WHERE  a.tid=195 or a.tid=0
and a.ct between 1137317703 AND 1452677703
order by a.ct desc  limit 0, 33(OK:0.03)
[2016-01-13 17:35:03]Info: E:\php\zao\web\main\controller\CtlApi.php 24
array (
  'c' => '0',
  'd' => 
  array (
    0 => 
    array (
      0 => 
      array (
        'id' => '3',
        'type' => '1',
        'msg' => '我喜欢你的手机壳',
        'uid' => '195',
        'tid' => '195',
        'gid' => '35',
        'ct' => '1457875448',
        'is_del' => '0',
        'img' => 'http://d05.res.meilishuo.net/pic/_o/5e/fc/1b0f33110e260fb4eeda54b9585c_850_850.jpeg',
        'name' => '测试人热热热呃 啊',
        'portrait' => 'http://v1.qzone.cc/avatar/201405/01/01/40/53613582688bd260.jpg%21200x200.jpg',
      ),
      1 => 
      array (
        'id' => '4',
        'type' => '2',
        'msg' => '这是个好玩的手机壳',
        'uid' => '195',
        'tid' => '195',
        'gid' => '35',
        'ct' => '1457875448',
        'is_del' => '0',
        'img' => 'http://d05.res.meilishuo.net/pic/_o/5e/fc/1b0f33110e260fb4eeda54b9585c_850_850.jpeg',
        'name' => '测试人热热热呃 啊',
        'portrait' => 'http://v1.qzone.cc/avatar/201405/01/01/40/53613582688bd260.jpg%21200x200.jpg',
      ),
      2 => 
      array (
        'id' => '5',
        'type' => '1',
        'msg' => '1233213',
        'uid' => '195',
        'tid' => '195',
        'gid' => '35',
        'ct' => '1457875448',
        'is_del' => '0',
        'img' => 'http://d05.res.meilishuo.net/pic/_o/5e/fc/1b0f33110e260fb4eeda54b9585c_850_850.jpeg',
        'name' => '测试人热热热呃 啊',
        'portrait' => 'http://v1.qzone.cc/avatar/201405/01/01/40/53613582688bd260.jpg%21200x200.jpg',
      ),
    ),
  ),
  'ct' => 1452677703,
)

-----------------------------------
[2016-01-13 17:49:26] 127.0.0.1 http://zao.com/main/?ct=api&method=person.getMsgList
POST: array (
  'uid' => '195',
  'psw' => 'qqqqqq',
  'page' => '1',
  'num' => '33',
)
[2016-01-13 17:49:26]Info: E:\php\zao\web\main\model\ModUser.php 39
SQL: select `psw` from zao_user where `uid` = '195' limit 1(OK:0.003)
[2016-01-13 17:49:26]Info: E:\php\zao\web\main\model\ModPerson.php 142
SQL: select a.*, b.img, b.name, c.portrait from zao_message a
left join zao_goods b on a.gid = b.gid
left join zao_user c on a.uid = c.uid
WHERE  (a.tid=195 or a.tid=0)
and (a.ct between 1137318566 AND 1452678566)
order by a.ct desc  limit 0, 33(OK:0.002)
[2016-01-13 17:49:26]Info: E:\php\zao\web\main\controller\CtlApi.php 24
array (
  'c' => '0',
  'd' => 
  array (
    0 => 
    array (
    ),
  ),
  'ct' => 1452678566,
)

-----------------------------------
[2016-01-13 17:50:59] 127.0.0.1 http://zao.com/main/?ct=api&method=person.getMsgList
POST: array (
  'uid' => '195',
  'psw' => 'qqqqqq',
  'page' => '1',
  'num' => '33',
)
[2016-01-13 17:50:59]Info: E:\php\zao\web\main\model\ModUser.php 39
SQL: select `psw` from zao_user where `uid` = '195' limit 1(OK:0.016)
[2016-01-13 17:50:59]Info: E:\php\zao\web\main\model\ModPerson.php 142
SQL: select a.*, b.img, b.name, c.portrait from zao_message a
left join zao_goods b on a.gid = b.gid
left join zao_user c on a.uid = c.uid
WHERE  (a.tid=195 or a.tid=0)
and (a.ct between 1137318659 AND 1452678659)
order by a.ct desc  limit 0, 33(OK:0.001)
[2016-01-13 17:50:59]Info: E:\php\zao\web\main\controller\CtlApi.php 24
array (
  'c' => '0',
  'd' => 
  array (
    0 => 
    array (
    ),
  ),
  'ct' => 1452678659,
)

-----------------------------------
[2016-01-13 17:53:50] 127.0.0.1 http://zao.com/main/?ct=api&method=person.getMsgList
POST: array (
  'uid' => '195',
  'psw' => 'qqqqqq',
  'page' => '1',
  'num' => '33',
)
[2016-01-13 17:53:50]Info: E:\php\zao\web\main\model\ModUser.php 39
SQL: select `psw` from zao_user where `uid` = '195' limit 1(OK:0.011)
[2016-01-13 17:53:50]Info: E:\php\zao\web\main\model\ModPerson.php 143
SQL: select a.*, b.img, b.name, c.portrait from zao_message a
left join zao_goods b on a.gid = b.gid
left join zao_user c on a.uid = c.uid
WHERE  (a.tid=195 or a.tid=0)
and (a.ct between 1137318830 AND 1452678830)
and (a.type != 0)
order by a.ct desc  limit 0, 33(OK:0.001)
[2016-01-13 17:53:50]Info: E:\php\zao\web\main\controller\CtlApi.php 24
array (
  'c' => '0',
  'd' => 
  array (
    0 => 
    array (
    ),
  ),
  'ct' => 1452678830,
)

-----------------------------------
[2016-01-13 17:54:53] 127.0.0.1 http://zao.com/main/?ct=api&method=person.getMsgList
POST: array (
  'uid' => '195',
  'psw' => 'qqqqqq',
  'page' => '1',
  'num' => '33',
)
[2016-01-13 17:54:53]Info: E:\php\zao\web\main\model\ModUser.php 39
SQL: select `psw` from zao_user where `uid` = '195' limit 1(OK:0.002)
[2016-01-13 17:54:53]Info: E:\php\zao\web\main\model\ModPerson.php 143
SQL: select a.*, b.img, b.name, c.portrait from zao_message a
left join zao_goods b on a.gid = b.gid
left join zao_user c on a.uid = c.uid
WHERE  (a.tid=195 or a.tid=0)
and (a.ct between 1137318893 AND 1452678893)
and (a.type != 0)
order by a.ct desc  limit 0, 33(OK:0.001)
[2016-01-13 17:54:53]Info: E:\php\zao\web\main\controller\CtlApi.php 24
array (
  'c' => '0',
  'd' => 
  array (
    0 => 
    array (
      0 => 
      array (
        'id' => '0',
        'type' => '3',
        'msg' => '需要更新产品了，快去下载',
        'uid' => '0',
        'tid' => '0',
        'gid' => '35',
        'ct' => '1452677703',
        'is_del' => '0',
        'img' => 'http://d05.res.meilishuo.net/pic/_o/5e/fc/1b0f33110e260fb4eeda54b9585c_850_850.jpeg',
        'name' => '测试人热热热呃 啊',
        'portrait' => 'http://v1.qzone.cc/avatar/201405/01/01/40/53613582688bd260.jpg%21200x200.jpg',
      ),
      1 => 
      array (
        'id' => '3',
        'type' => '1',
        'msg' => '我喜欢你的手机壳',
        'uid' => '195',
        'tid' => '195',
        'gid' => '35',
        'ct' => '1452677703',
        'is_del' => '0',
        'img' => 'http://d05.res.meilishuo.net/pic/_o/5e/fc/1b0f33110e260fb4eeda54b9585c_850_850.jpeg',
        'name' => '测试人热热热呃 啊',
        'portrait' => 'http://v1.qzone.cc/avatar/201405/01/01/40/53613582688bd260.jpg%21200x200.jpg',
      ),
      2 => 
      array (
        'id' => '4',
        'type' => '2',
        'msg' => '这是个好玩的手机壳',
        'uid' => '195',
        'tid' => '195',
        'gid' => '35',
        'ct' => '1452677703',
        'is_del' => '0',
        'img' => 'http://d05.res.meilishuo.net/pic/_o/5e/fc/1b0f33110e260fb4eeda54b9585c_850_850.jpeg',
        'name' => '测试人热热热呃 啊',
        'portrait' => 'http://v1.qzone.cc/avatar/201405/01/01/40/53613582688bd260.jpg%21200x200.jpg',
      ),
      3 => 
      array (
        'id' => '5',
        'type' => '1',
        'msg' => '1233213',
        'uid' => '195',
        'tid' => '195',
        'gid' => '35',
        'ct' => '1452677703',
        'is_del' => '0',
        'img' => 'http://d05.res.meilishuo.net/pic/_o/5e/fc/1b0f33110e260fb4eeda54b9585c_850_850.jpeg',
        'name' => '测试人热热热呃 啊',
        'portrait' => 'http://v1.qzone.cc/avatar/201405/01/01/40/53613582688bd260.jpg%21200x200.jpg',
      ),
    ),
  ),
  'ct' => 1452678893,
)

-----------------------------------
[2016-01-13 17:55:27] 127.0.0.1 http://zao.com/main/?ct=api&method=person.getMsgList
POST: array (
  'uid' => '195',
  'psw' => 'qqqqqq',
  'page' => '1',
  'num' => '33',
)
[2016-01-13 17:55:27]Info: E:\php\zao\web\main\model\ModUser.php 39
SQL: select `psw` from zao_user where `uid` = '195' limit 1(OK:0.013)
[2016-01-13 17:55:27]Info: E:\php\zao\web\main\model\ModPerson.php 142
SQL: select a.*, b.img, b.name, c.portrait from zao_message a
left join zao_goods b on a.gid = b.gid
left join zao_user c on a.uid = c.uid
WHERE  (a.tid=195 or a.tid=0)
and (a.ct between 1137318927 AND 1452678927)
order by a.ct desc  limit 0, 33(OK:0.001)
[2016-01-13 17:55:27]Info: E:\php\zao\web\main\controller\CtlApi.php 24
array (
  'c' => '0',
  'd' => 
  array (
    0 => 
    array (
      0 => 
      array (
        'id' => '0',
        'type' => '3',
        'msg' => '需要更新产品了，快去下载',
        'uid' => '0',
        'tid' => '0',
        'gid' => '35',
        'ct' => '1452677703',
        'is_del' => '0',
        'img' => 'http://d05.res.meilishuo.net/pic/_o/5e/fc/1b0f33110e260fb4eeda54b9585c_850_850.jpeg',
        'name' => '测试人热热热呃 啊',
        'portrait' => 'http://v1.qzone.cc/avatar/201405/01/01/40/53613582688bd260.jpg%21200x200.jpg',
      ),
      1 => 
      array (
        'id' => '2',
        'type' => '0',
        'msg' => '他妈的，黄色的图片',
        'uid' => '149',
        'tid' => '0',
        'gid' => '35',
        'ct' => '1452677703',
        'is_del' => '0',
        'img' => 'http://d05.res.meilishuo.net/pic/_o/5e/fc/1b0f33110e260fb4eeda54b9585c_850_850.jpeg',
        'name' => '测试人热热热呃 啊',
        'portrait' => 'http://v1.qzone.cc/avatar/201405/01/01/40/53613582688bd260.jpg%21200x200.jpg',
      ),
      2 => 
      array (
        'id' => '3',
        'type' => '1',
        'msg' => '我喜欢你的手机壳',
        'uid' => '195',
        'tid' => '195',
        'gid' => '35',
        'ct' => '1452677703',
        'is_del' => '0',
        'img' => 'http://d05.res.meilishuo.net/pic/_o/5e/fc/1b0f33110e260fb4eeda54b9585c_850_850.jpeg',
        'name' => '测试人热热热呃 啊',
        'portrait' => 'http://v1.qzone.cc/avatar/201405/01/01/40/53613582688bd260.jpg%21200x200.jpg',
      ),
      3 => 
      array (
        'id' => '4',
        'type' => '2',
        'msg' => '这是个好玩的手机壳',
        'uid' => '195',
        'tid' => '195',
        'gid' => '35',
        'ct' => '1452677703',
        'is_del' => '0',
        'img' => 'http://d05.res.meilishuo.net/pic/_o/5e/fc/1b0f33110e260fb4eeda54b9585c_850_850.jpeg',
        'name' => '测试人热热热呃 啊',
        'portrait' => 'http://v1.qzone.cc/avatar/201405/01/01/40/53613582688bd260.jpg%21200x200.jpg',
      ),
      4 => 
      array (
        'id' => '5',
        'type' => '1',
        'msg' => '1233213',
        'uid' => '195',
        'tid' => '195',
        'gid' => '35',
        'ct' => '1452677703',
        'is_del' => '0',
        'img' => 'http://d05.res.meilishuo.net/pic/_o/5e/fc/1b0f33110e260fb4eeda54b9585c_850_850.jpeg',
        'name' => '测试人热热热呃 啊',
        'portrait' => 'http://v1.qzone.cc/avatar/201405/01/01/40/53613582688bd260.jpg%21200x200.jpg',
      ),
    ),
  ),
  'ct' => 1452678927,
)

-----------------------------------
[2016-01-13 17:55:51] 127.0.0.1 http://zao.com/main/?ct=api&method=person.getMsgList
POST: array (
  'uid' => '195',
  'psw' => 'qqqqqq',
  'page' => '1',
  'num' => '33',
)
[2016-01-13 17:55:51]Info: E:\php\zao\web\main\model\ModUser.php 39
SQL: select `psw` from zao_user where `uid` = '195' limit 1(OK:0.003)
[2016-01-13 17:55:51]Info: E:\php\zao\web\main\model\ModPerson.php 143
SQL: select a.*, b.img, b.name, c.portrait from zao_message a
left join zao_goods b on a.gid = b.gid
left join zao_user c on a.uid = c.uid
WHERE  (a.tid=195 or a.tid=0)
and (a.ct between 1137318951 AND 1452678951)
and (a.type != 0)
order by a.ct desc  limit 0, 33(OK:0.001)
[2016-01-13 17:55:51]Info: E:\php\zao\web\main\controller\CtlApi.php 24
array (
  'c' => '0',
  'd' => 
  array (
    0 => 
    array (
      0 => 
      array (
        'id' => '0',
        'type' => '3',
        'msg' => '需要更新产品了，快去下载',
        'uid' => '0',
        'tid' => '0',
        'gid' => '35',
        'ct' => '1452677703',
        'is_del' => '0',
        'img' => 'http://d05.res.meilishuo.net/pic/_o/5e/fc/1b0f33110e260fb4eeda54b9585c_850_850.jpeg',
        'name' => '测试人热热热呃 啊',
        'portrait' => 'http://v1.qzone.cc/avatar/201405/01/01/40/53613582688bd260.jpg%21200x200.jpg',
      ),
      1 => 
      array (
        'id' => '3',
        'type' => '1',
        'msg' => '我喜欢你的手机壳',
        'uid' => '195',
        'tid' => '195',
        'gid' => '35',
        'ct' => '1452677703',
        'is_del' => '0',
        'img' => 'http://d05.res.meilishuo.net/pic/_o/5e/fc/1b0f33110e260fb4eeda54b9585c_850_850.jpeg',
        'name' => '测试人热热热呃 啊',
        'portrait' => 'http://v1.qzone.cc/avatar/201405/01/01/40/53613582688bd260.jpg%21200x200.jpg',
      ),
      2 => 
      array (
        'id' => '4',
        'type' => '2',
        'msg' => '这是个好玩的手机壳',
        'uid' => '195',
        'tid' => '195',
        'gid' => '35',
        'ct' => '1452677703',
        'is_del' => '0',
        'img' => 'http://d05.res.meilishuo.net/pic/_o/5e/fc/1b0f33110e260fb4eeda54b9585c_850_850.jpeg',
        'name' => '测试人热热热呃 啊',
        'portrait' => 'http://v1.qzone.cc/avatar/201405/01/01/40/53613582688bd260.jpg%21200x200.jpg',
      ),
      3 => 
      array (
        'id' => '5',
        'type' => '1',
        'msg' => '1233213',
        'uid' => '195',
        'tid' => '195',
        'gid' => '35',
        'ct' => '1452677703',
        'is_del' => '0',
        'img' => 'http://d05.res.meilishuo.net/pic/_o/5e/fc/1b0f33110e260fb4eeda54b9585c_850_850.jpeg',
        'name' => '测试人热热热呃 啊',
        'portrait' => 'http://v1.qzone.cc/avatar/201405/01/01/40/53613582688bd260.jpg%21200x200.jpg',
      ),
    ),
  ),
  'ct' => 1452678951,
)

-----------------------------------
[2016-01-13 18:23:20] 127.0.0.1 http://zao.com/main/?ct=api&method=person.getMsgList
POST: array (
  'uid' => '195',
  'psw' => 'qqqqqq',
  'page' => '1',
  'num' => '10',
)
[2016-01-13 18:23:20]Info: E:\php\zao\web\main\model\ModUser.php 39
SQL: select `psw` from zao_user where `uid` = '195' limit 1(OK:0.014)
[2016-01-13 18:23:20]Info: E:\php\zao\web\main\model\ModPerson.php 146
SQL: select a.*, b.img, b.name, c.portrait from zao_message a
left join zao_goods b on a.gid = b.gid
left join zao_user c on a.uid = c.uid
WHERE  (a.tid=195 or a.tid=0)
and (a.ct between 1137320600 AND 1452680600)
and (a.type != 0)
order by a.ct desc  limit 0, 10(OK:0.03)
[2016-01-13 18:23:20]Info: E:\php\zao\web\main\controller\CtlApi.php 24
array (
  'c' => '0',
  'd' => 
  array (
    0 => 
    array (
      0 => 
      array (
        'id' => '0',
        'type' => '3',
        'msg' => '需要更新产品了，快去下载',
        'uid' => '0',
        'tid' => '0',
        'gid' => '35',
        'ct' => '1452677703',
        'is_del' => '0',
        'img' => 'http://d05.res.meilishuo.net/pic/_o/5e/fc/1b0f33110e260fb4eeda54b9585c_850_850.jpeg',
        'name' => '测试人热热热呃 啊',
        'portrait' => 'http://v1.qzone.cc/avatar/201405/01/01/40/53613582688bd260.jpg%21200x200.jpg',
      ),
      1 => 
      array (
        'id' => '3',
        'type' => '1',
        'msg' => '我喜欢你的手机壳',
        'uid' => '195',
        'tid' => '195',
        'gid' => '35',
        'ct' => '1452677703',
        'is_del' => '0',
        'img' => 'http://d05.res.meilishuo.net/pic/_o/5e/fc/1b0f33110e260fb4eeda54b9585c_850_850.jpeg',
        'name' => '测试人热热热呃 啊',
        'portrait' => 'http://v1.qzone.cc/avatar/201405/01/01/40/53613582688bd260.jpg%21200x200.jpg',
      ),
      2 => 
      array (
        'id' => '4',
        'type' => '2',
        'msg' => '这是个好玩的手机壳',
        'uid' => '195',
        'tid' => '195',
        'gid' => '35',
        'ct' => '1452677703',
        'is_del' => '0',
        'img' => 'http://d05.res.meilishuo.net/pic/_o/5e/fc/1b0f33110e260fb4eeda54b9585c_850_850.jpeg',
        'name' => '测试人热热热呃 啊',
        'portrait' => 'http://v1.qzone.cc/avatar/201405/01/01/40/53613582688bd260.jpg%21200x200.jpg',
      ),
      3 => 
      array (
        'id' => '5',
        'type' => '1',
        'msg' => '1233213',
        'uid' => '195',
        'tid' => '195',
        'gid' => '35',
        'ct' => '1452677703',
        'is_del' => '0',
        'img' => 'http://d05.res.meilishuo.net/pic/_o/5e/fc/1b0f33110e260fb4eeda54b9585c_850_850.jpeg',
        'name' => '测试人热热热呃 啊',
        'portrait' => 'http://v1.qzone.cc/avatar/201405/01/01/40/53613582688bd260.jpg%21200x200.jpg',
      ),
    ),
  ),
  'ct' => 1452680600,
)

-----------------------------------
[2016-01-13 18:23:49] 127.0.0.1 http://zao.com/main/?ct=api&method=person.getOutlaysList
POST: array (
  'uid' => '195',
  'psw' => 'qqqqqq',
  'page' => '1',
  'num' => '10',
)
[2016-01-13 18:23:49]Info: E:\php\zao\web\main\model\ModUser.php 39
SQL: select `psw` from zao_user where `uid` = '195' limit 1(OK:0.003)
[2016-01-13 18:23:49]Info: E:\php\zao\web\main\model\ModPerson.php 91
SQL: select a.*, b.name from zao_user_deal a
left join zao_goods b on a.gid=b.gid
WHERE  a.uid = 195 order by a.ct desc(OK:0.001)
[2016-01-13 18:23:49]Info: E:\php\zao\web\main\controller\CtlApi.php 24
array (
  'c' => '0',
  'd' => 
  array (
    0 => 
    array (
      'id' => '22',
      'type' => '1',
      'uid' => '195',
      'gid' => '32',
      'acount' => '0',
      'name' => '213',
      'money' => '120',
      'pattern' => '0',
      'purse' => '110',
      'ct' => '123132132',
      'is_del' => '1',
    ),
  ),
  'ct' => 1452680629,
)

-----------------------------------
[2016-01-13 18:26:59] 127.0.0.1 http://zao.com/main/?ct=api&method=person.getOutlaysList
POST: array (
  'uid' => '195',
  'psw' => 'qqqqqq',
  'page' => '1',
  'num' => '10',
)
[2016-01-13 18:26:59]Info: E:\php\zao\web\main\model\ModUser.php 39
SQL: select `psw` from zao_user where `uid` = '195' limit 1(OK:0.002)
[2016-01-13 18:26:59]Info: E:\php\zao\web\main\model\ModPerson.php 91
SQL: select a.*, b.name from zao_user_deal a
left join zao_goods b on a.gid=b.gid
WHERE  a.uid = 195 order by a.ct desc(OK:0.001)
[2016-01-13 18:26:59]Info: E:\php\zao\web\main\controller\CtlApi.php 24
array (
  'c' => '0',
  'd' => 
  array (
    0 => 
    array (
      'id' => '15',
      'type' => '1',
      'uid' => '195',
      'gid' => '35',
      'acount' => '0',
      'name' => '测试人热热热呃 啊',
      'money' => '0',
      'pattern' => '0',
      'purse' => '1',
      'ct' => '1452392924',
      'is_del' => '0',
    ),
    1 => 
    array (
      'id' => '14',
      'type' => '1',
      'uid' => '195',
      'gid' => '35',
      'acount' => '0',
      'name' => '测试人热热热呃 啊',
      'money' => '0',
      'pattern' => '0',
      'purse' => '1',
      'ct' => '1452357801',
      'is_del' => '0',
    ),
    2 => 
    array (
      'id' => '13',
      'type' => '1',
      'uid' => '195',
      'gid' => '35',
      'acount' => '0',
      'name' => '测试人热热热呃 啊',
      'money' => '0',
      'pattern' => '0',
      'purse' => '1',
      'ct' => '1452356870',
      'is_del' => '0',
    ),
    3 => 
    array (
      'id' => '12',
      'type' => '1',
      'uid' => '195',
      'gid' => '35',
      'acount' => '0',
      'name' => '测试人热热热呃 啊',
      'money' => '0',
      'pattern' => '0',
      'purse' => '1',
      'ct' => '1452356618',
      'is_del' => '0',
    ),
    4 => 
    array (
      'id' => '11',
      'type' => '1',
      'uid' => '195',
      'gid' => '35',
      'acount' => '0',
      'name' => '测试人热热热呃 啊',
      'money' => '0',
      'pattern' => '0',
      'purse' => '1',
      'ct' => '1452356499',
      'is_del' => '0',
    ),
    5 => 
    array (
      'id' => '10',
      'type' => '1',
      'uid' => '195',
      'gid' => '35',
      'acount' => '0',
      'name' => '测试人热热热呃 啊',
      'money' => '0',
      'pattern' => '0',
      'purse' => '1',
      'ct' => '1452354941',
      'is_del' => '0',
    ),
    6 => 
    array (
      'id' => '9',
      'type' => '1',
      'uid' => '195',
      'gid' => '35',
      'acount' => '0',
      'name' => '测试人热热热呃 啊',
      'money' => '0',
      'pattern' => '0',
      'purse' => '1',
      'ct' => '1452354791',
      'is_del' => '0',
    ),
    7 => 
    array (
      'id' => '8',
      'type' => '1',
      'uid' => '195',
      'gid' => '32',
      'acount' => '0',
      'name' => '213',
      'money' => '0',
      'pattern' => '0',
      'purse' => '1',
      'ct' => '1452354623',
      'is_del' => '0',
    ),
    8 => 
    array (
      'id' => '22',
      'type' => '1',
      'uid' => '195',
      'gid' => '32',
      'acount' => '0',
      'name' => '213',
      'money' => '120',
      'pattern' => '0',
      'purse' => '110',
      'ct' => '123132132',
      'is_del' => '1',
    ),
  ),
  'ct' => 1452680819,
)
