
-----------------------------------
[2016-01-04 10:48:14] 127.0.0.1 http://zao.com/main/?ct=api&method=order.payorder
POST: array (
  'uid' => '195',
  'psw' => 'qqqqqq',
  'order_detail' => '[{"gid":1,"name":"\\u8863\\u670d","img":"http://d05.res.meilishuo.net/pic/_o/5e/fc/1b0f33110e260fb4eeda54b9585c_850_850.jpeg","price":100,"count":1}]',
  'nickname' => '小明',
  'address' => '广州市天河区天河北路',
  'consignee' => '小明',
  'phone' => '15913159968',
  'money' => '100',
  'postage' => '10',
  'type' => '2',
)
[2016-01-04 10:48:14]Info: E:\php\zao\web\main\model\ModUser.php 39
SQL: select `psw` from zao_user where `uid` = '195' limit 1(OK:0.022)
[2016-01-04 10:48:14]Info: E:\php\zao\web\main\model\ModOrder.php 37
SQL: insert into `zao_order` (`uid`, `order_detail`, `nickname`, `address`, `consignee`, `phone`, `money`, `postage`, `trade_state`, `ct`, `order_id`) values ('195',  '[{\"gid\":1,\"name\":\"\\u8863\\u670d\",\"img\":\"http://d05.res.meilishuo.net/pic/_o/5e/fc/1b0f33110e260fb4eeda54b9585c_850_850.jpeg\",\"price\":100,\"count\":1}]',  '小明',  '广州市天河区天河北路',  '小明',  '15913159968',  '100',  '10',  '1',  '1451875694',  '2016010410150565') (OK:0.133)
[2016-01-04 10:48:14]Info: E:\php\zao\web\main\model\ModPay.php 17
SQL: select * from `zao_order` where `order_id`='2016010410150565' limit 1(OK:0.002)
[2016-01-04 10:48:14]Info: E:\php\zao\web\main\controller\CtlApi.php 24
array (
  'c' => 0,
  'd' => '/aliqr.php?id=2016010410150565',
  'ct' => 1451875694,
)

-----------------------------------
[2016-01-04 10:49:16] 127.0.0.1 http://zao.com/main/?ct=api&method=order.payorder
POST: array (
  'uid' => '195',
  'psw' => 'qqqqqq',
  'order_detail' => '[{"gid":1,"name":"\\u8863\\u670d","img":"http://d05.res.meilishuo.net/pic/_o/5e/fc/1b0f33110e260fb4eeda54b9585c_850_850.jpeg","price":100,"count":1}]',
  'nickname' => '小明',
  'address' => '广州市天河区天河北路',
  'consignee' => '小明',
  'phone' => '15913159968',
  'money' => '100',
  'postage' => '10',
  'type' => '2',
)
[2016-01-04 10:49:16]Info: E:\php\zao\web\main\model\ModUser.php 39
SQL: select `psw` from zao_user where `uid` = '195' limit 1(OK:0.056)
[2016-01-04 10:49:16]Info: E:\php\zao\web\main\model\ModOrder.php 37
SQL: insert into `zao_order` (`uid`, `order_detail`, `nickname`, `address`, `consignee`, `phone`, `money`, `postage`, `trade_state`, `ct`, `order_id`) values ('195',  '[{\"gid\":1,\"name\":\"\\u8863\\u670d\",\"img\":\"http://d05.res.meilishuo.net/pic/_o/5e/fc/1b0f33110e260fb4eeda54b9585c_850_850.jpeg\",\"price\":100,\"count\":1}]',  '小明',  '广州市天河区天河北路',  '小明',  '15913159968',  '100',  '10',  '1',  '1451875756',  '2016010499511021') (OK:0.104)
[2016-01-04 10:49:16]Info: E:\php\zao\web\main\model\ModPay.php 17
SQL: select * from `zao_order` where `order_id`='2016010499511021' limit 1(OK:0.001)
[2016-01-04 10:49:16]Info: E:\php\zao\web\main\controller\CtlApi.php 24
array (
  'c' => 0,
  'd' => '/aliqr.php?id=2016010499511021',
  'ct' => 1451875756,
)

-----------------------------------
[2016-01-04 11:20:18] 127.0.0.1 http://zao.com/main/?ct=api&method=order.payorder
POST: array (
  'uid' => '195',
  'psw' => 'qqqqqq',
  'order_detail' => '[{"gid":1,"name":"\\u8863\\u670d","img":"http://d05.res.meilishuo.net/pic/_o/5e/fc/1b0f33110e260fb4eeda54b9585c_850_850.jpeg","price":100,"count":1}]',
  'nickname' => '小明',
  'address' => '广州市天河区天河北路',
  'consignee' => '小明',
  'phone' => '15913159968',
  'money' => '100',
  'postage' => '10',
  'type' => '1',
)
[2016-01-04 11:20:18]Info: E:\php\zao\web\main\model\ModUser.php 39
SQL: select `psw` from zao_user where `uid` = '195' limit 1(OK:0.013)
[2016-01-04 11:20:18]Info: E:\php\zao\web\main\model\ModOrder.php 37
SQL: insert into `zao_order` (`uid`, `order_detail`, `nickname`, `address`, `consignee`, `phone`, `money`, `postage`, `trade_state`, `ct`, `order_id`) values ('195',  '[{\"gid\":1,\"name\":\"\\u8863\\u670d\",\"img\":\"http://d05.res.meilishuo.net/pic/_o/5e/fc/1b0f33110e260fb4eeda54b9585c_850_850.jpeg\",\"price\":100,\"count\":1}]',  '小明',  '广州市天河区天河北路',  '小明',  '15913159968',  '100',  '10',  '1',  '1451877618',  '2016010450545710') (OK:0.129)
[2016-01-04 11:20:18]Info: E:\php\zao\web\main\model\ModPay.php 17
SQL: select * from `zao_order` where `order_id`='2016010450545710' limit 1(OK:0.002)
[2016-01-04 11:20:19]Error: E:\php\zao\thirdlib\weixin\WxPay.Api.php 539
Uncaught exception 'WxPayException' with message 'curl出错，错误码:60' in E:\php\zao\thirdlib\weixin\WxPay.Api.php:539
Stack trace:
#0 E:\php\zao\thirdlib\weixin\WxPay.Api.php(51): WxPayApi::postXmlCurl('<xml><appid><![...', 'https://api.mch...', false, 6)
#1 E:\php\zao\web\main\service\SrvPayApi.php(46): WxPayApi::unifiedOrder(Object(WxPayUnifiedOrder))
#2 E:\php\zao\web\main\service\SrvOrderApi.php(50): SrvPayApi->weiXinPay(Array)
#3 E:\php\zao\web\main\service\SrvApi.php(45): SrvOrderApi->payorder(Array)
#4 E:\php\zao\web\main\controller\CtlApi.php(22): SrvApi->run('order.payorder', 'sdk', Array)
#5 E:\php\zao\lib\DM.php(174): CtlApi->index()
#6 E:\php\zao\lib\DM.php(138): D::route('api', 'index')
#7 E:\php\zao\lib\DM.php(339): D::init()
#8 E:\php\zao\web\main\index.php(11): require('E:\php\zao\lib\...')
#9 {main}
  thrown

-----------------------------------
[2016-01-04 14:25:18] 127.0.0.1 http://zao.com/main/?ct=api&method=order.payorder
POST: array (
  'uid' => '195',
  'psw' => 'qqqqqq',
  'order_detail' => '[{"gid":1,"name":"\\u8863\\u670d","img":"http://d05.res.meilishuo.net/pic/_o/5e/fc/1b0f33110e260fb4eeda54b9585c_850_850.jpeg","price":100,"count":1}]',
  'nickname' => '小明',
  'address' => '广州市天河区天河北路',
  'consignee' => '小明',
  'phone' => '15913159968',
  'money' => '100',
  'postage' => '10',
  'type' => '1',
  'cat_id' => '37,38,39',
)
[2016-01-04 14:25:18]Info: E:\php\zao\web\main\model\ModUser.php 39
SQL: select `psw` from zao_user where `uid` = '195' limit 1(OK:0.002)
[2016-01-04 14:25:18]Info: E:\php\zao\web\main\model\ModCart.php 31
SQL: insert into `zao_cart` (`cart_id`, `uid`, `is_del`) values ('37',  '195',  '1')  on duplicate key update `cart_id`='37',  `uid`='195',  `is_del`='1' (OK:0.185)
[2016-01-04 14:25:18]Error: E:\php\zao\web\main\model\ModOrder.php 37
SQL: insert into `zao_order` (`uid`, `order_detail`, `nickname`, `address`, `consignee`, `phone`, `money`, `postage`, `cat_id`, `trade_state`, `ct`, `order_id`) values ('195',  '[{\"gid\":1,\"name\":\"\\u8863\\u670d\",\"img\":\"http://d05.res.meilishuo.net/pic/_o/5e/fc/1b0f33110e260fb4eeda54b9585c_850_850.jpeg\",\"price\":100,\"count\":1}]',  '小明',  '广州市天河区天河北路',  '小明',  '15913159968',  '100',  '10',  '37,38,39',  '1',  '1451888718',  '2016010410153101') (error：Unknown column 'cat_id' in 'field list')
[2016-01-04 14:25:18]Info: E:\php\zao\web\main\controller\CtlApi.php 24
array (
  'c' => '101',
  'd' => '支付参数错误',
  'ct' => 1451888718,
)

-----------------------------------
[2016-01-04 14:27:23] 127.0.0.1 http://zao.com/main/?ct=api&method=order.payorder
POST: array (
  'uid' => '195',
  'psw' => 'qqqqqq',
  'order_detail' => '[{"gid":1,"name":"\\u8863\\u670d","img":"http://d05.res.meilishuo.net/pic/_o/5e/fc/1b0f33110e260fb4eeda54b9585c_850_850.jpeg","price":100,"count":1}]',
  'nickname' => '小明',
  'address' => '广州市天河区天河北路',
  'consignee' => '小明',
  'phone' => '15913159968',
  'money' => '100',
  'postage' => '10',
  'type' => '1',
  'cat_id' => '37,38,39',
)
[2016-01-04 14:27:23]Info: E:\php\zao\web\main\model\ModUser.php 39
SQL: select `psw` from zao_user where `uid` = '195' limit 1(OK:0.016)
[2016-01-04 14:27:23]Info: E:\php\zao\web\main\model\ModCart.php 31
SQL: insert into `zao_cart` (`cart_id`, `uid`, `is_del`) values ('37',  '195',  '1')  on duplicate key update `cart_id`='37',  `uid`='195',  `is_del`='1' (OK:0.001)
[2016-01-04 14:27:23]Error: E:\php\zao\web\main\model\ModOrder.php 37
SQL: insert into `zao_order` (`uid`, `order_detail`, `nickname`, `address`, `consignee`, `phone`, `money`, `postage`, `cat_id`, `trade_state`, `ct`, `order_id`) values ('195',  '[{\"gid\":1,\"name\":\"\\u8863\\u670d\",\"img\":\"http://d05.res.meilishuo.net/pic/_o/5e/fc/1b0f33110e260fb4eeda54b9585c_850_850.jpeg\",\"price\":100,\"count\":1}]',  '小明',  '广州市天河区天河北路',  '小明',  '15913159968',  '100',  '10',  '37,38,39',  '1',  '1451888843',  '2016010498505510') (error：Unknown column 'cat_id' in 'field list')
[2016-01-04 14:27:23]Info: E:\php\zao\web\main\controller\CtlApi.php 24
array (
  'c' => '101',
  'd' => '支付参数错误',
  'ct' => 1451888843,
)

-----------------------------------
[2016-01-04 14:28:51] 127.0.0.1 http://zao.com/main/?ct=api&method=order.payorder
POST: array (
  'uid' => '195',
  'psw' => 'qqqqqq',
  'order_detail' => '[{"gid":1,"name":"\\u8863\\u670d","img":"http://d05.res.meilishuo.net/pic/_o/5e/fc/1b0f33110e260fb4eeda54b9585c_850_850.jpeg","price":100,"count":1}]',
  'nickname' => '小明',
  'address' => '广州市天河区天河北路',
  'consignee' => '小明',
  'phone' => '15913159968',
  'money' => '100',
  'postage' => '10',
  'type' => '1',
  'cat_id' => '37,38,39',
)
[2016-01-04 14:28:51]Info: E:\php\zao\web\main\model\ModUser.php 39
SQL: select `psw` from zao_user where `uid` = '195' limit 1(OK:0.002)
[2016-01-04 14:28:51]Info: E:\php\zao\web\main\model\ModCart.php 31
SQL: insert into `zao_cart` (`cart_id`, `uid`, `is_del`) values ('37',  '195',  '1')  on duplicate key update `cart_id`='37',  `uid`='195',  `is_del`='1' (OK:0.087)
[2016-01-04 14:28:51]Error: E:\php\zao\web\main\model\ModOrder.php 37
SQL: insert into `zao_order` (`uid`, `order_detail`, `nickname`, `address`, `consignee`, `phone`, `money`, `postage`, `cat_id`, `trade_state`, `ct`, `order_id`) values ('195',  '[{\"gid\":1,\"name\":\"\\u8863\\u670d\",\"img\":\"http://d05.res.meilishuo.net/pic/_o/5e/fc/1b0f33110e260fb4eeda54b9585c_850_850.jpeg\",\"price\":100,\"count\":1}]',  '小明',  '广州市天河区天河北路',  '小明',  '15913159968',  '100',  '10',  '37,38,39',  '1',  '1451888931',  '2016010451524848') (error：Unknown column 'cat_id' in 'field list')
[2016-01-04 14:28:51]Info: E:\php\zao\web\main\controller\CtlApi.php 24
array (
  'c' => '101',
  'd' => '支付参数错误',
  'ct' => 1451888931,
)

-----------------------------------
[2016-01-04 14:29:19] 127.0.0.1 http://zao.com/main/?ct=api&method=order.payorder
POST: array (
  'uid' => '195',
  'psw' => 'qqqqqq',
  'order_detail' => '[{"gid":1,"name":"\\u8863\\u670d","img":"http://d05.res.meilishuo.net/pic/_o/5e/fc/1b0f33110e260fb4eeda54b9585c_850_850.jpeg","price":100,"count":1}]',
  'nickname' => '小明',
  'address' => '广州市天河区天河北路',
  'consignee' => '小明',
  'phone' => '15913159968',
  'money' => '100',
  'postage' => '10',
  'type' => '1',
  'cat_id' => '37,38,39',
)
[2016-01-04 14:29:19]Info: E:\php\zao\web\main\model\ModUser.php 39
SQL: select `psw` from zao_user where `uid` = '195' limit 1(OK:0.047)
[2016-01-04 14:29:19]Info: E:\php\zao\web\main\model\ModCart.php 31
SQL: insert into `zao_cart` (`cart_id`, `uid`, `is_del`) values ('37',  '195',  '1')  on duplicate key update `cart_id`='37',  `uid`='195',  `is_del`='1' (OK:0.002)
[2016-01-04 14:29:19]Error: E:\php\zao\web\main\model\ModOrder.php 37
SQL: insert into `zao_order` (`uid`, `order_detail`, `nickname`, `address`, `consignee`, `phone`, `money`, `postage`, `cat_id`, `trade_state`, `ct`, `order_id`) values ('195',  '[{\"gid\":1,\"name\":\"\\u8863\\u670d\",\"img\":\"http://d05.res.meilishuo.net/pic/_o/5e/fc/1b0f33110e260fb4eeda54b9585c_850_850.jpeg\",\"price\":100,\"count\":1}]',  '小明',  '广州市天河区天河北路',  '小明',  '15913159968',  '100',  '10',  '37,38,39',  '1',  '1451888959',  '2016010410248101') (error：Unknown column 'cat_id' in 'field list')
[2016-01-04 14:29:19]Info: E:\php\zao\web\main\controller\CtlApi.php 24
array (
  'c' => '101',
  'd' => '支付参数错误',
  'ct' => 1451888959,
)

-----------------------------------
[2016-01-04 14:29:31] 127.0.0.1 http://zao.com/main/?ct=api&method=order.payorder
POST: array (
  'uid' => '195',
  'psw' => 'qqqqqq',
  'order_detail' => '[{"gid":1,"name":"\\u8863\\u670d","img":"http://d05.res.meilishuo.net/pic/_o/5e/fc/1b0f33110e260fb4eeda54b9585c_850_850.jpeg","price":100,"count":1}]',
  'nickname' => '小明',
  'address' => '广州市天河区天河北路',
  'consignee' => '小明',
  'phone' => '15913159968',
  'money' => '100',
  'postage' => '10',
  'type' => '1',
  'cat_id' => '37,38,39',
)
[2016-01-04 14:29:31]Info: E:\php\zao\web\main\model\ModUser.php 39
SQL: select `psw` from zao_user where `uid` = '195' limit 1(OK:0.011)
[2016-01-04 14:29:31]Info: E:\php\zao\web\main\model\ModCart.php 31
SQL: insert into `zao_cart` (`cart_id`, `uid`, `is_del`) values ('37',  '195',  '1')  on duplicate key update `cart_id`='37',  `uid`='195',  `is_del`='1' (OK:0.001)
[2016-01-04 14:29:31]Error: E:\php\zao\web\main\model\ModOrder.php 37
SQL: insert into `zao_order` (`uid`, `order_detail`, `nickname`, `address`, `consignee`, `phone`, `money`, `postage`, `cat_id`, `trade_state`, `ct`, `order_id`) values ('195',  '[{\"gid\":1,\"name\":\"\\u8863\\u670d\",\"img\":\"http://d05.res.meilishuo.net/pic/_o/5e/fc/1b0f33110e260fb4eeda54b9585c_850_850.jpeg\",\"price\":100,\"count\":1}]',  '小明',  '广州市天河区天河北路',  '小明',  '15913159968',  '100',  '10',  '37,38,39',  '1',  '1451888971',  '2016010498102495') (error：Unknown column 'cat_id' in 'field list')
[2016-01-04 14:29:31]Info: E:\php\zao\web\main\controller\CtlApi.php 24
array (
  'c' => '101',
  'd' => '支付参数错误',
  'ct' => 1451888971,
)

-----------------------------------
[2016-01-04 14:29:42] 127.0.0.1 http://zao.com/main/?ct=api&method=order.payorder
POST: array (
  'uid' => '195',
  'psw' => 'qqqqqq',
  'order_detail' => '[{"gid":1,"name":"\\u8863\\u670d","img":"http://d05.res.meilishuo.net/pic/_o/5e/fc/1b0f33110e260fb4eeda54b9585c_850_850.jpeg","price":100,"count":1}]',
  'nickname' => '小明',
  'address' => '广州市天河区天河北路',
  'consignee' => '小明',
  'phone' => '15913159968',
  'money' => '100',
  'postage' => '10',
  'type' => '1',
  'cat_id' => '37,38,39',
)
[2016-01-04 14:29:42]Info: E:\php\zao\web\main\model\ModUser.php 39
SQL: select `psw` from zao_user where `uid` = '195' limit 1(OK:0.015)
[2016-01-04 14:29:42]Info: E:\php\zao\web\main\model\ModCart.php 31
SQL: insert into `zao_cart` (`cart_id`, `uid`, `is_del`) values ('37',  '195',  '1')  on duplicate key update `cart_id`='37',  `uid`='195',  `is_del`='1' (OK:0.001)
[2016-01-04 14:29:42]Error: E:\php\zao\web\main\model\ModOrder.php 37
SQL: insert into `zao_order` (`uid`, `order_detail`, `nickname`, `address`, `consignee`, `phone`, `money`, `postage`, `cat_id`, `trade_state`, `ct`, `order_id`) values ('195',  '[{\"gid\":1,\"name\":\"\\u8863\\u670d\",\"img\":\"http://d05.res.meilishuo.net/pic/_o/5e/fc/1b0f33110e260fb4eeda54b9585c_850_850.jpeg\",\"price\":100,\"count\":1}]',  '小明',  '广州市天河区天河北路',  '小明',  '15913159968',  '100',  '10',  '37,38,39',  '1',  '1451888982',  '2016010454101505') (error：Unknown column 'cat_id' in 'field list')
[2016-01-04 14:29:42]Info: E:\php\zao\web\main\controller\CtlApi.php 24
array (
  'c' => '101',
  'd' => '支付参数错误',
  'ct' => 1451888982,
)

-----------------------------------
[2016-01-04 14:29:56] 127.0.0.1 http://zao.com/main/?ct=api&method=order.payorder
POST: array (
  'uid' => '195',
  'psw' => 'qqqqqq',
  'order_detail' => '[{"gid":1,"name":"\\u8863\\u670d","img":"http://d05.res.meilishuo.net/pic/_o/5e/fc/1b0f33110e260fb4eeda54b9585c_850_850.jpeg","price":100,"count":1}]',
  'nickname' => '小明',
  'address' => '广州市天河区天河北路',
  'consignee' => '小明',
  'phone' => '15913159968',
  'money' => '100',
  'postage' => '10',
  'type' => '1',
  'cat_id' => '37,38,39',
)
[2016-01-04 14:29:56]Info: E:\php\zao\web\main\model\ModUser.php 39
SQL: select `psw` from zao_user where `uid` = '195' limit 1(OK:0.003)
[2016-01-04 14:29:56]Info: E:\php\zao\web\main\model\ModCart.php 31
SQL: insert into `zao_cart` (`cart_id`, `uid`, `is_del`) values ('37',  '195',  '1')  on duplicate key update `cart_id`='37',  `uid`='195',  `is_del`='1' (OK:0.003)
[2016-01-04 14:29:56]Info: E:\php\zao\web\main\model\ModCart.php 31
SQL: insert into `zao_cart` (`cart_id`, `uid`, `is_del`) values ('38',  '195',  '1')  on duplicate key update `cart_id`='38',  `uid`='195',  `is_del`='1' (OK:0.059)
[2016-01-04 14:29:56]Info: E:\php\zao\web\main\model\ModCart.php 31
SQL: insert into `zao_cart` (`cart_id`, `uid`, `is_del`) values ('39',  '195',  '1')  on duplicate key update `cart_id`='39',  `uid`='195',  `is_del`='1' (OK:0.078)
[2016-01-04 14:29:56]Error: E:\php\zao\web\main\model\ModOrder.php 37
SQL: insert into `zao_order` (`uid`, `order_detail`, `nickname`, `address`, `consignee`, `phone`, `money`, `postage`, `cat_id`, `trade_state`, `ct`, `order_id`) values ('195',  '[{\"gid\":1,\"name\":\"\\u8863\\u670d\",\"img\":\"http://d05.res.meilishuo.net/pic/_o/5e/fc/1b0f33110e260fb4eeda54b9585c_850_850.jpeg\",\"price\":100,\"count\":1}]',  '小明',  '广州市天河区天河北路',  '小明',  '15913159968',  '100',  '10',  '37,38,39',  '1',  '1451888996',  '2016010452569850') (error：Unknown column 'cat_id' in 'field list')
[2016-01-04 14:29:56]Info: E:\php\zao\web\main\controller\CtlApi.php 24
array (
  'c' => '101',
  'd' => '支付参数错误',
  'ct' => 1451888996,
)

-----------------------------------
[2016-01-04 14:31:00] 127.0.0.1 http://zao.com/main/?ct=api&method=order.payorder
POST: array (
  'uid' => '195',
  'psw' => 'qqqqqq',
  'order_detail' => '[{"gid":1,"name":"\\u8863\\u670d","img":"http://d05.res.meilishuo.net/pic/_o/5e/fc/1b0f33110e260fb4eeda54b9585c_850_850.jpeg","price":100,"count":1}]',
  'nickname' => '小明',
  'address' => '广州市天河区天河北路',
  'consignee' => '小明',
  'phone' => '15913159968',
  'money' => '100',
  'postage' => '10',
  'type' => '1',
  'cat_id' => '37,38,39',
)
[2016-01-04 14:31:00]Info: E:\php\zao\web\main\model\ModUser.php 39
SQL: select `psw` from zao_user where `uid` = '195' limit 1(OK:0.001)
[2016-01-04 14:31:00]Info: E:\php\zao\web\main\model\ModCart.php 31
SQL: insert into `zao_cart` (`cart_id`, `uid`, `is_del`) values ('1',  '195',  '1')  on duplicate key update `cart_id`='1',  `uid`='195',  `is_del`='1' (OK:0.125)
[2016-01-04 14:31:00]Error: E:\php\zao\web\main\model\ModOrder.php 37
SQL: insert into `zao_order` (`uid`, `order_detail`, `nickname`, `address`, `consignee`, `phone`, `money`, `postage`, `cat_id`, `trade_state`, `ct`, `order_id`) values ('195',  '[{\"gid\":1,\"name\":\"\\u8863\\u670d\",\"img\":\"http://d05.res.meilishuo.net/pic/_o/5e/fc/1b0f33110e260fb4eeda54b9585c_850_850.jpeg\",\"price\":100,\"count\":1}]',  '小明',  '广州市天河区天河北路',  '小明',  '15913159968',  '100',  '10',  '37,38,39',  '1',  '1451889060',  '2016010452529948') (error：Unknown column 'cat_id' in 'field list')
[2016-01-04 14:31:00]Info: E:\php\zao\web\main\controller\CtlApi.php 24
array (
  'c' => '101',
  'd' => '支付参数错误',
  'ct' => 1451889060,
)

-----------------------------------
[2016-01-04 14:31:13] 127.0.0.1 http://zao.com/main/?ct=api&method=order.payorder
POST: array (
  'uid' => '195',
  'psw' => 'qqqqqq',
  'order_detail' => '[{"gid":1,"name":"\\u8863\\u670d","img":"http://d05.res.meilishuo.net/pic/_o/5e/fc/1b0f33110e260fb4eeda54b9585c_850_850.jpeg","price":100,"count":1}]',
  'nickname' => '小明',
  'address' => '广州市天河区天河北路',
  'consignee' => '小明',
  'phone' => '15913159968',
  'money' => '100',
  'postage' => '10',
  'type' => '1',
  'cat_id' => '37,38,39',
)
[2016-01-04 14:31:13]Info: E:\php\zao\web\main\model\ModUser.php 39
SQL: select `psw` from zao_user where `uid` = '195' limit 1(OK:0.051)
[2016-01-04 14:31:13]Info: E:\php\zao\web\main\model\ModCart.php 31
SQL: insert into `zao_cart` (`cart_id`, `uid`, `is_del`) values ('1',  '195',  '1')  on duplicate key update `cart_id`='1',  `uid`='195',  `is_del`='1' (OK:0)
[2016-01-04 14:31:13]Error: E:\php\zao\web\main\model\ModOrder.php 37
SQL: insert into `zao_order` (`uid`, `order_detail`, `nickname`, `address`, `consignee`, `phone`, `money`, `postage`, `cat_id`, `trade_state`, `ct`, `order_id`) values ('195',  '[{\"gid\":1,\"name\":\"\\u8863\\u670d\",\"img\":\"http://d05.res.meilishuo.net/pic/_o/5e/fc/1b0f33110e260fb4eeda54b9585c_850_850.jpeg\",\"price\":100,\"count\":1}]',  '小明',  '广州市天河区天河北路',  '小明',  '15913159968',  '100',  '10',  '37,38,39',  '1',  '1451889073',  '2016010449565457') (error：Unknown column 'cat_id' in 'field list')
[2016-01-04 14:31:13]Info: E:\php\zao\web\main\controller\CtlApi.php 24
array (
  'c' => '101',
  'd' => '支付参数错误',
  'ct' => 1451889073,
)

-----------------------------------
[2016-01-04 14:31:50] 127.0.0.1 http://zao.com/main/?ct=api&method=order.payorder
POST: array (
  'uid' => '195',
  'psw' => 'qqqqqq',
  'order_detail' => '[{"gid":1,"name":"\\u8863\\u670d","img":"http://d05.res.meilishuo.net/pic/_o/5e/fc/1b0f33110e260fb4eeda54b9585c_850_850.jpeg","price":100,"count":1}]',
  'nickname' => '小明',
  'address' => '广州市天河区天河北路',
  'consignee' => '小明',
  'phone' => '15913159968',
  'money' => '100',
  'postage' => '10',
  'type' => '1',
  'cat_id' => '37,38,39',
)
[2016-01-04 14:31:50]Info: E:\php\zao\web\main\model\ModUser.php 39
SQL: select `psw` from zao_user where `uid` = '195' limit 1(OK:0.012)
[2016-01-04 14:31:50]Info: E:\php\zao\web\main\model\ModCart.php 31
SQL: insert into `zao_cart` (`cart_id`, `uid`, `is_del`) values ('37',  '195',  '1')  on duplicate key update `cart_id`='37',  `uid`='195',  `is_del`='1' (OK:0.001)
[2016-01-04 14:31:50]Info: E:\php\zao\web\main\model\ModCart.php 31
SQL: insert into `zao_cart` (`cart_id`, `uid`, `is_del`) values ('38',  '195',  '1')  on duplicate key update `cart_id`='38',  `uid`='195',  `is_del`='1' (OK:0.001)
[2016-01-04 14:31:50]Info: E:\php\zao\web\main\model\ModCart.php 31
SQL: insert into `zao_cart` (`cart_id`, `uid`, `is_del`) values ('39',  '195',  '1')  on duplicate key update `cart_id`='39',  `uid`='195',  `is_del`='1' (OK:0.001)
[2016-01-04 14:31:50]Error: E:\php\zao\web\main\model\ModOrder.php 37
SQL: insert into `zao_order` (`uid`, `order_detail`, `nickname`, `address`, `consignee`, `phone`, `money`, `postage`, `cat_id`, `trade_state`, `ct`, `order_id`) values ('195',  '[{\"gid\":1,\"name\":\"\\u8863\\u670d\",\"img\":\"http://d05.res.meilishuo.net/pic/_o/5e/fc/1b0f33110e260fb4eeda54b9585c_850_850.jpeg\",\"price\":100,\"count\":1}]',  '小明',  '广州市天河区天河北路',  '小明',  '15913159968',  '100',  '10',  '37,38,39',  '1',  '1451889110',  '2016010454561025') (error：Unknown column 'cat_id' in 'field list')
[2016-01-04 14:31:50]Info: E:\php\zao\web\main\controller\CtlApi.php 24
array (
  'c' => '101',
  'd' => '支付参数错误',
  'ct' => 1451889110,
)

-----------------------------------
[2016-01-04 14:34:20] 127.0.0.1 http://zao.com/main/?ct=api&method=order.payorder
POST: array (
  'uid' => '195',
  'psw' => 'qqqqqq',
  'order_detail' => '[{"gid":1,"name":"\\u8863\\u670d","img":"http://d05.res.meilishuo.net/pic/_o/5e/fc/1b0f33110e260fb4eeda54b9585c_850_850.jpeg","price":100,"count":1}]',
  'nickname' => '小明',
  'address' => '广州市天河区天河北路',
  'consignee' => '小明',
  'phone' => '15913159968',
  'money' => '100',
  'postage' => '10',
  'type' => '1',
  'cat_id' => '37,38,39',
)
[2016-01-04 14:34:20]Info: E:\php\zao\web\main\model\ModUser.php 39
SQL: select `psw` from zao_user where `uid` = '195' limit 1(OK:0.04)
[2016-01-04 14:34:20]Info: E:\php\zao\web\main\model\ModCart.php 31
SQL: insert into `zao_cart` (`cart_id`, `uid`, `is_del`) values ('37',  '195',  '1')  on duplicate key update `cart_id`='37',  `uid`='195',  `is_del`='1' (OK:0.001)
[2016-01-04 14:34:20]Info: E:\php\zao\web\main\model\ModCart.php 31
SQL: insert into `zao_cart` (`cart_id`, `uid`, `is_del`) values ('38',  '195',  '1')  on duplicate key update `cart_id`='38',  `uid`='195',  `is_del`='1' (OK:0)
[2016-01-04 14:34:20]Info: E:\php\zao\web\main\model\ModCart.php 31
SQL: insert into `zao_cart` (`cart_id`, `uid`, `is_del`) values ('39',  '195',  '1')  on duplicate key update `cart_id`='39',  `uid`='195',  `is_del`='1' (OK:0.001)
[2016-01-04 14:34:20]Info: E:\php\zao\web\main\model\ModOrder.php 37
SQL: insert into `zao_order` (`uid`, `order_detail`, `nickname`, `address`, `consignee`, `phone`, `money`, `postage`, `trade_state`, `ct`, `order_id`) values ('195',  '[{\"gid\":1,\"name\":\"\\u8863\\u670d\",\"img\":\"http://d05.res.meilishuo.net/pic/_o/5e/fc/1b0f33110e260fb4eeda54b9585c_850_850.jpeg\",\"price\":100,\"count\":1}]',  '小明',  '广州市天河区天河北路',  '小明',  '15913159968',  '100',  '10',  '1',  '1451889260',  '2016010499485556') (OK:0.077)
[2016-01-04 14:34:20]Info: E:\php\zao\web\main\model\ModPay.php 17
SQL: select * from `zao_order` where `order_id`='2016010499485556' limit 1(OK:0.012)
[2016-01-04 14:34:20]Error: E:\php\zao\thirdlib\weixin\WxPay.Api.php 539
Uncaught exception 'WxPayException' with message 'curl出错，错误码:60' in E:\php\zao\thirdlib\weixin\WxPay.Api.php:539
Stack trace:
#0 E:\php\zao\thirdlib\weixin\WxPay.Api.php(51): WxPayApi::postXmlCurl('<xml><appid><![...', 'https://api.mch...', false, 6)
#1 E:\php\zao\web\main\service\SrvPayApi.php(46): WxPayApi::unifiedOrder(Object(WxPayUnifiedOrder))
#2 E:\php\zao\web\main\service\SrvOrderApi.php(66): SrvPayApi->weiXinPay(Array)
#3 E:\php\zao\web\main\service\SrvApi.php(45): SrvOrderApi->payorder(Array)
#4 E:\php\zao\web\main\controller\CtlApi.php(22): SrvApi->run('order.payorder', 'sdk', Array)
#5 E:\php\zao\lib\DM.php(174): CtlApi->index()
#6 E:\php\zao\lib\DM.php(138): D::route('api', 'index')
#7 E:\php\zao\lib\DM.php(339): D::init()
#8 E:\php\zao\web\main\index.php(11): require('E:\php\zao\lib\...')
#9 {main}
  thrown

-----------------------------------
[2016-01-04 14:34:24] 127.0.0.1 http://zao.com/main/?ct=api&method=order.payorder
POST: array (
  'uid' => '195',
  'psw' => 'qqqqqq',
  'order_detail' => '[{"gid":1,"name":"\\u8863\\u670d","img":"http://d05.res.meilishuo.net/pic/_o/5e/fc/1b0f33110e260fb4eeda54b9585c_850_850.jpeg","price":100,"count":1}]',
  'nickname' => '小明',
  'address' => '广州市天河区天河北路',
  'consignee' => '小明',
  'phone' => '15913159968',
  'money' => '100',
  'postage' => '10',
  'type' => '2',
  'cat_id' => '37,38,39',
)
[2016-01-04 14:34:24]Info: E:\php\zao\web\main\model\ModUser.php 39
SQL: select `psw` from zao_user where `uid` = '195' limit 1(OK:0.002)
[2016-01-04 14:34:24]Info: E:\php\zao\web\main\model\ModCart.php 31
SQL: insert into `zao_cart` (`cart_id`, `uid`, `is_del`) values ('37',  '195',  '1')  on duplicate key update `cart_id`='37',  `uid`='195',  `is_del`='1' (OK:0.001)
[2016-01-04 14:34:24]Info: E:\php\zao\web\main\model\ModCart.php 31
SQL: insert into `zao_cart` (`cart_id`, `uid`, `is_del`) values ('38',  '195',  '1')  on duplicate key update `cart_id`='38',  `uid`='195',  `is_del`='1' (OK:0.001)
[2016-01-04 14:34:24]Info: E:\php\zao\web\main\model\ModCart.php 31
SQL: insert into `zao_cart` (`cart_id`, `uid`, `is_del`) values ('39',  '195',  '1')  on duplicate key update `cart_id`='39',  `uid`='195',  `is_del`='1' (OK:0.002)
[2016-01-04 14:34:24]Info: E:\php\zao\web\main\model\ModOrder.php 37
SQL: insert into `zao_order` (`uid`, `order_detail`, `nickname`, `address`, `consignee`, `phone`, `money`, `postage`, `trade_state`, `ct`, `order_id`) values ('195',  '[{\"gid\":1,\"name\":\"\\u8863\\u670d\",\"img\":\"http://d05.res.meilishuo.net/pic/_o/5e/fc/1b0f33110e260fb4eeda54b9585c_850_850.jpeg\",\"price\":100,\"count\":1}]',  '小明',  '广州市天河区天河北路',  '小明',  '15913159968',  '100',  '10',  '1',  '1451889264',  '2016010448509852') (OK:0.113)
[2016-01-04 14:34:24]Info: E:\php\zao\web\main\model\ModPay.php 17
SQL: select * from `zao_order` where `order_id`='2016010448509852' limit 1(OK:0.001)
[2016-01-04 14:34:24]Info: E:\php\zao\web\main\controller\CtlApi.php 24
array (
  'c' => 0,
  'd' => '/aliqr.php?id=2016010448509852',
  'ct' => 1451889264,
)

-----------------------------------
[2016-01-04 14:50:31] 127.0.0.1 http://zao.com/main/?ct=api&method=order.payorder
POST: array (
  'uid' => '195',
  'psw' => 'qqqqqq',
  'order_detail' => '[{"gid":1,"name":"\\u8863\\u670d","img":"http://d05.res.meilishuo.net/pic/_o/5e/fc/1b0f33110e260fb4eeda54b9585c_850_850.jpeg","price":100,"count":1}]',
  'nickname' => '小明',
  'address' => '广州市天河区天河北路',
  'consignee' => '小明',
  'phone' => '15913159968',
  'money' => '100',
  'postage' => '10',
  'type' => '2',
)
[2016-01-04 14:50:31]Info: E:\php\zao\web\main\model\ModUser.php 39
SQL: select `psw` from zao_user where `uid` = '195' limit 1(OK:0.025)
[2016-01-04 14:50:31]Info: E:\php\zao\web\main\model\ModOrder.php 37
SQL: insert into `zao_order` (`uid`, `order_detail`, `nickname`, `address`, `consignee`, `phone`, `money`, `postage`, `trade_state`, `ct`, `order_id`) values ('195',  '[{\"gid\":1,\"name\":\"\\u8863\\u670d\",\"img\":\"http://d05.res.meilishuo.net/pic/_o/5e/fc/1b0f33110e260fb4eeda54b9585c_850_850.jpeg\",\"price\":100,\"count\":1}]',  '小明',  '广州市天河区天河北路',  '小明',  '15913159968',  '100',  '10',  '1',  '1451890231',  '2016010455984950') (OK:0.096)
[2016-01-04 14:50:31]Info: E:\php\zao\web\main\model\ModPay.php 17
SQL: select * from `zao_order` where `order_id`='2016010455984950' limit 1(OK:0.001)
[2016-01-04 14:50:31]Info: E:\php\zao\web\main\controller\CtlApi.php 24
array (
  'c' => 0,
  'd' => '/aliqr.php?id=2016010455984950',
  'ct' => 1451890231,
)

-----------------------------------
[2016-01-04 14:50:44] 127.0.0.1 http://zao.com/main/?ct=api&method=order.payorder
POST: array (
  'uid' => '195',
  'psw' => 'qqqqqq',
  'order_detail' => '[{"gid":1,"name":"\\u8863\\u670d","img":"http://d05.res.meilishuo.net/pic/_o/5e/fc/1b0f33110e260fb4eeda54b9585c_850_850.jpeg","price":100,"count":1}]',
  'nickname' => '小明',
  'address' => '广州市天河区天河北路',
  'consignee' => '小明',
  'phone' => '15913159968',
  'money' => '100',
  'postage' => '10',
  'type' => '1',
)
[2016-01-04 14:50:44]Info: E:\php\zao\web\main\model\ModUser.php 39
SQL: select `psw` from zao_user where `uid` = '195' limit 1(OK:0.011)
[2016-01-04 14:50:44]Info: E:\php\zao\web\main\model\ModOrder.php 37
SQL: insert into `zao_order` (`uid`, `order_detail`, `nickname`, `address`, `consignee`, `phone`, `money`, `postage`, `trade_state`, `ct`, `order_id`) values ('195',  '[{\"gid\":1,\"name\":\"\\u8863\\u670d\",\"img\":\"http://d05.res.meilishuo.net/pic/_o/5e/fc/1b0f33110e260fb4eeda54b9585c_850_850.jpeg\",\"price\":100,\"count\":1}]',  '小明',  '广州市天河区天河北路',  '小明',  '15913159968',  '100',  '10',  '1',  '1451890244',  '2016010452485710') (OK:0.13)
[2016-01-04 14:50:44]Info: E:\php\zao\web\main\model\ModPay.php 17
SQL: select * from `zao_order` where `order_id`='2016010452485710' limit 1(OK:0.002)
[2016-01-04 14:50:45]Error: E:\php\zao\thirdlib\weixin\WxPay.Api.php 539
Uncaught exception 'WxPayException' with message 'curl出错，错误码:60' in E:\php\zao\thirdlib\weixin\WxPay.Api.php:539
Stack trace:
#0 E:\php\zao\thirdlib\weixin\WxPay.Api.php(51): WxPayApi::postXmlCurl('<xml><appid><![...', 'https://api.mch...', false, 6)
#1 E:\php\zao\web\main\service\SrvPayApi.php(46): WxPayApi::unifiedOrder(Object(WxPayUnifiedOrder))
#2 E:\php\zao\web\main\service\SrvOrderApi.php(66): SrvPayApi->weiXinPay(Array)
#3 E:\php\zao\web\main\service\SrvApi.php(45): SrvOrderApi->payorder(Array)
#4 E:\php\zao\web\main\controller\CtlApi.php(22): SrvApi->run('order.payorder', 'sdk', Array)
#5 E:\php\zao\lib\DM.php(174): CtlApi->index()
#6 E:\php\zao\lib\DM.php(138): D::route('api', 'index')
#7 E:\php\zao\lib\DM.php(339): D::init()
#8 E:\php\zao\web\main\index.php(11): require('E:\php\zao\lib\...')
#9 {main}
  thrown
