
-----------------------------------
[2016-01-16 11:32:43] 127.0.0.1 http://zao.com/zao.php?ct=login&ac=login
POST: array (
  'name' => '114',
  'password' => '114',
)
[2016-01-16 11:32:43]Info: E:\php\zao\web\zao\model\ModAuth.php 25
SQL: select * from `zao_admin` where `phone` ='114' limit 1(OK:1.595)
[2016-01-16 11:32:43]Info: E:\php\zao\web\zao\model\ModAuth.php 29
SQL: update `zao_admin` set `lastLoginIP`='127.0.0.1',  `lastLoginTime`='1452915163' where `phone` = '114' (OK:0.274)

-----------------------------------
[2016-01-16 11:32:44] 127.0.0.1 http://zao.com/zao.php
COOKIE: array (
  'dm_admin_name_zao' => '114',
  'dm_admin_auth_zao' => 'd4548b79688611f32521253b728fc240',
  'dm_open_time_zao' => '1452915163',
)
[2016-01-16 11:32:44]Info: E:\php\zao\web\zao\model\ModGoods.php 31
SQL: select count(*) as c from `zao_goods` where 1 limit 1(OK:0.17)
[2016-01-16 11:32:44]Info: E:\php\zao\web\zao\model\ModGoods.php 34
SQL: select a.*, b.nickname from `zao_goods` a
left join `zao_user` b on a.uid = b.uid
where 1 
order by `ct` desc  limit 0, 10(OK:0.19)
[2016-01-16 11:32:44]Error: E:\php\zao\web\zao\index.php 14
Undefined index: ac

-----------------------------------
[2016-01-16 11:32:47] 127.0.0.1 http://zao.com/zao.php?ct=trade
COOKIE: array (
  'dm_admin_name_zao' => '114',
  'dm_admin_auth_zao' => 'd4548b79688611f32521253b728fc240',
  'dm_open_time_zao' => '1452915163',
)
[2016-01-16 11:32:47]Info: E:\php\zao\web\zao\model\ModTrade.php 41
SQL: select count(*) as c from `zao_order` where 1 limit 1(OK:0.074)
[2016-01-16 11:32:47]Info: E:\php\zao\web\zao\model\ModTrade.php 44
SQL: select * from `zao_order` where 1  order by `ct` desc  limit 0, 5(OK:0.002)
[2016-01-16 11:32:47]Error: E:\php\zao\web\zao\index.php 14
Undefined index: ac

-----------------------------------
[2016-01-16 11:32:48] 127.0.0.1 http://zao.com/zao.php?ct=trade&type=2
COOKIE: array (
  'dm_admin_name_zao' => '114',
  'dm_admin_auth_zao' => 'd4548b79688611f32521253b728fc240',
  'dm_open_time_zao' => '1452915163',
)
[2016-01-16 11:32:48]Info: E:\php\zao\web\zao\model\ModTrade.php 41
SQL: select count(*) as c from `zao_order` where 1  and `trade_state` ='2' limit 1(OK:0.002)
[2016-01-16 11:32:48]Info: E:\php\zao\web\zao\model\ModTrade.php 44
SQL: select * from `zao_order` where 1  and `trade_state` ='2' order by `ct` desc  limit 0, 5(OK:0.001)
[2016-01-16 11:32:48]Error: E:\php\zao\web\zao\index.php 14
Undefined index: ac

-----------------------------------
[2016-01-16 11:32:48] 127.0.0.1 http://zao.com/zao.php?ct=trade&type=3
COOKIE: array (
  'dm_admin_name_zao' => '114',
  'dm_admin_auth_zao' => 'd4548b79688611f32521253b728fc240',
  'dm_open_time_zao' => '1452915163',
)
[2016-01-16 11:32:48]Info: E:\php\zao\web\zao\model\ModTrade.php 41
SQL: select count(*) as c from `zao_order` where 1  and `trade_state` ='3' limit 1(OK:0.02)
[2016-01-16 11:32:48]Info: E:\php\zao\web\zao\model\ModTrade.php 44
SQL: select * from `zao_order` where 1  and `trade_state` ='3' order by `ct` desc  limit 0, 5(OK:0.001)
[2016-01-16 11:32:49]Error: E:\php\zao\web\zao\index.php 14
Undefined index: ac

-----------------------------------
[2016-01-16 11:32:49] 127.0.0.1 http://zao.com/zao.php?ct=trade&type=2
COOKIE: array (
  'dm_admin_name_zao' => '114',
  'dm_admin_auth_zao' => 'd4548b79688611f32521253b728fc240',
  'dm_open_time_zao' => '1452915163',
)
[2016-01-16 11:32:49]Info: E:\php\zao\web\zao\model\ModTrade.php 41
SQL: select count(*) as c from `zao_order` where 1  and `trade_state` ='2' limit 1(OK:0.021)
[2016-01-16 11:32:49]Info: E:\php\zao\web\zao\model\ModTrade.php 44
SQL: select * from `zao_order` where 1  and `trade_state` ='2' order by `ct` desc  limit 0, 5(OK:0.001)
[2016-01-16 11:32:49]Error: E:\php\zao\web\zao\index.php 14
Undefined index: ac

-----------------------------------
[2016-01-16 11:32:50] 127.0.0.1 http://zao.com/zao.php?ct=trade&type=3
COOKIE: array (
  'dm_admin_name_zao' => '114',
  'dm_admin_auth_zao' => 'd4548b79688611f32521253b728fc240',
  'dm_open_time_zao' => '1452915163',
)
[2016-01-16 11:32:50]Info: E:\php\zao\web\zao\model\ModTrade.php 41
SQL: select count(*) as c from `zao_order` where 1  and `trade_state` ='3' limit 1(OK:0.011)
[2016-01-16 11:32:50]Info: E:\php\zao\web\zao\model\ModTrade.php 44
SQL: select * from `zao_order` where 1  and `trade_state` ='3' order by `ct` desc  limit 0, 5(OK:0.001)
[2016-01-16 11:32:50]Error: E:\php\zao\web\zao\index.php 14
Undefined index: ac

-----------------------------------
[2016-01-16 11:32:51] 127.0.0.1 http://zao.com/zao.php?ct=trade&type=2
COOKIE: array (
  'dm_admin_name_zao' => '114',
  'dm_admin_auth_zao' => 'd4548b79688611f32521253b728fc240',
  'dm_open_time_zao' => '1452915163',
)
[2016-01-16 11:32:51]Info: E:\php\zao\web\zao\model\ModTrade.php 41
SQL: select count(*) as c from `zao_order` where 1  and `trade_state` ='2' limit 1(OK:0.012)
[2016-01-16 11:32:51]Info: E:\php\zao\web\zao\model\ModTrade.php 44
SQL: select * from `zao_order` where 1  and `trade_state` ='2' order by `ct` desc  limit 0, 5(OK:0.001)
[2016-01-16 11:32:51]Error: E:\php\zao\web\zao\index.php 14
Undefined index: ac

-----------------------------------
[2016-01-16 11:32:51] 127.0.0.1 http://zao.com/zao.php?ct=trade&type=1
COOKIE: array (
  'dm_admin_name_zao' => '114',
  'dm_admin_auth_zao' => 'd4548b79688611f32521253b728fc240',
  'dm_open_time_zao' => '1452915163',
)
[2016-01-16 11:32:51]Info: E:\php\zao\web\zao\model\ModTrade.php 41
SQL: select count(*) as c from `zao_order` where 1  and `trade_state` ='1' limit 1(OK:0.011)
[2016-01-16 11:32:51]Info: E:\php\zao\web\zao\model\ModTrade.php 44
SQL: select * from `zao_order` where 1  and `trade_state` ='1' order by `ct` desc  limit 0, 5(OK:0.001)
[2016-01-16 11:32:51]Error: E:\php\zao\web\zao\index.php 14
Undefined index: ac

-----------------------------------
[2016-01-16 11:32:52] 127.0.0.1 http://zao.com/zao.php?ct=trade
COOKIE: array (
  'dm_admin_name_zao' => '114',
  'dm_admin_auth_zao' => 'd4548b79688611f32521253b728fc240',
  'dm_open_time_zao' => '1452915163',
)
[2016-01-16 11:32:52]Info: E:\php\zao\web\zao\model\ModTrade.php 41
SQL: select count(*) as c from `zao_order` where 1 limit 1(OK:0.012)
[2016-01-16 11:32:52]Info: E:\php\zao\web\zao\model\ModTrade.php 44
SQL: select * from `zao_order` where 1  order by `ct` desc  limit 0, 5(OK:0.001)
[2016-01-16 11:32:52]Error: E:\php\zao\web\zao\index.php 14
Undefined index: ac

-----------------------------------
[2016-01-16 11:32:53] 127.0.0.1 http://zao.com/zao.php?ct=trade&type=1
COOKIE: array (
  'dm_admin_name_zao' => '114',
  'dm_admin_auth_zao' => 'd4548b79688611f32521253b728fc240',
  'dm_open_time_zao' => '1452915163',
)
[2016-01-16 11:32:53]Info: E:\php\zao\web\zao\model\ModTrade.php 41
SQL: select count(*) as c from `zao_order` where 1  and `trade_state` ='1' limit 1(OK:0.018)
[2016-01-16 11:32:53]Info: E:\php\zao\web\zao\model\ModTrade.php 44
SQL: select * from `zao_order` where 1  and `trade_state` ='1' order by `ct` desc  limit 0, 5(OK:0.001)
[2016-01-16 11:32:54]Error: E:\php\zao\web\zao\index.php 14
Undefined index: ac

-----------------------------------
[2016-01-16 11:32:54] 127.0.0.1 http://zao.com/zao.php?ct=trade&type=2
COOKIE: array (
  'dm_admin_name_zao' => '114',
  'dm_admin_auth_zao' => 'd4548b79688611f32521253b728fc240',
  'dm_open_time_zao' => '1452915163',
)
[2016-01-16 11:32:54]Info: E:\php\zao\web\zao\model\ModTrade.php 41
SQL: select count(*) as c from `zao_order` where 1  and `trade_state` ='2' limit 1(OK:0.012)
[2016-01-16 11:32:54]Info: E:\php\zao\web\zao\model\ModTrade.php 44
SQL: select * from `zao_order` where 1  and `trade_state` ='2' order by `ct` desc  limit 0, 5(OK:0)
[2016-01-16 11:32:54]Error: E:\php\zao\web\zao\index.php 14
Undefined index: ac

-----------------------------------
[2016-01-16 11:32:56] 127.0.0.1 http://zao.com/zao.php?ct=trade&type=3
COOKIE: array (
  'dm_admin_name_zao' => '114',
  'dm_admin_auth_zao' => 'd4548b79688611f32521253b728fc240',
  'dm_open_time_zao' => '1452915163',
)
[2016-01-16 11:32:56]Info: E:\php\zao\web\zao\model\ModTrade.php 41
SQL: select count(*) as c from `zao_order` where 1  and `trade_state` ='3' limit 1(OK:0.016)
[2016-01-16 11:32:56]Info: E:\php\zao\web\zao\model\ModTrade.php 44
SQL: select * from `zao_order` where 1  and `trade_state` ='3' order by `ct` desc  limit 0, 5(OK:0.001)
[2016-01-16 11:32:56]Error: E:\php\zao\web\zao\index.php 14
Undefined index: ac

-----------------------------------
[2016-01-16 11:32:57] 127.0.0.1 http://zao.com/zao.php?ct=trade&type=4
COOKIE: array (
  'dm_admin_name_zao' => '114',
  'dm_admin_auth_zao' => 'd4548b79688611f32521253b728fc240',
  'dm_open_time_zao' => '1452915163',
)
[2016-01-16 11:32:57]Info: E:\php\zao\web\zao\model\ModTrade.php 41
SQL: select count(*) as c from `zao_order` where 1  and `trade_state` ='4' limit 1(OK:0.012)
[2016-01-16 11:32:57]Info: E:\php\zao\web\zao\model\ModTrade.php 44
SQL: select * from `zao_order` where 1  and `trade_state` ='4' order by `ct` desc  limit 0, 5(OK:0.002)
[2016-01-16 11:32:57]Error: E:\php\zao\web\zao\index.php 14
Undefined index: ac

-----------------------------------
[2016-01-16 11:32:59] 127.0.0.1 http://zao.com/zao.php?ct=trade&type=3
COOKIE: array (
  'dm_admin_name_zao' => '114',
  'dm_admin_auth_zao' => 'd4548b79688611f32521253b728fc240',
  'dm_open_time_zao' => '1452915163',
)
[2016-01-16 11:32:59]Info: E:\php\zao\web\zao\model\ModTrade.php 41
SQL: select count(*) as c from `zao_order` where 1  and `trade_state` ='3' limit 1(OK:0.011)
[2016-01-16 11:32:59]Info: E:\php\zao\web\zao\model\ModTrade.php 44
SQL: select * from `zao_order` where 1  and `trade_state` ='3' order by `ct` desc  limit 0, 5(OK:0.001)
[2016-01-16 11:32:59]Error: E:\php\zao\web\zao\index.php 14
Undefined index: ac

-----------------------------------
[2016-01-16 11:33:00] 127.0.0.1 http://zao.com/zao.php?ct=trade&type=2
COOKIE: array (
  'dm_admin_name_zao' => '114',
  'dm_admin_auth_zao' => 'd4548b79688611f32521253b728fc240',
  'dm_open_time_zao' => '1452915163',
)
[2016-01-16 11:33:00]Info: E:\php\zao\web\zao\model\ModTrade.php 41
SQL: select count(*) as c from `zao_order` where 1  and `trade_state` ='2' limit 1(OK:0.01)
[2016-01-16 11:33:00]Info: E:\php\zao\web\zao\model\ModTrade.php 44
SQL: select * from `zao_order` where 1  and `trade_state` ='2' order by `ct` desc  limit 0, 5(OK:0.001)
[2016-01-16 11:33:00]Error: E:\php\zao\web\zao\index.php 14
Undefined index: ac

-----------------------------------
[2016-01-16 11:33:01] 127.0.0.1 http://zao.com/zao.php?ct=trade&type=1
COOKIE: array (
  'dm_admin_name_zao' => '114',
  'dm_admin_auth_zao' => 'd4548b79688611f32521253b728fc240',
  'dm_open_time_zao' => '1452915163',
)
[2016-01-16 11:33:01]Info: E:\php\zao\web\zao\model\ModTrade.php 41
SQL: select count(*) as c from `zao_order` where 1  and `trade_state` ='1' limit 1(OK:0.011)
[2016-01-16 11:33:01]Info: E:\php\zao\web\zao\model\ModTrade.php 44
SQL: select * from `zao_order` where 1  and `trade_state` ='1' order by `ct` desc  limit 0, 5(OK:0.001)
[2016-01-16 11:33:01]Error: E:\php\zao\web\zao\index.php 14
Undefined index: ac

-----------------------------------
[2016-01-16 11:33:01] 127.0.0.1 http://zao.com/zao.php?ct=trade&type=2
COOKIE: array (
  'dm_admin_name_zao' => '114',
  'dm_admin_auth_zao' => 'd4548b79688611f32521253b728fc240',
  'dm_open_time_zao' => '1452915163',
)
[2016-01-16 11:33:01]Info: E:\php\zao\web\zao\model\ModTrade.php 41
SQL: select count(*) as c from `zao_order` where 1  and `trade_state` ='2' limit 1(OK:0.012)
[2016-01-16 11:33:01]Info: E:\php\zao\web\zao\model\ModTrade.php 44
SQL: select * from `zao_order` where 1  and `trade_state` ='2' order by `ct` desc  limit 0, 5(OK:0.001)
[2016-01-16 11:33:01]Error: E:\php\zao\web\zao\index.php 14
Undefined index: ac

-----------------------------------
[2016-01-16 11:33:02] 127.0.0.1 http://zao.com/zao.php?ct=trade&type=3
COOKIE: array (
  'dm_admin_name_zao' => '114',
  'dm_admin_auth_zao' => 'd4548b79688611f32521253b728fc240',
  'dm_open_time_zao' => '1452915163',
)
[2016-01-16 11:33:02]Info: E:\php\zao\web\zao\model\ModTrade.php 41
SQL: select count(*) as c from `zao_order` where 1  and `trade_state` ='3' limit 1(OK:0.011)
[2016-01-16 11:33:02]Info: E:\php\zao\web\zao\model\ModTrade.php 44
SQL: select * from `zao_order` where 1  and `trade_state` ='3' order by `ct` desc  limit 0, 5(OK:0.001)
[2016-01-16 11:33:02]Error: E:\php\zao\web\zao\index.php 14
Undefined index: ac

-----------------------------------
[2016-01-16 11:33:03] 127.0.0.1 http://zao.com/zao.php?ct=trade&type=4
COOKIE: array (
  'dm_admin_name_zao' => '114',
  'dm_admin_auth_zao' => 'd4548b79688611f32521253b728fc240',
  'dm_open_time_zao' => '1452915163',
)
[2016-01-16 11:33:03]Info: E:\php\zao\web\zao\model\ModTrade.php 41
SQL: select count(*) as c from `zao_order` where 1  and `trade_state` ='4' limit 1(OK:0.012)
[2016-01-16 11:33:03]Info: E:\php\zao\web\zao\model\ModTrade.php 44
SQL: select * from `zao_order` where 1  and `trade_state` ='4' order by `ct` desc  limit 0, 5(OK:0.002)
[2016-01-16 11:33:03]Error: E:\php\zao\web\zao\index.php 14
Undefined index: ac

-----------------------------------
[2016-01-16 11:33:03] 127.0.0.1 http://zao.com/zao.php?ct=trade&type=3
COOKIE: array (
  'dm_admin_name_zao' => '114',
  'dm_admin_auth_zao' => 'd4548b79688611f32521253b728fc240',
  'dm_open_time_zao' => '1452915163',
)
[2016-01-16 11:33:03]Info: E:\php\zao\web\zao\model\ModTrade.php 41
SQL: select count(*) as c from `zao_order` where 1  and `trade_state` ='3' limit 1(OK:0.011)
[2016-01-16 11:33:03]Info: E:\php\zao\web\zao\model\ModTrade.php 44
SQL: select * from `zao_order` where 1  and `trade_state` ='3' order by `ct` desc  limit 0, 5(OK:0.001)
[2016-01-16 11:33:03]Error: E:\php\zao\web\zao\index.php 14
Undefined index: ac

-----------------------------------
[2016-01-16 11:33:37] 127.0.0.1 http://zao.com/zao.php?ct=trade&type=3
COOKIE: array (
  'dm_admin_name_zao' => '114',
  'dm_admin_auth_zao' => 'd4548b79688611f32521253b728fc240',
  'dm_open_time_zao' => '1452915163',
)
[2016-01-16 11:33:37]Info: E:\php\zao\web\zao\model\ModTrade.php 41
SQL: select count(*) as c from `zao_order` where 1  and `trade_state` ='3' limit 1(OK:0.019)
[2016-01-16 11:33:37]Info: E:\php\zao\web\zao\model\ModTrade.php 44
SQL: select * from `zao_order` where 1  and `trade_state` ='3' order by `ct` desc  limit 0, 5(OK:0.002)
[2016-01-16 11:33:37]Error: E:\php\zao\web\zao\index.php 14
Undefined index: ac

-----------------------------------
[2016-01-16 11:33:43] 127.0.0.1 http://zao.com/zao.php?ct=trade&type=2
COOKIE: array (
  'dm_admin_name_zao' => '114',
  'dm_admin_auth_zao' => 'd4548b79688611f32521253b728fc240',
  'dm_open_time_zao' => '1452915163',
)
[2016-01-16 11:33:43]Info: E:\php\zao\web\zao\model\ModTrade.php 41
SQL: select count(*) as c from `zao_order` where 1  and `trade_state` ='2' limit 1(OK:0.003)
[2016-01-16 11:33:43]Info: E:\php\zao\web\zao\model\ModTrade.php 44
SQL: select * from `zao_order` where 1  and `trade_state` ='2' order by `ct` desc  limit 0, 5(OK:0.002)
[2016-01-16 11:33:43]Error: E:\php\zao\web\zao\index.php 14
Undefined index: ac

-----------------------------------
[2016-01-16 11:33:44] 127.0.0.1 http://zao.com/zao.php?ct=trade&type=3
COOKIE: array (
  'dm_admin_name_zao' => '114',
  'dm_admin_auth_zao' => 'd4548b79688611f32521253b728fc240',
  'dm_open_time_zao' => '1452915163',
)
[2016-01-16 11:33:44]Info: E:\php\zao\web\zao\model\ModTrade.php 41
SQL: select count(*) as c from `zao_order` where 1  and `trade_state` ='3' limit 1(OK:0.004)
[2016-01-16 11:33:44]Info: E:\php\zao\web\zao\model\ModTrade.php 44
SQL: select * from `zao_order` where 1  and `trade_state` ='3' order by `ct` desc  limit 0, 5(OK:0.001)
[2016-01-16 11:33:44]Error: E:\php\zao\web\zao\index.php 14
Undefined index: ac

-----------------------------------
[2016-01-16 11:33:45] 127.0.0.1 http://zao.com/zao.php?ct=trade&type=2
COOKIE: array (
  'dm_admin_name_zao' => '114',
  'dm_admin_auth_zao' => 'd4548b79688611f32521253b728fc240',
  'dm_open_time_zao' => '1452915163',
)
[2016-01-16 11:33:45]Info: E:\php\zao\web\zao\model\ModTrade.php 41
SQL: select count(*) as c from `zao_order` where 1  and `trade_state` ='2' limit 1(OK:0.012)
[2016-01-16 11:33:45]Info: E:\php\zao\web\zao\model\ModTrade.php 44
SQL: select * from `zao_order` where 1  and `trade_state` ='2' order by `ct` desc  limit 0, 5(OK:0.001)
[2016-01-16 11:33:45]Error: E:\php\zao\web\zao\index.php 14
Undefined index: ac

-----------------------------------
[2016-01-16 11:33:46] 127.0.0.1 http://zao.com/zao.php?ct=trade&type=3
COOKIE: array (
  'dm_admin_name_zao' => '114',
  'dm_admin_auth_zao' => 'd4548b79688611f32521253b728fc240',
  'dm_open_time_zao' => '1452915163',
)
[2016-01-16 11:33:46]Info: E:\php\zao\web\zao\model\ModTrade.php 41
SQL: select count(*) as c from `zao_order` where 1  and `trade_state` ='3' limit 1(OK:0.012)
[2016-01-16 11:33:46]Info: E:\php\zao\web\zao\model\ModTrade.php 44
SQL: select * from `zao_order` where 1  and `trade_state` ='3' order by `ct` desc  limit 0, 5(OK:0.001)
[2016-01-16 11:33:46]Error: E:\php\zao\web\zao\index.php 14
Undefined index: ac

-----------------------------------
[2016-01-16 11:33:49] 127.0.0.1 http://zao.com/zao.php?ct=trade&type=4
COOKIE: array (
  'dm_admin_name_zao' => '114',
  'dm_admin_auth_zao' => 'd4548b79688611f32521253b728fc240',
  'dm_open_time_zao' => '1452915163',
)
[2016-01-16 11:33:49]Info: E:\php\zao\web\zao\model\ModTrade.php 41
SQL: select count(*) as c from `zao_order` where 1  and `trade_state` ='4' limit 1(OK:0.021)
[2016-01-16 11:33:49]Info: E:\php\zao\web\zao\model\ModTrade.php 44
SQL: select * from `zao_order` where 1  and `trade_state` ='4' order by `ct` desc  limit 0, 5(OK:0.001)
[2016-01-16 11:33:49]Error: E:\php\zao\web\zao\index.php 14
Undefined index: ac

-----------------------------------
[2016-01-16 11:33:52] 127.0.0.1 http://zao.com/zao.php?ct=trade&type=3
COOKIE: array (
  'dm_admin_name_zao' => '114',
  'dm_admin_auth_zao' => 'd4548b79688611f32521253b728fc240',
  'dm_open_time_zao' => '1452915163',
)
[2016-01-16 11:33:52]Info: E:\php\zao\web\zao\model\ModTrade.php 41
SQL: select count(*) as c from `zao_order` where 1  and `trade_state` ='3' limit 1(OK:0.024)
[2016-01-16 11:33:52]Info: E:\php\zao\web\zao\model\ModTrade.php 44
SQL: select * from `zao_order` where 1  and `trade_state` ='3' order by `ct` desc  limit 0, 5(OK:0.001)
[2016-01-16 11:33:52]Error: E:\php\zao\web\zao\index.php 14
Undefined index: ac

-----------------------------------
[2016-01-16 11:33:53] 127.0.0.1 http://zao.com/zao.php?ct=trade&type=2
COOKIE: array (
  'dm_admin_name_zao' => '114',
  'dm_admin_auth_zao' => 'd4548b79688611f32521253b728fc240',
  'dm_open_time_zao' => '1452915163',
)
[2016-01-16 11:33:53]Info: E:\php\zao\web\zao\model\ModTrade.php 41
SQL: select count(*) as c from `zao_order` where 1  and `trade_state` ='2' limit 1(OK:0.004)
[2016-01-16 11:33:53]Info: E:\php\zao\web\zao\model\ModTrade.php 44
SQL: select * from `zao_order` where 1  and `trade_state` ='2' order by `ct` desc  limit 0, 5(OK:0.002)
[2016-01-16 11:33:53]Error: E:\php\zao\web\zao\index.php 14
Undefined index: ac

-----------------------------------
[2016-01-16 11:40:21] 127.0.0.1 http://zao.com/zao.php?ct=trade&type=3
COOKIE: array (
  'dm_admin_name_zao' => '114',
  'dm_admin_auth_zao' => 'd4548b79688611f32521253b728fc240',
  'dm_open_time_zao' => '1452915163',
)
[2016-01-16 11:40:21]Info: E:\php\zao\web\zao\model\ModTrade.php 41
SQL: select count(*) as c from `zao_order` where 1  and `trade_state` ='3' limit 1(OK:0.127)
[2016-01-16 11:40:21]Info: E:\php\zao\web\zao\model\ModTrade.php 44
SQL: select * from `zao_order` where 1  and `trade_state` ='3' order by `ct` desc  limit 0, 5(OK:0.008)
[2016-01-16 11:40:21]Error: E:\php\zao\web\zao\index.php 14
Undefined index: ac

-----------------------------------
[2016-01-16 11:40:23] 127.0.0.1 http://zao.com/zao.php?ct=trade&type=2
COOKIE: array (
  'dm_admin_name_zao' => '114',
  'dm_admin_auth_zao' => 'd4548b79688611f32521253b728fc240',
  'dm_open_time_zao' => '1452915163',
)
[2016-01-16 11:40:23]Info: E:\php\zao\web\zao\model\ModTrade.php 41
SQL: select count(*) as c from `zao_order` where 1  and `trade_state` ='2' limit 1(OK:0.018)
[2016-01-16 11:40:23]Info: E:\php\zao\web\zao\model\ModTrade.php 44
SQL: select * from `zao_order` where 1  and `trade_state` ='2' order by `ct` desc  limit 0, 5(OK:0.002)
[2016-01-16 11:40:23]Error: E:\php\zao\web\zao\index.php 14
Undefined index: ac

-----------------------------------
[2016-01-16 11:40:24] 127.0.0.1 http://zao.com/zao.php?ct=trade&type=3
COOKIE: array (
  'dm_admin_name_zao' => '114',
  'dm_admin_auth_zao' => 'd4548b79688611f32521253b728fc240',
  'dm_open_time_zao' => '1452915163',
)
[2016-01-16 11:40:24]Info: E:\php\zao\web\zao\model\ModTrade.php 41
SQL: select count(*) as c from `zao_order` where 1  and `trade_state` ='3' limit 1(OK:0.012)
[2016-01-16 11:40:24]Info: E:\php\zao\web\zao\model\ModTrade.php 44
SQL: select * from `zao_order` where 1  and `trade_state` ='3' order by `ct` desc  limit 0, 5(OK:0.001)
[2016-01-16 11:40:24]Error: E:\php\zao\web\zao\index.php 14
Undefined index: ac

-----------------------------------
[2016-01-16 11:40:25] 127.0.0.1 http://zao.com/zao.php?ct=trade&type=2
COOKIE: array (
  'dm_admin_name_zao' => '114',
  'dm_admin_auth_zao' => 'd4548b79688611f32521253b728fc240',
  'dm_open_time_zao' => '1452915163',
)
[2016-01-16 11:40:25]Info: E:\php\zao\web\zao\model\ModTrade.php 41
SQL: select count(*) as c from `zao_order` where 1  and `trade_state` ='2' limit 1(OK:0.011)
[2016-01-16 11:40:25]Info: E:\php\zao\web\zao\model\ModTrade.php 44
SQL: select * from `zao_order` where 1  and `trade_state` ='2' order by `ct` desc  limit 0, 5(OK:0.001)
[2016-01-16 11:40:25]Error: E:\php\zao\web\zao\index.php 14
Undefined index: ac

-----------------------------------
[2016-01-16 11:40:27] 127.0.0.1 http://zao.com/zao.php?ct=trade&type=3
COOKIE: array (
  'dm_admin_name_zao' => '114',
  'dm_admin_auth_zao' => 'd4548b79688611f32521253b728fc240',
  'dm_open_time_zao' => '1452915163',
)
[2016-01-16 11:40:27]Info: E:\php\zao\web\zao\model\ModTrade.php 41
SQL: select count(*) as c from `zao_order` where 1  and `trade_state` ='3' limit 1(OK:0.011)
[2016-01-16 11:40:27]Info: E:\php\zao\web\zao\model\ModTrade.php 44
SQL: select * from `zao_order` where 1  and `trade_state` ='3' order by `ct` desc  limit 0, 5(OK:0.001)
[2016-01-16 11:40:27]Error: E:\php\zao\web\zao\index.php 14
Undefined index: ac

-----------------------------------
[2016-01-16 11:40:28] 127.0.0.1 http://zao.com/zao.php?ct=trade&type=2
COOKIE: array (
  'dm_admin_name_zao' => '114',
  'dm_admin_auth_zao' => 'd4548b79688611f32521253b728fc240',
  'dm_open_time_zao' => '1452915163',
)
[2016-01-16 11:40:28]Info: E:\php\zao\web\zao\model\ModTrade.php 41
SQL: select count(*) as c from `zao_order` where 1  and `trade_state` ='2' limit 1(OK:0.012)
[2016-01-16 11:40:28]Info: E:\php\zao\web\zao\model\ModTrade.php 44
SQL: select * from `zao_order` where 1  and `trade_state` ='2' order by `ct` desc  limit 0, 5(OK:0.001)
[2016-01-16 11:40:28]Error: E:\php\zao\web\zao\index.php 14
Undefined index: ac

-----------------------------------
[2016-01-16 11:40:32] 127.0.0.1 http://zao.com/zao.php?ct=trade&type=3
COOKIE: array (
  'dm_admin_name_zao' => '114',
  'dm_admin_auth_zao' => 'd4548b79688611f32521253b728fc240',
  'dm_open_time_zao' => '1452915163',
)
[2016-01-16 11:40:32]Info: E:\php\zao\web\zao\model\ModTrade.php 41
SQL: select count(*) as c from `zao_order` where 1  and `trade_state` ='3' limit 1(OK:0.012)
[2016-01-16 11:40:32]Info: E:\php\zao\web\zao\model\ModTrade.php 44
SQL: select * from `zao_order` where 1  and `trade_state` ='3' order by `ct` desc  limit 0, 5(OK:0.002)
[2016-01-16 11:40:32]Error: E:\php\zao\web\zao\index.php 14
Undefined index: ac

-----------------------------------
[2016-01-16 11:41:05] 127.0.0.1 http://zao.com/zao.php?ct=trade&type=4
COOKIE: array (
  'dm_admin_name_zao' => '114',
  'dm_admin_auth_zao' => 'd4548b79688611f32521253b728fc240',
  'dm_open_time_zao' => '1452915163',
)
[2016-01-16 11:41:05]Info: E:\php\zao\web\zao\model\ModTrade.php 41
SQL: select count(*) as c from `zao_order` where 1  and `trade_state` ='4' limit 1(OK:0.012)
[2016-01-16 11:41:05]Info: E:\php\zao\web\zao\model\ModTrade.php 44
SQL: select * from `zao_order` where 1  and `trade_state` ='4' order by `ct` desc  limit 0, 5(OK:0.001)
[2016-01-16 11:41:05]Error: E:\php\zao\web\zao\index.php 14
Undefined index: ac

-----------------------------------
[2016-01-16 11:41:06] 127.0.0.1 http://zao.com/zao.php?ct=trade&type=3
COOKIE: array (
  'dm_admin_name_zao' => '114',
  'dm_admin_auth_zao' => 'd4548b79688611f32521253b728fc240',
  'dm_open_time_zao' => '1452915163',
)
[2016-01-16 11:41:06]Info: E:\php\zao\web\zao\model\ModTrade.php 41
SQL: select count(*) as c from `zao_order` where 1  and `trade_state` ='3' limit 1(OK:0.016)
[2016-01-16 11:41:06]Info: E:\php\zao\web\zao\model\ModTrade.php 44
SQL: select * from `zao_order` where 1  and `trade_state` ='3' order by `ct` desc  limit 0, 5(OK:0.047)
[2016-01-16 11:41:06]Error: E:\php\zao\web\zao\index.php 14
Undefined index: ac

-----------------------------------
[2016-01-16 11:41:07] 127.0.0.1 http://zao.com/zao.php?ct=trade&type=4
COOKIE: array (
  'dm_admin_name_zao' => '114',
  'dm_admin_auth_zao' => 'd4548b79688611f32521253b728fc240',
  'dm_open_time_zao' => '1452915163',
)
[2016-01-16 11:41:07]Info: E:\php\zao\web\zao\model\ModTrade.php 41
SQL: select count(*) as c from `zao_order` where 1  and `trade_state` ='4' limit 1(OK:0.012)
[2016-01-16 11:41:07]Info: E:\php\zao\web\zao\model\ModTrade.php 44
SQL: select * from `zao_order` where 1  and `trade_state` ='4' order by `ct` desc  limit 0, 5(OK:0.001)
[2016-01-16 11:41:07]Error: E:\php\zao\web\zao\index.php 14
Undefined index: ac

-----------------------------------
[2016-01-16 11:41:07] 127.0.0.1 http://zao.com/zao.php?ct=trade&type=3
COOKIE: array (
  'dm_admin_name_zao' => '114',
  'dm_admin_auth_zao' => 'd4548b79688611f32521253b728fc240',
  'dm_open_time_zao' => '1452915163',
)
[2016-01-16 11:41:07]Info: E:\php\zao\web\zao\model\ModTrade.php 41
SQL: select count(*) as c from `zao_order` where 1  and `trade_state` ='3' limit 1(OK:0.016)
[2016-01-16 11:41:07]Info: E:\php\zao\web\zao\model\ModTrade.php 44
SQL: select * from `zao_order` where 1  and `trade_state` ='3' order by `ct` desc  limit 0, 5(OK:0.007)
[2016-01-16 11:41:07]Error: E:\php\zao\web\zao\index.php 14
Undefined index: ac

-----------------------------------
[2016-01-16 11:41:08] 127.0.0.1 http://zao.com/zao.php?ct=trade&type=2
COOKIE: array (
  'dm_admin_name_zao' => '114',
  'dm_admin_auth_zao' => 'd4548b79688611f32521253b728fc240',
  'dm_open_time_zao' => '1452915163',
)
[2016-01-16 11:41:08]Info: E:\php\zao\web\zao\model\ModTrade.php 41
SQL: select count(*) as c from `zao_order` where 1  and `trade_state` ='2' limit 1(OK:0.002)
[2016-01-16 11:41:08]Info: E:\php\zao\web\zao\model\ModTrade.php 44
SQL: select * from `zao_order` where 1  and `trade_state` ='2' order by `ct` desc  limit 0, 5(OK:0.001)
[2016-01-16 11:41:08]Error: E:\php\zao\web\zao\index.php 14
Undefined index: ac

-----------------------------------
[2016-01-16 11:41:09] 127.0.0.1 http://zao.com/zao.php?ct=trade&type=3
COOKIE: array (
  'dm_admin_name_zao' => '114',
  'dm_admin_auth_zao' => 'd4548b79688611f32521253b728fc240',
  'dm_open_time_zao' => '1452915163',
)
[2016-01-16 11:41:09]Info: E:\php\zao\web\zao\model\ModTrade.php 41
SQL: select count(*) as c from `zao_order` where 1  and `trade_state` ='3' limit 1(OK:0.001)
[2016-01-16 11:41:09]Info: E:\php\zao\web\zao\model\ModTrade.php 44
SQL: select * from `zao_order` where 1  and `trade_state` ='3' order by `ct` desc  limit 0, 5(OK:0.001)
[2016-01-16 11:41:09]Error: E:\php\zao\web\zao\index.php 14
Undefined index: ac

-----------------------------------
[2016-01-16 11:41:10] 127.0.0.1 http://zao.com/zao.php?ct=trade&type=4
COOKIE: array (
  'dm_admin_name_zao' => '114',
  'dm_admin_auth_zao' => 'd4548b79688611f32521253b728fc240',
  'dm_open_time_zao' => '1452915163',
)
[2016-01-16 11:41:10]Info: E:\php\zao\web\zao\model\ModTrade.php 41
SQL: select count(*) as c from `zao_order` where 1  and `trade_state` ='4' limit 1(OK:0.012)
[2016-01-16 11:41:10]Info: E:\php\zao\web\zao\model\ModTrade.php 44
SQL: select * from `zao_order` where 1  and `trade_state` ='4' order by `ct` desc  limit 0, 5(OK:0.001)
[2016-01-16 11:41:10]Error: E:\php\zao\web\zao\index.php 14
Undefined index: ac

-----------------------------------
[2016-01-16 11:44:21] 127.0.0.1 http://zao.com/zao.php?ct=trade&type=4
COOKIE: array (
  'dm_admin_name_zao' => '114',
  'dm_admin_auth_zao' => 'd4548b79688611f32521253b728fc240',
  'dm_open_time_zao' => '1452915163',
)
[2016-01-16 11:44:21]Info: E:\php\zao\web\zao\model\ModTrade.php 41
SQL: select count(*) as c from `zao_order` where 1  and `trade_state` ='4' limit 1(OK:0.027)
[2016-01-16 11:44:21]Info: E:\php\zao\web\zao\model\ModTrade.php 44
SQL: select * from `zao_order` where 1  and `trade_state` ='4' order by `ct` desc  limit 0, 5(OK:0.001)
[2016-01-16 11:44:21]Error: E:\php\zao\web\zao\index.php 14
Undefined index: ac

-----------------------------------
[2016-01-16 11:44:22] 127.0.0.1 http://zao.com/zao.php?ct=trade&type=3
COOKIE: array (
  'dm_admin_name_zao' => '114',
  'dm_admin_auth_zao' => 'd4548b79688611f32521253b728fc240',
  'dm_open_time_zao' => '1452915163',
)
[2016-01-16 11:44:22]Info: E:\php\zao\web\zao\model\ModTrade.php 41
SQL: select count(*) as c from `zao_order` where 1  and `trade_state` ='3' limit 1(OK:0.004)
[2016-01-16 11:44:22]Info: E:\php\zao\web\zao\model\ModTrade.php 44
SQL: select * from `zao_order` where 1  and `trade_state` ='3' order by `ct` desc  limit 0, 5(OK:0)
[2016-01-16 11:44:22]Error: E:\php\zao\web\zao\index.php 14
Undefined index: ac

-----------------------------------
[2016-01-16 11:44:22] 127.0.0.1 http://zao.com/zao.php?ct=trade&type=3
COOKIE: array (
  'dm_admin_name_zao' => '114',
  'dm_admin_auth_zao' => 'd4548b79688611f32521253b728fc240',
  'dm_open_time_zao' => '1452915163',
)
[2016-01-16 11:44:22]Info: E:\php\zao\web\zao\model\ModTrade.php 41
SQL: select count(*) as c from `zao_order` where 1  and `trade_state` ='3' limit 1(OK:0.019)
[2016-01-16 11:44:22]Info: E:\php\zao\web\zao\model\ModTrade.php 44
SQL: select * from `zao_order` where 1  and `trade_state` ='3' order by `ct` desc  limit 0, 5(OK:0.001)
[2016-01-16 11:44:22]Error: E:\php\zao\web\zao\index.php 14
Undefined index: ac

-----------------------------------
[2016-01-16 11:44:24] 127.0.0.1 http://zao.com/zao.php?ct=trade&type=4
COOKIE: array (
  'dm_admin_name_zao' => '114',
  'dm_admin_auth_zao' => 'd4548b79688611f32521253b728fc240',
  'dm_open_time_zao' => '1452915163',
)
[2016-01-16 11:44:24]Info: E:\php\zao\web\zao\model\ModTrade.php 41
SQL: select count(*) as c from `zao_order` where 1  and `trade_state` ='4' limit 1(OK:0.003)
[2016-01-16 11:44:24]Info: E:\php\zao\web\zao\model\ModTrade.php 44
SQL: select * from `zao_order` where 1  and `trade_state` ='4' order by `ct` desc  limit 0, 5(OK:0.001)
[2016-01-16 11:44:24]Error: E:\php\zao\web\zao\index.php 14
Undefined index: ac

-----------------------------------
[2016-01-16 11:44:25] 127.0.0.1 http://zao.com/zao.php?ct=trade&type=3
COOKIE: array (
  'dm_admin_name_zao' => '114',
  'dm_admin_auth_zao' => 'd4548b79688611f32521253b728fc240',
  'dm_open_time_zao' => '1452915163',
)
[2016-01-16 11:44:25]Info: E:\php\zao\web\zao\model\ModTrade.php 41
SQL: select count(*) as c from `zao_order` where 1  and `trade_state` ='3' limit 1(OK:0.011)
[2016-01-16 11:44:25]Info: E:\php\zao\web\zao\model\ModTrade.php 44
SQL: select * from `zao_order` where 1  and `trade_state` ='3' order by `ct` desc  limit 0, 5(OK:0)
[2016-01-16 11:44:25]Error: E:\php\zao\web\zao\index.php 14
Undefined index: ac

-----------------------------------
[2016-01-16 11:44:26] 127.0.0.1 http://zao.com/zao.php?ct=trade&type=4
COOKIE: array (
  'dm_admin_name_zao' => '114',
  'dm_admin_auth_zao' => 'd4548b79688611f32521253b728fc240',
  'dm_open_time_zao' => '1452915163',
)
[2016-01-16 11:44:26]Info: E:\php\zao\web\zao\model\ModTrade.php 41
SQL: select count(*) as c from `zao_order` where 1  and `trade_state` ='4' limit 1(OK:0.003)
[2016-01-16 11:44:26]Info: E:\php\zao\web\zao\model\ModTrade.php 44
SQL: select * from `zao_order` where 1  and `trade_state` ='4' order by `ct` desc  limit 0, 5(OK:0.002)
[2016-01-16 11:44:26]Error: E:\php\zao\web\zao\index.php 14
Undefined index: ac

-----------------------------------
[2016-01-16 11:44:27] 127.0.0.1 http://zao.com/zao.php?ct=trade&type=3
COOKIE: array (
  'dm_admin_name_zao' => '114',
  'dm_admin_auth_zao' => 'd4548b79688611f32521253b728fc240',
  'dm_open_time_zao' => '1452915163',
)
[2016-01-16 11:44:27]Info: E:\php\zao\web\zao\model\ModTrade.php 41
SQL: select count(*) as c from `zao_order` where 1  and `trade_state` ='3' limit 1(OK:0.011)
[2016-01-16 11:44:27]Info: E:\php\zao\web\zao\model\ModTrade.php 44
SQL: select * from `zao_order` where 1  and `trade_state` ='3' order by `ct` desc  limit 0, 5(OK:0.001)
[2016-01-16 11:44:27]Error: E:\php\zao\web\zao\index.php 14
Undefined index: ac

-----------------------------------
[2016-01-16 11:44:27] 127.0.0.1 http://zao.com/zao.php?ct=trade&type=2
COOKIE: array (
  'dm_admin_name_zao' => '114',
  'dm_admin_auth_zao' => 'd4548b79688611f32521253b728fc240',
  'dm_open_time_zao' => '1452915163',
)
[2016-01-16 11:44:27]Info: E:\php\zao\web\zao\model\ModTrade.php 41
SQL: select count(*) as c from `zao_order` where 1  and `trade_state` ='2' limit 1(OK:0.016)
[2016-01-16 11:44:27]Info: E:\php\zao\web\zao\model\ModTrade.php 44
SQL: select * from `zao_order` where 1  and `trade_state` ='2' order by `ct` desc  limit 0, 5(OK:0.001)
[2016-01-16 11:44:28]Error: E:\php\zao\web\zao\index.php 14
Undefined index: ac

-----------------------------------
[2016-01-16 11:44:29] 127.0.0.1 http://zao.com/zao.php?ct=trade&type=3
COOKIE: array (
  'dm_admin_name_zao' => '114',
  'dm_admin_auth_zao' => 'd4548b79688611f32521253b728fc240',
  'dm_open_time_zao' => '1452915163',
)
[2016-01-16 11:44:29]Info: E:\php\zao\web\zao\model\ModTrade.php 41
SQL: select count(*) as c from `zao_order` where 1  and `trade_state` ='3' limit 1(OK:0.011)
[2016-01-16 11:44:29]Info: E:\php\zao\web\zao\model\ModTrade.php 44
SQL: select * from `zao_order` where 1  and `trade_state` ='3' order by `ct` desc  limit 0, 5(OK:0.001)
[2016-01-16 11:44:30]Error: E:\php\zao\web\zao\index.php 14
Undefined index: ac

-----------------------------------
[2016-01-16 11:44:30] 127.0.0.1 http://zao.com/zao.php?ct=trade&type=4
COOKIE: array (
  'dm_admin_name_zao' => '114',
  'dm_admin_auth_zao' => 'd4548b79688611f32521253b728fc240',
  'dm_open_time_zao' => '1452915163',
)
[2016-01-16 11:44:30]Info: E:\php\zao\web\zao\model\ModTrade.php 41
SQL: select count(*) as c from `zao_order` where 1  and `trade_state` ='4' limit 1(OK:0.012)
[2016-01-16 11:44:30]Info: E:\php\zao\web\zao\model\ModTrade.php 44
SQL: select * from `zao_order` where 1  and `trade_state` ='4' order by `ct` desc  limit 0, 5(OK:0.001)
[2016-01-16 11:44:30]Error: E:\php\zao\web\zao\index.php 14
Undefined index: ac

-----------------------------------
[2016-01-16 11:44:36] 127.0.0.1 http://zao.com/zao.php?ct=trade&type=3
COOKIE: array (
  'dm_admin_name_zao' => '114',
  'dm_admin_auth_zao' => 'd4548b79688611f32521253b728fc240',
  'dm_open_time_zao' => '1452915163',
)
[2016-01-16 11:44:36]Info: E:\php\zao\web\zao\model\ModTrade.php 41
SQL: select count(*) as c from `zao_order` where 1  and `trade_state` ='3' limit 1(OK:0.012)
[2016-01-16 11:44:36]Info: E:\php\zao\web\zao\model\ModTrade.php 44
SQL: select * from `zao_order` where 1  and `trade_state` ='3' order by `ct` desc  limit 0, 5(OK:0.001)
[2016-01-16 11:44:36]Error: E:\php\zao\web\zao\index.php 14
Undefined index: ac

-----------------------------------
[2016-01-16 11:44:38] 127.0.0.1 http://zao.com/zao.php?ct=trade&type=4
COOKIE: array (
  'dm_admin_name_zao' => '114',
  'dm_admin_auth_zao' => 'd4548b79688611f32521253b728fc240',
  'dm_open_time_zao' => '1452915163',
)
[2016-01-16 11:44:38]Info: E:\php\zao\web\zao\model\ModTrade.php 41
SQL: select count(*) as c from `zao_order` where 1  and `trade_state` ='4' limit 1(OK:0.012)
[2016-01-16 11:44:38]Info: E:\php\zao\web\zao\model\ModTrade.php 44
SQL: select * from `zao_order` where 1  and `trade_state` ='4' order by `ct` desc  limit 0, 5(OK:0.001)
[2016-01-16 11:44:38]Error: E:\php\zao\web\zao\index.php 14
Undefined index: ac

-----------------------------------
[2016-01-16 11:44:53] 127.0.0.1 http://zao.com/zao.php?ct=trade&type=3
COOKIE: array (
  'dm_admin_name_zao' => '114',
  'dm_admin_auth_zao' => 'd4548b79688611f32521253b728fc240',
  'dm_open_time_zao' => '1452915163',
)
[2016-01-16 11:44:53]Info: E:\php\zao\web\zao\model\ModTrade.php 41
SQL: select count(*) as c from `zao_order` where 1  and `trade_state` ='3' limit 1(OK:0.012)
[2016-01-16 11:44:53]Info: E:\php\zao\web\zao\model\ModTrade.php 44
SQL: select * from `zao_order` where 1  and `trade_state` ='3' order by `ct` desc  limit 0, 5(OK:0.001)
[2016-01-16 11:44:53]Error: E:\php\zao\web\zao\index.php 14
Undefined index: ac

-----------------------------------
[2016-01-16 11:45:00] 127.0.0.1 http://zao.com/zao.php?ct=trade&type=4
COOKIE: array (
  'dm_admin_name_zao' => '114',
  'dm_admin_auth_zao' => 'd4548b79688611f32521253b728fc240',
  'dm_open_time_zao' => '1452915163',
)
[2016-01-16 11:45:00]Info: E:\php\zao\web\zao\model\ModTrade.php 41
SQL: select count(*) as c from `zao_order` where 1  and `trade_state` ='4' limit 1(OK:0.019)
[2016-01-16 11:45:00]Info: E:\php\zao\web\zao\model\ModTrade.php 44
SQL: select * from `zao_order` where 1  and `trade_state` ='4' order by `ct` desc  limit 0, 5(OK:0.003)
[2016-01-16 11:45:00]Error: E:\php\zao\web\zao\index.php 14
Undefined index: ac

-----------------------------------
[2016-01-16 11:45:00] 127.0.0.1 http://zao.com/zao.php?ct=trade&type=3
COOKIE: array (
  'dm_admin_name_zao' => '114',
  'dm_admin_auth_zao' => 'd4548b79688611f32521253b728fc240',
  'dm_open_time_zao' => '1452915163',
)
[2016-01-16 11:45:00]Info: E:\php\zao\web\zao\model\ModTrade.php 41
SQL: select count(*) as c from `zao_order` where 1  and `trade_state` ='3' limit 1(OK:0.011)
[2016-01-16 11:45:00]Info: E:\php\zao\web\zao\model\ModTrade.php 44
SQL: select * from `zao_order` where 1  and `trade_state` ='3' order by `ct` desc  limit 0, 5(OK:0.001)
[2016-01-16 11:45:00]Error: E:\php\zao\web\zao\index.php 14
Undefined index: ac

-----------------------------------
[2016-01-16 11:45:05] 127.0.0.1 http://zao.com/zao.php?ct=trade&type=3
COOKIE: array (
  'dm_admin_name_zao' => '114',
  'dm_admin_auth_zao' => 'd4548b79688611f32521253b728fc240',
  'dm_open_time_zao' => '1452915163',
)
[2016-01-16 11:45:05]Info: E:\php\zao\web\zao\model\ModTrade.php 41
SQL: select count(*) as c from `zao_order` where 1  and `trade_state` ='3' limit 1(OK:0.012)
[2016-01-16 11:45:05]Info: E:\php\zao\web\zao\model\ModTrade.php 44
SQL: select * from `zao_order` where 1  and `trade_state` ='3' order by `ct` desc  limit 0, 5(OK:0.001)
[2016-01-16 11:45:05]Error: E:\php\zao\web\zao\index.php 14
Undefined index: ac

-----------------------------------
[2016-01-16 11:45:06] 127.0.0.1 http://zao.com/zao.php?ct=trade&type=4
COOKIE: array (
  'dm_admin_name_zao' => '114',
  'dm_admin_auth_zao' => 'd4548b79688611f32521253b728fc240',
  'dm_open_time_zao' => '1452915163',
)
[2016-01-16 11:45:06]Info: E:\php\zao\web\zao\model\ModTrade.php 41
SQL: select count(*) as c from `zao_order` where 1  and `trade_state` ='4' limit 1(OK:0.012)
[2016-01-16 11:45:06]Info: E:\php\zao\web\zao\model\ModTrade.php 44
SQL: select * from `zao_order` where 1  and `trade_state` ='4' order by `ct` desc  limit 0, 5(OK:0.001)
[2016-01-16 11:45:06]Error: E:\php\zao\web\zao\index.php 14
Undefined index: ac

-----------------------------------
[2016-01-16 11:45:07] 127.0.0.1 http://zao.com/zao.php?ct=trade&type=2
COOKIE: array (
  'dm_admin_name_zao' => '114',
  'dm_admin_auth_zao' => 'd4548b79688611f32521253b728fc240',
  'dm_open_time_zao' => '1452915163',
)
[2016-01-16 11:45:07]Info: E:\php\zao\web\zao\model\ModTrade.php 41
SQL: select count(*) as c from `zao_order` where 1  and `trade_state` ='2' limit 1(OK:0.011)
[2016-01-16 11:45:07]Info: E:\php\zao\web\zao\model\ModTrade.php 44
SQL: select * from `zao_order` where 1  and `trade_state` ='2' order by `ct` desc  limit 0, 5(OK:0.001)
[2016-01-16 11:45:07]Error: E:\php\zao\web\zao\index.php 14
Undefined index: ac

-----------------------------------
[2016-01-16 11:45:08] 127.0.0.1 http://zao.com/zao.php?ct=trade&type=3
COOKIE: array (
  'dm_admin_name_zao' => '114',
  'dm_admin_auth_zao' => 'd4548b79688611f32521253b728fc240',
  'dm_open_time_zao' => '1452915163',
)
[2016-01-16 11:45:08]Info: E:\php\zao\web\zao\model\ModTrade.php 41
SQL: select count(*) as c from `zao_order` where 1  and `trade_state` ='3' limit 1(OK:0.012)
[2016-01-16 11:45:08]Info: E:\php\zao\web\zao\model\ModTrade.php 44
SQL: select * from `zao_order` where 1  and `trade_state` ='3' order by `ct` desc  limit 0, 5(OK:0.001)
[2016-01-16 11:45:08]Error: E:\php\zao\web\zao\index.php 14
Undefined index: ac

-----------------------------------
[2016-01-16 11:45:10] 127.0.0.1 http://zao.com/zao.php?ct=trade&type=2
COOKIE: array (
  'dm_admin_name_zao' => '114',
  'dm_admin_auth_zao' => 'd4548b79688611f32521253b728fc240',
  'dm_open_time_zao' => '1452915163',
)
[2016-01-16 11:45:10]Info: E:\php\zao\web\zao\model\ModTrade.php 41
SQL: select count(*) as c from `zao_order` where 1  and `trade_state` ='2' limit 1(OK:0.012)
[2016-01-16 11:45:10]Info: E:\php\zao\web\zao\model\ModTrade.php 44
SQL: select * from `zao_order` where 1  and `trade_state` ='2' order by `ct` desc  limit 0, 5(OK:0.001)
[2016-01-16 11:45:10]Error: E:\php\zao\web\zao\index.php 14
Undefined index: ac

-----------------------------------
[2016-01-16 11:45:10] 127.0.0.1 http://zao.com/zao.php?ct=trade&type=3
COOKIE: array (
  'dm_admin_name_zao' => '114',
  'dm_admin_auth_zao' => 'd4548b79688611f32521253b728fc240',
  'dm_open_time_zao' => '1452915163',
)
[2016-01-16 11:45:10]Info: E:\php\zao\web\zao\model\ModTrade.php 41
SQL: select count(*) as c from `zao_order` where 1  and `trade_state` ='3' limit 1(OK:0.012)
[2016-01-16 11:45:10]Info: E:\php\zao\web\zao\model\ModTrade.php 44
SQL: select * from `zao_order` where 1  and `trade_state` ='3' order by `ct` desc  limit 0, 5(OK:0.001)
[2016-01-16 11:45:10]Error: E:\php\zao\web\zao\index.php 14
Undefined index: ac

-----------------------------------
[2016-01-16 11:45:12] 127.0.0.1 http://zao.com/zao.php?ct=trade&type=2
COOKIE: array (
  'dm_admin_name_zao' => '114',
  'dm_admin_auth_zao' => 'd4548b79688611f32521253b728fc240',
  'dm_open_time_zao' => '1452915163',
)
[2016-01-16 11:45:12]Info: E:\php\zao\web\zao\model\ModTrade.php 41
SQL: select count(*) as c from `zao_order` where 1  and `trade_state` ='2' limit 1(OK:0.011)
[2016-01-16 11:45:12]Info: E:\php\zao\web\zao\model\ModTrade.php 44
SQL: select * from `zao_order` where 1  and `trade_state` ='2' order by `ct` desc  limit 0, 5(OK:0.001)
[2016-01-16 11:45:12]Error: E:\php\zao\web\zao\index.php 14
Undefined index: ac

-----------------------------------
[2016-01-16 11:45:15] 127.0.0.1 http://zao.com/zao.php?ct=trade&type=3
COOKIE: array (
  'dm_admin_name_zao' => '114',
  'dm_admin_auth_zao' => 'd4548b79688611f32521253b728fc240',
  'dm_open_time_zao' => '1452915163',
)
[2016-01-16 11:45:15]Info: E:\php\zao\web\zao\model\ModTrade.php 41
SQL: select count(*) as c from `zao_order` where 1  and `trade_state` ='3' limit 1(OK:0.014)
[2016-01-16 11:45:15]Info: E:\php\zao\web\zao\model\ModTrade.php 44
SQL: select * from `zao_order` where 1  and `trade_state` ='3' order by `ct` desc  limit 0, 5(OK:0.001)
[2016-01-16 11:45:15]Error: E:\php\zao\web\zao\index.php 14
Undefined index: ac

-----------------------------------
[2016-01-16 11:45:20] 127.0.0.1 http://zao.com/zao.php?ct=trade&type=4
COOKIE: array (
  'dm_admin_name_zao' => '114',
  'dm_admin_auth_zao' => 'd4548b79688611f32521253b728fc240',
  'dm_open_time_zao' => '1452915163',
)
[2016-01-16 11:45:20]Info: E:\php\zao\web\zao\model\ModTrade.php 41
SQL: select count(*) as c from `zao_order` where 1  and `trade_state` ='4' limit 1(OK:0.012)
[2016-01-16 11:45:20]Info: E:\php\zao\web\zao\model\ModTrade.php 44
SQL: select * from `zao_order` where 1  and `trade_state` ='4' order by `ct` desc  limit 0, 5(OK:0.002)
[2016-01-16 11:45:20]Error: E:\php\zao\web\zao\index.php 14
Undefined index: ac

-----------------------------------
[2016-01-16 11:45:48] 127.0.0.1 http://zao.com/zao.php?ct=trade&type=4
COOKIE: array (
  'dm_admin_name_zao' => '114',
  'dm_admin_auth_zao' => 'd4548b79688611f32521253b728fc240',
  'dm_open_time_zao' => '1452915163',
)
[2016-01-16 11:45:48]Info: E:\php\zao\web\zao\model\ModTrade.php 41
SQL: select count(*) as c from `zao_order` where 1  and `trade_state` ='4' limit 1(OK:0.021)
[2016-01-16 11:45:48]Info: E:\php\zao\web\zao\model\ModTrade.php 44
SQL: select * from `zao_order` where 1  and `trade_state` ='4' order by `ct` desc  limit 0, 5(OK:0.002)
[2016-01-16 11:45:48]Error: E:\php\zao\web\zao\index.php 14
Undefined index: ac

-----------------------------------
[2016-01-16 11:45:58] 127.0.0.1 http://zao.com/zao.php?ct=trade&type=3
COOKIE: array (
  'dm_admin_name_zao' => '114',
  'dm_admin_auth_zao' => 'd4548b79688611f32521253b728fc240',
  'dm_open_time_zao' => '1452915163',
)
[2016-01-16 11:45:58]Info: E:\php\zao\web\zao\model\ModTrade.php 41
SQL: select count(*) as c from `zao_order` where 1  and `trade_state` ='3' limit 1(OK:0.012)
[2016-01-16 11:45:58]Info: E:\php\zao\web\zao\model\ModTrade.php 44
SQL: select * from `zao_order` where 1  and `trade_state` ='3' order by `ct` desc  limit 0, 5(OK:0.001)
[2016-01-16 11:45:58]Error: E:\php\zao\web\zao\index.php 14
Undefined index: ac

-----------------------------------
[2016-01-16 11:45:59] 127.0.0.1 http://zao.com/zao.php?ct=trade&type=4
COOKIE: array (
  'dm_admin_name_zao' => '114',
  'dm_admin_auth_zao' => 'd4548b79688611f32521253b728fc240',
  'dm_open_time_zao' => '1452915163',
)
[2016-01-16 11:45:59]Info: E:\php\zao\web\zao\model\ModTrade.php 41
SQL: select count(*) as c from `zao_order` where 1  and `trade_state` ='4' limit 1(OK:0.015)
[2016-01-16 11:45:59]Info: E:\php\zao\web\zao\model\ModTrade.php 44
SQL: select * from `zao_order` where 1  and `trade_state` ='4' order by `ct` desc  limit 0, 5(OK:0.001)
[2016-01-16 11:45:59]Error: E:\php\zao\web\zao\index.php 14
Undefined index: ac

-----------------------------------
[2016-01-16 11:45:59] 127.0.0.1 http://zao.com/zao.php?ct=trade&type=3
COOKIE: array (
  'dm_admin_name_zao' => '114',
  'dm_admin_auth_zao' => 'd4548b79688611f32521253b728fc240',
  'dm_open_time_zao' => '1452915163',
)
[2016-01-16 11:45:59]Info: E:\php\zao\web\zao\model\ModTrade.php 41
SQL: select count(*) as c from `zao_order` where 1  and `trade_state` ='3' limit 1(OK:0.011)
[2016-01-16 11:45:59]Info: E:\php\zao\web\zao\model\ModTrade.php 44
SQL: select * from `zao_order` where 1  and `trade_state` ='3' order by `ct` desc  limit 0, 5(OK:0)
[2016-01-16 11:45:59]Error: E:\php\zao\web\zao\index.php 14
Undefined index: ac

-----------------------------------
[2016-01-16 11:46:00] 127.0.0.1 http://zao.com/zao.php?ct=trade&type=2
COOKIE: array (
  'dm_admin_name_zao' => '114',
  'dm_admin_auth_zao' => 'd4548b79688611f32521253b728fc240',
  'dm_open_time_zao' => '1452915163',
)
[2016-01-16 11:46:00]Info: E:\php\zao\web\zao\model\ModTrade.php 41
SQL: select count(*) as c from `zao_order` where 1  and `trade_state` ='2' limit 1(OK:0.011)
[2016-01-16 11:46:00]Info: E:\php\zao\web\zao\model\ModTrade.php 44
SQL: select * from `zao_order` where 1  and `trade_state` ='2' order by `ct` desc  limit 0, 5(OK:0.001)
[2016-01-16 11:46:00]Error: E:\php\zao\web\zao\index.php 14
Undefined index: ac

-----------------------------------
[2016-01-16 11:46:00] 127.0.0.1 http://zao.com/zao.php?ct=trade&type=3
COOKIE: array (
  'dm_admin_name_zao' => '114',
  'dm_admin_auth_zao' => 'd4548b79688611f32521253b728fc240',
  'dm_open_time_zao' => '1452915163',
)
[2016-01-16 11:46:00]Info: E:\php\zao\web\zao\model\ModTrade.php 41
SQL: select count(*) as c from `zao_order` where 1  and `trade_state` ='3' limit 1(OK:0.013)
[2016-01-16 11:46:00]Info: E:\php\zao\web\zao\model\ModTrade.php 44
SQL: select * from `zao_order` where 1  and `trade_state` ='3' order by `ct` desc  limit 0, 5(OK:0.001)
[2016-01-16 11:46:00]Error: E:\php\zao\web\zao\index.php 14
Undefined index: ac

-----------------------------------
[2016-01-16 11:46:01] 127.0.0.1 http://zao.com/zao.php?ct=trade&type=4
COOKIE: array (
  'dm_admin_name_zao' => '114',
  'dm_admin_auth_zao' => 'd4548b79688611f32521253b728fc240',
  'dm_open_time_zao' => '1452915163',
)
[2016-01-16 11:46:01]Info: E:\php\zao\web\zao\model\ModTrade.php 41
SQL: select count(*) as c from `zao_order` where 1  and `trade_state` ='4' limit 1(OK:0.012)
[2016-01-16 11:46:01]Info: E:\php\zao\web\zao\model\ModTrade.php 44
SQL: select * from `zao_order` where 1  and `trade_state` ='4' order by `ct` desc  limit 0, 5(OK:0.001)
[2016-01-16 11:46:01]Error: E:\php\zao\web\zao\index.php 14
Undefined index: ac

-----------------------------------
[2016-01-16 11:46:03] 127.0.0.1 http://zao.com/zao.php?ct=trade&type=3
COOKIE: array (
  'dm_admin_name_zao' => '114',
  'dm_admin_auth_zao' => 'd4548b79688611f32521253b728fc240',
  'dm_open_time_zao' => '1452915163',
)
[2016-01-16 11:46:03]Info: E:\php\zao\web\zao\model\ModTrade.php 41
SQL: select count(*) as c from `zao_order` where 1  and `trade_state` ='3' limit 1(OK:0.011)
[2016-01-16 11:46:03]Info: E:\php\zao\web\zao\model\ModTrade.php 44
SQL: select * from `zao_order` where 1  and `trade_state` ='3' order by `ct` desc  limit 0, 5(OK:0.001)
[2016-01-16 11:46:03]Error: E:\php\zao\web\zao\index.php 14
Undefined index: ac

-----------------------------------
[2016-01-16 11:48:24] 127.0.0.1 http://zao.com/zao.php?ct=trade&type=2
COOKIE: array (
  'dm_admin_name_zao' => '114',
  'dm_admin_auth_zao' => 'd4548b79688611f32521253b728fc240',
  'dm_open_time_zao' => '1452915163',
)
[2016-01-16 11:48:24]Info: E:\php\zao\web\zao\model\ModTrade.php 41
SQL: select count(*) as c from `zao_order` where 1  and `trade_state` ='2' limit 1(OK:0.017)
[2016-01-16 11:48:24]Info: E:\php\zao\web\zao\model\ModTrade.php 44
SQL: select * from `zao_order` where 1  and `trade_state` ='2' order by `ct` desc  limit 0, 5(OK:0.002)
[2016-01-16 11:48:24]Error: E:\php\zao\web\zao\index.php 14
Undefined index: ac

-----------------------------------
[2016-01-16 11:48:25] 127.0.0.1 http://zao.com/zao.php?ct=trade&type=1
COOKIE: array (
  'dm_admin_name_zao' => '114',
  'dm_admin_auth_zao' => 'd4548b79688611f32521253b728fc240',
  'dm_open_time_zao' => '1452915163',
)
[2016-01-16 11:48:25]Info: E:\php\zao\web\zao\model\ModTrade.php 41
SQL: select count(*) as c from `zao_order` where 1  and `trade_state` ='1' limit 1(OK:0.02)
[2016-01-16 11:48:25]Info: E:\php\zao\web\zao\model\ModTrade.php 44
SQL: select * from `zao_order` where 1  and `trade_state` ='1' order by `ct` desc  limit 0, 5(OK:0.002)
[2016-01-16 11:48:25]Error: E:\php\zao\web\zao\index.php 14
Undefined index: ac

-----------------------------------
[2016-01-16 11:48:26] 127.0.0.1 http://zao.com/zao.php?ct=trade
COOKIE: array (
  'dm_admin_name_zao' => '114',
  'dm_admin_auth_zao' => 'd4548b79688611f32521253b728fc240',
  'dm_open_time_zao' => '1452915163',
)
[2016-01-16 11:48:26]Info: E:\php\zao\web\zao\model\ModTrade.php 41
SQL: select count(*) as c from `zao_order` where 1 limit 1(OK:0.013)
[2016-01-16 11:48:26]Info: E:\php\zao\web\zao\model\ModTrade.php 44
SQL: select * from `zao_order` where 1  order by `ct` desc  limit 0, 5(OK:0.001)
[2016-01-16 11:48:26]Error: E:\php\zao\web\zao\index.php 14
Undefined index: ac

-----------------------------------
[2016-01-16 11:48:27] 127.0.0.1 http://zao.com/zao.php?ct=trade&type=1
COOKIE: array (
  'dm_admin_name_zao' => '114',
  'dm_admin_auth_zao' => 'd4548b79688611f32521253b728fc240',
  'dm_open_time_zao' => '1452915163',
)
[2016-01-16 11:48:27]Info: E:\php\zao\web\zao\model\ModTrade.php 41
SQL: select count(*) as c from `zao_order` where 1  and `trade_state` ='1' limit 1(OK:0.029)
[2016-01-16 11:48:27]Info: E:\php\zao\web\zao\model\ModTrade.php 44
SQL: select * from `zao_order` where 1  and `trade_state` ='1' order by `ct` desc  limit 0, 5(OK:0.002)
[2016-01-16 11:48:27]Error: E:\php\zao\web\zao\index.php 14
Undefined index: ac

-----------------------------------
[2016-01-16 11:48:27] 127.0.0.1 http://zao.com/zao.php?ct=trade&type=2
COOKIE: array (
  'dm_admin_name_zao' => '114',
  'dm_admin_auth_zao' => 'd4548b79688611f32521253b728fc240',
  'dm_open_time_zao' => '1452915163',
)
[2016-01-16 11:48:27]Info: E:\php\zao\web\zao\model\ModTrade.php 41
SQL: select count(*) as c from `zao_order` where 1  and `trade_state` ='2' limit 1(OK:0.012)
[2016-01-16 11:48:27]Info: E:\php\zao\web\zao\model\ModTrade.php 44
SQL: select * from `zao_order` where 1  and `trade_state` ='2' order by `ct` desc  limit 0, 5(OK:0.001)
[2016-01-16 11:48:27]Error: E:\php\zao\web\zao\index.php 14
Undefined index: ac

-----------------------------------
[2016-01-16 11:48:27] 127.0.0.1 http://zao.com/zao.php?ct=trade&type=3
COOKIE: array (
  'dm_admin_name_zao' => '114',
  'dm_admin_auth_zao' => 'd4548b79688611f32521253b728fc240',
  'dm_open_time_zao' => '1452915163',
)
[2016-01-16 11:48:27]Info: E:\php\zao\web\zao\model\ModTrade.php 41
SQL: select count(*) as c from `zao_order` where 1  and `trade_state` ='3' limit 1(OK:0.011)
[2016-01-16 11:48:27]Info: E:\php\zao\web\zao\model\ModTrade.php 44
SQL: select * from `zao_order` where 1  and `trade_state` ='3' order by `ct` desc  limit 0, 5(OK:0.001)
[2016-01-16 11:48:27]Error: E:\php\zao\web\zao\index.php 14
Undefined index: ac

-----------------------------------
[2016-01-16 11:48:28] 127.0.0.1 http://zao.com/zao.php?ct=trade&type=4
COOKIE: array (
  'dm_admin_name_zao' => '114',
  'dm_admin_auth_zao' => 'd4548b79688611f32521253b728fc240',
  'dm_open_time_zao' => '1452915163',
)
[2016-01-16 11:48:28]Info: E:\php\zao\web\zao\model\ModTrade.php 41
SQL: select count(*) as c from `zao_order` where 1  and `trade_state` ='4' limit 1(OK:0.012)
[2016-01-16 11:48:28]Info: E:\php\zao\web\zao\model\ModTrade.php 44
SQL: select * from `zao_order` where 1  and `trade_state` ='4' order by `ct` desc  limit 0, 5(OK:0.001)
[2016-01-16 11:48:28]Error: E:\php\zao\web\zao\index.php 14
Undefined index: ac

-----------------------------------
[2016-01-16 11:48:32] 127.0.0.1 http://zao.com/zao.php?ct=trade&type=3
COOKIE: array (
  'dm_admin_name_zao' => '114',
  'dm_admin_auth_zao' => 'd4548b79688611f32521253b728fc240',
  'dm_open_time_zao' => '1452915163',
)
[2016-01-16 11:48:32]Info: E:\php\zao\web\zao\model\ModTrade.php 41
SQL: select count(*) as c from `zao_order` where 1  and `trade_state` ='3' limit 1(OK:0.012)
[2016-01-16 11:48:32]Info: E:\php\zao\web\zao\model\ModTrade.php 44
SQL: select * from `zao_order` where 1  and `trade_state` ='3' order by `ct` desc  limit 0, 5(OK:0.002)
[2016-01-16 11:48:32]Error: E:\php\zao\web\zao\index.php 14
Undefined index: ac

-----------------------------------
[2016-01-16 11:48:33] 127.0.0.1 http://zao.com/zao.php?ct=trade&type=2
COOKIE: array (
  'dm_admin_name_zao' => '114',
  'dm_admin_auth_zao' => 'd4548b79688611f32521253b728fc240',
  'dm_open_time_zao' => '1452915163',
)
[2016-01-16 11:48:33]Info: E:\php\zao\web\zao\model\ModTrade.php 41
SQL: select count(*) as c from `zao_order` where 1  and `trade_state` ='2' limit 1(OK:0.027)
[2016-01-16 11:48:33]Info: E:\php\zao\web\zao\model\ModTrade.php 44
SQL: select * from `zao_order` where 1  and `trade_state` ='2' order by `ct` desc  limit 0, 5(OK:0.001)
[2016-01-16 11:48:33]Error: E:\php\zao\web\zao\index.php 14
Undefined index: ac

-----------------------------------
[2016-01-16 11:48:33] 127.0.0.1 http://zao.com/zao.php?ct=trade&type=3
COOKIE: array (
  'dm_admin_name_zao' => '114',
  'dm_admin_auth_zao' => 'd4548b79688611f32521253b728fc240',
  'dm_open_time_zao' => '1452915163',
)
[2016-01-16 11:48:33]Info: E:\php\zao\web\zao\model\ModTrade.php 41
SQL: select count(*) as c from `zao_order` where 1  and `trade_state` ='3' limit 1(OK:0.011)
[2016-01-16 11:48:33]Info: E:\php\zao\web\zao\model\ModTrade.php 44
SQL: select * from `zao_order` where 1  and `trade_state` ='3' order by `ct` desc  limit 0, 5(OK:0.001)
[2016-01-16 11:48:33]Error: E:\php\zao\web\zao\index.php 14
Undefined index: ac

-----------------------------------
[2016-01-16 11:48:34] 127.0.0.1 http://zao.com/zao.php?ct=trade&type=2
COOKIE: array (
  'dm_admin_name_zao' => '114',
  'dm_admin_auth_zao' => 'd4548b79688611f32521253b728fc240',
  'dm_open_time_zao' => '1452915163',
)
[2016-01-16 11:48:34]Info: E:\php\zao\web\zao\model\ModTrade.php 41
SQL: select count(*) as c from `zao_order` where 1  and `trade_state` ='2' limit 1(OK:0.011)
[2016-01-16 11:48:34]Info: E:\php\zao\web\zao\model\ModTrade.php 44
SQL: select * from `zao_order` where 1  and `trade_state` ='2' order by `ct` desc  limit 0, 5(OK:0.001)
[2016-01-16 11:48:34]Error: E:\php\zao\web\zao\index.php 14
Undefined index: ac

-----------------------------------
[2016-01-16 11:48:35] 127.0.0.1 http://zao.com/zao.php?ct=trade&type=3
COOKIE: array (
  'dm_admin_name_zao' => '114',
  'dm_admin_auth_zao' => 'd4548b79688611f32521253b728fc240',
  'dm_open_time_zao' => '1452915163',
)
[2016-01-16 11:48:35]Info: E:\php\zao\web\zao\model\ModTrade.php 41
SQL: select count(*) as c from `zao_order` where 1  and `trade_state` ='3' limit 1(OK:0.011)
[2016-01-16 11:48:35]Info: E:\php\zao\web\zao\model\ModTrade.php 44
SQL: select * from `zao_order` where 1  and `trade_state` ='3' order by `ct` desc  limit 0, 5(OK:0.001)
[2016-01-16 11:48:35]Error: E:\php\zao\web\zao\index.php 14
Undefined index: ac

-----------------------------------
[2016-01-16 11:51:38] 127.0.0.1 http://zao.com/zao.php
COOKIE: array (
  'dm_admin_name_zao' => '114',
  'dm_admin_auth_zao' => 'd4548b79688611f32521253b728fc240',
  'dm_open_time_zao' => '1452915163',
)
[2016-01-16 11:51:38]Info: E:\php\zao\web\zao\model\ModGoods.php 31
SQL: select count(*) as c from `zao_goods` where 1 limit 1(OK:0.019)
[2016-01-16 11:51:38]Info: E:\php\zao\web\zao\model\ModGoods.php 34
SQL: select a.*, b.nickname from `zao_goods` a
left join `zao_user` b on a.uid = b.uid
where 1 
order by `ct` desc  limit 0, 10(OK:0.001)
[2016-01-16 11:51:38]Error: E:\php\zao\web\zao\index.php 14
Undefined index: ac

-----------------------------------
[2016-01-16 11:53:08] 127.0.0.1 http://zao.com/zao.php?ct=trade&type=3
COOKIE: array (
  'dm_admin_name_zao' => '114',
  'dm_admin_auth_zao' => 'd4548b79688611f32521253b728fc240',
  'dm_open_time_zao' => '1452915163',
)
[2016-01-16 11:53:08]Info: E:\php\zao\web\zao\model\ModTrade.php 41
SQL: select count(*) as c from `zao_order` where 1  and `trade_state` ='3' limit 1(OK:0.021)
[2016-01-16 11:53:08]Info: E:\php\zao\web\zao\model\ModTrade.php 44
SQL: select * from `zao_order` where 1  and `trade_state` ='3' order by `ct` desc  limit 0, 5(OK:0.001)
[2016-01-16 11:53:08]Error: E:\php\zao\web\zao\index.php 14
Undefined index: ac

-----------------------------------
[2016-01-16 11:53:10] 127.0.0.1 http://zao.com/zao.php?ct=trade&type=2
COOKIE: array (
  'dm_admin_name_zao' => '114',
  'dm_admin_auth_zao' => 'd4548b79688611f32521253b728fc240',
  'dm_open_time_zao' => '1452915163',
)
[2016-01-16 11:53:10]Info: E:\php\zao\web\zao\model\ModTrade.php 41
SQL: select count(*) as c from `zao_order` where 1  and `trade_state` ='2' limit 1(OK:0.011)
[2016-01-16 11:53:10]Info: E:\php\zao\web\zao\model\ModTrade.php 44
SQL: select * from `zao_order` where 1  and `trade_state` ='2' order by `ct` desc  limit 0, 5(OK:0.001)
[2016-01-16 11:53:10]Error: E:\php\zao\web\zao\index.php 14
Undefined index: ac

-----------------------------------
[2016-01-16 11:53:11] 127.0.0.1 http://zao.com/zao.php?ct=trade&type=4
COOKIE: array (
  'dm_admin_name_zao' => '114',
  'dm_admin_auth_zao' => 'd4548b79688611f32521253b728fc240',
  'dm_open_time_zao' => '1452915163',
)
[2016-01-16 11:53:11]Info: E:\php\zao\web\zao\model\ModTrade.php 41
SQL: select count(*) as c from `zao_order` where 1  and `trade_state` ='4' limit 1(OK:0.011)
[2016-01-16 11:53:11]Info: E:\php\zao\web\zao\model\ModTrade.php 44
SQL: select * from `zao_order` where 1  and `trade_state` ='4' order by `ct` desc  limit 0, 5(OK:0.001)
[2016-01-16 11:53:11]Error: E:\php\zao\web\zao\index.php 14
Undefined index: ac

-----------------------------------
[2016-01-16 11:53:12] 127.0.0.1 http://zao.com/zao.php?ct=trade&type=3
COOKIE: array (
  'dm_admin_name_zao' => '114',
  'dm_admin_auth_zao' => 'd4548b79688611f32521253b728fc240',
  'dm_open_time_zao' => '1452915163',
)
[2016-01-16 11:53:12]Info: E:\php\zao\web\zao\model\ModTrade.php 41
SQL: select count(*) as c from `zao_order` where 1  and `trade_state` ='3' limit 1(OK:0.004)
[2016-01-16 11:53:12]Info: E:\php\zao\web\zao\model\ModTrade.php 44
SQL: select * from `zao_order` where 1  and `trade_state` ='3' order by `ct` desc  limit 0, 5(OK:0.001)
[2016-01-16 11:53:12]Error: E:\php\zao\web\zao\index.php 14
Undefined index: ac

-----------------------------------
[2016-01-16 11:53:12] 127.0.0.1 http://zao.com/zao.php?ct=trade&type=2
COOKIE: array (
  'dm_admin_name_zao' => '114',
  'dm_admin_auth_zao' => 'd4548b79688611f32521253b728fc240',
  'dm_open_time_zao' => '1452915163',
)
[2016-01-16 11:53:12]Info: E:\php\zao\web\zao\model\ModTrade.php 41
SQL: select count(*) as c from `zao_order` where 1  and `trade_state` ='2' limit 1(OK:0.002)
[2016-01-16 11:53:12]Info: E:\php\zao\web\zao\model\ModTrade.php 44
SQL: select * from `zao_order` where 1  and `trade_state` ='2' order by `ct` desc  limit 0, 5(OK:0.001)
[2016-01-16 11:53:12]Error: E:\php\zao\web\zao\index.php 14
Undefined index: ac

-----------------------------------
[2016-01-16 11:53:13] 127.0.0.1 http://zao.com/zao.php?ct=trade&type=1
COOKIE: array (
  'dm_admin_name_zao' => '114',
  'dm_admin_auth_zao' => 'd4548b79688611f32521253b728fc240',
  'dm_open_time_zao' => '1452915163',
)
[2016-01-16 11:53:13]Info: E:\php\zao\web\zao\model\ModTrade.php 41
SQL: select count(*) as c from `zao_order` where 1  and `trade_state` ='1' limit 1(OK:0.014)
[2016-01-16 11:53:13]Info: E:\php\zao\web\zao\model\ModTrade.php 44
SQL: select * from `zao_order` where 1  and `trade_state` ='1' order by `ct` desc  limit 0, 5(OK:0.001)
[2016-01-16 11:53:13]Error: E:\php\zao\web\zao\index.php 14
Undefined index: ac

-----------------------------------
[2016-01-16 11:53:15] 127.0.0.1 http://zao.com/zao.php?ct=trade&type=3
COOKIE: array (
  'dm_admin_name_zao' => '114',
  'dm_admin_auth_zao' => 'd4548b79688611f32521253b728fc240',
  'dm_open_time_zao' => '1452915163',
)
[2016-01-16 11:53:15]Info: E:\php\zao\web\zao\model\ModTrade.php 41
SQL: select count(*) as c from `zao_order` where 1  and `trade_state` ='3' limit 1(OK:0.004)
[2016-01-16 11:53:15]Info: E:\php\zao\web\zao\model\ModTrade.php 44
SQL: select * from `zao_order` where 1  and `trade_state` ='3' order by `ct` desc  limit 0, 5(OK:0.001)
[2016-01-16 11:53:15]Error: E:\php\zao\web\zao\index.php 14
Undefined index: ac

-----------------------------------
[2016-01-16 11:53:15] 127.0.0.1 http://zao.com/zao.php?ct=trade&type=4
COOKIE: array (
  'dm_admin_name_zao' => '114',
  'dm_admin_auth_zao' => 'd4548b79688611f32521253b728fc240',
  'dm_open_time_zao' => '1452915163',
)
[2016-01-16 11:53:15]Info: E:\php\zao\web\zao\model\ModTrade.php 41
SQL: select count(*) as c from `zao_order` where 1  and `trade_state` ='4' limit 1(OK:0.011)
[2016-01-16 11:53:15]Info: E:\php\zao\web\zao\model\ModTrade.php 44
SQL: select * from `zao_order` where 1  and `trade_state` ='4' order by `ct` desc  limit 0, 5(OK:0.001)
[2016-01-16 11:53:16]Error: E:\php\zao\web\zao\index.php 14
Undefined index: ac

-----------------------------------
[2016-01-16 11:53:16] 127.0.0.1 http://zao.com/zao.php?ct=trade
COOKIE: array (
  'dm_admin_name_zao' => '114',
  'dm_admin_auth_zao' => 'd4548b79688611f32521253b728fc240',
  'dm_open_time_zao' => '1452915163',
)
[2016-01-16 11:53:16]Info: E:\php\zao\web\zao\model\ModTrade.php 41
SQL: select count(*) as c from `zao_order` where 1 limit 1(OK:0.013)
[2016-01-16 11:53:16]Info: E:\php\zao\web\zao\model\ModTrade.php 44
SQL: select * from `zao_order` where 1  order by `ct` desc  limit 0, 5(OK:0.001)
[2016-01-16 11:53:16]Error: E:\php\zao\web\zao\index.php 14
Undefined index: ac

-----------------------------------
[2016-01-16 11:54:25] 127.0.0.1 http://zao.com/zao.php
COOKIE: array (
  'dm_admin_name_zao' => '114',
  'dm_admin_auth_zao' => 'd4548b79688611f32521253b728fc240',
  'dm_open_time_zao' => '1452915163',
)
[2016-01-16 11:54:25]Info: E:\php\zao\web\zao\model\ModGoods.php 31
SQL: select count(*) as c from `zao_goods` where 1 limit 1(OK:0.004)
[2016-01-16 11:54:25]Info: E:\php\zao\web\zao\model\ModGoods.php 34
SQL: select a.*, b.nickname from `zao_goods` a
left join `zao_user` b on a.uid = b.uid
where 1 
order by `ct` desc  limit 0, 10(OK:0.002)
[2016-01-16 11:54:25]Error: E:\php\zao\web\zao\index.php 14
Undefined index: ac

-----------------------------------
[2016-01-16 11:54:27] 127.0.0.1 http://zao.com/zao.php?ct=trade
COOKIE: array (
  'dm_admin_name_zao' => '114',
  'dm_admin_auth_zao' => 'd4548b79688611f32521253b728fc240',
  'dm_open_time_zao' => '1452915163',
)
[2016-01-16 11:54:27]Info: E:\php\zao\web\zao\model\ModTrade.php 41
SQL: select count(*) as c from `zao_order` where 1 limit 1(OK:0.023)
[2016-01-16 11:54:27]Info: E:\php\zao\web\zao\model\ModTrade.php 44
SQL: select * from `zao_order` where 1  order by `ct` desc  limit 0, 5(OK:0.001)
[2016-01-16 11:54:27]Error: E:\php\zao\web\zao\index.php 14
Undefined index: ac

-----------------------------------
[2016-01-16 11:54:28] 127.0.0.1 http://zao.com/zao.php?ct=trade&type=2
COOKIE: array (
  'dm_admin_name_zao' => '114',
  'dm_admin_auth_zao' => 'd4548b79688611f32521253b728fc240',
  'dm_open_time_zao' => '1452915163',
)
[2016-01-16 11:54:28]Info: E:\php\zao\web\zao\model\ModTrade.php 41
SQL: select count(*) as c from `zao_order` where 1  and `trade_state` ='2' limit 1(OK:0.015)
[2016-01-16 11:54:28]Info: E:\php\zao\web\zao\model\ModTrade.php 44
SQL: select * from `zao_order` where 1  and `trade_state` ='2' order by `ct` desc  limit 0, 5(OK:0.001)
[2016-01-16 11:54:28]Error: E:\php\zao\web\zao\index.php 14
Undefined index: ac

-----------------------------------
[2016-01-16 11:54:29] 127.0.0.1 http://zao.com/zao.php?ct=trade&type=1
COOKIE: array (
  'dm_admin_name_zao' => '114',
  'dm_admin_auth_zao' => 'd4548b79688611f32521253b728fc240',
  'dm_open_time_zao' => '1452915163',
)
[2016-01-16 11:54:29]Info: E:\php\zao\web\zao\model\ModTrade.php 41
SQL: select count(*) as c from `zao_order` where 1  and `trade_state` ='1' limit 1(OK:0.015)
[2016-01-16 11:54:29]Info: E:\php\zao\web\zao\model\ModTrade.php 44
SQL: select * from `zao_order` where 1  and `trade_state` ='1' order by `ct` desc  limit 0, 5(OK:0.001)
[2016-01-16 11:54:29]Error: E:\php\zao\web\zao\index.php 14
Undefined index: ac

-----------------------------------
[2016-01-16 11:55:37] 127.0.0.1 http://zao.com/zao.php?ct=trade&type=2
COOKIE: array (
  'dm_admin_name_zao' => '114',
  'dm_admin_auth_zao' => 'd4548b79688611f32521253b728fc240',
  'dm_open_time_zao' => '1452915163',
)
[2016-01-16 11:55:37]Info: E:\php\zao\web\zao\model\ModTrade.php 41
SQL: select count(*) as c from `zao_order` where 1  and `trade_state` ='2' limit 1(OK:0.004)
[2016-01-16 11:55:37]Info: E:\php\zao\web\zao\model\ModTrade.php 44
SQL: select * from `zao_order` where 1  and `trade_state` ='2' order by `ct` desc  limit 0, 5(OK:0.001)
[2016-01-16 11:55:37]Error: E:\php\zao\web\zao\index.php 14
Undefined index: ac

-----------------------------------
[2016-01-16 11:56:10] 127.0.0.1 http://zao.com/zao.php?ct=trade&type=3
COOKIE: array (
  'dm_admin_name_zao' => '114',
  'dm_admin_auth_zao' => 'd4548b79688611f32521253b728fc240',
  'dm_open_time_zao' => '1452915163',
)
[2016-01-16 11:56:10]Info: E:\php\zao\web\zao\model\ModTrade.php 41
SQL: select count(*) as c from `zao_order` where 1  and `trade_state` ='3' limit 1(OK:0.017)
[2016-01-16 11:56:10]Info: E:\php\zao\web\zao\model\ModTrade.php 44
SQL: select * from `zao_order` where 1  and `trade_state` ='3' order by `ct` desc  limit 0, 5(OK:0.002)
[2016-01-16 11:56:10]Error: E:\php\zao\web\zao\index.php 14
Undefined index: ac

-----------------------------------
[2016-01-16 11:56:10] 127.0.0.1 http://zao.com/zao.php?ct=trade&type=4
COOKIE: array (
  'dm_admin_name_zao' => '114',
  'dm_admin_auth_zao' => 'd4548b79688611f32521253b728fc240',
  'dm_open_time_zao' => '1452915163',
)
[2016-01-16 11:56:10]Info: E:\php\zao\web\zao\model\ModTrade.php 41
SQL: select count(*) as c from `zao_order` where 1  and `trade_state` ='4' limit 1(OK:0.011)
[2016-01-16 11:56:10]Info: E:\php\zao\web\zao\model\ModTrade.php 44
SQL: select * from `zao_order` where 1  and `trade_state` ='4' order by `ct` desc  limit 0, 5(OK:0)
[2016-01-16 11:56:10]Error: E:\php\zao\web\zao\index.php 14
Undefined index: ac

-----------------------------------
[2016-01-16 11:56:11] 127.0.0.1 http://zao.com/zao.php?ct=trade&type=1
COOKIE: array (
  'dm_admin_name_zao' => '114',
  'dm_admin_auth_zao' => 'd4548b79688611f32521253b728fc240',
  'dm_open_time_zao' => '1452915163',
)
[2016-01-16 11:56:11]Info: E:\php\zao\web\zao\model\ModTrade.php 41
SQL: select count(*) as c from `zao_order` where 1  and `trade_state` ='1' limit 1(OK:0.013)
[2016-01-16 11:56:11]Info: E:\php\zao\web\zao\model\ModTrade.php 44
SQL: select * from `zao_order` where 1  and `trade_state` ='1' order by `ct` desc  limit 0, 5(OK:0.001)
[2016-01-16 11:56:11]Error: E:\php\zao\web\zao\index.php 14
Undefined index: ac

-----------------------------------
[2016-01-16 11:56:12] 127.0.0.1 http://zao.com/zao.php?ct=trade&type=2
COOKIE: array (
  'dm_admin_name_zao' => '114',
  'dm_admin_auth_zao' => 'd4548b79688611f32521253b728fc240',
  'dm_open_time_zao' => '1452915163',
)
[2016-01-16 11:56:12]Info: E:\php\zao\web\zao\model\ModTrade.php 41
SQL: select count(*) as c from `zao_order` where 1  and `trade_state` ='2' limit 1(OK:0.011)
[2016-01-16 11:56:12]Info: E:\php\zao\web\zao\model\ModTrade.php 44
SQL: select * from `zao_order` where 1  and `trade_state` ='2' order by `ct` desc  limit 0, 5(OK:0)
[2016-01-16 11:56:12]Error: E:\php\zao\web\zao\index.php 14
Undefined index: ac

-----------------------------------
[2016-01-16 11:56:18] 127.0.0.1 http://zao.com/zao.php?ct=trade&type=3
COOKIE: array (
  'dm_admin_name_zao' => '114',
  'dm_admin_auth_zao' => 'd4548b79688611f32521253b728fc240',
  'dm_open_time_zao' => '1452915163',
)
[2016-01-16 11:56:18]Info: E:\php\zao\web\zao\model\ModTrade.php 41
SQL: select count(*) as c from `zao_order` where 1  and `trade_state` ='3' limit 1(OK:0.002)
[2016-01-16 11:56:18]Info: E:\php\zao\web\zao\model\ModTrade.php 44
SQL: select * from `zao_order` where 1  and `trade_state` ='3' order by `ct` desc  limit 0, 5(OK:0.001)
[2016-01-16 11:56:18]Error: E:\php\zao\web\zao\index.php 14
Undefined index: ac

-----------------------------------
[2016-01-16 11:56:19] 127.0.0.1 http://zao.com/zao.php?ct=trade&type=4
COOKIE: array (
  'dm_admin_name_zao' => '114',
  'dm_admin_auth_zao' => 'd4548b79688611f32521253b728fc240',
  'dm_open_time_zao' => '1452915163',
)
[2016-01-16 11:56:19]Info: E:\php\zao\web\zao\model\ModTrade.php 41
SQL: select count(*) as c from `zao_order` where 1  and `trade_state` ='4' limit 1(OK:0.027)
[2016-01-16 11:56:19]Info: E:\php\zao\web\zao\model\ModTrade.php 44
SQL: select * from `zao_order` where 1  and `trade_state` ='4' order by `ct` desc  limit 0, 5(OK:0.001)
[2016-01-16 11:56:19]Error: E:\php\zao\web\zao\index.php 14
Undefined index: ac

-----------------------------------
[2016-01-16 11:56:23] 127.0.0.1 http://zao.com/zao.php?ct=trade&type=3
COOKIE: array (
  'dm_admin_name_zao' => '114',
  'dm_admin_auth_zao' => 'd4548b79688611f32521253b728fc240',
  'dm_open_time_zao' => '1452915163',
)
[2016-01-16 11:56:23]Info: E:\php\zao\web\zao\model\ModTrade.php 41
SQL: select count(*) as c from `zao_order` where 1  and `trade_state` ='3' limit 1(OK:0.012)
[2016-01-16 11:56:23]Info: E:\php\zao\web\zao\model\ModTrade.php 44
SQL: select * from `zao_order` where 1  and `trade_state` ='3' order by `ct` desc  limit 0, 5(OK:0)
[2016-01-16 11:56:23]Error: E:\php\zao\web\zao\index.php 14
Undefined index: ac

-----------------------------------
[2016-01-16 11:56:24] 127.0.0.1 http://zao.com/zao.php?ct=trade&type=2
COOKIE: array (
  'dm_admin_name_zao' => '114',
  'dm_admin_auth_zao' => 'd4548b79688611f32521253b728fc240',
  'dm_open_time_zao' => '1452915163',
)
[2016-01-16 11:56:24]Info: E:\php\zao\web\zao\model\ModTrade.php 41
SQL: select count(*) as c from `zao_order` where 1  and `trade_state` ='2' limit 1(OK:0.011)
[2016-01-16 11:56:24]Info: E:\php\zao\web\zao\model\ModTrade.php 44
SQL: select * from `zao_order` where 1  and `trade_state` ='2' order by `ct` desc  limit 0, 5(OK:0)
[2016-01-16 11:56:24]Error: E:\php\zao\web\zao\index.php 14
Undefined index: ac

-----------------------------------
[2016-01-16 11:56:49] 127.0.0.1 http://zao.com/zao.php?ct=trade&type=2
COOKIE: array (
  'dm_admin_name_zao' => '114',
  'dm_admin_auth_zao' => 'd4548b79688611f32521253b728fc240',
  'dm_open_time_zao' => '1452915163',
)
[2016-01-16 11:56:49]Info: E:\php\zao\web\zao\model\ModTrade.php 41
SQL: select count(*) as c from `zao_order` where 1  and `trade_state` ='2' limit 1(OK:0.013)
[2016-01-16 11:56:49]Info: E:\php\zao\web\zao\model\ModTrade.php 44
SQL: select * from `zao_order` where 1  and `trade_state` ='2' order by `ct` desc  limit 0, 5(OK:0.001)
[2016-01-16 11:56:49]Error: E:\php\zao\web\zao\index.php 14
Undefined index: ac

-----------------------------------
[2016-01-16 11:56:55] 127.0.0.1 http://zao.com/zao.php?ct=trade&type=3
COOKIE: array (
  'dm_admin_name_zao' => '114',
  'dm_admin_auth_zao' => 'd4548b79688611f32521253b728fc240',
  'dm_open_time_zao' => '1452915163',
)
[2016-01-16 11:56:55]Info: E:\php\zao\web\zao\model\ModTrade.php 41
SQL: select count(*) as c from `zao_order` where 1  and `trade_state` ='3' limit 1(OK:0.014)
[2016-01-16 11:56:55]Info: E:\php\zao\web\zao\model\ModTrade.php 44
SQL: select * from `zao_order` where 1  and `trade_state` ='3' order by `ct` desc  limit 0, 5(OK:0.001)
[2016-01-16 11:56:55]Error: E:\php\zao\web\zao\index.php 14
Undefined index: ac

-----------------------------------
[2016-01-16 11:56:57] 127.0.0.1 http://zao.com/zao.php?ct=trade&type=4
COOKIE: array (
  'dm_admin_name_zao' => '114',
  'dm_admin_auth_zao' => 'd4548b79688611f32521253b728fc240',
  'dm_open_time_zao' => '1452915163',
)
[2016-01-16 11:56:57]Info: E:\php\zao\web\zao\model\ModTrade.php 41
SQL: select count(*) as c from `zao_order` where 1  and `trade_state` ='4' limit 1(OK:0.011)
[2016-01-16 11:56:57]Info: E:\php\zao\web\zao\model\ModTrade.php 44
SQL: select * from `zao_order` where 1  and `trade_state` ='4' order by `ct` desc  limit 0, 5(OK:0.001)
[2016-01-16 11:56:57]Error: E:\php\zao\web\zao\index.php 14
Undefined index: ac

-----------------------------------
[2016-01-16 11:56:59] 127.0.0.1 http://zao.com/zao.php?ct=trade&type=3
COOKIE: array (
  'dm_admin_name_zao' => '114',
  'dm_admin_auth_zao' => 'd4548b79688611f32521253b728fc240',
  'dm_open_time_zao' => '1452915163',
)
[2016-01-16 11:56:59]Info: E:\php\zao\web\zao\model\ModTrade.php 41
SQL: select count(*) as c from `zao_order` where 1  and `trade_state` ='3' limit 1(OK:0.011)
[2016-01-16 11:56:59]Info: E:\php\zao\web\zao\model\ModTrade.php 44
SQL: select * from `zao_order` where 1  and `trade_state` ='3' order by `ct` desc  limit 0, 5(OK:0.001)
[2016-01-16 11:56:59]Error: E:\php\zao\web\zao\index.php 14
Undefined index: ac

-----------------------------------
[2016-01-16 11:56:59] 127.0.0.1 http://zao.com/zao.php?ct=trade&type=4
COOKIE: array (
  'dm_admin_name_zao' => '114',
  'dm_admin_auth_zao' => 'd4548b79688611f32521253b728fc240',
  'dm_open_time_zao' => '1452915163',
)
[2016-01-16 11:56:59]Info: E:\php\zao\web\zao\model\ModTrade.php 41
SQL: select count(*) as c from `zao_order` where 1  and `trade_state` ='4' limit 1(OK:0.012)
[2016-01-16 11:56:59]Info: E:\php\zao\web\zao\model\ModTrade.php 44
SQL: select * from `zao_order` where 1  and `trade_state` ='4' order by `ct` desc  limit 0, 5(OK:0.001)
[2016-01-16 11:56:59]Error: E:\php\zao\web\zao\index.php 14
Undefined index: ac

-----------------------------------
[2016-01-16 11:57:02] 127.0.0.1 http://zao.com/zao.php?ct=trade&type=3
COOKIE: array (
  'dm_admin_name_zao' => '114',
  'dm_admin_auth_zao' => 'd4548b79688611f32521253b728fc240',
  'dm_open_time_zao' => '1452915163',
)
[2016-01-16 11:57:02]Info: E:\php\zao\web\zao\model\ModTrade.php 41
SQL: select count(*) as c from `zao_order` where 1  and `trade_state` ='3' limit 1(OK:0.012)
[2016-01-16 11:57:02]Info: E:\php\zao\web\zao\model\ModTrade.php 44
SQL: select * from `zao_order` where 1  and `trade_state` ='3' order by `ct` desc  limit 0, 5(OK:0.001)
[2016-01-16 11:57:02]Error: E:\php\zao\web\zao\index.php 14
Undefined index: ac

-----------------------------------
[2016-01-16 11:57:02] 127.0.0.1 http://zao.com/zao.php?ct=trade&type=4
COOKIE: array (
  'dm_admin_name_zao' => '114',
  'dm_admin_auth_zao' => 'd4548b79688611f32521253b728fc240',
  'dm_open_time_zao' => '1452915163',
)
[2016-01-16 11:57:02]Info: E:\php\zao\web\zao\model\ModTrade.php 41
SQL: select count(*) as c from `zao_order` where 1  and `trade_state` ='4' limit 1(OK:0.011)
[2016-01-16 11:57:02]Info: E:\php\zao\web\zao\model\ModTrade.php 44
SQL: select * from `zao_order` where 1  and `trade_state` ='4' order by `ct` desc  limit 0, 5(OK:0.001)
[2016-01-16 11:57:02]Error: E:\php\zao\web\zao\index.php 14
Undefined index: ac

-----------------------------------
[2016-01-16 12:10:23] 127.0.0.1 http://zao.com/zao.php
COOKIE: array (
  'dm_admin_name_zao' => '114',
  'dm_admin_auth_zao' => 'd4548b79688611f32521253b728fc240',
  'dm_open_time_zao' => '1452915163',
)
[2016-01-16 12:10:23]Info: E:\php\zao\web\zao\model\ModGoods.php 31
SQL: select count(*) as c from `zao_goods` where 1 limit 1(OK:0.01)
[2016-01-16 12:10:23]Info: E:\php\zao\web\zao\model\ModGoods.php 34
SQL: select a.*, b.nickname from `zao_goods` a
left join `zao_user` b on a.uid = b.uid
where 1 
order by `ct` desc  limit 0, 10(OK:0.001)
[2016-01-16 12:10:23]Error: E:\php\zao\web\zao\index.php 14
Undefined index: ac

-----------------------------------
[2016-01-16 12:10:25] 127.0.0.1 http://zao.com/zao.php?ct=trade
COOKIE: array (
  'dm_admin_name_zao' => '114',
  'dm_admin_auth_zao' => 'd4548b79688611f32521253b728fc240',
  'dm_open_time_zao' => '1452915163',
)
[2016-01-16 12:10:25]Info: E:\php\zao\web\zao\model\ModTrade.php 41
SQL: select count(*) as c from `zao_order` where 1 limit 1(OK:0.045)
[2016-01-16 12:10:25]Info: E:\php\zao\web\zao\model\ModTrade.php 44
SQL: select * from `zao_order` where 1  order by `ct` desc  limit 0, 5(OK:0.002)
[2016-01-16 12:10:25]Error: E:\php\zao\web\zao\index.php 14
Undefined index: ac

-----------------------------------
[2016-01-16 12:10:26] 127.0.0.1 http://zao.com/zao.php?ct=trade&ac=benefitOutlays
COOKIE: array (
  'dm_admin_name_zao' => '114',
  'dm_admin_auth_zao' => 'd4548b79688611f32521253b728fc240',
  'dm_open_time_zao' => '1452915163',
)
[2016-01-16 12:10:26]Info: E:\php\zao\web\zao\model\ModTrade.php 119
SQL: select count(*) as c from `zao_user_deal` a, `zao_user` b where 1 and a.uid = b.uid and type=1 limit 1(OK:0.015)
[2016-01-16 12:10:26]Info: E:\php\zao\web\zao\model\ModTrade.php 121
SQL: select a.*,b.nickname,b.phone from `zao_user_deal` a, `zao_user` b
 WHERE b.uid=a.uid and type=0
 order by `ct` desc  limit 0, 10(OK:0.001)

-----------------------------------
[2016-01-16 12:11:16] 127.0.0.1 http://zao.com/zao.php?ct=trade&ac=benefitOutlays
COOKIE: array (
  'dm_admin_name_zao' => '114',
  'dm_admin_auth_zao' => 'd4548b79688611f32521253b728fc240',
  'dm_open_time_zao' => '1452915163',
)
[2016-01-16 12:11:16]Info: E:\php\zao\web\zao\model\ModTrade.php 119
SQL: select count(*) as c from `zao_user_deal` a, `zao_user` b where 1 and a.uid = b.uid and type=1 limit 1(OK:0.014)
[2016-01-16 12:11:16]Info: E:\php\zao\web\zao\model\ModTrade.php 121
SQL: select a.*,b.nickname,b.phone from `zao_user_deal` a, `zao_user` b
 WHERE b.uid=a.uid and type=0
 order by `ct` desc  limit 0, 10(OK:0)
