
-----------------------------------
[2016-04-22 15:21:27] 127.0.0.1 http://j2ee.com/main/?ct=api&method=goods.xxxx
[2016-04-22 15:21:27]Error: E:\HowToMakeLove\J2EE\lib\DM.php 228
自动加载ModMain时，文件E:\HowToMakeLove\J2EE\web\main/model/ModMain.php不存在

-----------------------------------
[2016-04-22 15:21:34] 127.0.0.1 http://j2ee.com/main/?ct=api&method=goods.xxxx
[2016-04-22 15:21:34]Error: E:\HowToMakeLove\J2EE\lib\DM.php 228
自动加载ModMain时，文件E:\HowToMakeLove\J2EE\web\main/model/ModMain.php不存在

-----------------------------------
[2016-04-22 15:21:37] 127.0.0.1 http://j2ee.com/main/?ct=api&method=goods.xxxx
[2016-04-22 15:21:37]Error: E:\HowToMakeLove\J2EE\lib\DM.php 228
自动加载ModMain时，文件E:\HowToMakeLove\J2EE\web\main/model/ModMain.php不存在

-----------------------------------
[2016-04-22 15:23:19] 127.0.0.1 http://j2ee.com/main/?ct=api&method=main.xxxx
[2016-04-22 15:23:19]Error: E:\HowToMakeLove\J2EE\lib\DM.php 228
自动加载SrvMainApi时，文件E:\HowToMakeLove\J2EE\web\main/service/SrvMainApi.php不存在

-----------------------------------
[2016-04-22 15:23:25] 127.0.0.1 http://j2ee.com/main/?ct=api&method=goods.xxxx
[2016-04-22 15:23:25]Error: E:\HowToMakeLove\J2EE\lib\DM.php 228
自动加载ModMain时，文件E:\HowToMakeLove\J2EE\web\main/model/ModMain.php不存在

-----------------------------------
[2016-04-22 15:23:38] 127.0.0.1 http://j2ee.com/main/?ct=api&method=goods.xxxx
[2016-04-22 15:23:38]Info: E:\HowToMakeLove\J2EE\web\main\model\ModGoods.php 18
SQL: select * from `user`(OK:0.244)
[2016-04-22 15:23:38]Info: E:\HowToMakeLove\J2EE\web\main\controller\CtlApi.php 24
array (
  'c' => '100',
  'd' => 
  array (
    0 => 
    array (
      'uid' => '1',
      'username' => '2',
      'psw' => '3',
    ),
  ),
  'ct' => 1461309818,
)

-----------------------------------
[2016-04-22 15:25:16] 127.0.0.1 http://j2ee.com/main/?ct=api&method=goods.xxxx
[2016-04-22 15:25:16]Info: E:\HowToMakeLove\J2EE\web\main\model\ModGoods.php 18
SQL: select * from `user`(OK:0.003)
[2016-04-22 15:25:16]Info: E:\HowToMakeLove\J2EE\web\main\controller\CtlApi.php 24
array (
  'c' => '100',
  'data' => 
  array (
    0 => 
    array (
      'uid' => '1',
      'username' => '2',
      'psw' => '3',
    ),
  ),
  'ct' => 1461309916,
)

-----------------------------------
[2016-04-22 15:26:28] 127.0.0.1 http://j2ee.com/main/?ct=api&method=goods.xxxx
[2016-04-22 15:26:28]Error: E:\HowToMakeLove\J2EE\lib\DM.php 228
自动加载ModMain时，文件E:\HowToMakeLove\J2EE\web\main/model/ModMain.php不存在

-----------------------------------
[2016-04-22 15:26:29] 127.0.0.1 http://j2ee.com/main/?ct=api&method=goods.xxxx
[2016-04-22 15:26:29]Error: E:\HowToMakeLove\J2EE\lib\DM.php 228
自动加载ModMain时，文件E:\HowToMakeLove\J2EE\web\main/model/ModMain.php不存在

-----------------------------------
[2016-04-22 15:26:39] 127.0.0.1 http://j2ee.com/main/?ct=api&method=main.xxxx
[2016-04-22 15:26:39]Error: E:\HowToMakeLove\J2EE\lib\DM.php 228
自动加载SrvMainApi时，文件E:\HowToMakeLove\J2EE\web\main/service/SrvMainApi.php不存在

-----------------------------------
[2016-04-22 15:26:50] 127.0.0.1 http://j2ee.com/main/?ct=api&method=goods.xxxx
[2016-04-22 15:26:50]Info: E:\HowToMakeLove\J2EE\web\main\model\ModGoods.php 18
SQL: select * from `user`(OK:0.002)
[2016-04-22 15:26:50]Info: E:\HowToMakeLove\J2EE\web\main\controller\CtlApi.php 24
array (
  'c' => '100',
  'data' => 
  array (
    0 => 
    array (
      'uid' => '1',
      'username' => '2',
      'psw' => '3',
    ),
  ),
  'ct' => 1461310010,
)

-----------------------------------
[2016-04-22 15:26:53] 127.0.0.1 http://j2ee.com/main/?ct=api&method=main.xxxx
[2016-04-22 15:26:53]Error: E:\HowToMakeLove\J2EE\lib\DM.php 228
自动加载SrvMainApi时，文件E:\HowToMakeLove\J2EE\web\main/service/SrvMainApi.php不存在

-----------------------------------
[2016-04-22 15:27:01] 127.0.0.1 http://j2ee.com/main/?ct=api&method=goods.xxxx
[2016-04-22 15:27:01]Info: E:\HowToMakeLove\J2EE\web\main\model\ModGoods.php 18
SQL: select * from `user`(OK:0.003)
[2016-04-22 15:27:01]Info: E:\HowToMakeLove\J2EE\web\main\controller\CtlApi.php 24
array (
  'c' => '100',
  'data' => 
  array (
    0 => 
    array (
      'uid' => '1',
      'username' => '2',
      'psw' => '3',
    ),
  ),
  'ct' => 1461310021,
)

-----------------------------------
[2016-04-22 15:27:04] 127.0.0.1 http://j2ee.com/main/?ct=api&method=goods.xxxx
[2016-04-22 15:27:04]Info: E:\HowToMakeLove\J2EE\web\main\model\ModGoods.php 18
SQL: select * from `user`(OK:0.002)
[2016-04-22 15:27:04]Info: E:\HowToMakeLove\J2EE\web\main\controller\CtlApi.php 24
array (
  'c' => '100',
  'data' => 
  array (
    0 => 
    array (
      'uid' => '1',
      'username' => '2',
      'psw' => '3',
    ),
  ),
  'ct' => 1461310024,
)

-----------------------------------
[2016-04-22 15:28:28] 127.0.0.1 http://j2ee.com/main/?ct=api&method=goods.xxxx
[2016-04-22 15:28:28]Error: E:\HowToMakeLove\J2EE\lib\DM.php 228
自动加载ModGoods时，文件E:\HowToMakeLove\J2EE\web\main/model/ModGoods.php不存在

-----------------------------------
[2016-04-22 15:28:56] 127.0.0.1 http://j2ee.com/main/?ct=api&method=goods.xxxx
[2016-04-22 15:28:56]Info: E:\HowToMakeLove\J2EE\web\main\model\ModMain.php 18
SQL: select * from `user`(OK:0.003)
[2016-04-22 15:28:56]Info: E:\HowToMakeLove\J2EE\web\main\controller\CtlApi.php 24
array (
  'c' => '100',
  'data' => 
  array (
    0 => 
    array (
      'uid' => '1',
      'username' => '2',
      'psw' => '3',
    ),
  ),
  'ct' => 1461310136,
)

-----------------------------------
[2016-04-22 15:29:24] 127.0.0.1 http://j2ee.com/main/?ct=api&method=main.xxxx
[2016-04-22 15:29:24]Error: E:\HowToMakeLove\J2EE\web\main\service\SrvApi.php 47
Class 'SrvMainApi' not found

-----------------------------------
[2016-04-22 15:30:24] 127.0.0.1 http://j2ee.com/main/?ct=api&method=main.xxxx
[2016-04-22 15:30:24]Info: E:\HowToMakeLove\J2EE\web\main\model\ModMain.php 18
SQL: select * from `user`(OK:0.003)
[2016-04-22 15:30:24]Info: E:\HowToMakeLove\J2EE\web\main\controller\CtlApi.php 24
array (
  'c' => '100',
  'data' => 
  array (
    0 => 
    array (
      'uid' => '1',
      'username' => '2',
      'psw' => '3',
    ),
  ),
  'ct' => 1461310224,
)

-----------------------------------
[2016-04-22 15:31:46] 127.0.0.1 http://j2ee.com/main/?ct=api&method=main.test
[2016-04-22 15:31:46]Info: E:\HowToMakeLove\J2EE\web\main\model\ModMain.php 18
SQL: select * from `user`(OK:0.002)
[2016-04-22 15:31:46]Info: E:\HowToMakeLove\J2EE\web\main\controller\CtlApi.php 24
array (
  'c' => '100',
  'data' => 
  array (
    0 => 
    array (
      'uid' => '1',
      'username' => '2',
      'psw' => '3',
    ),
  ),
  'ct' => 1461310306,
)

-----------------------------------
[2016-04-22 15:32:49] 127.0.0.1 http://j2ee.com/main/?ct=api&method=test.test
[2016-04-22 15:32:49]Error: E:\HowToMakeLove\J2EE\web\main\service\SrvApi.php 47
Class 'SrvTestApi' not found

-----------------------------------
[2016-04-22 15:32:57] 127.0.0.1 http://j2ee.com/main/?ct=api&method=test.test
[2016-04-22 15:32:57]Info: E:\HowToMakeLove\J2EE\web\main\model\ModMain.php 18
SQL: select * from `user`(OK:0.002)
[2016-04-22 15:32:57]Info: E:\HowToMakeLove\J2EE\web\main\controller\CtlApi.php 24
array (
  'c' => '100',
  'data' => 
  array (
    0 => 
    array (
      'uid' => '1',
      'username' => '2',
      'psw' => '3',
    ),
  ),
  'ct' => 1461310377,
)

-----------------------------------
[2016-04-22 15:33:02] 127.0.0.1 http://j2ee.com/main/?ct=api&method=main.test
[2016-04-22 15:33:02]Info: E:\HowToMakeLove\J2EE\web\main\model\ModMain.php 18
SQL: select * from `user`(OK:0.003)
[2016-04-22 15:33:02]Info: E:\HowToMakeLove\J2EE\web\main\controller\CtlApi.php 24
array (
  'c' => '100',
  'data' => 
  array (
    0 => 
    array (
      'uid' => '1',
      'username' => '2',
      'psw' => '3',
    ),
  ),
  'ct' => 1461310382,
)

-----------------------------------
[2016-04-22 15:51:32] 127.0.0.1 http://j2ee.com/main/?ct=api&method=main.test
[2016-04-22 15:51:32]Info: E:\HowToMakeLove\J2EE\web\main\model\ModMain.php 18
SQL: select * from `user`(OK:0.003)
[2016-04-22 15:51:32]Info: E:\HowToMakeLove\J2EE\web\main\controller\CtlApi.php 24
array (
  'c' => '100',
  'data' => 
  array (
    0 => 
    array (
      'uid' => '1',
      'username' => '2012051337',
      'password' => '2012051337',
      'usertype' => 'student',
    ),
    1 => 
    array (
      'uid' => '3',
      'username' => '2012051234',
      'password' => '2012051234',
      'usertype' => 'student',
    ),
  ),
  'ct' => 1461311492,
)

-----------------------------------
[2016-04-22 16:03:33] 127.0.0.1 http://j2ee.com/main/?ct=api&method=main.getHomeworks
[2016-04-22 16:03:33]Error: E:\HowToMakeLove\J2EE\web\main\model\ModHomework.php 18
数据库[j2ee]的配置不存在，请在E:\HowToMakeLove\J2EE/config/db.php配置
[2016-04-22 16:03:33]Info: E:\HowToMakeLove\J2EE\web\main\controller\CtlApi.php 24
array (
  'c' => '100',
  'data' => 
  array (
  ),
  'ct' => 1461312213,
)

-----------------------------------
[2016-04-22 16:03:54] 127.0.0.1 http://j2ee.com/main/?ct=api&method=main.test
[2016-04-22 16:03:54]Error: E:\HowToMakeLove\J2EE\web\main\model\ModMain.php 18
数据库[j2ee]的配置不存在，请在E:\HowToMakeLove\J2EE/config/db.php配置
[2016-04-22 16:03:54]Info: E:\HowToMakeLove\J2EE\web\main\controller\CtlApi.php 24
array (
  'c' => '100',
  'data' => 
  array (
  ),
  'ct' => 1461312234,
)

-----------------------------------
[2016-04-22 16:04:43] 127.0.0.1 http://j2ee.com/main/?ct=api&method=main.getHomeworks
[2016-04-22 16:04:43]Error: E:\HowToMakeLove\J2EE\web\main\model\ModHomework.php 18
数据库[j2ee]的配置不存在，请在E:\HowToMakeLove\J2EE/config/db.php配置
[2016-04-22 16:04:43]Info: E:\HowToMakeLove\J2EE\web\main\controller\CtlApi.php 24
array (
  'c' => '100',
  'data' => 
  array (
  ),
  'ct' => 1461312283,
)

-----------------------------------
[2016-04-22 16:07:11] 127.0.0.1 http://j2ee.com/main/?ct=api&method=main.getHomeworks
[2016-04-22 16:07:11]Error: E:\HowToMakeLove\J2EE\web\main\model\ModHomework.php 18
数据库[j2ee]的配置不存在，请在E:\HowToMakeLove\J2EE/config/db.php配置
[2016-04-22 16:07:11]Info: E:\HowToMakeLove\J2EE\web\main\controller\CtlApi.php 24
array (
  'c' => '100',
  'data' => 
  array (
  ),
  'ct' => 1461312431,
)

-----------------------------------
[2016-04-22 16:07:15] 127.0.0.1 http://j2ee.com/main/?ct=api&method=main.test
[2016-04-22 16:07:15]Error: E:\HowToMakeLove\J2EE\web\main\model\ModMain.php 18
数据库[j2ee]的配置不存在，请在E:\HowToMakeLove\J2EE/config/db.php配置
[2016-04-22 16:07:15]Info: E:\HowToMakeLove\J2EE\web\main\controller\CtlApi.php 24
array (
  'c' => '100',
  'data' => 
  array (
  ),
  'ct' => 1461312435,
)

-----------------------------------
[2016-04-22 16:09:09] 127.0.0.1 http://j2ee.com/main/?ct=api&method=main.test
[2016-04-22 16:09:09]Error: E:\HowToMakeLove\J2EE\web\main\model\ModMain.php 18
数据库[j2ee]的配置不存在，请在E:\HowToMakeLove\J2EE/config/db.php配置
[2016-04-22 16:09:09]Info: E:\HowToMakeLove\J2EE\web\main\controller\CtlApi.php 24
array (
  'c' => '100',
  'data' => 
  array (
  ),
  'ct' => 1461312549,
)

-----------------------------------
[2016-04-22 16:10:22] 127.0.0.1 http://j2ee.com/main/?ct=api&method=main.getHomeworks
[2016-04-22 16:10:22]Error: E:\HowToMakeLove\J2EE\web\main\model\ModHomework.php 18
数据库[j2ee]的配置不存在，请在E:\HowToMakeLove\J2EE/config/db.php配置
[2016-04-22 16:10:22]Info: E:\HowToMakeLove\J2EE\web\main\controller\CtlApi.php 24
array (
  'c' => '100',
  'data' => 
  array (
  ),
  'ct' => 1461312622,
)

-----------------------------------
[2016-04-22 16:10:41] 127.0.0.1 http://j2ee.com/main/?ct=api&method=main.getHomeworks
[2016-04-22 16:10:41]Info: E:\HowToMakeLove\J2EE\web\main\model\ModHomework.php 18
SQL: select * from `homework`(OK:0.002)
[2016-04-22 16:10:41]Info: E:\HowToMakeLove\J2EE\web\main\controller\CtlApi.php 24
array (
  'c' => '100',
  'data' => 
  array (
    0 => 
    array (
      'hw_no' => '1',
      'hw_content' => '测试测试测试测试测试测试测试测试测试测试测试测试测试测试测试测试测试测试测试测试',
      'file' => '\\uploads\\homework\\1.doc',
      'deadline' => '2016-04-30',
    ),
    1 => 
    array (
      'hw_no' => '2',
      'hw_content' => '测试测试测试测试测试测试测试测试测试测试测试测试测试测试测试测试测试测试测试测试',
      'file' => '\\uploads\\homework\\2.doc',
      'deadline' => '2016-05-15',
    ),
  ),
  'ct' => 1461312641,
)

-----------------------------------
[2016-04-22 16:13:23] 127.0.0.1 http://j2ee.com/main/?ct=api&method=main.getHomeworks
[2016-04-22 16:13:23]Info: E:\HowToMakeLove\J2EE\web\main\model\ModHomework.php 18
SQL: select * from `homework`(OK:0.012)
[2016-04-22 16:13:23]Info: E:\HowToMakeLove\J2EE\web\main\controller\CtlApi.php 24
array (
  'c' => '100',
  'data' => 
  array (
    0 => 
    array (
      'hw_no' => '1',
      'hw_content' => '测试测试测试测试测试测试测试测试测试测试测试测试测试测试测试测试测试测试测试测试',
      'file' => '\\uploads\\homework\\1.doc',
      'deadline' => '2016-04-30',
    ),
    1 => 
    array (
      'hw_no' => '2',
      'hw_content' => '测试测试测试测试测试测试测试测试测试测试测试测试测试测试测试测试测试测试测试测试',
      'file' => '\\uploads\\homework\\2.doc',
      'deadline' => '2016-05-15',
    ),
  ),
  'ct' => 1461312803,
)

-----------------------------------
[2016-04-22 16:14:52] 127.0.0.1 http://j2ee.com/main/?ct=api&method=main.getHomeworks
[2016-04-22 16:14:52]Info: E:\HowToMakeLove\J2EE\web\main\model\ModHomework.php 18
SQL: select * from `homework`(OK:0.002)
[2016-04-22 16:14:52]Info: E:\HowToMakeLove\J2EE\web\main\controller\CtlApi.php 24
array (
  'c' => '100',
  'data' => 
  array (
    0 => 
    array (
      'hw_no' => '1',
      'hw_content' => '测试测试测试测试测试测试测试测试测试测试测试测试测试测试测试测试测试测试测试测试',
      'file' => '\\uploads\\homework\\1.doc',
      'deadline' => '2016-04-30',
    ),
    1 => 
    array (
      'hw_no' => '2',
      'hw_content' => '测试测试测试测试测试测试测试测试测试测试测试测试测试测试测试测试测试测试测试测试',
      'file' => '\\uploads\\homework\\2.doc',
      'deadline' => '2016-05-15',
    ),
  ),
  'ct' => 1461312892,
)

-----------------------------------
[2016-04-22 16:17:07] 127.0.0.1 http://j2ee.com/main/?ct=api&method=main.getHomeworks
[2016-04-22 16:17:07]Info: E:\HowToMakeLove\J2EE\web\main\model\ModHomework.php 18
SQL: select * from `homework`(OK:0.002)
[2016-04-22 16:17:07]Info: E:\HowToMakeLove\J2EE\web\main\controller\CtlApi.php 24
array (
  'c' => '100',
  'data' => 
  array (
    0 => 
    array (
      'hw_no' => '1',
      'hw_content' => '测试测试测试测试测试测试测试测试测试测试测试测试测试测试测试测试测试测试测试测试',
      'file' => '\\uploads\\homework\\1.doc',
      'deadline' => '2016-04-30',
    ),
    1 => 
    array (
      'hw_no' => '2',
      'hw_content' => '测试测试测试测试测试测试测试测试测试测试测试测试测试测试测试测试测试测试测试测试',
      'file' => '\\uploads\\homework\\2.doc',
      'deadline' => '2016-05-15',
    ),
  ),
  'ct' => 1461313027,
)

-----------------------------------
[2016-04-22 16:20:02] 127.0.0.1 http://j2ee.com/main/?ct=api&method=main.getHomeworks
[2016-04-22 16:20:02]Info: E:\HowToMakeLove\J2EE\web\main\model\ModHomework.php 18
SQL: select * from `homework`(OK:0.003)
[2016-04-22 16:20:02]Info: E:\HowToMakeLove\J2EE\web\main\controller\CtlApi.php 24
array (
  'c' => '100',
  'data' => 
  array (
    0 => 
    array (
      'hw_no' => '1',
      'hw_content' => '测试测试测试测试测试测试测试测试测试测试测试测试测试测试测试测试测试测试测试测试',
      'file_name' => '1.doc',
      'file_path' => '\\uploads\\homework\\1.doc',
      'deadline' => '2016-04-30',
    ),
    1 => 
    array (
      'hw_no' => '2',
      'hw_content' => '测试测试测试测试测试测试测试测试测试测试测试测试测试测试测试测试测试测试测试测试',
      'file_name' => '2.doc',
      'file_path' => '\\uploads\\homework\\2.doc',
      'deadline' => '2016-05-15',
    ),
  ),
  'ct' => 1461313202,
)

-----------------------------------
[2016-04-22 16:20:10] 127.0.0.1 http://j2ee.com/main/?ct=api&method=main.getHomeworks
[2016-04-22 16:20:10]Info: E:\HowToMakeLove\J2EE\web\main\model\ModHomework.php 18
SQL: select * from `homework`(OK:0.003)
[2016-04-22 16:20:10]Info: E:\HowToMakeLove\J2EE\web\main\controller\CtlApi.php 24
array (
  'c' => '100',
  'data' => 
  array (
    0 => 
    array (
      'hw_no' => '1',
      'hw_content' => '测试测试测试测试测试测试测试测试测试测试测试测试测试测试测试测试测试测试测试测试',
      'file_name' => '1.doc',
      'file_path' => '\\uploads\\homework\\1.doc',
      'deadline' => '2016-04-30',
    ),
    1 => 
    array (
      'hw_no' => '2',
      'hw_content' => '测试测试测试测试测试测试测试测试测试测试测试测试测试测试测试测试测试测试测试测试',
      'file_name' => '2.doc',
      'file_path' => '\\uploads\\homework\\2.doc',
      'deadline' => '2016-05-15',
    ),
  ),
  'ct' => 1461313210,
)

-----------------------------------
[2016-04-22 16:21:59] 127.0.0.1 http://j2ee.com/main/?ct=api&method=main.getHomeworks
[2016-04-22 16:21:59]Info: E:\HowToMakeLove\J2EE\web\main\model\ModHomework.php 18
SQL: select * from `homework`(OK:0.002)
[2016-04-22 16:21:59]Info: E:\HowToMakeLove\J2EE\web\main\controller\CtlApi.php 24
array (
  'c' => '100',
  'data' => 
  array (
    0 => 
    array (
      'hw_no' => '1',
      'hw_content' => '测试测试测试测试测试测试测试测试测试测试测试测试测试测试测试测试测试测试测试测试',
      'file_name' => '1.doc',
      'file_path' => '\\uploads\\homework\\1.doc',
      'deadline' => '2016-04-30',
    ),
    1 => 
    array (
      'hw_no' => '2',
      'hw_content' => '测试测试测试测试测试测试测试测试测试测试测试测试测试测试测试测试测试测试测试测试',
      'file_name' => '2.doc',
      'file_path' => '\\uploads\\homework\\2.doc',
      'deadline' => '2016-05-15',
    ),
  ),
  'ct' => 1461313319,
)

-----------------------------------
[2016-04-22 16:25:00] 127.0.0.1 http://j2ee.com/main/?ct=api&method=main.getHomeworks
[2016-04-22 16:25:00]Info: E:\HowToMakeLove\J2EE\web\main\model\ModHomework.php 18
SQL: select * from `homework`(OK:0.004)
[2016-04-22 16:25:00]Info: E:\HowToMakeLove\J2EE\web\main\controller\CtlApi.php 24
array (
  'c' => '100',
  'data' => 
  array (
    0 => 
    array (
      'hw_no' => '1',
      'hw_content' => '测试测试测试测试测试测试测试测试测试测试测试测试测试测试测试测试测试测试测试测试',
      'file_name' => '1.doc',
      'file_path' => '\\uploads\\homework\\1.doc',
      'deadline' => '2016-04-30',
    ),
    1 => 
    array (
      'hw_no' => '2',
      'hw_content' => '测试测试测试测试测试测试测试测试测试测试测试测试测试测试测试测试测试测试测试测试',
      'file_name' => '2.doc',
      'file_path' => '\\uploads\\homework\\2.doc',
      'deadline' => '2016-05-15',
    ),
  ),
  'ct' => 1461313500,
)

-----------------------------------
[2016-04-22 16:29:36] 127.0.0.1 http://j2ee.com/main/?ct=api&method=main.getHomeworks
[2016-04-22 16:29:36]Info: E:\HowToMakeLove\J2EE\web\main\model\ModHomework.php 18
SQL: select * from `homework`(OK:0.002)
[2016-04-22 16:29:36]Info: E:\HowToMakeLove\J2EE\web\main\controller\CtlApi.php 24
array (
  'c' => '100',
  'data' => 
  array (
    0 => 
    array (
      'hw_no' => '1',
      'hw_content' => '测试测试测试测试测试测试测试测试测试测试测试测试测试测试测试测试测试测试测试测试',
      'file_name' => '1.doc',
      'file_path' => '\\uploads\\homework\\1.doc',
      'deadline' => '2016-04-30',
    ),
    1 => 
    array (
      'hw_no' => '2',
      'hw_content' => '测试测试测试测试测试测试测试测试测试测试测试测试测试测试测试测试测试测试测试测试',
      'file_name' => '2.doc',
      'file_path' => '\\uploads\\homework\\2.doc',
      'deadline' => '2016-05-15',
    ),
  ),
  'ct' => 1461313776,
)

-----------------------------------
[2016-04-22 16:30:16] 127.0.0.1 http://j2ee.com/main/?ct=api&method=main.getHomeworks
[2016-04-22 16:30:16]Info: E:\HowToMakeLove\J2EE\web\main\model\ModHomework.php 18
SQL: select * from `homework`(OK:0.002)
[2016-04-22 16:30:16]Info: E:\HowToMakeLove\J2EE\web\main\controller\CtlApi.php 24
array (
  'c' => '100',
  'data' => 
  array (
    0 => 
    array (
      'hw_no' => '1',
      'hw_content' => '测试测试测试测试测试测试测试测试测试测试测试测试测试测试测试测试测试测试测试测试',
      'file_name' => '1.doc',
      'file_path' => '\\uploads\\homework\\1.doc',
      'deadline' => '2016-04-30',
    ),
    1 => 
    array (
      'hw_no' => '2',
      'hw_content' => '测试测试测试测试测试测试测试测试测试测试测试测试测试测试测试测试测试测试测试测试',
      'file_name' => '2.doc',
      'file_path' => '\\uploads\\homework\\2.doc',
      'deadline' => '2016-05-15',
    ),
  ),
  'ct' => 1461313816,
)

-----------------------------------
[2016-04-22 16:30:17] 127.0.0.1 http://j2ee.com/main/?ct=api&method=main.getHomeworks
[2016-04-22 16:30:17]Info: E:\HowToMakeLove\J2EE\web\main\model\ModHomework.php 18
SQL: select * from `homework`(OK:0.002)
[2016-04-22 16:30:17]Info: E:\HowToMakeLove\J2EE\web\main\controller\CtlApi.php 24
array (
  'c' => '100',
  'data' => 
  array (
    0 => 
    array (
      'hw_no' => '1',
      'hw_content' => '测试测试测试测试测试测试测试测试测试测试测试测试测试测试测试测试测试测试测试测试',
      'file_name' => '1.doc',
      'file_path' => '\\uploads\\homework\\1.doc',
      'deadline' => '2016-04-30',
    ),
    1 => 
    array (
      'hw_no' => '2',
      'hw_content' => '测试测试测试测试测试测试测试测试测试测试测试测试测试测试测试测试测试测试测试测试',
      'file_name' => '2.doc',
      'file_path' => '\\uploads\\homework\\2.doc',
      'deadline' => '2016-05-15',
    ),
  ),
  'ct' => 1461313817,
)

-----------------------------------
[2016-04-22 16:30:56] 127.0.0.1 http://j2ee.com/main/?ct=api&method=main.getHomeworks
[2016-04-22 16:30:56]Info: E:\HowToMakeLove\J2EE\web\main\model\ModHomework.php 18
SQL: select * from `homework`(OK:0.003)
[2016-04-22 16:30:56]Info: E:\HowToMakeLove\J2EE\web\main\controller\CtlApi.php 24
array (
  'c' => '100',
  'data' => 
  array (
    0 => 
    array (
      'hw_no' => '1',
      'hw_content' => '测试测试测试测试测试测试测试测试测试测试测试测试测试测试测试测试测试测试测试测试',
      'file_name' => '1.doc',
      'file_path' => '\\uploads\\homework\\1.doc',
      'deadline' => '2016-04-30',
    ),
    1 => 
    array (
      'hw_no' => '2',
      'hw_content' => '测试测试测试测试测试测试测试测试测试测试测试测试测试测试测试测试测试测试测试测试',
      'file_name' => '2.doc',
      'file_path' => '\\uploads\\homework\\2.doc',
      'deadline' => '2016-05-15',
    ),
  ),
  'ct' => 1461313856,
)

-----------------------------------
[2016-04-22 16:31:14] 127.0.0.1 http://j2ee.com/main/?ct=api&method=main.getHomeworks
[2016-04-22 16:31:14]Info: E:\HowToMakeLove\J2EE\web\main\model\ModHomework.php 18
SQL: select * from `homework`(OK:0.004)
[2016-04-22 16:31:14]Info: E:\HowToMakeLove\J2EE\web\main\controller\CtlApi.php 24
array (
  'c' => '100',
  'data' => 
  array (
    0 => 
    array (
      'hw_no' => '1',
      'hw_content' => '测试测试测试测试测试测试测试测试测试测试测试测试测试测试测试测试测试测试测试测试',
      'file_name' => '1.doc',
      'file_path' => '\\uploads\\homework\\1.doc',
      'deadline' => '2016-04-30',
    ),
    1 => 
    array (
      'hw_no' => '2',
      'hw_content' => '测试测试测试测试测试测试测试测试测试测试测试测试测试测试测试测试测试测试测试测试',
      'file_name' => '2.doc',
      'file_path' => '\\uploads\\homework\\2.doc',
      'deadline' => '2016-05-15',
    ),
  ),
  'ct' => 1461313874,
)

-----------------------------------
[2016-04-22 16:32:03] 127.0.0.1 http://j2ee.com/main/?ct=api&method=main.getHomeworks
[2016-04-22 16:32:03]Info: E:\HowToMakeLove\J2EE\web\main\model\ModHomework.php 18
SQL: select * from `homework`(OK:0.002)
[2016-04-22 16:32:03]Info: E:\HowToMakeLove\J2EE\web\main\controller\CtlApi.php 24
array (
  'c' => '100',
  'data' => 
  array (
    0 => 
    array (
      'hw_no' => '1',
      'hw_content' => '测试测试测试测试测试测试测试测试测试测试测试测试测试测试测试测试测试测试测试测试',
      'file_name' => '1.doc',
      'file_path' => '\\uploads\\homework\\1.doc',
      'deadline' => '2016-04-30',
    ),
    1 => 
    array (
      'hw_no' => '2',
      'hw_content' => '测试测试测试测试测试测试测试测试测试测试测试测试测试测试测试测试测试测试测试测试',
      'file_name' => '2.doc',
      'file_path' => '\\uploads\\homework\\2.doc',
      'deadline' => '2016-05-15',
    ),
  ),
  'ct' => 1461313923,
)

-----------------------------------
[2016-04-22 16:33:22] 127.0.0.1 http://j2ee.com/main/?ct=api&method=main.getHomeworks
[2016-04-22 16:33:22]Info: E:\HowToMakeLove\J2EE\web\main\model\ModHomework.php 18
SQL: select * from `homework`(OK:0.002)
[2016-04-22 16:33:22]Info: E:\HowToMakeLove\J2EE\web\main\controller\CtlApi.php 24
array (
  'c' => '100',
  'data' => 
  array (
    0 => 
    array (
      'hw_no' => '1',
      'hw_content' => '测试测试测试测试测试测试测试测试测试测试测试测试测试测试测试测试测试测试测试测试',
      'file_name' => '1.doc',
      'file_path' => '\\uploads\\homework\\1.doc',
      'deadline' => '2016-04-30',
    ),
    1 => 
    array (
      'hw_no' => '2',
      'hw_content' => '测试测试测试测试测试测试测试测试测试测试测试测试测试测试测试测试测试测试测试测试',
      'file_name' => '2.doc',
      'file_path' => '\\uploads\\homework\\2.doc',
      'deadline' => '2016-05-15',
    ),
  ),
  'ct' => 1461314002,
)

-----------------------------------
[2016-04-22 16:33:47] 127.0.0.1 http://j2ee.com/main/?ct=api&method=main.getHomeworks
[2016-04-22 16:33:47]Info: E:\HowToMakeLove\J2EE\web\main\model\ModHomework.php 18
SQL: select * from `homework`(OK:0.002)
[2016-04-22 16:33:47]Info: E:\HowToMakeLove\J2EE\web\main\controller\CtlApi.php 24
array (
  'c' => '100',
  'data' => 
  array (
    0 => 
    array (
      'hw_no' => '1',
      'hw_content' => '测试测试测试测试测试测试测试测试测试测试测试测试测试测试测试测试测试测试测试测试',
      'file_name' => '1.doc',
      'file_path' => '\\uploads\\homework\\1.doc',
      'deadline' => '2016-04-30',
    ),
    1 => 
    array (
      'hw_no' => '2',
      'hw_content' => '测试测试测试测试测试测试测试测试测试测试测试测试测试测试测试测试测试测试测试测试',
      'file_name' => '2.doc',
      'file_path' => '\\uploads\\homework\\2.doc',
      'deadline' => '2016-05-15',
    ),
  ),
  'ct' => 1461314027,
)

-----------------------------------
[2016-04-22 16:38:27] 127.0.0.1 http://j2ee.com/main/?ct=api&method=main.getHomeworks
[2016-04-22 16:38:27]Info: E:\HowToMakeLove\J2EE\web\main\model\ModHomework.php 18
SQL: select * from `homework`(OK:0.002)
[2016-04-22 16:38:27]Info: E:\HowToMakeLove\J2EE\web\main\controller\CtlApi.php 24
array (
  'c' => '100',
  'data' => 
  array (
    0 => 
    array (
      'hw_no' => '1',
      'hw_content' => '测试测试测试测试测试测试测试测试测试测试测试测试测试测试测试测试测试测试测试测试',
      'file_name' => '1.doc',
      'file_path' => '\\uploads\\homework\\1.doc',
      'deadline' => '2016-04-30',
    ),
    1 => 
    array (
      'hw_no' => '2',
      'hw_content' => '测试测试测试测试测试测试测试测试测试测试测试测试测试测试测试测试测试测试测试测试',
      'file_name' => '2.doc',
      'file_path' => '\\uploads\\homework\\2.doc',
      'deadline' => '2016-05-15',
    ),
  ),
  'ct' => 1461314307,
)

-----------------------------------
[2016-04-22 16:40:31] 127.0.0.1 http://j2ee.com/main/?ct=api&method=main.getHomeworks
[2016-04-22 16:40:31]Info: E:\HowToMakeLove\J2EE\web\main\model\ModHomework.php 18
SQL: select * from `homework`(OK:0.003)
[2016-04-22 16:40:31]Info: E:\HowToMakeLove\J2EE\web\main\controller\CtlApi.php 24
array (
  'c' => '100',
  'data' => 
  array (
    0 => 
    array (
      'hw_no' => '1',
      'hw_content' => '测试测试测试测试测试测试测试测试测试测试测试测试测试测试测试测试测试测试测试测试',
      'file_name' => '1.doc',
      'file_path' => '\\uploads\\homework\\1.doc',
      'deadline' => '2016-04-30',
    ),
    1 => 
    array (
      'hw_no' => '2',
      'hw_content' => '测试测试测试测试测试测试测试测试测试测试测试测试测试测试测试测试测试测试测试测试',
      'file_name' => '2.doc',
      'file_path' => '\\uploads\\homework\\2.doc',
      'deadline' => '2016-05-15',
    ),
  ),
  'ct' => 1461314431,
)

-----------------------------------
[2016-04-22 16:42:04] 127.0.0.1 http://j2ee.com/main/?ct=api&method=main.getHomeworks
[2016-04-22 16:42:04]Info: E:\HowToMakeLove\J2EE\web\main\model\ModHomework.php 18
SQL: select * from `homework`(OK:0.003)
[2016-04-22 16:42:04]Info: E:\HowToMakeLove\J2EE\web\main\controller\CtlApi.php 24
array (
  'c' => '100',
  'data' => 
  array (
    0 => 
    array (
      'hw_no' => '1',
      'hw_content' => '测试测试测试测试测试测试测试测试测试测试测试测试测试测试测试测试测试测试测试测试',
      'file_name' => '1.doc',
      'file_path' => '\\uploads\\homework\\1.doc',
      'deadline' => '2016-04-30',
    ),
    1 => 
    array (
      'hw_no' => '2',
      'hw_content' => '测试测试测试测试测试测试测试测试测试测试测试测试测试测试测试测试测试测试测试测试',
      'file_name' => '2.doc',
      'file_path' => '\\uploads\\homework\\2.doc',
      'deadline' => '2016-05-15',
    ),
  ),
  'ct' => 1461314524,
)

-----------------------------------
[2016-04-22 16:47:58] 127.0.0.1 http://j2ee.com/main/?ct=api&method=main.getHomeworks
[2016-04-22 16:47:58]Info: E:\HowToMakeLove\J2EE\web\main\model\ModHomework.php 18
SQL: select * from `homework`(OK:0.003)
[2016-04-22 16:47:58]Info: E:\HowToMakeLove\J2EE\web\main\controller\CtlApi.php 24
array (
  'c' => '100',
  'data' => 
  array (
    0 => 
    array (
      'hw_no' => '1',
      'hw_content' => '测试测试测试测试测试测试测试测试测试测试测试测试测试测试测试测试测试测试测试测试',
      'file_name' => '1.doc',
      'file_path' => '\\uploads\\homework\\1.doc',
      'deadline' => '2016-04-30',
    ),
    1 => 
    array (
      'hw_no' => '2',
      'hw_content' => '测试测试测试测试测试测试测试测试测试测试测试测试测试测试测试测试测试测试测试测试',
      'file_name' => '2.doc',
      'file_path' => '\\uploads\\homework\\2.doc',
      'deadline' => '2016-05-15',
    ),
  ),
  'ct' => 1461314878,
)

-----------------------------------
[2016-04-22 16:48:13] 127.0.0.1 http://j2ee.com/main/?ct=api&method=main.getHomeworks
[2016-04-22 16:48:13]Info: E:\HowToMakeLove\J2EE\web\main\model\ModHomework.php 18
SQL: select * from `homework`(OK:0.002)
[2016-04-22 16:48:13]Info: E:\HowToMakeLove\J2EE\web\main\controller\CtlApi.php 24
array (
  'c' => '100',
  'data' => 
  array (
    0 => 
    array (
      'hw_no' => '1',
      'hw_content' => '测试测试测试测试测试测试测试测试测试测试测试测试测试测试测试测试测试测试测试测试',
      'file_name' => '1.doc',
      'file_path' => '\\uploads\\homework\\1.doc',
      'deadline' => '2016-04-30',
    ),
    1 => 
    array (
      'hw_no' => '2',
      'hw_content' => '测试测试测试测试测试测试测试测试测试测试测试测试测试测试测试测试测试测试测试测试',
      'file_name' => '2.doc',
      'file_path' => '\\uploads\\homework\\2.doc',
      'deadline' => '2016-05-15',
    ),
  ),
  'ct' => 1461314893,
)

-----------------------------------
[2016-04-22 16:50:51] 127.0.0.1 http://j2ee.com/main/?ct=api&method=main.getHomeworks
[2016-04-22 16:50:51]Info: E:\HowToMakeLove\J2EE\web\main\model\ModHomework.php 18
SQL: select * from `homework`(OK:0.002)
[2016-04-22 16:50:51]Info: E:\HowToMakeLove\J2EE\web\main\controller\CtlApi.php 24
array (
  'c' => '100',
  'data' => 
  array (
    0 => 
    array (
      'hw_no' => '1',
      'hw_content' => '测试测试测试测试测试测试测试测试测试测试测试测试测试测试测试测试测试测试测试测试',
      'file_name' => '1.doc',
      'file_path' => '\\uploads\\homework\\1.doc',
      'deadline' => '2016-04-30',
    ),
    1 => 
    array (
      'hw_no' => '2',
      'hw_content' => '测试测试测试测试测试测试测试测试测试测试测试测试测试测试测试测试测试测试测试测试',
      'file_name' => '2.doc',
      'file_path' => '\\uploads\\homework\\2.doc',
      'deadline' => '2016-05-15',
    ),
  ),
  'ct' => 1461315051,
)

-----------------------------------
[2016-04-22 16:51:19] 127.0.0.1 http://j2ee.com/main/?ct=api&method=main.getHomeworks
[2016-04-22 16:51:19]Info: E:\HowToMakeLove\J2EE\web\main\model\ModHomework.php 18
SQL: select * from `homework`(OK:0.002)
[2016-04-22 16:51:19]Info: E:\HowToMakeLove\J2EE\web\main\controller\CtlApi.php 24
array (
  'c' => '100',
  'data' => 
  array (
    0 => 
    array (
      'hw_no' => '1',
      'hw_content' => '测试测试测试测试测试测试测试测试测试测试测试测试测试测试测试测试测试测试测试测试',
      'file_name' => '1.doc',
      'file_path' => '\\uploads\\homework\\1.doc',
      'deadline' => '2016-04-30',
    ),
    1 => 
    array (
      'hw_no' => '2',
      'hw_content' => '测试测试测试测试测试测试测试测试测试测试测试测试测试测试测试测试测试测试测试测试',
      'file_name' => '2.doc',
      'file_path' => '\\uploads\\homework\\2.doc',
      'deadline' => '2016-05-15',
    ),
  ),
  'ct' => 1461315079,
)

-----------------------------------
[2016-04-22 16:51:39] 127.0.0.1 http://j2ee.com/main/?ct=api&method=main.getHomeworks
[2016-04-22 16:51:39]Info: E:\HowToMakeLove\J2EE\web\main\model\ModHomework.php 18
SQL: select * from `homework`(OK:0.012)
[2016-04-22 16:51:39]Info: E:\HowToMakeLove\J2EE\web\main\controller\CtlApi.php 24
array (
  'c' => '100',
  'data' => 
  array (
    0 => 
    array (
      'hw_no' => '1',
      'hw_content' => '测试测试测试测试测试测试测试测试测试测试测试测试测试测试测试测试测试测试测试测试',
      'file_name' => '1.doc',
      'file_path' => '\\uploads\\homework\\1.doc',
      'deadline' => '2016-04-30',
    ),
    1 => 
    array (
      'hw_no' => '2',
      'hw_content' => '测试测试测试测试测试测试测试测试测试测试测试测试测试测试测试测试测试测试测试测试',
      'file_name' => '2.doc',
      'file_path' => '\\uploads\\homework\\2.doc',
      'deadline' => '2016-05-15',
    ),
  ),
  'ct' => 1461315099,
)

-----------------------------------
[2016-04-22 16:52:25] 127.0.0.1 http://j2ee.com/main/?ct=api&method=main.getHomeworks
[2016-04-22 16:52:25]Info: E:\HowToMakeLove\J2EE\web\main\model\ModHomework.php 18
SQL: select * from `homework`(OK:0.002)
[2016-04-22 16:52:25]Info: E:\HowToMakeLove\J2EE\web\main\controller\CtlApi.php 24
array (
  'c' => '100',
  'data' => 
  array (
    0 => 
    array (
      'hw_no' => '1',
      'hw_content' => '测试测试测试测试测试测试测试测试测试测试测试测试测试测试测试测试测试测试测试测试',
      'file_name' => '1.doc',
      'file_path' => '\\uploads\\homework\\1.doc',
      'deadline' => '2016-04-30',
    ),
    1 => 
    array (
      'hw_no' => '2',
      'hw_content' => '测试测试测试测试测试测试测试测试测试测试测试测试测试测试测试测试测试测试测试测试',
      'file_name' => '2.doc',
      'file_path' => '\\uploads\\homework\\2.doc',
      'deadline' => '2016-05-15',
    ),
  ),
  'ct' => 1461315145,
)

-----------------------------------
[2016-04-22 16:53:08] 127.0.0.1 http://j2ee.com/main/?ct=api&method=main.getHomeworks
[2016-04-22 16:53:08]Info: E:\HowToMakeLove\J2EE\web\main\model\ModHomework.php 18
SQL: select * from `homework`(OK:0.002)
[2016-04-22 16:53:08]Info: E:\HowToMakeLove\J2EE\web\main\controller\CtlApi.php 24
array (
  'c' => '100',
  'data' => 
  array (
    0 => 
    array (
      'hw_no' => '1',
      'hw_content' => '测试测试测试测试测试测试测试测试测试测试测试测试测试测试测试测试测试测试测试测试',
      'file_name' => '1.doc',
      'file_path' => '\\uploads\\homework\\1.doc',
      'deadline' => '2016-04-30',
    ),
    1 => 
    array (
      'hw_no' => '2',
      'hw_content' => '测试测试测试测试测试测试测试测试测试测试测试测试测试测试测试测试测试测试测试测试',
      'file_name' => '2.doc',
      'file_path' => '\\uploads\\homework\\2.doc',
      'deadline' => '2016-05-15',
    ),
  ),
  'ct' => 1461315188,
)

-----------------------------------
[2016-04-22 16:53:25] 127.0.0.1 http://j2ee.com/main/?ct=api&method=main.getHomeworks
[2016-04-22 16:53:25]Info: E:\HowToMakeLove\J2EE\web\main\model\ModHomework.php 18
SQL: select * from `homework`(OK:0.002)
[2016-04-22 16:53:25]Info: E:\HowToMakeLove\J2EE\web\main\controller\CtlApi.php 24
array (
  'c' => '100',
  'data' => 
  array (
    0 => 
    array (
      'hw_no' => '1',
      'hw_content' => '测试测试测试测试测试测试测试测试测试测试测试测试测试测试测试测试测试测试测试测试',
      'file_name' => '1.doc',
      'file_path' => '\\uploads\\homework\\1.doc',
      'deadline' => '2016-04-30',
    ),
    1 => 
    array (
      'hw_no' => '2',
      'hw_content' => '测试测试测试测试测试测试测试测试测试测试测试测试测试测试测试测试测试测试测试测试',
      'file_name' => '2.doc',
      'file_path' => '\\uploads\\homework\\2.doc',
      'deadline' => '2016-05-15',
    ),
  ),
  'ct' => 1461315205,
)

-----------------------------------
[2016-04-22 16:53:33] 127.0.0.1 http://j2ee.com/main/?ct=api&method=main.getHomeworks
[2016-04-22 16:53:33]Info: E:\HowToMakeLove\J2EE\web\main\model\ModHomework.php 18
SQL: select * from `homework`(OK:0.002)
[2016-04-22 16:53:33]Info: E:\HowToMakeLove\J2EE\web\main\controller\CtlApi.php 24
array (
  'c' => '100',
  'data' => 
  array (
    0 => 
    array (
      'hw_no' => '1',
      'hw_content' => '测试测试测试测试测试测试测试测试测试测试测试测试测试测试测试测试测试测试测试测试',
      'file_name' => '1.doc',
      'file_path' => '\\uploads\\homework\\1.doc',
      'deadline' => '2016-04-30',
    ),
    1 => 
    array (
      'hw_no' => '2',
      'hw_content' => '测试测试测试测试测试测试测试测试测试测试测试测试测试测试测试测试测试测试测试测试',
      'file_name' => '2.doc',
      'file_path' => '\\uploads\\homework\\2.doc',
      'deadline' => '2016-05-15',
    ),
  ),
  'ct' => 1461315213,
)

-----------------------------------
[2016-04-22 16:55:27] 127.0.0.1 http://j2ee.com/main/?ct=api&method=main.getHomeworks
[2016-04-22 16:55:27]Info: E:\HowToMakeLove\J2EE\web\main\model\ModHomework.php 18
SQL: select * from `homework`(OK:0.002)
[2016-04-22 16:55:27]Info: E:\HowToMakeLove\J2EE\web\main\controller\CtlApi.php 24
array (
  'c' => '100',
  'data' => 
  array (
    0 => 
    array (
      'hw_no' => '1',
      'hw_content' => '测试测试测试测试测试测试测试测试测试测试测试测试测试测试测试测试测试测试测试测试',
      'file_name' => '1.doc',
      'file_path' => '\\uploads\\homework\\1.doc',
      'deadline' => '2016-04-30',
    ),
    1 => 
    array (
      'hw_no' => '2',
      'hw_content' => '测试测试测试测试测试测试测试测试测试测试测试测试测试测试测试测试测试测试测试测试',
      'file_name' => '2.doc',
      'file_path' => '\\uploads\\homework\\2.doc',
      'deadline' => '2016-05-15',
    ),
  ),
  'ct' => 1461315327,
)

-----------------------------------
[2016-04-22 16:56:32] 127.0.0.1 http://j2ee.com/main/?ct=api&method=main.getHomeworks
[2016-04-22 16:56:32]Info: E:\HowToMakeLove\J2EE\web\main\model\ModHomework.php 18
SQL: select * from `homework`(OK:0.002)
[2016-04-22 16:56:32]Info: E:\HowToMakeLove\J2EE\web\main\controller\CtlApi.php 24
array (
  'c' => '100',
  'data' => 
  array (
    0 => 
    array (
      'hw_no' => '1',
      'hw_content' => '测试测试测试测试测试测试测试测试测试测试测试测试测试测试测试测试测试测试测试测试',
      'file_name' => '1.doc',
      'file_path' => '\\uploads\\homework\\1.doc',
      'deadline' => '2016-04-30',
    ),
    1 => 
    array (
      'hw_no' => '2',
      'hw_content' => '测试测试测试测试测试测试测试测试测试测试测试测试测试测试测试测试测试测试测试测试',
      'file_name' => '2.doc',
      'file_path' => '\\uploads\\homework\\2.doc',
      'deadline' => '2016-05-15',
    ),
  ),
  'ct' => 1461315392,
)

-----------------------------------
[2016-04-22 16:56:37] 127.0.0.1 http://j2ee.com/main/?ct=api&method=main.getHomeworks
[2016-04-22 16:56:37]Info: E:\HowToMakeLove\J2EE\web\main\model\ModHomework.php 18
SQL: select * from `homework`(OK:0.002)
[2016-04-22 16:56:37]Info: E:\HowToMakeLove\J2EE\web\main\controller\CtlApi.php 24
array (
  'c' => '100',
  'data' => 
  array (
    0 => 
    array (
      'hw_no' => '1',
      'hw_content' => '测试测试测试测试测试测试测试测试测试测试测试测试测试测试测试测试测试测试测试测试',
      'file_name' => '1.doc',
      'file_path' => '\\uploads\\homework\\1.doc',
      'deadline' => '2016-04-30',
    ),
    1 => 
    array (
      'hw_no' => '2',
      'hw_content' => '测试测试测试测试测试测试测试测试测试测试测试测试测试测试测试测试测试测试测试测试',
      'file_name' => '2.doc',
      'file_path' => '\\uploads\\homework\\2.doc',
      'deadline' => '2016-05-15',
    ),
  ),
  'ct' => 1461315397,
)

-----------------------------------
[2016-04-22 16:56:43] 127.0.0.1 http://j2ee.com/main/?ct=api&method=main.getHomeworks
[2016-04-22 16:56:43]Info: E:\HowToMakeLove\J2EE\web\main\model\ModHomework.php 18
SQL: select * from `homework`(OK:0.002)
[2016-04-22 16:56:43]Info: E:\HowToMakeLove\J2EE\web\main\controller\CtlApi.php 24
array (
  'c' => '100',
  'data' => 
  array (
    0 => 
    array (
      'hw_no' => '1',
      'hw_content' => '测试测试测试测试测试测试测试测试测试测试测试测试测试测试测试测试测试测试测试测试',
      'file_name' => '1.doc',
      'file_path' => '\\uploads\\homework\\1.doc',
      'deadline' => '2016-04-30',
    ),
    1 => 
    array (
      'hw_no' => '2',
      'hw_content' => '测试测试测试测试测试测试测试测试测试测试测试测试测试测试测试测试测试测试测试测试',
      'file_name' => '2.doc',
      'file_path' => '\\uploads\\homework\\2.doc',
      'deadline' => '2016-05-15',
    ),
  ),
  'ct' => 1461315403,
)

-----------------------------------
[2016-04-22 16:56:57] 127.0.0.1 http://j2ee.com/main/?ct=api&method=main.getHomeworks
[2016-04-22 16:56:57]Info: E:\HowToMakeLove\J2EE\web\main\model\ModHomework.php 18
SQL: select * from `homework`(OK:0.002)
[2016-04-22 16:56:57]Info: E:\HowToMakeLove\J2EE\web\main\controller\CtlApi.php 24
array (
  'c' => '100',
  'data' => 
  array (
    0 => 
    array (
      'hw_no' => '1',
      'hw_content' => '测试测试测试测试测试测试测试测试测试测试测试测试测试测试测试测试测试测试测试测试',
      'file_name' => '1.doc',
      'file_path' => '\\uploads\\homework\\1.doc',
      'deadline' => '2016-04-30',
    ),
    1 => 
    array (
      'hw_no' => '2',
      'hw_content' => '测试测试测试测试测试测试测试测试测试测试测试测试测试测试测试测试测试测试测试测试',
      'file_name' => '2.doc',
      'file_path' => '\\uploads\\homework\\2.doc',
      'deadline' => '2016-05-15',
    ),
  ),
  'ct' => 1461315417,
)

-----------------------------------
[2016-04-22 16:58:03] 127.0.0.1 http://j2ee.com/main/?ct=api&method=main.getHomeworks
[2016-04-22 16:58:03]Info: E:\HowToMakeLove\J2EE\web\main\model\ModHomework.php 18
SQL: select * from `homework`(OK:0.003)
[2016-04-22 16:58:03]Info: E:\HowToMakeLove\J2EE\web\main\controller\CtlApi.php 24
array (
  'c' => '100',
  'data' => 
  array (
    0 => 
    array (
      'hw_no' => '1',
      'hw_content' => '测试测试测试测试测试测试测试测试测试测试测试测试测试测试测试测试测试测试测试测试',
      'file_name' => '1.doc',
      'file_path' => '\\uploads\\homework\\1.doc',
      'deadline' => '2016-04-30',
    ),
    1 => 
    array (
      'hw_no' => '2',
      'hw_content' => '测试测试测试测试测试测试测试测试测试测试测试测试测试测试测试测试测试测试测试测试',
      'file_name' => '2.doc',
      'file_path' => '\\uploads\\homework\\2.doc',
      'deadline' => '2016-05-15',
    ),
  ),
  'ct' => 1461315483,
)

-----------------------------------
[2016-04-22 16:58:08] 127.0.0.1 http://j2ee.com/main/?ct=api&method=main.getHomeworks
[2016-04-22 16:58:08]Info: E:\HowToMakeLove\J2EE\web\main\model\ModHomework.php 18
SQL: select * from `homework`(OK:0.002)
[2016-04-22 16:58:08]Info: E:\HowToMakeLove\J2EE\web\main\controller\CtlApi.php 24
array (
  'c' => '100',
  'data' => 
  array (
    0 => 
    array (
      'hw_no' => '1',
      'hw_content' => '测试测试测试测试测试测试测试测试测试测试测试测试测试测试测试测试测试测试测试测试',
      'file_name' => '1.doc',
      'file_path' => '\\uploads\\homework\\1.doc',
      'deadline' => '2016-04-30',
    ),
    1 => 
    array (
      'hw_no' => '2',
      'hw_content' => '测试测试测试测试测试测试测试测试测试测试测试测试测试测试测试测试测试测试测试测试',
      'file_name' => '2.doc',
      'file_path' => '\\uploads\\homework\\2.doc',
      'deadline' => '2016-05-15',
    ),
  ),
  'ct' => 1461315488,
)

-----------------------------------
[2016-04-22 16:58:09] 127.0.0.1 http://j2ee.com/main/?ct=api&method=main.getHomeworks
[2016-04-22 16:58:09]Info: E:\HowToMakeLove\J2EE\web\main\model\ModHomework.php 18
SQL: select * from `homework`(OK:0.002)
[2016-04-22 16:58:09]Info: E:\HowToMakeLove\J2EE\web\main\controller\CtlApi.php 24
array (
  'c' => '100',
  'data' => 
  array (
    0 => 
    array (
      'hw_no' => '1',
      'hw_content' => '测试测试测试测试测试测试测试测试测试测试测试测试测试测试测试测试测试测试测试测试',
      'file_name' => '1.doc',
      'file_path' => '\\uploads\\homework\\1.doc',
      'deadline' => '2016-04-30',
    ),
    1 => 
    array (
      'hw_no' => '2',
      'hw_content' => '测试测试测试测试测试测试测试测试测试测试测试测试测试测试测试测试测试测试测试测试',
      'file_name' => '2.doc',
      'file_path' => '\\uploads\\homework\\2.doc',
      'deadline' => '2016-05-15',
    ),
  ),
  'ct' => 1461315489,
)

-----------------------------------
[2016-04-22 17:03:14] 127.0.0.1 http://j2ee.com/main/?ct=api&method=main.getHomeworks
[2016-04-22 17:03:14]Error: E:\HowToMakeLove\J2EE\web\main\model\ModHomework.php 9
Declaration of ModHomework::delete() should be compatible with Model::delete($where, $limit = 0, $table = '')
[2016-04-22 17:03:14]Info: E:\HowToMakeLove\J2EE\web\main\model\ModHomework.php 18
SQL: select * from `homework`(OK:0.002)
[2016-04-22 17:03:14]Info: E:\HowToMakeLove\J2EE\web\main\controller\CtlApi.php 24
array (
  'c' => '100',
  'data' => 
  array (
    0 => 
    array (
      'hw_no' => '1',
      'hw_content' => '测试测试测试测试测试测试测试测试测试测试测试测试测试测试测试测试测试测试测试测试',
      'file_name' => '1.doc',
      'file_path' => '\\uploads\\homework\\1.doc',
      'deadline' => '2016-04-30',
    ),
    1 => 
    array (
      'hw_no' => '2',
      'hw_content' => '测试测试测试测试测试测试测试测试测试测试测试测试测试测试测试测试测试测试测试测试',
      'file_name' => '2.doc',
      'file_path' => '\\uploads\\homework\\2.doc',
      'deadline' => '2016-05-15',
    ),
  ),
  'ct' => 1461315794,
)

-----------------------------------
[2016-04-22 17:14:15] 127.0.0.1 http://j2ee.com/main/?ct=api&method=main.getHomeworks
[2016-04-22 17:14:15]Error: E:\HowToMakeLove\J2EE\web\main\model\ModHomework.php 9
Declaration of ModHomework::delete() should be compatible with Model::delete($where, $limit = 0, $table = '')
[2016-04-22 17:14:15]Info: E:\HowToMakeLove\J2EE\web\main\model\ModHomework.php 18
SQL: select * from `homework`(OK:0.003)
[2016-04-22 17:14:15]Info: E:\HowToMakeLove\J2EE\web\main\controller\CtlApi.php 24
array (
  'c' => '100',
  'data' => 
  array (
    0 => 
    array (
      'hw_no' => '1',
      'hw_content' => '测试测试测试测试测试测试测试测试测试测试测试测试测试测试测试测试测试测试测试测试',
      'file_name' => '1.doc',
      'file_path' => '\\uploads\\homework\\1.doc',
      'deadline' => '2016-04-30',
    ),
    1 => 
    array (
      'hw_no' => '2',
      'hw_content' => '测试测试测试测试测试测试测试测试测试测试测试测试测试测试测试测试测试测试测试测试',
      'file_name' => '2.doc',
      'file_path' => '\\uploads\\homework\\2.doc',
      'deadline' => '2016-05-15',
    ),
  ),
  'ct' => 1461316455,
)

-----------------------------------
[2016-04-22 17:14:19] 127.0.0.1 http://j2ee.com/main/?ct=api&method=main.deleteHomework
[2016-04-22 17:14:19]Error: E:\HowToMakeLove\J2EE\web\main\model\ModHomework.php 9
Declaration of ModHomework::delete() should be compatible with Model::delete($where, $limit = 0, $table = '')
[2016-04-22 17:14:19]Error: E:\HowToMakeLove\J2EE\web\main\model\ModHomework.php 24
SQL: delete from `homework` where `hw_no` =(error：You have an error in your SQL syntax; check the manual that corresponds to your MySQL server version for the right syntax to use near '' at line 1)
[2016-04-22 17:14:19]Info: E:\HowToMakeLove\J2EE\web\main\controller\CtlApi.php 24
array (
  'c' => '100',
  'data' => false,
  'ct' => 1461316459,
)

-----------------------------------
[2016-04-22 17:14:22] 127.0.0.1 http://j2ee.com/main/?ct=api&method=main.getHomeworks
[2016-04-22 17:14:22]Error: E:\HowToMakeLove\J2EE\web\main\model\ModHomework.php 9
Declaration of ModHomework::delete() should be compatible with Model::delete($where, $limit = 0, $table = '')
[2016-04-22 17:14:22]Info: E:\HowToMakeLove\J2EE\web\main\model\ModHomework.php 18
SQL: select * from `homework`(OK:0.002)
[2016-04-22 17:14:22]Info: E:\HowToMakeLove\J2EE\web\main\controller\CtlApi.php 24
array (
  'c' => '100',
  'data' => 
  array (
    0 => 
    array (
      'hw_no' => '1',
      'hw_content' => '测试测试测试测试测试测试测试测试测试测试测试测试测试测试测试测试测试测试测试测试',
      'file_name' => '1.doc',
      'file_path' => '\\uploads\\homework\\1.doc',
      'deadline' => '2016-04-30',
    ),
    1 => 
    array (
      'hw_no' => '2',
      'hw_content' => '测试测试测试测试测试测试测试测试测试测试测试测试测试测试测试测试测试测试测试测试',
      'file_name' => '2.doc',
      'file_path' => '\\uploads\\homework\\2.doc',
      'deadline' => '2016-05-15',
    ),
  ),
  'ct' => 1461316462,
)

-----------------------------------
[2016-04-22 17:14:27] 127.0.0.1 http://j2ee.com/main/?ct=api&method=main.deleteHomework
[2016-04-22 17:14:27]Error: E:\HowToMakeLove\J2EE\web\main\model\ModHomework.php 9
Declaration of ModHomework::delete() should be compatible with Model::delete($where, $limit = 0, $table = '')
[2016-04-22 17:14:27]Error: E:\HowToMakeLove\J2EE\web\main\model\ModHomework.php 24
SQL: delete from `homework` where `hw_no` =(error：You have an error in your SQL syntax; check the manual that corresponds to your MySQL server version for the right syntax to use near '' at line 1)
[2016-04-22 17:14:27]Info: E:\HowToMakeLove\J2EE\web\main\controller\CtlApi.php 24
array (
  'c' => '100',
  'data' => false,
  'ct' => 1461316467,
)

-----------------------------------
[2016-04-22 17:16:14] 127.0.0.1 http://j2ee.com/main/?ct=api&method=main.getHomeworks
[2016-04-22 17:16:14]Error: E:\HowToMakeLove\J2EE\web\main\model\ModHomework.php 9
Declaration of ModHomework::delete() should be compatible with Model::delete($where, $limit = 0, $table = '')
[2016-04-22 17:16:14]Info: E:\HowToMakeLove\J2EE\web\main\model\ModHomework.php 18
SQL: select * from `homework`(OK:0.004)
[2016-04-22 17:16:14]Info: E:\HowToMakeLove\J2EE\web\main\controller\CtlApi.php 24
array (
  'c' => '100',
  'data' => 
  array (
    0 => 
    array (
      'hw_no' => '1',
      'hw_content' => '测试测试测试测试测试测试测试测试测试测试测试测试测试测试测试测试测试测试测试测试',
      'file_name' => '1.doc',
      'file_path' => '\\uploads\\homework\\1.doc',
      'deadline' => '2016-04-30',
    ),
    1 => 
    array (
      'hw_no' => '2',
      'hw_content' => '测试测试测试测试测试测试测试测试测试测试测试测试测试测试测试测试测试测试测试测试',
      'file_name' => '2.doc',
      'file_path' => '\\uploads\\homework\\2.doc',
      'deadline' => '2016-05-15',
    ),
  ),
  'ct' => 1461316574,
)

-----------------------------------
[2016-04-22 17:16:15] 127.0.0.1 http://j2ee.com/main/?ct=api&method=main.deleteHomework
[2016-04-22 17:16:15]Error: E:\HowToMakeLove\J2EE\web\main\model\ModHomework.php 9
Declaration of ModHomework::delete() should be compatible with Model::delete($where, $limit = 0, $table = '')
[2016-04-22 17:16:15]Error: E:\HowToMakeLove\J2EE\web\main\model\ModHomework.php 24
SQL: delete from `homework` where `hw_no` =(error：You have an error in your SQL syntax; check the manual that corresponds to your MySQL server version for the right syntax to use near '' at line 1)
[2016-04-22 17:16:15]Info: E:\HowToMakeLove\J2EE\web\main\controller\CtlApi.php 24
array (
  'c' => '100',
  'data' => false,
  'ct' => 1461316575,
)

-----------------------------------
[2016-04-22 17:17:37] 127.0.0.1 http://j2ee.com/main/?ct=api&method=main.getHomeworks
[2016-04-22 17:17:37]Error: E:\HowToMakeLove\J2EE\web\main\model\ModHomework.php 9
Declaration of ModHomework::delete() should be compatible with Model::delete($where, $limit = 0, $table = '')
[2016-04-22 17:17:37]Info: E:\HowToMakeLove\J2EE\web\main\model\ModHomework.php 18
SQL: select * from `homework`(OK:0.002)
[2016-04-22 17:17:37]Info: E:\HowToMakeLove\J2EE\web\main\controller\CtlApi.php 24
array (
  'c' => '100',
  'data' => 
  array (
    0 => 
    array (
      'hw_no' => '1',
      'hw_content' => '测试测试测试测试测试测试测试测试测试测试测试测试测试测试测试测试测试测试测试测试',
      'file_name' => '1.doc',
      'file_path' => '\\uploads\\homework\\1.doc',
      'deadline' => '2016-04-30',
    ),
    1 => 
    array (
      'hw_no' => '2',
      'hw_content' => '测试测试测试测试测试测试测试测试测试测试测试测试测试测试测试测试测试测试测试测试',
      'file_name' => '2.doc',
      'file_path' => '\\uploads\\homework\\2.doc',
      'deadline' => '2016-05-15',
    ),
  ),
  'ct' => 1461316657,
)

-----------------------------------
[2016-04-22 17:17:38] 127.0.0.1 http://j2ee.com/main/?ct=api&method=main.deleteHomework
[2016-04-22 17:17:38]Error: E:\HowToMakeLove\J2EE\web\main\model\ModHomework.php 9
Declaration of ModHomework::delete() should be compatible with Model::delete($where, $limit = 0, $table = '')
[2016-04-22 17:17:38]Error: E:\HowToMakeLove\J2EE\web\main\model\ModHomework.php 24
SQL: delete from `homework` where `hw_no` =(error：You have an error in your SQL syntax; check the manual that corresponds to your MySQL server version for the right syntax to use near '' at line 1)
[2016-04-22 17:17:38]Info: E:\HowToMakeLove\J2EE\web\main\controller\CtlApi.php 24
array (
  'c' => '100',
  'data' => false,
  'ct' => 1461316658,
)

-----------------------------------
[2016-04-22 17:18:01] 127.0.0.1 http://j2ee.com/main/?ct=api&method=main.getHomeworks
[2016-04-22 17:18:01]Error: E:\HowToMakeLove\J2EE\web\main\model\ModHomework.php 9
Declaration of ModHomework::delete() should be compatible with Model::delete($where, $limit = 0, $table = '')
[2016-04-22 17:18:01]Info: E:\HowToMakeLove\J2EE\web\main\model\ModHomework.php 18
SQL: select * from `homework`(OK:0.002)
[2016-04-22 17:18:01]Info: E:\HowToMakeLove\J2EE\web\main\controller\CtlApi.php 24
array (
  'c' => '100',
  'data' => 
  array (
    0 => 
    array (
      'hw_no' => '1',
      'hw_content' => '测试测试测试测试测试测试测试测试测试测试测试测试测试测试测试测试测试测试测试测试',
      'file_name' => '1.doc',
      'file_path' => '\\uploads\\homework\\1.doc',
      'deadline' => '2016-04-30',
    ),
  ),
  'ct' => 1461316681,
)

-----------------------------------
[2016-04-22 17:20:40] 127.0.0.1 http://j2ee.com/main/?ct=api&method=main.getHomeworks
[2016-04-22 17:20:40]Error: E:\HowToMakeLove\J2EE\web\main\model\ModHomework.php 9
Declaration of ModHomework::delete() should be compatible with Model::delete($where, $limit = 0, $table = '')
[2016-04-22 17:20:40]Info: E:\HowToMakeLove\J2EE\web\main\model\ModHomework.php 18
SQL: select * from `homework`(OK:0.002)
[2016-04-22 17:20:40]Info: E:\HowToMakeLove\J2EE\web\main\controller\CtlApi.php 24
array (
  'c' => '100',
  'data' => 
  array (
    0 => 
    array (
      'hw_no' => '1',
      'hw_content' => '测试测试测试测试测试测试测试测试测试测试测试测试测试测试测试测试测试测试测试测试',
      'file_name' => '1.doc',
      'file_path' => '\\uploads\\homework\\1.doc',
      'deadline' => '2016-04-30',
    ),
    1 => 
    array (
      'hw_no' => '4',
      'hw_content' => '案发时发生的发生的飞洒发斯蒂芬',
      'file_name' => 'adasdasdasd',
      'file_path' => '1234134fasdfsdfsdfadf',
      'deadline' => '2016-04-11',
    ),
    2 => 
    array (
      'hw_no' => '3',
      'hw_content' => '案发时发生的发生的飞洒发斯蒂芬',
      'file_name' => 'adasdasdasd',
      'file_path' => '1234134fasdfsdfsdfadf',
      'deadline' => '2016-04-23',
    ),
  ),
  'ct' => 1461316840,
)

-----------------------------------
[2016-04-22 17:21:54] 127.0.0.1 http://j2ee.com/main/?ct=api&method=main.deleteHomework
[2016-04-22 17:21:54]Error: E:\HowToMakeLove\J2EE\web\main\model\ModHomework.php 9
Declaration of ModHomework::delete() should be compatible with Model::delete($where, $limit = 0, $table = '')
[2016-04-22 17:21:54]Error: E:\HowToMakeLove\J2EE\web\main\model\ModHomework.php 24
SQL: delete from `homework` where `hw_no` =(error：You have an error in your SQL syntax; check the manual that corresponds to your MySQL server version for the right syntax to use near '' at line 1)
[2016-04-22 17:21:54]Info: E:\HowToMakeLove\J2EE\web\main\controller\CtlApi.php 24
array (
  'c' => '100',
  'data' => false,
  'ct' => 1461316914,
)

-----------------------------------
[2016-04-22 17:22:54] 127.0.0.1 http://j2ee.com/main/?ct=api&method=main.getHomeworks
[2016-04-22 17:22:54]Error: E:\HowToMakeLove\J2EE\web\main\model\ModHomework.php 9
Declaration of ModHomework::delete() should be compatible with Model::delete($where, $limit = 0, $table = '')
[2016-04-22 17:22:54]Info: E:\HowToMakeLove\J2EE\web\main\model\ModHomework.php 18
SQL: select * from `homework`(OK:0.003)
[2016-04-22 17:22:54]Info: E:\HowToMakeLove\J2EE\web\main\controller\CtlApi.php 24
array (
  'c' => '100',
  'data' => 
  array (
    0 => 
    array (
      'hw_no' => '1',
      'hw_content' => '测试测试测试测试测试测试测试测试测试测试测试测试测试测试测试测试测试测试测试测试',
      'file_name' => '1.doc',
      'file_path' => '\\uploads\\homework\\1.doc',
      'deadline' => '2016-04-30',
    ),
    1 => 
    array (
      'hw_no' => '4',
      'hw_content' => '案发时发生的发生的飞洒发斯蒂芬',
      'file_name' => 'adasdasdasd',
      'file_path' => '1234134fasdfsdfsdfadf',
      'deadline' => '2016-04-11',
    ),
    2 => 
    array (
      'hw_no' => '3',
      'hw_content' => '案发时发生的发生的飞洒发斯蒂芬',
      'file_name' => 'adasdasdasd',
      'file_path' => '1234134fasdfsdfsdfadf',
      'deadline' => '2016-04-23',
    ),
  ),
  'ct' => 1461316974,
)

-----------------------------------
[2016-04-22 17:22:56] 127.0.0.1 http://j2ee.com/main/?ct=api&method=main.deleteHomework
[2016-04-22 17:22:56]Error: E:\HowToMakeLove\J2EE\web\main\model\ModHomework.php 9
Declaration of ModHomework::delete() should be compatible with Model::delete($where, $limit = 0, $table = '')
[2016-04-22 17:22:56]Error: E:\HowToMakeLove\J2EE\web\main\model\ModHomework.php 24
SQL: delete from `homework` where `hw_no` = ``(error：Unknown column '' in 'where clause')
[2016-04-22 17:22:56]Info: E:\HowToMakeLove\J2EE\web\main\controller\CtlApi.php 24
array (
  'c' => '100',
  'data' => false,
  'ct' => 1461316976,
)

-----------------------------------
[2016-04-22 17:26:34] 127.0.0.1 http://j2ee.com/main/?ct=api&method=main.deleteHomework
[2016-04-22 17:26:34]Error: E:\HowToMakeLove\J2EE\web\main\model\ModHomework.php 9
Declaration of ModHomework::delete() should be compatible with Model::delete($where, $limit = 0, $table = '')
[2016-04-22 17:26:34]Error: E:\HowToMakeLove\J2EE\web\main\model\ModHomework.php 24
SQL: delete from `homework` where `hw_no` = ``(error：Unknown column '' in 'where clause')
[2016-04-22 17:26:34]Info: E:\HowToMakeLove\J2EE\web\main\controller\CtlApi.php 24
array (
  'c' => '100',
  'data' => false,
  'ct' => 1461317194,
)

-----------------------------------
[2016-04-22 17:27:36] 127.0.0.1 http://j2ee.com/main/?ct=api&method=main.deleteHomework
[2016-04-22 17:27:36]Error: E:\HowToMakeLove\J2EE\web\main\model\ModHomework.php 9
Declaration of ModHomework::delete() should be compatible with Model::delete($where, $limit = 0, $table = '')
[2016-04-22 17:27:36]Error: E:\HowToMakeLove\J2EE\web\main\model\ModHomework.php 24
SQL: delete from `homework` where `hw_no` = ``(error：Unknown column '' in 'where clause')
[2016-04-22 17:27:36]Info: E:\HowToMakeLove\J2EE\web\main\controller\CtlApi.php 24
array (
  'c' => '100',
  'data' => false,
  'ct' => 1461317256,
)

-----------------------------------
[2016-04-22 17:28:04] 127.0.0.1 http://j2ee.com/main/?ct=api&method=main.deleteHomework
[2016-04-22 17:28:04]Error: E:\HowToMakeLove\J2EE\web\main\model\ModHomework.php 9
Declaration of ModHomework::delete() should be compatible with Model::delete($where, $limit = 0, $table = '')
[2016-04-22 17:28:04]Error: E:\HowToMakeLove\J2EE\web\main\model\ModHomework.php 24
SQL: delete from `homework` where `hw_no` = ``(error：Unknown column '' in 'where clause')
[2016-04-22 17:28:04]Info: E:\HowToMakeLove\J2EE\web\main\controller\CtlApi.php 24
array (
  'c' => '100',
  'data' => false,
  'ct' => 1461317284,
)

-----------------------------------
[2016-04-22 17:30:43] 127.0.0.1 http://j2ee.com/main/?ct=api&method=main.deleteHomework
[2016-04-22 17:30:43]Error: E:\HowToMakeLove\J2EE\web\main\model\ModHomework.php 9
Declaration of ModHomework::delete() should be compatible with Model::delete($where, $limit = 0, $table = '')
[2016-04-22 17:30:43]Error: E:\HowToMakeLove\J2EE\web\main\model\ModHomework.php 24
SQL: delete from `homework` where `hw_no` = ``(error：Unknown column '' in 'where clause')
[2016-04-22 17:30:43]Info: E:\HowToMakeLove\J2EE\web\main\controller\CtlApi.php 24
array (
  'c' => '100',
  'data' => false,
  'ct' => 1461317443,
)

-----------------------------------
[2016-04-22 17:32:43] 127.0.0.1 http://j2ee.com/main/?ct=api&method=main.deleteHomework
[2016-04-22 17:32:43]Error: E:\HowToMakeLove\J2EE\web\main\model\ModHomework.php 9
Declaration of ModHomework::delete() should be compatible with Model::delete($where, $limit = 0, $table = '')
[2016-04-22 17:32:43]Error: E:\HowToMakeLove\J2EE\web\main\model\ModHomework.php 24
SQL: delete from `homework` where `hw_no` = ``(error：Unknown column '' in 'where clause')
[2016-04-22 17:32:43]Info: E:\HowToMakeLove\J2EE\web\main\controller\CtlApi.php 24
array (
  'c' => '100',
  'data' => 
  array (
  ),
  'ct' => 1461317563,
)

-----------------------------------
[2016-04-22 17:36:37] 127.0.0.1 http://j2ee.com/main/?ct=api&method=main.deleteHomework
[2016-04-22 17:36:37]Error: E:\HowToMakeLove\J2EE\web\main\model\ModHomework.php 9
Declaration of ModHomework::delete() should be compatible with Model::delete($where, $limit = 0, $table = '')
[2016-04-22 17:36:37]Info: E:\HowToMakeLove\J2EE\web\main\controller\CtlApi.php 24
array (
  'c' => '100',
  'data' => 
  array (
  ),
  'ct' => 1461317797,
)

-----------------------------------
[2016-04-22 17:37:28] 127.0.0.1 http://j2ee.com/main/?ct=api&method=main.deleteHomework(123)
[2016-04-22 17:37:28]Error: E:\HowToMakeLove\J2EE\web\main\service\SrvApi.php 48
Call to undefined method SrvMainApi::deletehomework(123)()

-----------------------------------
[2016-04-22 17:37:35] 127.0.0.1 http://j2ee.com/main/?ct=api&method=main.deleteHomework
[2016-04-22 17:37:35]Error: E:\HowToMakeLove\J2EE\web\main\model\ModHomework.php 9
Declaration of ModHomework::delete() should be compatible with Model::delete($where, $limit = 0, $table = '')
[2016-04-22 17:37:35]Info: E:\HowToMakeLove\J2EE\web\main\controller\CtlApi.php 24
array (
  'c' => '100',
  'data' => 
  array (
  ),
  'ct' => 1461317855,
)

-----------------------------------
[2016-04-22 17:37:36] 127.0.0.1 http://j2ee.com/main/?ct=api&method=main.deleteHomework
[2016-04-22 17:37:36]Error: E:\HowToMakeLove\J2EE\web\main\model\ModHomework.php 9
Declaration of ModHomework::delete() should be compatible with Model::delete($where, $limit = 0, $table = '')
[2016-04-22 17:37:36]Info: E:\HowToMakeLove\J2EE\web\main\controller\CtlApi.php 24
array (
  'c' => '100',
  'data' => 
  array (
  ),
  'ct' => 1461317856,
)

-----------------------------------
[2016-04-22 17:38:04] 127.0.0.1 http://j2ee.com/main/?ct=api&method=main.deleteHomework
[2016-04-22 17:38:04]Error: E:\HowToMakeLove\J2EE\web\main\model\ModHomework.php 9
Declaration of ModHomework::delete() should be compatible with Model::delete($where, $limit = 0, $table = '')
[2016-04-22 17:38:04]Info: E:\HowToMakeLove\J2EE\web\main\controller\CtlApi.php 24
array (
  'c' => '100',
  'data' => 
  array (
    'hw_no' => 2,
  ),
  'ct' => 1461317884,
)

-----------------------------------
[2016-04-22 17:41:13] 127.0.0.1 http://j2ee.com/main/?ct=api&method=main.getHomeworks
[2016-04-22 17:41:13]Error: E:\HowToMakeLove\J2EE\web\main\model\ModHomework.php 9
Declaration of ModHomework::delete() should be compatible with Model::delete($where, $limit = 0, $table = '')
[2016-04-22 17:41:13]Info: E:\HowToMakeLove\J2EE\web\main\model\ModHomework.php 18
SQL: select * from `homework`(OK:0.003)
[2016-04-22 17:41:13]Info: E:\HowToMakeLove\J2EE\web\main\controller\CtlApi.php 24
array (
  'c' => '100',
  'data' => 
  array (
    0 => 
    array (
      'hw_no' => '1',
      'hw_content' => '测试测试测试测试测试测试测试测试测试测试测试测试测试测试测试测试测试测试测试测试',
      'file_name' => '1.doc',
      'file_path' => '\\uploads\\homework\\1.doc',
      'deadline' => '2016-04-30',
    ),
    1 => 
    array (
      'hw_no' => '4',
      'hw_content' => '案发时发生的发生的飞洒发斯蒂芬',
      'file_name' => 'adasdasdasd',
      'file_path' => '1234134fasdfsdfsdfadf',
      'deadline' => '2016-04-11',
    ),
    2 => 
    array (
      'hw_no' => '3',
      'hw_content' => '案发时发生的发生的飞洒发斯蒂芬',
      'file_name' => 'adasdasdasd',
      'file_path' => '1234134fasdfsdfsdfadf',
      'deadline' => '2016-04-23',
    ),
  ),
  'ct' => 1461318073,
)

-----------------------------------
[2016-04-22 17:41:15] 127.0.0.1 http://j2ee.com/main/?ct=api&method=main.deleteHomework
[2016-04-22 17:41:15]Error: E:\HowToMakeLove\J2EE\web\main\model\ModHomework.php 9
Declaration of ModHomework::delete() should be compatible with Model::delete($where, $limit = 0, $table = '')
[2016-04-22 17:41:15]Info: E:\HowToMakeLove\J2EE\web\main\controller\CtlApi.php 24
array (
  'c' => '100',
  'data' => 
  array (
  ),
  'ct' => 1461318075,
)

-----------------------------------
[2016-04-22 17:43:20] 127.0.0.1 http://j2ee.com/main/?ct=api&method=main.deleteHomework
[2016-04-22 17:43:20]Info: E:\HowToMakeLove\J2EE\web\main\controller\CtlApi.php 24
array (
)

-----------------------------------
[2016-04-22 17:43:21] 127.0.0.1 http://j2ee.com/main/?ct=api&method=main.deleteHomework
[2016-04-22 17:43:21]Info: E:\HowToMakeLove\J2EE\web\main\controller\CtlApi.php 24
array (
)

-----------------------------------
[2016-04-22 17:53:16] 127.0.0.1 http://j2ee.com/main/?ct=api&method=main.deleteHomework
[2016-04-22 17:53:16]Info: E:\HowToMakeLove\J2EE\web\main\controller\CtlApi.php 24
array (
)

-----------------------------------
[2016-04-22 17:53:31] 127.0.0.1 http://j2ee.com/main/?ct=api&method=main.deleteHomework
[2016-04-22 17:53:31]Info: E:\HowToMakeLove\J2EE\web\main\controller\CtlApi.php 24
array (
)

-----------------------------------
[2016-04-22 17:53:33] 127.0.0.1 http://j2ee.com/main/?ct=api&method=main.deleteHomework
[2016-04-22 17:53:33]Info: E:\HowToMakeLove\J2EE\web\main\controller\CtlApi.php 24
array (
)

-----------------------------------
[2016-04-22 17:53:33] 127.0.0.1 http://j2ee.com/main/?ct=api&method=main.deleteHomework
[2016-04-22 17:53:33]Info: E:\HowToMakeLove\J2EE\web\main\controller\CtlApi.php 24
array (
)

-----------------------------------
[2016-04-22 18:05:15] 127.0.0.1 http://j2ee.com/main/?ct=api&method=main.deleteHomework
[2016-04-22 18:05:15]Info: E:\HowToMakeLove\J2EE\web\main\controller\CtlApi.php 24
array (
)

-----------------------------------
[2016-04-22 18:05:25] 127.0.0.1 http://j2ee.com/main/?ct=api&method=main.deleteHomework
[2016-04-22 18:05:25]Info: E:\HowToMakeLove\J2EE\web\main\controller\CtlApi.php 24
array (
  'c' => '305',
  'data' => '接口不存在',
  'ct' => 1461319525,
)

-----------------------------------
[2016-04-22 18:05:36] 127.0.0.1 http://j2ee.com/main/?ct=api&method=main.deleteHomework
[2016-04-22 18:05:36]Info: E:\HowToMakeLove\J2EE\web\main\controller\CtlApi.php 24
array (
  'c' => '305',
  'data' => '接口不存在',
  'ct' => 1461319536,
)

-----------------------------------
[2016-04-22 18:17:45] 127.0.0.1 http://j2ee.com/main/?ct=api&method=main.deleteHomework
[2016-04-22 18:17:45]Info: E:\HowToMakeLove\J2EE\web\main\controller\CtlApi.php 24
array (
  'c' => '305',
  'data' => '接口不存在',
  'ct' => 1461320265,
)

-----------------------------------
[2016-04-22 18:17:46] 127.0.0.1 http://j2ee.com/main/?ct=api&method=main.deleteHomework
[2016-04-22 18:17:46]Info: E:\HowToMakeLove\J2EE\web\main\controller\CtlApi.php 24
array (
  'c' => '305',
  'data' => '接口不存在',
  'ct' => 1461320266,
)

-----------------------------------
[2016-04-22 18:17:59] 127.0.0.1 http://j2ee.com/main/?ct=api&method=main.deleteHomework
[2016-04-22 18:17:59]Info: E:\HowToMakeLove\J2EE\web\main\controller\CtlApi.php 24
array (
)

-----------------------------------
[2016-04-22 18:18:00] 127.0.0.1 http://j2ee.com/main/?ct=api&method=main.deleteHomework
[2016-04-22 18:18:00]Info: E:\HowToMakeLove\J2EE\web\main\controller\CtlApi.php 24
array (
)

-----------------------------------
[2016-04-22 18:18:03] 127.0.0.1 http://j2ee.com/main/?ct=api&method=main.deleteHomework
[2016-04-22 18:18:03]Info: E:\HowToMakeLove\J2EE\web\main\controller\CtlApi.php 24
array (
)

-----------------------------------
[2016-04-22 18:18:04] 127.0.0.1 http://j2ee.com/main/?ct=api&method=main.deleteHomework
[2016-04-22 18:18:04]Info: E:\HowToMakeLove\J2EE\web\main\controller\CtlApi.php 24
array (
)

-----------------------------------
[2016-04-22 19:18:20] 127.0.0.1 http://j2ee.com/main/?ct=api&method=main.deleteHomework
[2016-04-22 19:18:20]Info: E:\HowToMakeLove\J2EE\web\main\controller\CtlApi.php 24
array (
)

-----------------------------------
[2016-04-22 19:18:44] 127.0.0.1 http://j2ee.com/main/?ct=api&method=main.getHomeworks
[2016-04-22 19:18:44]Error: E:\HowToMakeLove\J2EE\web\main\model\ModHomework.php 9
Declaration of ModHomework::delete() should be compatible with Model::delete($where, $limit = 0, $table = '')
[2016-04-22 19:18:44]Info: E:\HowToMakeLove\J2EE\web\main\model\ModHomework.php 18
SQL: select * from `homework`(OK:0.002)
[2016-04-22 19:18:44]Info: E:\HowToMakeLove\J2EE\web\main\controller\CtlApi.php 24
array (
  'c' => '100',
  'data' => 
  array (
    0 => 
    array (
      'hw_no' => '1',
      'hw_content' => '测试测试测试测试测试测试测试测试测试测试测试测试测试测试测试测试测试测试测试测试',
      'file_name' => '1.doc',
      'file_path' => '\\uploads\\homework\\1.doc',
      'deadline' => '2016-04-30',
    ),
    1 => 
    array (
      'hw_no' => '4',
      'hw_content' => '案发时发生的发生的飞洒发斯蒂芬',
      'file_name' => 'adasdasdasd',
      'file_path' => '1234134fasdfsdfsdfadf',
      'deadline' => '2016-04-11',
    ),
    2 => 
    array (
      'hw_no' => '3',
      'hw_content' => '案发时发生的发生的飞洒发斯蒂芬',
      'file_name' => 'adasdasdasd',
      'file_path' => '1234134fasdfsdfsdfadf',
      'deadline' => '2016-04-23',
    ),
  ),
  'ct' => 1461323924,
)

-----------------------------------
[2016-04-22 19:21:18] 127.0.0.1 http://j2ee.com/main/?ct=api&method=main.deleteHomework
[2016-04-22 19:21:18]Info: E:\HowToMakeLove\J2EE\web\main\controller\CtlApi.php 24
array (
)

-----------------------------------
[2016-04-22 19:22:12] 127.0.0.1 http://j2ee.com/main/?ct=api&method=main.getHomeworks
[2016-04-22 19:22:12]Error: E:\HowToMakeLove\J2EE\web\main\model\ModHomework.php 9
Declaration of ModHomework::delete() should be compatible with Model::delete($where, $limit = 0, $table = '')
[2016-04-22 19:22:12]Info: E:\HowToMakeLove\J2EE\web\main\model\ModHomework.php 18
SQL: select * from `homework`(OK:0.003)
[2016-04-22 19:22:12]Info: E:\HowToMakeLove\J2EE\web\main\controller\CtlApi.php 24
array (
  'c' => '100',
  'data' => 
  array (
    0 => 
    array (
      'hw_no' => '1',
      'hw_content' => '测试测试测试测试测试测试测试测试测试测试测试测试测试测试测试测试测试测试测试测试',
      'file_name' => '1.doc',
      'file_path' => '\\uploads\\homework\\1.doc',
      'deadline' => '2016-04-30',
    ),
    1 => 
    array (
      'hw_no' => '4',
      'hw_content' => '案发时发生的发生的飞洒发斯蒂芬',
      'file_name' => 'adasdasdasd',
      'file_path' => '1234134fasdfsdfsdfadf',
      'deadline' => '2016-04-11',
    ),
    2 => 
    array (
      'hw_no' => '3',
      'hw_content' => '案发时发生的发生的飞洒发斯蒂芬',
      'file_name' => 'adasdasdasd',
      'file_path' => '1234134fasdfsdfsdfadf',
      'deadline' => '2016-04-23',
    ),
  ),
  'ct' => 1461324132,
)

-----------------------------------
[2016-04-22 19:22:43] 127.0.0.1 http://j2ee.com/main/?ct=api&method=main.getHomeworks
[2016-04-22 19:22:43]Error: E:\HowToMakeLove\J2EE\web\main\model\ModHomework.php 9
Declaration of ModHomework::delete() should be compatible with Model::delete($where, $limit = 0, $table = '')
[2016-04-22 19:22:43]Info: E:\HowToMakeLove\J2EE\web\main\model\ModHomework.php 18
SQL: select * from `homework`(OK:0.003)
[2016-04-22 19:22:43]Info: E:\HowToMakeLove\J2EE\web\main\controller\CtlApi.php 24
array (
  'c' => '100',
  'data' => 
  array (
    0 => 
    array (
      'hw_no' => '1',
      'hw_content' => '测试测试测试测试测试测试测试测试测试测试测试测试测试测试测试测试测试测试测试测试',
      'file_name' => '1.doc',
      'file_path' => '\\uploads\\homework\\1.doc',
      'deadline' => '2016-04-30',
    ),
    1 => 
    array (
      'hw_no' => '4',
      'hw_content' => '案发时发生的发生的飞洒发斯蒂芬',
      'file_name' => 'adasdasdasd',
      'file_path' => '1234134fasdfsdfsdfadf',
      'deadline' => '2016-04-11',
    ),
    2 => 
    array (
      'hw_no' => '3',
      'hw_content' => '案发时发生的发生的飞洒发斯蒂芬',
      'file_name' => 'adasdasdasd',
      'file_path' => '1234134fasdfsdfsdfadf',
      'deadline' => '2016-04-23',
    ),
  ),
  'ct' => 1461324163,
)

-----------------------------------
[2016-04-22 19:23:13] 127.0.0.1 http://j2ee.com/main/?ct=api&method=main.deleteHomework
[2016-04-22 19:23:13]Info: E:\HowToMakeLove\J2EE\web\main\controller\CtlApi.php 24
array (
)

-----------------------------------
[2016-04-22 19:23:50] 127.0.0.1 http://j2ee.com/main/?ct=api&method=main.getHomeworks
[2016-04-22 19:23:50]Error: E:\HowToMakeLove\J2EE\web\main\model\ModHomework.php 9
Declaration of ModHomework::delete() should be compatible with Model::delete($where, $limit = 0, $table = '')
[2016-04-22 19:23:50]Info: E:\HowToMakeLove\J2EE\web\main\model\ModHomework.php 18
SQL: select * from `homework`(OK:0.003)
[2016-04-22 19:23:50]Info: E:\HowToMakeLove\J2EE\web\main\controller\CtlApi.php 24
array (
  'c' => '100',
  'data' => 
  array (
    0 => 
    array (
      'hw_no' => '1',
      'hw_content' => '测试测试测试测试测试测试测试测试测试测试测试测试测试测试测试测试测试测试测试测试',
      'file_name' => '1.doc',
      'file_path' => '\\uploads\\homework\\1.doc',
      'deadline' => '2016-04-30',
    ),
    1 => 
    array (
      'hw_no' => '4',
      'hw_content' => '案发时发生的发生的飞洒发斯蒂芬',
      'file_name' => 'adasdasdasd',
      'file_path' => '1234134fasdfsdfsdfadf',
      'deadline' => '2016-04-11',
    ),
    2 => 
    array (
      'hw_no' => '3',
      'hw_content' => '案发时发生的发生的飞洒发斯蒂芬',
      'file_name' => 'adasdasdasd',
      'file_path' => '1234134fasdfsdfsdfadf',
      'deadline' => '2016-04-23',
    ),
  ),
  'ct' => 1461324230,
)

-----------------------------------
[2016-04-22 19:23:51] 127.0.0.1 http://j2ee.com/main/?ct=api&method=main.getHomeworks
[2016-04-22 19:23:51]Error: E:\HowToMakeLove\J2EE\web\main\model\ModHomework.php 9
Declaration of ModHomework::delete() should be compatible with Model::delete($where, $limit = 0, $table = '')
[2016-04-22 19:23:51]Info: E:\HowToMakeLove\J2EE\web\main\model\ModHomework.php 18
SQL: select * from `homework`(OK:0.002)
[2016-04-22 19:23:51]Info: E:\HowToMakeLove\J2EE\web\main\controller\CtlApi.php 24
array (
  'c' => '100',
  'data' => 
  array (
    0 => 
    array (
      'hw_no' => '1',
      'hw_content' => '测试测试测试测试测试测试测试测试测试测试测试测试测试测试测试测试测试测试测试测试',
      'file_name' => '1.doc',
      'file_path' => '\\uploads\\homework\\1.doc',
      'deadline' => '2016-04-30',
    ),
    1 => 
    array (
      'hw_no' => '4',
      'hw_content' => '案发时发生的发生的飞洒发斯蒂芬',
      'file_name' => 'adasdasdasd',
      'file_path' => '1234134fasdfsdfsdfadf',
      'deadline' => '2016-04-11',
    ),
    2 => 
    array (
      'hw_no' => '3',
      'hw_content' => '案发时发生的发生的飞洒发斯蒂芬',
      'file_name' => 'adasdasdasd',
      'file_path' => '1234134fasdfsdfsdfadf',
      'deadline' => '2016-04-23',
    ),
  ),
  'ct' => 1461324231,
)

-----------------------------------
[2016-04-22 19:24:53] 127.0.0.1 http://j2ee.com/main/?ct=api&method=main.getHomeworks
[2016-04-22 19:24:53]Error: E:\HowToMakeLove\J2EE\web\main\model\ModHomework.php 9
Declaration of ModHomework::delete() should be compatible with Model::delete($where, $limit = 0, $table = '')
[2016-04-22 19:24:53]Info: E:\HowToMakeLove\J2EE\web\main\model\ModHomework.php 18
SQL: select * from `homework`(OK:0.002)
[2016-04-22 19:24:53]Info: E:\HowToMakeLove\J2EE\web\main\controller\CtlApi.php 24
array (
  'c' => '100',
  'data' => 
  array (
    0 => 
    array (
      'hw_no' => '1',
      'hw_content' => '测试测试测试测试测试测试测试测试测试测试测试测试测试测试测试测试测试测试测试测试',
      'file_name' => '1.doc',
      'file_path' => '\\uploads\\homework\\1.doc',
      'deadline' => '2016-04-30',
    ),
    1 => 
    array (
      'hw_no' => '4',
      'hw_content' => '案发时发生的发生的飞洒发斯蒂芬',
      'file_name' => 'adasdasdasd',
      'file_path' => '1234134fasdfsdfsdfadf',
      'deadline' => '2016-04-11',
    ),
    2 => 
    array (
      'hw_no' => '3',
      'hw_content' => '案发时发生的发生的飞洒发斯蒂芬',
      'file_name' => 'adasdasdasd',
      'file_path' => '1234134fasdfsdfsdfadf',
      'deadline' => '2016-04-23',
    ),
  ),
  'ct' => 1461324293,
)

-----------------------------------
[2016-04-22 19:24:55] 127.0.0.1 http://j2ee.com/main/?ct=api&method=main.getHomeworks
[2016-04-22 19:24:55]Error: E:\HowToMakeLove\J2EE\web\main\model\ModHomework.php 9
Declaration of ModHomework::delete() should be compatible with Model::delete($where, $limit = 0, $table = '')
[2016-04-22 19:24:55]Info: E:\HowToMakeLove\J2EE\web\main\model\ModHomework.php 18
SQL: select * from `homework`(OK:0.004)
[2016-04-22 19:24:55]Info: E:\HowToMakeLove\J2EE\web\main\controller\CtlApi.php 24
array (
  'c' => '100',
  'data' => 
  array (
    0 => 
    array (
      'hw_no' => '1',
      'hw_content' => '测试测试测试测试测试测试测试测试测试测试测试测试测试测试测试测试测试测试测试测试',
      'file_name' => '1.doc',
      'file_path' => '\\uploads\\homework\\1.doc',
      'deadline' => '2016-04-30',
    ),
    1 => 
    array (
      'hw_no' => '4',
      'hw_content' => '案发时发生的发生的飞洒发斯蒂芬',
      'file_name' => 'adasdasdasd',
      'file_path' => '1234134fasdfsdfsdfadf',
      'deadline' => '2016-04-11',
    ),
    2 => 
    array (
      'hw_no' => '3',
      'hw_content' => '案发时发生的发生的飞洒发斯蒂芬',
      'file_name' => 'adasdasdasd',
      'file_path' => '1234134fasdfsdfsdfadf',
      'deadline' => '2016-04-23',
    ),
  ),
  'ct' => 1461324295,
)

-----------------------------------
[2016-04-22 19:25:56] 127.0.0.1 http://j2ee.com/main/?ct=api&method=main.deleteHomework
[2016-04-22 19:25:56]Info: E:\HowToMakeLove\J2EE\web\main\controller\CtlApi.php 24
array (
  'c' => '305',
  'data' => '接口不存在',
  'ct' => 1461324356,
)

-----------------------------------
[2016-04-22 19:25:58] 127.0.0.1 http://j2ee.com/main/?ct=api&method=main.deleteHomework
[2016-04-22 19:25:58]Info: E:\HowToMakeLove\J2EE\web\main\controller\CtlApi.php 24
array (
  'c' => '305',
  'data' => '接口不存在',
  'ct' => 1461324358,
)

-----------------------------------
[2016-04-22 19:26:20] 127.0.0.1 http://j2ee.com/main/?ct=api&method=main.deleteHomework
[2016-04-22 19:26:20]Info: E:\HowToMakeLove\J2EE\web\main\controller\CtlApi.php 24
array (
)
